[0.017s] Invoking command in '/home/robotflow/dual_flexiv/build/moveit2_tutorials': AMENT_PREFIX_PATH=/home/robotflow/dual_flexiv/install/moveit_visual_tools:${AMENT_PREFIX_PATH} CMAKE_PREFIX_PATH=/home/robotflow/dual_flexiv/install/moveit_visual_tools:/home/robotflow/dual_flexiv/install/flexiv_bringup:/home/robotflow/dual_flexiv/install/flexiv_controllers:/home/robotflow/dual_flexiv/install/flexiv_msgs:/home/robotflow/dual_flexiv/install/flexiv_moveit_config:/home/robotflow/dual_flexiv/install/flexiv_hardware:/home/robotflow/dual_flexiv/install/flexiv_description:/home/robotflow/dual_flexiv/install/flexiv_test_nodes:/opt/ros/foxy LD_LIBRARY_PATH=/home/robotflow/dual_flexiv/install/moveit_visual_tools/lib:${LD_LIBRARY_PATH} /usr/bin/cmake /home/robotflow/dual_flexiv/src/moveit2_tutorials -DAMENT_CMAKE_SYMLINK_INSTALL=1 -DCMAKE_INSTALL_PREFIX=/home/robotflow/dual_flexiv/install/moveit2_tutorials
[0.098s] -- The C compiler identification is GNU 9.4.0
[0.177s] -- The CXX compiler identification is GNU 9.4.0
[0.184s] -- Check for working C compiler: /usr/bin/cc
[0.275s] -- Check for working C compiler: /usr/bin/cc -- works
[0.276s] -- Detecting C compiler ABI info
[0.369s] -- Detecting C compiler ABI info - done
[0.387s] -- Detecting C compile features
[0.387s] -- Detecting C compile features - done
[0.392s] -- Check for working CXX compiler: /usr/bin/c++
[0.506s] -- Check for working CXX compiler: /usr/bin/c++ -- works
[0.507s] -- Detecting CXX compiler ABI info
[0.622s] -- Detecting CXX compiler ABI info - done
[0.652s] -- Detecting CXX compile features
[0.653s] -- Detecting CXX compile features - done
[0.659s] -- Found moveit_common: 2.2.3 (/opt/ros/foxy/share/moveit_common/cmake)
[0.663s] -- Found ament_cmake: 0.9.11 (/opt/ros/foxy/share/ament_cmake/cmake)
[0.717s] -- Found PythonInterp: /usr/bin/python3 (found suitable version "3.8.10", minimum required is "3") 
[0.717s] -- Using PYTHON_EXECUTABLE: /usr/bin/python3
[1.002s] -- Override CMake install command with custom implementation using symlinks instead of copying resources
[1.187s] moveit2_tutorials: You did not request a specific build type: Choosing 'Release' for maximum performance
[1.620s] -- Found Boost: /usr/lib/x86_64-linux-gnu/cmake/Boost-1.71.0/BoostConfig.cmake (found version "1.71.0") found components: system filesystem date_time thread 
[1.625s] -- Found control_msgs: 2.5.1 (/opt/ros/foxy/share/control_msgs/cmake)
[1.677s] -- Using all available rosidl_typesupport_c: rosidl_typesupport_fastrtps_c;rosidl_typesupport_introspection_c
[1.690s] -- Found rosidl_adapter: 1.3.0 (/opt/ros/foxy/share/rosidl_adapter/cmake)
[1.809s] -- Found OpenSSL: /usr/lib/x86_64-linux-gnu/libcrypto.so (found version "1.1.1f")  
[1.853s] -- Found FastRTPS: /opt/ros/foxy/include  
[1.998s] -- Using all available rosidl_typesupport_cpp: rosidl_typesupport_fastrtps_cpp;rosidl_typesupport_introspection_cpp
[2.705s] -- Found moveit_core: 2.2.3 (/opt/ros/foxy/share/moveit_core/cmake)
[2.736s] -- Found Boost: /usr/lib/x86_64-linux-gnu/cmake/Boost-1.71.0/BoostConfig.cmake (found version "1.71.0") found components: chrono date_time filesystem iostreams program_options regex serialization system thread 
[2.777s] -- Found Boost: /usr/lib/x86_64-linux-gnu/cmake/Boost-1.71.0/BoostConfig.cmake (found version "1.71.0") found components: filesystem 
[2.918s] -- Found rmw_implementation_cmake: 1.0.3 (/opt/ros/foxy/share/rmw_implementation_cmake/cmake)
[2.921s] -- Using RMW implementation 'rmw_fastrtps_cpp' as default
[2.923s] -- Found Threads: TRUE  
[3.277s] -- library: /usr/lib/x86_64-linux-gnu/libcurl.so
[3.572s] -- Found Eigen3: TRUE (found version "3.3.7") 
[6.348s] -- Found moveit_ros_planning: 2.2.3 (/opt/ros/foxy/share/moveit_ros_planning/cmake)
[6.356s] -- Found Boost: /usr/lib/x86_64-linux-gnu/cmake/Boost-1.71.0/BoostConfig.cmake (found version "1.71.0") found components: system filesystem date_time program_options thread chrono 
[6.755s] -- Found Boost: /usr/lib/x86_64-linux-gnu/cmake/Boost-1.71.0/BoostConfig.cmake (found version "1.71.0") found components: thread 
[7.762s] -- Found moveit_ros_planning_interface: 2.2.3 (/opt/ros/foxy/share/moveit_ros_planning_interface/cmake)
[7.768s] -- Found Boost: /usr/lib/x86_64-linux-gnu/cmake/Boost-1.71.0/BoostConfig.cmake (found version "1.71.0")  
[7.776s] -- Found Boost: /usr/lib/x86_64-linux-gnu/cmake/Boost-1.71.0/BoostConfig.cmake (found version "1.71.0") found components: date_time filesystem program_options system thread 
[8.355s] -- Found Boost: /usr/lib/x86_64-linux-gnu/cmake/Boost-1.71.0/BoostConfig.cmake (found version "1.71.0") found components: thread system filesystem regex date_time program_options 
[8.910s] -- Found Boost: /usr/lib/x86_64-linux-gnu/cmake/Boost-1.71.0/BoostConfig.cmake (found version "1.71.0") found components: system filesystem date_time program_options thread 
[9.779s] -- Found moveit_ros_perception: 2.2.3 (/opt/ros/foxy/share/moveit_ros_perception/cmake)
[9.787s] -- Found Boost: /usr/lib/x86_64-linux-gnu/cmake/Boost-1.71.0/BoostConfig.cmake (found version "1.71.0") found components: thread 
[10.596s] -- Found moveit_servo: 2.2.3 (/opt/ros/foxy/share/moveit_servo/cmake)
[11.010s] -- Found interactive_markers: 2.1.3 (/opt/ros/foxy/share/interactive_markers/cmake)
[11.043s] -- Found rviz_visual_tools: 4.0.3 (/opt/ros/foxy/share/rviz_visual_tools/cmake)
[11.196s] -- Setting OGRE_DIR to: '/opt/ros/foxy/share/rviz_ogre_vendor/cmake/../../../opt/rviz_ogre_vendor/lib/OGRE/cmake'
[11.199s] -- Found OGRE
[11.199s] --   static     : OFF
[11.199s] --   components : HLMS;MeshLodGenerator;Overlay;Paging;Property;RTShaderSystem;Terrain;Volume
[11.200s] --   plugins    : Plugin_BSPSceneManager;Plugin_OctreeSceneManager;Plugin_PCZSceneManager;Plugin_ParticleFX;RenderSystem_GL;RenderSystem_GL3Plus;Codec_STBI
[11.200s] --   media      : /opt/ros/foxy/opt/rviz_ogre_vendor/share/OGRE/Media
[11.200s] -- OGRE_LIBRARIES: OgreHLMS;OgreMeshLodGenerator;OgreOverlay;OgrePaging;OgreProperty;OgreRTShaderSystem;OgreTerrain;OgreVolume;OgreMain
[11.200s] -- OGRE_LIBRARY_DIRS: /opt/ros/foxy/opt/rviz_ogre_vendor/lib
[11.200s] -- OGRE_PLUGINS: Plugin_BSPSceneManager;Plugin_OctreeSceneManager;Plugin_PCZSceneManager;Plugin_ParticleFX;RenderSystem_GL;RenderSystem_GL3Plus;Codec_STBI
[11.200s] -- OGRE_PLUGIN_DIR: /opt/ros/foxy/opt/rviz_ogre_vendor/lib/OGRE
[11.200s] -- rviz_ogre_vendor::OgreOverlay for IMPORTED_LOCATION_RELEASE: /opt/ros/foxy/opt/rviz_ogre_vendor/lib/libOgreOverlay.so
[11.200s] -- rviz_ogre_vendor::OgreOverlay for IMPORTED_LOCATION_DEBUG: /opt/ros/foxy/opt/rviz_ogre_vendor/lib/libOgreOverlay.so
[11.200s] -- rviz_ogre_vendor::OgreMain for IMPORTED_LOCATION_RELEASE: /opt/ros/foxy/opt/rviz_ogre_vendor/lib/libOgreMain.so
[11.201s] -- rviz_ogre_vendor::OgreMain for IMPORTED_LOCATION_DEBUG: /opt/ros/foxy/opt/rviz_ogre_vendor/lib/libOgreMain.so
[11.230s] -- Found ZLIB: /usr/lib/x86_64-linux-gnu/libz.so (found version "1.2.11") 
[11.237s] -- Found OpenGL: /usr/lib/x86_64-linux-gnu/libOpenGL.so   
[11.358s] -- Found X11: /usr/include   
[11.358s] -- Looking for XOpenDisplay in /usr/lib/x86_64-linux-gnu/libX11.so;/usr/lib/x86_64-linux-gnu/libXext.so
[11.451s] -- Looking for XOpenDisplay in /usr/lib/x86_64-linux-gnu/libX11.so;/usr/lib/x86_64-linux-gnu/libXext.so - found
[11.451s] -- Looking for gethostbyname
[11.533s] -- Looking for gethostbyname - found
[11.533s] -- Looking for connect
[11.617s] -- Looking for connect - found
[11.617s] -- Looking for remove
[11.700s] -- Looking for remove - found
[11.700s] -- Looking for shmat
[11.785s] -- Looking for shmat - found
[11.786s] -- Looking for IceConnectionNumber in ICE
[11.869s] -- Looking for IceConnectionNumber in ICE - found
[11.874s] -- rviz_ogre_vendor::RenderSystem_GL for IMPORTED_LOCATION_RELEASE: _render_system_gl_static_library_abs-NOTFOUND
[11.874s] -- rviz_ogre_vendor::RenderSystem_GL for IMPORTED_LOCATION_DEBUG: _render_system_gl_static_library_abs-NOTFOUND
[11.881s] -- library: libassimp.so.5
[11.973s] -- Setting yaml-cpp_DIR to: '/opt/ros/foxy/share/yaml_cpp_vendor/cmake/../../../opt/yaml_cpp_vendor/lib/cmake/yaml-cpp'
[12.650s] -- Found moveit_visual_tools: 4.0.0 (/home/robotflow/dual_flexiv/install/moveit_visual_tools/share/moveit_visual_tools/cmake)
[17.749s] -- Configuring done
[18.745s] -- Generating done
[18.750s] -- Build files have been written to: /home/robotflow/dual_flexiv/build/moveit2_tutorials
[18.781s] Invoked command in '/home/robotflow/dual_flexiv/build/moveit2_tutorials' returned '0': AMENT_PREFIX_PATH=/home/robotflow/dual_flexiv/install/moveit_visual_tools:${AMENT_PREFIX_PATH} CMAKE_PREFIX_PATH=/home/robotflow/dual_flexiv/install/moveit_visual_tools:/home/robotflow/dual_flexiv/install/flexiv_bringup:/home/robotflow/dual_flexiv/install/flexiv_controllers:/home/robotflow/dual_flexiv/install/flexiv_msgs:/home/robotflow/dual_flexiv/install/flexiv_moveit_config:/home/robotflow/dual_flexiv/install/flexiv_hardware:/home/robotflow/dual_flexiv/install/flexiv_description:/home/robotflow/dual_flexiv/install/flexiv_test_nodes:/opt/ros/foxy LD_LIBRARY_PATH=/home/robotflow/dual_flexiv/install/moveit_visual_tools/lib:${LD_LIBRARY_PATH} /usr/bin/cmake /home/robotflow/dual_flexiv/src/moveit2_tutorials -DAMENT_CMAKE_SYMLINK_INSTALL=1 -DCMAKE_INSTALL_PREFIX=/home/robotflow/dual_flexiv/install/moveit2_tutorials
[18.785s] Invoking command in '/home/robotflow/dual_flexiv/build/moveit2_tutorials': AMENT_PREFIX_PATH=/home/robotflow/dual_flexiv/install/moveit_visual_tools:${AMENT_PREFIX_PATH} CMAKE_PREFIX_PATH=/home/robotflow/dual_flexiv/install/moveit_visual_tools:/home/robotflow/dual_flexiv/install/flexiv_bringup:/home/robotflow/dual_flexiv/install/flexiv_controllers:/home/robotflow/dual_flexiv/install/flexiv_msgs:/home/robotflow/dual_flexiv/install/flexiv_moveit_config:/home/robotflow/dual_flexiv/install/flexiv_hardware:/home/robotflow/dual_flexiv/install/flexiv_description:/home/robotflow/dual_flexiv/install/flexiv_test_nodes:/opt/ros/foxy LD_LIBRARY_PATH=/home/robotflow/dual_flexiv/install/moveit_visual_tools/lib:${LD_LIBRARY_PATH} /usr/bin/cmake --build /home/robotflow/dual_flexiv/build/moveit2_tutorials -- -j8 -l8
[18.861s] [35m[1mScanning dependencies of target moveit_cpp_tutorial[0m
[18.861s] [35m[1mScanning dependencies of target motion_planning_api_tutorial[0m
[18.866s] [35m[1mScanning dependencies of target planning_scene_tutorial[0m
[18.870s] [35m[1mScanning dependencies of target planning_scene_ros_api_tutorial[0m
[18.870s] [35m[1mScanning dependencies of target move_group_interface_tutorial[0m
[18.873s] [35m[1mScanning dependencies of target robot_model_and_robot_state_tutorial[0m
[18.873s] [35m[1mScanning dependencies of target servo_keyboard_input[0m
[18.880s] [35m[1mScanning dependencies of target servo_cpp_interface_demo[0m
[18.987s] [  6%] [32mBuilding CXX object doc/realtime_servo/CMakeFiles/servo_keyboard_input.dir/src/servo_keyboard_input.cpp.o[0m
[19.085s] [ 12%] [32mBuilding CXX object doc/planning_scene/CMakeFiles/planning_scene_tutorial.dir/src/planning_scene_tutorial.cpp.o[0m
[19.095s] [ 18%] [32mBuilding CXX object doc/robot_model_and_robot_state/CMakeFiles/robot_model_and_robot_state_tutorial.dir/src/robot_model_and_robot_state_tutorial.cpp.o[0m
[19.104s] [ 25%] [32mBuilding CXX object doc/motion_planning_api/CMakeFiles/motion_planning_api_tutorial.dir/src/motion_planning_api_tutorial.cpp.o[0m
[19.148s] [ 31%] [32mBuilding CXX object doc/realtime_servo/CMakeFiles/servo_cpp_interface_demo.dir/src/servo_cpp_interface_demo.cpp.o[0m
[19.165s] [ 37%] [32mBuilding CXX object doc/planning_scene_ros_api/CMakeFiles/planning_scene_ros_api_tutorial.dir/src/planning_scene_ros_api_tutorial.cpp.o[0m
[19.195s] [ 43%] [32mBuilding CXX object doc/move_group_interface/CMakeFiles/move_group_interface_tutorial.dir/src/move_group_interface_tutorial.cpp.o[0m
[19.222s] [ 50%] [32mBuilding CXX object doc/moveit_cpp/CMakeFiles/moveit_cpp_tutorial.dir/src/moveit_cpp_tutorial.cpp.o[0m
[30.322s] [ 56%] [32m[1mLinking CXX executable servo_keyboard_input[0m
[31.538s] [ 56%] Built target servo_keyboard_input
[33.077s] [ 62%] [32m[1mLinking CXX executable robot_model_and_robot_state_tutorial[0m
[34.058s] [ 62%] Built target robot_model_and_robot_state_tutorial
[34.577s] [ 68%] [32m[1mLinking CXX executable planning_scene_tutorial[0m
[35.385s] [ 68%] Built target planning_scene_tutorial
[38.640s] [ 75%] [32m[1mLinking CXX executable planning_scene_ros_api_tutorial[0m
[39.654s] [ 75%] Built target planning_scene_ros_api_tutorial
[40.852s] [ 81%] [32m[1mLinking CXX executable move_group_interface_tutorial[0m
[41.995s] [ 81%] Built target move_group_interface_tutorial
[43.142s] [ 87%] [32m[1mLinking CXX executable moveit_cpp_tutorial[0m
[44.246s] [ 87%] Built target moveit_cpp_tutorial
[45.627s] [ 93%] [32m[1mLinking CXX executable servo_cpp_interface_demo[0m
[46.410s] [ 93%] Built target servo_cpp_interface_demo
[50.970s] [100%] [32m[1mLinking CXX executable motion_planning_api_tutorial[0m
[52.058s] [100%] Built target motion_planning_api_tutorial
[52.074s] Invoked command in '/home/robotflow/dual_flexiv/build/moveit2_tutorials' returned '0': AMENT_PREFIX_PATH=/home/robotflow/dual_flexiv/install/moveit_visual_tools:${AMENT_PREFIX_PATH} CMAKE_PREFIX_PATH=/home/robotflow/dual_flexiv/install/moveit_visual_tools:/home/robotflow/dual_flexiv/install/flexiv_bringup:/home/robotflow/dual_flexiv/install/flexiv_controllers:/home/robotflow/dual_flexiv/install/flexiv_msgs:/home/robotflow/dual_flexiv/install/flexiv_moveit_config:/home/robotflow/dual_flexiv/install/flexiv_hardware:/home/robotflow/dual_flexiv/install/flexiv_description:/home/robotflow/dual_flexiv/install/flexiv_test_nodes:/opt/ros/foxy LD_LIBRARY_PATH=/home/robotflow/dual_flexiv/install/moveit_visual_tools/lib:${LD_LIBRARY_PATH} /usr/bin/cmake --build /home/robotflow/dual_flexiv/build/moveit2_tutorials -- -j8 -l8
[52.104s] Invoking command in '/home/robotflow/dual_flexiv/build/moveit2_tutorials': AMENT_PREFIX_PATH=/home/robotflow/dual_flexiv/install/moveit_visual_tools:${AMENT_PREFIX_PATH} CMAKE_PREFIX_PATH=/home/robotflow/dual_flexiv/install/moveit_visual_tools:/home/robotflow/dual_flexiv/install/flexiv_bringup:/home/robotflow/dual_flexiv/install/flexiv_controllers:/home/robotflow/dual_flexiv/install/flexiv_msgs:/home/robotflow/dual_flexiv/install/flexiv_moveit_config:/home/robotflow/dual_flexiv/install/flexiv_hardware:/home/robotflow/dual_flexiv/install/flexiv_description:/home/robotflow/dual_flexiv/install/flexiv_test_nodes:/opt/ros/foxy LD_LIBRARY_PATH=/home/robotflow/dual_flexiv/install/moveit_visual_tools/lib:${LD_LIBRARY_PATH} /usr/bin/cmake --install /home/robotflow/dual_flexiv/build/moveit2_tutorials
[52.114s] -- Install configuration: "Release"
[52.115s] -- Execute custom install script
[52.115s] -- Symlinking: /home/robotflow/dual_flexiv/install/moveit2_tutorials/lib/moveit2_tutorials/motion_planning_api_tutorial
[52.127s] -- Symlinking: /home/robotflow/dual_flexiv/install/moveit2_tutorials/share/moveit2_tutorials/launch/motion_planning_api_tutorial.launch.py
[52.138s] -- Symlinking: /home/robotflow/dual_flexiv/install/moveit2_tutorials/lib/moveit2_tutorials/move_group_interface_tutorial
[52.149s] -- Symlinking: /home/robotflow/dual_flexiv/install/moveit2_tutorials/share/moveit2_tutorials/launch/move_group.launch.py
[52.160s] -- Symlinking: /home/robotflow/dual_flexiv/install/moveit2_tutorials/share/moveit2_tutorials/launch/move_group.rviz
[52.170s] -- Symlinking: /home/robotflow/dual_flexiv/install/moveit2_tutorials/share/moveit2_tutorials/launch/move_group_interface_tutorial.launch.py
[52.182s] -- Symlinking: /home/robotflow/dual_flexiv/install/moveit2_tutorials/lib/moveit2_tutorials/moveit_cpp_tutorial
[52.192s] -- Symlinking: /home/robotflow/dual_flexiv/install/moveit2_tutorials/share/moveit2_tutorials/launch/moveit_cpp_tutorial.launch.py
[52.203s] -- Symlinking: /home/robotflow/dual_flexiv/install/moveit2_tutorials/share/moveit2_tutorials/launch/moveit_cpp_tutorial.rviz
[52.214s] -- Symlinking: /home/robotflow/dual_flexiv/install/moveit2_tutorials/share/moveit2_tutorials/config/moveit_cpp.yaml
[52.225s] -- Symlinking: /home/robotflow/dual_flexiv/install/moveit2_tutorials/lib/moveit2_tutorials/planning_scene_tutorial
[52.237s] -- Symlinking: /home/robotflow/dual_flexiv/install/moveit2_tutorials/share/moveit2_tutorials/launch/planning_scene_tutorial.launch.py
[52.249s] -- Symlinking: /home/robotflow/dual_flexiv/install/moveit2_tutorials/lib/moveit2_tutorials/planning_scene_ros_api_tutorial
[52.261s] -- Symlinking: /home/robotflow/dual_flexiv/install/moveit2_tutorials/share/moveit2_tutorials/launch/planning_scene_ros_api_tutorial.launch.py
[52.273s] -- Symlinking: /home/robotflow/dual_flexiv/install/moveit2_tutorials/share/moveit2_tutorials/launch/demo.launch.py
[52.284s] -- Symlinking: /home/robotflow/dual_flexiv/install/moveit2_tutorials/share/moveit2_tutorials/launch/panda_moveit_config_demo.rviz
[52.294s] -- Symlinking: /home/robotflow/dual_flexiv/install/moveit2_tutorials/share/moveit2_tutorials/launch/panda_moveit_config_demo_empty.rviz
[52.305s] -- Symlinking: /home/robotflow/dual_flexiv/install/moveit2_tutorials/lib/moveit2_tutorials/servo_keyboard_input
[52.316s] -- Symlinking: /home/robotflow/dual_flexiv/install/moveit2_tutorials/lib/moveit2_tutorials/servo_cpp_interface_demo
[52.328s] -- Symlinking: /home/robotflow/dual_flexiv/install/moveit2_tutorials/share/moveit2_tutorials/launch/servo_cpp_interface_demo.launch.py
[52.338s] -- Symlinking: /home/robotflow/dual_flexiv/install/moveit2_tutorials/share/moveit2_tutorials/launch/servo_server_panda.launch.py
[52.349s] -- Symlinking: /home/robotflow/dual_flexiv/install/moveit2_tutorials/share/moveit2_tutorials/launch/servo_teleop.launch.py
[52.360s] -- Symlinking: /home/robotflow/dual_flexiv/install/moveit2_tutorials/share/moveit2_tutorials/config/demo_rviz_config.rviz
[52.371s] -- Symlinking: /home/robotflow/dual_flexiv/install/moveit2_tutorials/lib/moveit2_tutorials/robot_model_and_robot_state_tutorial
[52.382s] -- Symlinking: /home/robotflow/dual_flexiv/install/moveit2_tutorials/share/moveit2_tutorials/launch/robot_model_and_robot_state_tutorial.launch.py
[52.398s] -- Symlinking: /home/robotflow/dual_flexiv/install/moveit2_tutorials/share/ament_index/resource_index/package_run_dependencies/moveit2_tutorials
[52.409s] -- Symlinking: /home/robotflow/dual_flexiv/install/moveit2_tutorials/share/ament_index/resource_index/parent_prefix_path/moveit2_tutorials
[52.420s] -- Symlinking: /home/robotflow/dual_flexiv/install/moveit2_tutorials/share/moveit2_tutorials/environment/ament_prefix_path.sh
[52.430s] -- Symlinking: /home/robotflow/dual_flexiv/install/moveit2_tutorials/share/moveit2_tutorials/environment/ament_prefix_path.dsv
[52.441s] -- Symlinking: /home/robotflow/dual_flexiv/install/moveit2_tutorials/share/moveit2_tutorials/environment/path.sh
[52.452s] -- Symlinking: /home/robotflow/dual_flexiv/install/moveit2_tutorials/share/moveit2_tutorials/environment/path.dsv
[52.463s] -- Symlinking: /home/robotflow/dual_flexiv/install/moveit2_tutorials/share/moveit2_tutorials/local_setup.bash
[52.474s] -- Symlinking: /home/robotflow/dual_flexiv/install/moveit2_tutorials/share/moveit2_tutorials/local_setup.sh
[52.485s] -- Symlinking: /home/robotflow/dual_flexiv/install/moveit2_tutorials/share/moveit2_tutorials/local_setup.zsh
[52.495s] -- Symlinking: /home/robotflow/dual_flexiv/install/moveit2_tutorials/share/moveit2_tutorials/local_setup.dsv
[52.506s] -- Symlinking: /home/robotflow/dual_flexiv/install/moveit2_tutorials/share/moveit2_tutorials/package.dsv
[52.517s] -- Symlinking: /home/robotflow/dual_flexiv/install/moveit2_tutorials/share/ament_index/resource_index/packages/moveit2_tutorials
[52.529s] -- Symlinking: /home/robotflow/dual_flexiv/install/moveit2_tutorials/share/moveit2_tutorials/cmake/ament_cmake_export_dependencies-extras.cmake
[52.540s] -- Symlinking: /home/robotflow/dual_flexiv/install/moveit2_tutorials/share/moveit2_tutorials/cmake/ament_cmake_export_include_directories-extras.cmake
[52.551s] -- Symlinking: /home/robotflow/dual_flexiv/install/moveit2_tutorials/share/moveit2_tutorials/cmake/moveit2_tutorialsConfig.cmake
[52.562s] -- Symlinking: /home/robotflow/dual_flexiv/install/moveit2_tutorials/share/moveit2_tutorials/cmake/moveit2_tutorialsConfig-version.cmake
[52.574s] -- Symlinking: /home/robotflow/dual_flexiv/install/moveit2_tutorials/share/moveit2_tutorials/package.xml
[52.591s] Invoked command in '/home/robotflow/dual_flexiv/build/moveit2_tutorials' returned '0': AMENT_PREFIX_PATH=/home/robotflow/dual_flexiv/install/moveit_visual_tools:${AMENT_PREFIX_PATH} CMAKE_PREFIX_PATH=/home/robotflow/dual_flexiv/install/moveit_visual_tools:/home/robotflow/dual_flexiv/install/flexiv_bringup:/home/robotflow/dual_flexiv/install/flexiv_controllers:/home/robotflow/dual_flexiv/install/flexiv_msgs:/home/robotflow/dual_flexiv/install/flexiv_moveit_config:/home/robotflow/dual_flexiv/install/flexiv_hardware:/home/robotflow/dual_flexiv/install/flexiv_description:/home/robotflow/dual_flexiv/install/flexiv_test_nodes:/opt/ros/foxy LD_LIBRARY_PATH=/home/robotflow/dual_flexiv/install/moveit_visual_tools/lib:${LD_LIBRARY_PATH} /usr/bin/cmake --install /home/robotflow/dual_flexiv/build/moveit2_tutorials
