[0.028s] Invoking command in '/home/robotflow/dual_flexiv/build/flexiv_moveit_config': CMAKE_PREFIX_PATH=/home/robotflow/dual_flexiv/install/flexiv_description:/home/robotflow/dual_flexiv/install/flexiv_bringup:/home/robotflow/dual_flexiv/install/flexiv_controllers:/home/robotflow/dual_flexiv/install/flexiv_msgs:/home/robotflow/dual_flexiv/install/flexiv_moveit_config:/home/robotflow/dual_flexiv/install/flexiv_hardware:/home/robotflow/dual_flexiv/install/flexiv_test_nodes:/opt/ros/foxy /usr/bin/cmake --build /home/robotflow/dual_flexiv/build/flexiv_moveit_config -- -j8 -l8
[0.095s] Invoked command in '/home/robotflow/dual_flexiv/build/flexiv_moveit_config' returned '0': CMAKE_PREFIX_PATH=/home/robotflow/dual_flexiv/install/flexiv_description:/home/robotflow/dual_flexiv/install/flexiv_bringup:/home/robotflow/dual_flexiv/install/flexiv_controllers:/home/robotflow/dual_flexiv/install/flexiv_msgs:/home/robotflow/dual_flexiv/install/flexiv_moveit_config:/home/robotflow/dual_flexiv/install/flexiv_hardware:/home/robotflow/dual_flexiv/install/flexiv_test_nodes:/opt/ros/foxy /usr/bin/cmake --build /home/robotflow/dual_flexiv/build/flexiv_moveit_config -- -j8 -l8
[0.138s] Invoking command in '/home/robotflow/dual_flexiv/build/flexiv_moveit_config': CMAKE_PREFIX_PATH=/home/robotflow/dual_flexiv/install/flexiv_description:/home/robotflow/dual_flexiv/install/flexiv_bringup:/home/robotflow/dual_flexiv/install/flexiv_controllers:/home/robotflow/dual_flexiv/install/flexiv_msgs:/home/robotflow/dual_flexiv/install/flexiv_moveit_config:/home/robotflow/dual_flexiv/install/flexiv_hardware:/home/robotflow/dual_flexiv/install/flexiv_test_nodes:/opt/ros/foxy /usr/bin/cmake --install /home/robotflow/dual_flexiv/build/flexiv_moveit_config
[0.157s] -- Install configuration: ""
[0.157s] -- Execute custom install script
[0.158s] -- Up-to-date symlink: /home/robotflow/dual_flexiv/install/flexiv_moveit_config/share/flexiv_moveit_config/config/joint_limits.yaml
[0.158s] -- Up-to-date symlink: /home/robotflow/dual_flexiv/install/flexiv_moveit_config/share/flexiv_moveit_config/config/kinematics.yaml
[0.159s] -- Up-to-date symlink: /home/robotflow/dual_flexiv/install/flexiv_moveit_config/share/flexiv_moveit_config/config/moveit_controllers.yaml
[0.159s] -- Up-to-date symlink: /home/robotflow/dual_flexiv/install/flexiv_moveit_config/share/flexiv_moveit_config/config/ompl_planning.yaml
[0.160s] -- Up-to-date symlink: /home/robotflow/dual_flexiv/install/flexiv_moveit_config/share/flexiv_moveit_config/srdf/rizon.srdf.xacro
[0.160s] -- Up-to-date symlink: /home/robotflow/dual_flexiv/install/flexiv_moveit_config/share/flexiv_moveit_config/srdf/rizon_macro.srdf.xacro
[0.161s] -- Up-to-date symlink: /home/robotflow/dual_flexiv/install/flexiv_moveit_config/share/flexiv_moveit_config/rviz/moveit.rviz
[0.161s] -- Symlinking: /home/robotflow/dual_flexiv/install/flexiv_moveit_config/share/flexiv_moveit_config/rviz/urdfr.rviz
[0.178s] -- Up-to-date symlink: /home/robotflow/dual_flexiv/install/flexiv_moveit_config/share/ament_index/resource_index/package_run_dependencies/flexiv_moveit_config
[0.178s] -- Up-to-date symlink: /home/robotflow/dual_flexiv/install/flexiv_moveit_config/share/ament_index/resource_index/parent_prefix_path/flexiv_moveit_config
[0.179s] -- Up-to-date symlink: /home/robotflow/dual_flexiv/install/flexiv_moveit_config/share/flexiv_moveit_config/environment/ament_prefix_path.sh
[0.179s] -- Up-to-date symlink: /home/robotflow/dual_flexiv/install/flexiv_moveit_config/share/flexiv_moveit_config/environment/ament_prefix_path.dsv
[0.180s] -- Up-to-date symlink: /home/robotflow/dual_flexiv/install/flexiv_moveit_config/share/flexiv_moveit_config/environment/path.sh
[0.180s] -- Up-to-date symlink: /home/robotflow/dual_flexiv/install/flexiv_moveit_config/share/flexiv_moveit_config/environment/path.dsv
[0.181s] -- Up-to-date symlink: /home/robotflow/dual_flexiv/install/flexiv_moveit_config/share/flexiv_moveit_config/local_setup.bash
[0.182s] -- Up-to-date symlink: /home/robotflow/dual_flexiv/install/flexiv_moveit_config/share/flexiv_moveit_config/local_setup.sh
[0.182s] -- Up-to-date symlink: /home/robotflow/dual_flexiv/install/flexiv_moveit_config/share/flexiv_moveit_config/local_setup.zsh
[0.183s] -- Up-to-date symlink: /home/robotflow/dual_flexiv/install/flexiv_moveit_config/share/flexiv_moveit_config/local_setup.dsv
[0.183s] -- Symlinking: /home/robotflow/dual_flexiv/install/flexiv_moveit_config/share/flexiv_moveit_config/package.dsv
[0.197s] -- Up-to-date symlink: /home/robotflow/dual_flexiv/install/flexiv_moveit_config/share/ament_index/resource_index/packages/flexiv_moveit_config
[0.197s] -- Up-to-date symlink: /home/robotflow/dual_flexiv/install/flexiv_moveit_config/share/flexiv_moveit_config/cmake/flexiv_moveit_configConfig.cmake
[0.197s] -- Up-to-date symlink: /home/robotflow/dual_flexiv/install/flexiv_moveit_config/share/flexiv_moveit_config/cmake/flexiv_moveit_configConfig-version.cmake
[0.198s] -- Up-to-date symlink: /home/robotflow/dual_flexiv/install/flexiv_moveit_config/share/flexiv_moveit_config/package.xml
[0.209s] Invoked command in '/home/robotflow/dual_flexiv/build/flexiv_moveit_config' returned '0': CMAKE_PREFIX_PATH=/home/robotflow/dual_flexiv/install/flexiv_description:/home/robotflow/dual_flexiv/install/flexiv_bringup:/home/robotflow/dual_flexiv/install/flexiv_controllers:/home/robotflow/dual_flexiv/install/flexiv_msgs:/home/robotflow/dual_flexiv/install/flexiv_moveit_config:/home/robotflow/dual_flexiv/install/flexiv_hardware:/home/robotflow/dual_flexiv/install/flexiv_test_nodes:/opt/ros/foxy /usr/bin/cmake --install /home/robotflow/dual_flexiv/build/flexiv_moveit_config
