[0.198s] DEBUG:colcon:Command line arguments: ['/usr/bin/colcon', 'build', '--symlink-install']
[0.198s] DEBUG:colcon:Parsed command line arguments: Namespace(allow_overriding=[], ament_cmake_args=None, base_paths=['.'], bazel_args=None, bazel_task=None, build_base='build', catkin_cmake_args=None, catkin_skip_building_tests=False, cmake_args=None, cmake_clean_cache=False, cmake_clean_first=False, cmake_force_configure=False, cmake_target=None, cmake_target_skip_unavailable=False, continue_on_error=False, event_handlers=None, executor='parallel', ignore_user_meta=False, install_base='install', log_base=None, log_level=None, main=<bound method BuildVerb.main of <colcon_core.verb.build.BuildVerb object at 0x7fefc0240190>>, merge_install=False, metas=['./colcon.meta'], mixin=None, mixin_files=None, mixin_verb=('build',), packages_above=None, packages_above_and_dependencies=None, packages_above_depth=None, packages_end=None, packages_ignore=None, packages_ignore_regex=None, packages_select=None, packages_select_build_failed=False, packages_select_by_dep=None, packages_select_regex=None, packages_select_test_failures=False, packages_skip=None, packages_skip_build_finished=False, packages_skip_by_dep=None, packages_skip_regex=None, packages_skip_test_passed=False, packages_skip_up_to=None, packages_start=None, packages_up_to=None, packages_up_to_regex=None, parallel_workers=8, paths=None, symlink_install=True, test_result_base=None, verb_extension=<colcon_core.verb.build.BuildVerb object at 0x7fefc0240190>, verb_name='build', verb_parser=<colcon_alias.argument_parser.alias.AliasArgumentDecorator object at 0x7fefc01c90d0>)
[0.234s] Level 1:colcon.colcon_core.package_discovery:discover_packages(colcon_meta) check parameters
[0.234s] Level 1:colcon.colcon_core.package_discovery:discover_packages(recursive) check parameters
[0.234s] Level 1:colcon.colcon_core.package_discovery:discover_packages(ignore) check parameters
[0.234s] Level 1:colcon.colcon_core.package_discovery:discover_packages(path) check parameters
[0.234s] Level 1:colcon.colcon_core.package_discovery:discover_packages(colcon_meta) discover
[0.234s] Level 1:colcon.colcon_core.package_discovery:discover_packages(recursive) discover
[0.234s] INFO:colcon.colcon_core.package_discovery:Crawling recursively for packages in '/home/robotflow/dual_flexiv'
[0.234s] Level 1:colcon.colcon_core.package_identification:_identify(.) by extensions ['ignore', 'ignore_ament_install']
[0.235s] Level 1:colcon.colcon_core.package_identification:_identify(.) by extension 'ignore'
[0.235s] Level 1:colcon.colcon_core.package_identification:_identify(.) by extension 'ignore_ament_install'
[0.235s] Level 1:colcon.colcon_core.package_identification:_identify(.) by extensions ['colcon_pkg']
[0.235s] Level 1:colcon.colcon_core.package_identification:_identify(.) by extension 'colcon_pkg'
[0.235s] Level 1:colcon.colcon_core.package_identification:_identify(.) by extensions ['colcon_meta']
[0.235s] Level 1:colcon.colcon_core.package_identification:_identify(.) by extension 'colcon_meta'
[0.235s] Level 1:colcon.colcon_core.package_identification:_identify(.) by extensions ['ros']
[0.235s] Level 1:colcon.colcon_core.package_identification:_identify(.) by extension 'ros'
[0.237s] Level 1:colcon.colcon_core.package_identification:_identify(.) by extensions ['bazel', 'cmake', 'python']
[0.237s] Level 1:colcon.colcon_core.package_identification:_identify(.) by extension 'bazel'
[0.237s] Level 1:colcon.colcon_core.package_identification:_identify(.) by extension 'cmake'
[0.237s] Level 1:colcon.colcon_core.package_identification:_identify(.) by extension 'python'
[0.237s] Level 1:colcon.colcon_core.package_identification:_identify(.) by extensions ['python_setup_py']
[0.237s] Level 1:colcon.colcon_core.package_identification:_identify(.) by extension 'python_setup_py'
[0.238s] Level 1:colcon.colcon_core.package_identification:_identify(build) by extensions ['ignore', 'ignore_ament_install']
[0.238s] Level 1:colcon.colcon_core.package_identification:_identify(build) by extension 'ignore'
[0.238s] Level 1:colcon.colcon_core.package_identification:_identify(build) ignored
[0.238s] Level 1:colcon.colcon_core.package_identification:_identify(install) by extensions ['ignore', 'ignore_ament_install']
[0.238s] Level 1:colcon.colcon_core.package_identification:_identify(install) by extension 'ignore'
[0.238s] Level 1:colcon.colcon_core.package_identification:_identify(install) ignored
[0.238s] Level 1:colcon.colcon_core.package_identification:_identify(log) by extensions ['ignore', 'ignore_ament_install']
[0.238s] Level 1:colcon.colcon_core.package_identification:_identify(log) by extension 'ignore'
[0.238s] Level 1:colcon.colcon_core.package_identification:_identify(log) ignored
[0.238s] Level 1:colcon.colcon_core.package_identification:_identify(src) by extensions ['ignore', 'ignore_ament_install']
[0.238s] Level 1:colcon.colcon_core.package_identification:_identify(src) by extension 'ignore'
[0.238s] Level 1:colcon.colcon_core.package_identification:_identify(src) by extension 'ignore_ament_install'
[0.238s] Level 1:colcon.colcon_core.package_identification:_identify(src) by extensions ['colcon_pkg']
[0.238s] Level 1:colcon.colcon_core.package_identification:_identify(src) by extension 'colcon_pkg'
[0.238s] Level 1:colcon.colcon_core.package_identification:_identify(src) by extensions ['colcon_meta']
[0.238s] Level 1:colcon.colcon_core.package_identification:_identify(src) by extension 'colcon_meta'
[0.239s] Level 1:colcon.colcon_core.package_identification:_identify(src) by extensions ['ros']
[0.239s] Level 1:colcon.colcon_core.package_identification:_identify(src) by extension 'ros'
[0.239s] Level 1:colcon.colcon_core.package_identification:_identify(src) by extensions ['bazel', 'cmake', 'python']
[0.239s] Level 1:colcon.colcon_core.package_identification:_identify(src) by extension 'bazel'
[0.239s] Level 1:colcon.colcon_core.package_identification:_identify(src) by extension 'cmake'
[0.239s] Level 1:colcon.colcon_core.package_identification:_identify(src) by extension 'python'
[0.239s] Level 1:colcon.colcon_core.package_identification:_identify(src) by extensions ['python_setup_py']
[0.239s] Level 1:colcon.colcon_core.package_identification:_identify(src) by extension 'python_setup_py'
[0.239s] Level 1:colcon.colcon_core.package_identification:_identify(src/flexiv_ros2) by extensions ['ignore', 'ignore_ament_install']
[0.239s] Level 1:colcon.colcon_core.package_identification:_identify(src/flexiv_ros2) by extension 'ignore'
[0.239s] Level 1:colcon.colcon_core.package_identification:_identify(src/flexiv_ros2) by extension 'ignore_ament_install'
[0.239s] Level 1:colcon.colcon_core.package_identification:_identify(src/flexiv_ros2) by extensions ['colcon_pkg']
[0.239s] Level 1:colcon.colcon_core.package_identification:_identify(src/flexiv_ros2) by extension 'colcon_pkg'
[0.239s] Level 1:colcon.colcon_core.package_identification:_identify(src/flexiv_ros2) by extensions ['colcon_meta']
[0.239s] Level 1:colcon.colcon_core.package_identification:_identify(src/flexiv_ros2) by extension 'colcon_meta'
[0.239s] Level 1:colcon.colcon_core.package_identification:_identify(src/flexiv_ros2) by extensions ['ros']
[0.239s] Level 1:colcon.colcon_core.package_identification:_identify(src/flexiv_ros2) by extension 'ros'
[0.239s] Level 1:colcon.colcon_core.package_identification:_identify(src/flexiv_ros2) by extensions ['bazel', 'cmake', 'python']
[0.239s] Level 1:colcon.colcon_core.package_identification:_identify(src/flexiv_ros2) by extension 'bazel'
[0.239s] Level 1:colcon.colcon_core.package_identification:_identify(src/flexiv_ros2) by extension 'cmake'
[0.239s] Level 1:colcon.colcon_core.package_identification:_identify(src/flexiv_ros2) by extension 'python'
[0.239s] Level 1:colcon.colcon_core.package_identification:_identify(src/flexiv_ros2) by extensions ['python_setup_py']
[0.240s] Level 1:colcon.colcon_core.package_identification:_identify(src/flexiv_ros2) by extension 'python_setup_py'
[0.240s] Level 1:colcon.colcon_core.package_identification:_identify(src/flexiv_ros2/flexiv_bringup) by extensions ['ignore', 'ignore_ament_install']
[0.240s] Level 1:colcon.colcon_core.package_identification:_identify(src/flexiv_ros2/flexiv_bringup) by extension 'ignore'
[0.240s] Level 1:colcon.colcon_core.package_identification:_identify(src/flexiv_ros2/flexiv_bringup) by extension 'ignore_ament_install'
[0.240s] Level 1:colcon.colcon_core.package_identification:_identify(src/flexiv_ros2/flexiv_bringup) by extensions ['colcon_pkg']
[0.240s] Level 1:colcon.colcon_core.package_identification:_identify(src/flexiv_ros2/flexiv_bringup) by extension 'colcon_pkg'
[0.240s] Level 1:colcon.colcon_core.package_identification:_identify(src/flexiv_ros2/flexiv_bringup) by extensions ['colcon_meta']
[0.240s] Level 1:colcon.colcon_core.package_identification:_identify(src/flexiv_ros2/flexiv_bringup) by extension 'colcon_meta'
[0.240s] Level 1:colcon.colcon_core.package_identification:_identify(src/flexiv_ros2/flexiv_bringup) by extensions ['ros']
[0.240s] Level 1:colcon.colcon_core.package_identification:_identify(src/flexiv_ros2/flexiv_bringup) by extension 'ros'
[0.242s] DEBUG:colcon.colcon_core.package_identification:Package 'src/flexiv_ros2/flexiv_bringup' with type 'ros.ament_cmake' and name 'flexiv_bringup'
[0.242s] Level 1:colcon.colcon_core.package_identification:_identify(src/flexiv_ros2/flexiv_controllers) by extensions ['ignore', 'ignore_ament_install']
[0.242s] Level 1:colcon.colcon_core.package_identification:_identify(src/flexiv_ros2/flexiv_controllers) by extension 'ignore'
[0.242s] Level 1:colcon.colcon_core.package_identification:_identify(src/flexiv_ros2/flexiv_controllers) by extension 'ignore_ament_install'
[0.242s] Level 1:colcon.colcon_core.package_identification:_identify(src/flexiv_ros2/flexiv_controllers) by extensions ['colcon_pkg']
[0.242s] Level 1:colcon.colcon_core.package_identification:_identify(src/flexiv_ros2/flexiv_controllers) by extension 'colcon_pkg'
[0.243s] Level 1:colcon.colcon_core.package_identification:_identify(src/flexiv_ros2/flexiv_controllers) by extensions ['colcon_meta']
[0.243s] Level 1:colcon.colcon_core.package_identification:_identify(src/flexiv_ros2/flexiv_controllers) by extension 'colcon_meta'
[0.243s] Level 1:colcon.colcon_core.package_identification:_identify(src/flexiv_ros2/flexiv_controllers) by extensions ['ros']
[0.243s] Level 1:colcon.colcon_core.package_identification:_identify(src/flexiv_ros2/flexiv_controllers) by extension 'ros'
[0.243s] DEBUG:colcon.colcon_core.package_identification:Package 'src/flexiv_ros2/flexiv_controllers' with type 'ros.ament_cmake' and name 'flexiv_controllers'
[0.244s] Level 1:colcon.colcon_core.package_identification:_identify(src/flexiv_ros2/flexiv_description) by extensions ['ignore', 'ignore_ament_install']
[0.244s] Level 1:colcon.colcon_core.package_identification:_identify(src/flexiv_ros2/flexiv_description) by extension 'ignore'
[0.244s] Level 1:colcon.colcon_core.package_identification:_identify(src/flexiv_ros2/flexiv_description) by extension 'ignore_ament_install'
[0.244s] Level 1:colcon.colcon_core.package_identification:_identify(src/flexiv_ros2/flexiv_description) by extensions ['colcon_pkg']
[0.244s] Level 1:colcon.colcon_core.package_identification:_identify(src/flexiv_ros2/flexiv_description) by extension 'colcon_pkg'
[0.244s] Level 1:colcon.colcon_core.package_identification:_identify(src/flexiv_ros2/flexiv_description) by extensions ['colcon_meta']
[0.244s] Level 1:colcon.colcon_core.package_identification:_identify(src/flexiv_ros2/flexiv_description) by extension 'colcon_meta'
[0.244s] Level 1:colcon.colcon_core.package_identification:_identify(src/flexiv_ros2/flexiv_description) by extensions ['ros']
[0.244s] Level 1:colcon.colcon_core.package_identification:_identify(src/flexiv_ros2/flexiv_description) by extension 'ros'
[0.244s] DEBUG:colcon.colcon_core.package_identification:Package 'src/flexiv_ros2/flexiv_description' with type 'ros.ament_cmake' and name 'flexiv_description'
[0.244s] Level 1:colcon.colcon_core.package_identification:_identify(src/flexiv_ros2/flexiv_hardware) by extensions ['ignore', 'ignore_ament_install']
[0.245s] Level 1:colcon.colcon_core.package_identification:_identify(src/flexiv_ros2/flexiv_hardware) by extension 'ignore'
[0.245s] Level 1:colcon.colcon_core.package_identification:_identify(src/flexiv_ros2/flexiv_hardware) by extension 'ignore_ament_install'
[0.245s] Level 1:colcon.colcon_core.package_identification:_identify(src/flexiv_ros2/flexiv_hardware) by extensions ['colcon_pkg']
[0.245s] Level 1:colcon.colcon_core.package_identification:_identify(src/flexiv_ros2/flexiv_hardware) by extension 'colcon_pkg'
[0.245s] Level 1:colcon.colcon_core.package_identification:_identify(src/flexiv_ros2/flexiv_hardware) by extensions ['colcon_meta']
[0.245s] Level 1:colcon.colcon_core.package_identification:_identify(src/flexiv_ros2/flexiv_hardware) by extension 'colcon_meta'
[0.245s] Level 1:colcon.colcon_core.package_identification:_identify(src/flexiv_ros2/flexiv_hardware) by extensions ['ros']
[0.245s] Level 1:colcon.colcon_core.package_identification:_identify(src/flexiv_ros2/flexiv_hardware) by extension 'ros'
[0.245s] DEBUG:colcon.colcon_core.package_identification:Package 'src/flexiv_ros2/flexiv_hardware' with type 'ros.ament_cmake' and name 'flexiv_hardware'
[0.246s] Level 1:colcon.colcon_core.package_identification:_identify(src/flexiv_ros2/flexiv_moveit_config) by extensions ['ignore', 'ignore_ament_install']
[0.246s] Level 1:colcon.colcon_core.package_identification:_identify(src/flexiv_ros2/flexiv_moveit_config) by extension 'ignore'
[0.246s] Level 1:colcon.colcon_core.package_identification:_identify(src/flexiv_ros2/flexiv_moveit_config) by extension 'ignore_ament_install'
[0.246s] Level 1:colcon.colcon_core.package_identification:_identify(src/flexiv_ros2/flexiv_moveit_config) by extensions ['colcon_pkg']
[0.246s] Level 1:colcon.colcon_core.package_identification:_identify(src/flexiv_ros2/flexiv_moveit_config) by extension 'colcon_pkg'
[0.246s] Level 1:colcon.colcon_core.package_identification:_identify(src/flexiv_ros2/flexiv_moveit_config) by extensions ['colcon_meta']
[0.246s] Level 1:colcon.colcon_core.package_identification:_identify(src/flexiv_ros2/flexiv_moveit_config) by extension 'colcon_meta'
[0.246s] Level 1:colcon.colcon_core.package_identification:_identify(src/flexiv_ros2/flexiv_moveit_config) by extensions ['ros']
[0.246s] Level 1:colcon.colcon_core.package_identification:_identify(src/flexiv_ros2/flexiv_moveit_config) by extension 'ros'
[0.247s] DEBUG:colcon.colcon_core.package_identification:Package 'src/flexiv_ros2/flexiv_moveit_config' with type 'ros.ament_cmake' and name 'flexiv_moveit_config'
[0.247s] Level 1:colcon.colcon_core.package_identification:_identify(src/flexiv_ros2/flexiv_msgs) by extensions ['ignore', 'ignore_ament_install']
[0.247s] Level 1:colcon.colcon_core.package_identification:_identify(src/flexiv_ros2/flexiv_msgs) by extension 'ignore'
[0.247s] Level 1:colcon.colcon_core.package_identification:_identify(src/flexiv_ros2/flexiv_msgs) by extension 'ignore_ament_install'
[0.247s] Level 1:colcon.colcon_core.package_identification:_identify(src/flexiv_ros2/flexiv_msgs) by extensions ['colcon_pkg']
[0.247s] Level 1:colcon.colcon_core.package_identification:_identify(src/flexiv_ros2/flexiv_msgs) by extension 'colcon_pkg'
[0.247s] Level 1:colcon.colcon_core.package_identification:_identify(src/flexiv_ros2/flexiv_msgs) by extensions ['colcon_meta']
[0.247s] Level 1:colcon.colcon_core.package_identification:_identify(src/flexiv_ros2/flexiv_msgs) by extension 'colcon_meta'
[0.247s] Level 1:colcon.colcon_core.package_identification:_identify(src/flexiv_ros2/flexiv_msgs) by extensions ['ros']
[0.247s] Level 1:colcon.colcon_core.package_identification:_identify(src/flexiv_ros2/flexiv_msgs) by extension 'ros'
[0.248s] DEBUG:colcon.colcon_core.package_identification:Package 'src/flexiv_ros2/flexiv_msgs' with type 'ros.ament_cmake' and name 'flexiv_msgs'
[0.248s] Level 1:colcon.colcon_core.package_identification:_identify(src/flexiv_ros2/flexiv_test_nodes) by extensions ['ignore', 'ignore_ament_install']
[0.248s] Level 1:colcon.colcon_core.package_identification:_identify(src/flexiv_ros2/flexiv_test_nodes) by extension 'ignore'
[0.248s] Level 1:colcon.colcon_core.package_identification:_identify(src/flexiv_ros2/flexiv_test_nodes) by extension 'ignore_ament_install'
[0.248s] Level 1:colcon.colcon_core.package_identification:_identify(src/flexiv_ros2/flexiv_test_nodes) by extensions ['colcon_pkg']
[0.248s] Level 1:colcon.colcon_core.package_identification:_identify(src/flexiv_ros2/flexiv_test_nodes) by extension 'colcon_pkg'
[0.248s] Level 1:colcon.colcon_core.package_identification:_identify(src/flexiv_ros2/flexiv_test_nodes) by extensions ['colcon_meta']
[0.248s] Level 1:colcon.colcon_core.package_identification:_identify(src/flexiv_ros2/flexiv_test_nodes) by extension 'colcon_meta'
[0.248s] Level 1:colcon.colcon_core.package_identification:_identify(src/flexiv_ros2/flexiv_test_nodes) by extensions ['ros']
[0.248s] Level 1:colcon.colcon_core.package_identification:_identify(src/flexiv_ros2/flexiv_test_nodes) by extension 'ros'
[0.249s] DEBUG:colcon.colcon_core.package_identification:Package 'src/flexiv_ros2/flexiv_test_nodes' with type 'ros.ament_python' and name 'flexiv_test_nodes'
[0.249s] Level 1:colcon.colcon_core.package_discovery:discover_packages(recursive) using defaults
[0.249s] Level 1:colcon.colcon_core.package_discovery:discover_packages(ignore) discover
[0.249s] Level 1:colcon.colcon_core.package_discovery:discover_packages(ignore) using defaults
[0.249s] Level 1:colcon.colcon_core.package_discovery:discover_packages(path) discover
[0.249s] Level 1:colcon.colcon_core.package_discovery:discover_packages(path) using defaults
[0.266s] Level 1:colcon.colcon_core.package_discovery:discover_packages(prefix_path) check parameters
[0.266s] Level 1:colcon.colcon_core.package_discovery:discover_packages(prefix_path) discover
[0.268s] DEBUG:colcon.colcon_installed_package_information.package_discovery:Found 323 installed packages in /opt/ros/foxy
[0.270s] Level 1:colcon.colcon_core.package_discovery:discover_packages(prefix_path) using defaults
[0.332s] Level 5:colcon.colcon_core.verb:set package 'flexiv_description' build argument 'bazel_args' from command line to 'None'
[0.332s] Level 5:colcon.colcon_core.verb:set package 'flexiv_description' build argument 'bazel_task' from command line to 'None'
[0.332s] Level 5:colcon.colcon_core.verb:set package 'flexiv_description' build argument 'cmake_args' from command line to 'None'
[0.332s] Level 5:colcon.colcon_core.verb:set package 'flexiv_description' build argument 'cmake_target' from command line to 'None'
[0.332s] Level 5:colcon.colcon_core.verb:set package 'flexiv_description' build argument 'cmake_target_skip_unavailable' from command line to 'False'
[0.333s] Level 5:colcon.colcon_core.verb:set package 'flexiv_description' build argument 'cmake_clean_cache' from command line to 'False'
[0.333s] Level 5:colcon.colcon_core.verb:set package 'flexiv_description' build argument 'cmake_clean_first' from command line to 'False'
[0.333s] Level 5:colcon.colcon_core.verb:set package 'flexiv_description' build argument 'cmake_force_configure' from command line to 'False'
[0.333s] Level 5:colcon.colcon_core.verb:set package 'flexiv_description' build argument 'ament_cmake_args' from command line to 'None'
[0.333s] Level 5:colcon.colcon_core.verb:set package 'flexiv_description' build argument 'catkin_cmake_args' from command line to 'None'
[0.333s] Level 5:colcon.colcon_core.verb:set package 'flexiv_description' build argument 'catkin_skip_building_tests' from command line to 'False'
[0.333s] DEBUG:colcon.colcon_core.verb:Building package 'flexiv_description' with the following arguments: {'ament_cmake_args': None, 'bazel_args': None, 'bazel_task': None, 'build_base': '/home/robotflow/dual_flexiv/build/flexiv_description', 'catkin_cmake_args': None, 'catkin_skip_building_tests': False, 'cmake_args': None, 'cmake_clean_cache': False, 'cmake_clean_first': False, 'cmake_force_configure': False, 'cmake_target': None, 'cmake_target_skip_unavailable': False, 'install_base': '/home/robotflow/dual_flexiv/install/flexiv_description', 'merge_install': False, 'path': '/home/robotflow/dual_flexiv/src/flexiv_ros2/flexiv_description', 'symlink_install': True, 'test_result_base': None}
[0.334s] Level 5:colcon.colcon_core.verb:set package 'flexiv_hardware' build argument 'bazel_args' from command line to 'None'
[0.334s] Level 5:colcon.colcon_core.verb:set package 'flexiv_hardware' build argument 'bazel_task' from command line to 'None'
[0.334s] Level 5:colcon.colcon_core.verb:set package 'flexiv_hardware' build argument 'cmake_args' from command line to 'None'
[0.334s] Level 5:colcon.colcon_core.verb:set package 'flexiv_hardware' build argument 'cmake_target' from command line to 'None'
[0.334s] Level 5:colcon.colcon_core.verb:set package 'flexiv_hardware' build argument 'cmake_target_skip_unavailable' from command line to 'False'
[0.334s] Level 5:colcon.colcon_core.verb:set package 'flexiv_hardware' build argument 'cmake_clean_cache' from command line to 'False'
[0.334s] Level 5:colcon.colcon_core.verb:set package 'flexiv_hardware' build argument 'cmake_clean_first' from command line to 'False'
[0.334s] Level 5:colcon.colcon_core.verb:set package 'flexiv_hardware' build argument 'cmake_force_configure' from command line to 'False'
[0.334s] Level 5:colcon.colcon_core.verb:set package 'flexiv_hardware' build argument 'ament_cmake_args' from command line to 'None'
[0.334s] Level 5:colcon.colcon_core.verb:set package 'flexiv_hardware' build argument 'catkin_cmake_args' from command line to 'None'
[0.334s] Level 5:colcon.colcon_core.verb:set package 'flexiv_hardware' build argument 'catkin_skip_building_tests' from command line to 'False'
[0.334s] DEBUG:colcon.colcon_core.verb:Building package 'flexiv_hardware' with the following arguments: {'ament_cmake_args': None, 'bazel_args': None, 'bazel_task': None, 'build_base': '/home/robotflow/dual_flexiv/build/flexiv_hardware', 'catkin_cmake_args': None, 'catkin_skip_building_tests': False, 'cmake_args': None, 'cmake_clean_cache': False, 'cmake_clean_first': False, 'cmake_force_configure': False, 'cmake_target': None, 'cmake_target_skip_unavailable': False, 'install_base': '/home/robotflow/dual_flexiv/install/flexiv_hardware', 'merge_install': False, 'path': '/home/robotflow/dual_flexiv/src/flexiv_ros2/flexiv_hardware', 'symlink_install': True, 'test_result_base': None}
[0.335s] Level 5:colcon.colcon_core.verb:set package 'flexiv_msgs' build argument 'bazel_args' from command line to 'None'
[0.335s] Level 5:colcon.colcon_core.verb:set package 'flexiv_msgs' build argument 'bazel_task' from command line to 'None'
[0.335s] Level 5:colcon.colcon_core.verb:set package 'flexiv_msgs' build argument 'cmake_args' from command line to 'None'
[0.335s] Level 5:colcon.colcon_core.verb:set package 'flexiv_msgs' build argument 'cmake_target' from command line to 'None'
[0.335s] Level 5:colcon.colcon_core.verb:set package 'flexiv_msgs' build argument 'cmake_target_skip_unavailable' from command line to 'False'
[0.335s] Level 5:colcon.colcon_core.verb:set package 'flexiv_msgs' build argument 'cmake_clean_cache' from command line to 'False'
[0.335s] Level 5:colcon.colcon_core.verb:set package 'flexiv_msgs' build argument 'cmake_clean_first' from command line to 'False'
[0.335s] Level 5:colcon.colcon_core.verb:set package 'flexiv_msgs' build argument 'cmake_force_configure' from command line to 'False'
[0.335s] Level 5:colcon.colcon_core.verb:set package 'flexiv_msgs' build argument 'ament_cmake_args' from command line to 'None'
[0.336s] Level 5:colcon.colcon_core.verb:set package 'flexiv_msgs' build argument 'catkin_cmake_args' from command line to 'None'
[0.336s] Level 5:colcon.colcon_core.verb:set package 'flexiv_msgs' build argument 'catkin_skip_building_tests' from command line to 'False'
[0.336s] DEBUG:colcon.colcon_core.verb:Building package 'flexiv_msgs' with the following arguments: {'ament_cmake_args': None, 'bazel_args': None, 'bazel_task': None, 'build_base': '/home/robotflow/dual_flexiv/build/flexiv_msgs', 'catkin_cmake_args': None, 'catkin_skip_building_tests': False, 'cmake_args': None, 'cmake_clean_cache': False, 'cmake_clean_first': False, 'cmake_force_configure': False, 'cmake_target': None, 'cmake_target_skip_unavailable': False, 'install_base': '/home/robotflow/dual_flexiv/install/flexiv_msgs', 'merge_install': False, 'path': '/home/robotflow/dual_flexiv/src/flexiv_ros2/flexiv_msgs', 'symlink_install': True, 'test_result_base': None}
[0.337s] Level 5:colcon.colcon_core.verb:set package 'flexiv_test_nodes' build argument 'bazel_args' from command line to 'None'
[0.337s] Level 5:colcon.colcon_core.verb:set package 'flexiv_test_nodes' build argument 'bazel_task' from command line to 'None'
[0.337s] Level 5:colcon.colcon_core.verb:set package 'flexiv_test_nodes' build argument 'cmake_args' from command line to 'None'
[0.337s] Level 5:colcon.colcon_core.verb:set package 'flexiv_test_nodes' build argument 'cmake_target' from command line to 'None'
[0.337s] Level 5:colcon.colcon_core.verb:set package 'flexiv_test_nodes' build argument 'cmake_target_skip_unavailable' from command line to 'False'
[0.337s] Level 5:colcon.colcon_core.verb:set package 'flexiv_test_nodes' build argument 'cmake_clean_cache' from command line to 'False'
[0.337s] Level 5:colcon.colcon_core.verb:set package 'flexiv_test_nodes' build argument 'cmake_clean_first' from command line to 'False'
[0.337s] Level 5:colcon.colcon_core.verb:set package 'flexiv_test_nodes' build argument 'cmake_force_configure' from command line to 'False'
[0.337s] Level 5:colcon.colcon_core.verb:set package 'flexiv_test_nodes' build argument 'ament_cmake_args' from command line to 'None'
[0.337s] Level 5:colcon.colcon_core.verb:set package 'flexiv_test_nodes' build argument 'catkin_cmake_args' from command line to 'None'
[0.337s] Level 5:colcon.colcon_core.verb:set package 'flexiv_test_nodes' build argument 'catkin_skip_building_tests' from command line to 'False'
[0.337s] DEBUG:colcon.colcon_core.verb:Building package 'flexiv_test_nodes' with the following arguments: {'ament_cmake_args': None, 'bazel_args': None, 'bazel_task': None, 'build_base': '/home/robotflow/dual_flexiv/build/flexiv_test_nodes', 'catkin_cmake_args': None, 'catkin_skip_building_tests': False, 'cmake_args': None, 'cmake_clean_cache': False, 'cmake_clean_first': False, 'cmake_force_configure': False, 'cmake_target': None, 'cmake_target_skip_unavailable': False, 'install_base': '/home/robotflow/dual_flexiv/install/flexiv_test_nodes', 'merge_install': False, 'path': '/home/robotflow/dual_flexiv/src/flexiv_ros2/flexiv_test_nodes', 'symlink_install': True, 'test_result_base': None}
[0.338s] Level 5:colcon.colcon_core.verb:set package 'flexiv_bringup' build argument 'bazel_args' from command line to 'None'
[0.338s] Level 5:colcon.colcon_core.verb:set package 'flexiv_bringup' build argument 'bazel_task' from command line to 'None'
[0.338s] Level 5:colcon.colcon_core.verb:set package 'flexiv_bringup' build argument 'cmake_args' from command line to 'None'
[0.338s] Level 5:colcon.colcon_core.verb:set package 'flexiv_bringup' build argument 'cmake_target' from command line to 'None'
[0.338s] Level 5:colcon.colcon_core.verb:set package 'flexiv_bringup' build argument 'cmake_target_skip_unavailable' from command line to 'False'
[0.338s] Level 5:colcon.colcon_core.verb:set package 'flexiv_bringup' build argument 'cmake_clean_cache' from command line to 'False'
[0.338s] Level 5:colcon.colcon_core.verb:set package 'flexiv_bringup' build argument 'cmake_clean_first' from command line to 'False'
[0.338s] Level 5:colcon.colcon_core.verb:set package 'flexiv_bringup' build argument 'cmake_force_configure' from command line to 'False'
[0.338s] Level 5:colcon.colcon_core.verb:set package 'flexiv_bringup' build argument 'ament_cmake_args' from command line to 'None'
[0.338s] Level 5:colcon.colcon_core.verb:set package 'flexiv_bringup' build argument 'catkin_cmake_args' from command line to 'None'
[0.338s] Level 5:colcon.colcon_core.verb:set package 'flexiv_bringup' build argument 'catkin_skip_building_tests' from command line to 'False'
[0.338s] DEBUG:colcon.colcon_core.verb:Building package 'flexiv_bringup' with the following arguments: {'ament_cmake_args': None, 'bazel_args': None, 'bazel_task': None, 'build_base': '/home/robotflow/dual_flexiv/build/flexiv_bringup', 'catkin_cmake_args': None, 'catkin_skip_building_tests': False, 'cmake_args': None, 'cmake_clean_cache': False, 'cmake_clean_first': False, 'cmake_force_configure': False, 'cmake_target': None, 'cmake_target_skip_unavailable': False, 'install_base': '/home/robotflow/dual_flexiv/install/flexiv_bringup', 'merge_install': False, 'path': '/home/robotflow/dual_flexiv/src/flexiv_ros2/flexiv_bringup', 'symlink_install': True, 'test_result_base': None}
[0.340s] Level 5:colcon.colcon_core.verb:set package 'flexiv_controllers' build argument 'bazel_args' from command line to 'None'
[0.340s] Level 5:colcon.colcon_core.verb:set package 'flexiv_controllers' build argument 'bazel_task' from command line to 'None'
[0.340s] Level 5:colcon.colcon_core.verb:set package 'flexiv_controllers' build argument 'cmake_args' from command line to 'None'
[0.340s] Level 5:colcon.colcon_core.verb:set package 'flexiv_controllers' build argument 'cmake_target' from command line to 'None'
[0.340s] Level 5:colcon.colcon_core.verb:set package 'flexiv_controllers' build argument 'cmake_target_skip_unavailable' from command line to 'False'
[0.340s] Level 5:colcon.colcon_core.verb:set package 'flexiv_controllers' build argument 'cmake_clean_cache' from command line to 'False'
[0.340s] Level 5:colcon.colcon_core.verb:set package 'flexiv_controllers' build argument 'cmake_clean_first' from command line to 'False'
[0.340s] Level 5:colcon.colcon_core.verb:set package 'flexiv_controllers' build argument 'cmake_force_configure' from command line to 'False'
[0.340s] Level 5:colcon.colcon_core.verb:set package 'flexiv_controllers' build argument 'ament_cmake_args' from command line to 'None'
[0.340s] Level 5:colcon.colcon_core.verb:set package 'flexiv_controllers' build argument 'catkin_cmake_args' from command line to 'None'
[0.340s] Level 5:colcon.colcon_core.verb:set package 'flexiv_controllers' build argument 'catkin_skip_building_tests' from command line to 'False'
[0.340s] DEBUG:colcon.colcon_core.verb:Building package 'flexiv_controllers' with the following arguments: {'ament_cmake_args': None, 'bazel_args': None, 'bazel_task': None, 'build_base': '/home/robotflow/dual_flexiv/build/flexiv_controllers', 'catkin_cmake_args': None, 'catkin_skip_building_tests': False, 'cmake_args': None, 'cmake_clean_cache': False, 'cmake_clean_first': False, 'cmake_force_configure': False, 'cmake_target': None, 'cmake_target_skip_unavailable': False, 'install_base': '/home/robotflow/dual_flexiv/install/flexiv_controllers', 'merge_install': False, 'path': '/home/robotflow/dual_flexiv/src/flexiv_ros2/flexiv_controllers', 'symlink_install': True, 'test_result_base': None}
[0.341s] Level 5:colcon.colcon_core.verb:set package 'flexiv_moveit_config' build argument 'bazel_args' from command line to 'None'
[0.341s] Level 5:colcon.colcon_core.verb:set package 'flexiv_moveit_config' build argument 'bazel_task' from command line to 'None'
[0.341s] Level 5:colcon.colcon_core.verb:set package 'flexiv_moveit_config' build argument 'cmake_args' from command line to 'None'
[0.341s] Level 5:colcon.colcon_core.verb:set package 'flexiv_moveit_config' build argument 'cmake_target' from command line to 'None'
[0.341s] Level 5:colcon.colcon_core.verb:set package 'flexiv_moveit_config' build argument 'cmake_target_skip_unavailable' from command line to 'False'
[0.341s] Level 5:colcon.colcon_core.verb:set package 'flexiv_moveit_config' build argument 'cmake_clean_cache' from command line to 'False'
[0.341s] Level 5:colcon.colcon_core.verb:set package 'flexiv_moveit_config' build argument 'cmake_clean_first' from command line to 'False'
[0.341s] Level 5:colcon.colcon_core.verb:set package 'flexiv_moveit_config' build argument 'cmake_force_configure' from command line to 'False'
[0.341s] Level 5:colcon.colcon_core.verb:set package 'flexiv_moveit_config' build argument 'ament_cmake_args' from command line to 'None'
[0.341s] Level 5:colcon.colcon_core.verb:set package 'flexiv_moveit_config' build argument 'catkin_cmake_args' from command line to 'None'
[0.341s] Level 5:colcon.colcon_core.verb:set package 'flexiv_moveit_config' build argument 'catkin_skip_building_tests' from command line to 'False'
[0.341s] DEBUG:colcon.colcon_core.verb:Building package 'flexiv_moveit_config' with the following arguments: {'ament_cmake_args': None, 'bazel_args': None, 'bazel_task': None, 'build_base': '/home/robotflow/dual_flexiv/build/flexiv_moveit_config', 'catkin_cmake_args': None, 'catkin_skip_building_tests': False, 'cmake_args': None, 'cmake_clean_cache': False, 'cmake_clean_first': False, 'cmake_force_configure': False, 'cmake_target': None, 'cmake_target_skip_unavailable': False, 'install_base': '/home/robotflow/dual_flexiv/install/flexiv_moveit_config', 'merge_install': False, 'path': '/home/robotflow/dual_flexiv/src/flexiv_ros2/flexiv_moveit_config', 'symlink_install': True, 'test_result_base': None}
[0.342s] INFO:colcon.colcon_core.executor:Executing jobs using 'parallel' executor
[0.345s] DEBUG:colcon.colcon_parallel_executor.executor.parallel:run_until_complete
[0.345s] INFO:colcon.colcon_ros.task.ament_cmake.build:Building ROS package in '/home/robotflow/dual_flexiv/src/flexiv_ros2/flexiv_description' with build type 'ament_cmake'
[0.345s] INFO:colcon.colcon_cmake.task.cmake.build:Building CMake package in '/home/robotflow/dual_flexiv/src/flexiv_ros2/flexiv_description'
[0.349s] INFO:colcon.colcon_core.plugin_system:Skipping extension 'colcon_core.shell.bat': Not used on non-Windows systems
[0.349s] INFO:colcon.colcon_core.shell:Skip shell extension 'powershell' for command environment: Not usable outside of PowerShell
[0.349s] DEBUG:colcon.colcon_core.shell:Skip shell extension 'dsv' for command environment
[0.353s] INFO:colcon.colcon_ros.task.ament_cmake.build:Building ROS package in '/home/robotflow/dual_flexiv/src/flexiv_ros2/flexiv_hardware' with build type 'ament_cmake'
[0.354s] INFO:colcon.colcon_cmake.task.cmake.build:Building CMake package in '/home/robotflow/dual_flexiv/src/flexiv_ros2/flexiv_hardware'
[0.355s] INFO:colcon.colcon_core.shell:Skip shell extension 'powershell' for command environment: Not usable outside of PowerShell
[0.355s] DEBUG:colcon.colcon_core.shell:Skip shell extension 'dsv' for command environment
[0.359s] INFO:colcon.colcon_ros.task.ament_cmake.build:Building ROS package in '/home/robotflow/dual_flexiv/src/flexiv_ros2/flexiv_msgs' with build type 'ament_cmake'
[0.360s] INFO:colcon.colcon_cmake.task.cmake.build:Building CMake package in '/home/robotflow/dual_flexiv/src/flexiv_ros2/flexiv_msgs'
[0.361s] INFO:colcon.colcon_core.shell:Skip shell extension 'powershell' for command environment: Not usable outside of PowerShell
[0.361s] DEBUG:colcon.colcon_core.shell:Skip shell extension 'dsv' for command environment
[0.365s] INFO:colcon.colcon_ros.task.ament_python.build:Building ROS package in '/home/robotflow/dual_flexiv/src/flexiv_ros2/flexiv_test_nodes' with build type 'ament_python'
[0.366s] Level 1:colcon.colcon_core.shell:create_environment_hook('flexiv_test_nodes', 'ament_prefix_path')
[0.367s] INFO:colcon.colcon_core.shell:Creating environment hook '/home/robotflow/dual_flexiv/install/flexiv_test_nodes/share/flexiv_test_nodes/hook/ament_prefix_path.ps1'
[0.368s] INFO:colcon.colcon_core.shell:Creating environment descriptor '/home/robotflow/dual_flexiv/install/flexiv_test_nodes/share/flexiv_test_nodes/hook/ament_prefix_path.dsv'
[0.368s] INFO:colcon.colcon_core.shell:Creating environment hook '/home/robotflow/dual_flexiv/install/flexiv_test_nodes/share/flexiv_test_nodes/hook/ament_prefix_path.sh'
[0.370s] INFO:colcon.colcon_core.shell:Skip shell extension 'powershell' for command environment: Not usable outside of PowerShell
[0.370s] DEBUG:colcon.colcon_core.shell:Skip shell extension 'dsv' for command environment
[0.382s] DEBUG:colcon.colcon_core.event_handler.log_command:Invoking command in '/home/robotflow/dual_flexiv/build/flexiv_description': CMAKE_PREFIX_PATH=/opt/ros/foxy /usr/bin/cmake --build /home/robotflow/dual_flexiv/build/flexiv_description -- -j8 -l8
[0.385s] DEBUG:colcon.colcon_core.event_handler.log_command:Invoking command in '/home/robotflow/dual_flexiv/build/flexiv_hardware': CMAKE_PREFIX_PATH=/opt/ros/foxy /usr/bin/cmake --build /home/robotflow/dual_flexiv/build/flexiv_hardware -- -j8 -l8
[0.394s] DEBUG:colcon.colcon_core.event_handler.log_command:Invoking command in '/home/robotflow/dual_flexiv/build/flexiv_msgs': CMAKE_PREFIX_PATH=/opt/ros/foxy /usr/bin/cmake --build /home/robotflow/dual_flexiv/build/flexiv_msgs -- -j8 -l8
[0.612s] INFO:colcon.colcon_core.task.python.build:Building Python package in '/home/robotflow/dual_flexiv/src/flexiv_ros2/flexiv_test_nodes'
[0.614s] INFO:colcon.colcon_core.shell:Skip shell extension 'powershell' for command environment: Not usable outside of PowerShell
[0.614s] DEBUG:colcon.colcon_core.shell:Skip shell extension 'dsv' for command environment
[0.632s] DEBUG:colcon.colcon_core.event_handler.log_command:Invoked command in '/home/robotflow/dual_flexiv/build/flexiv_description' returned '0': CMAKE_PREFIX_PATH=/opt/ros/foxy /usr/bin/cmake --build /home/robotflow/dual_flexiv/build/flexiv_description -- -j8 -l8
[0.634s] DEBUG:colcon.colcon_core.event_handler.log_command:Invoked command in '/home/robotflow/dual_flexiv/build/flexiv_hardware' returned '0': CMAKE_PREFIX_PATH=/opt/ros/foxy /usr/bin/cmake --build /home/robotflow/dual_flexiv/build/flexiv_hardware -- -j8 -l8
[0.635s] DEBUG:colcon.colcon_core.event_handler.log_command:Invoked command in '/home/robotflow/dual_flexiv/build/flexiv_msgs' returned '0': CMAKE_PREFIX_PATH=/opt/ros/foxy /usr/bin/cmake --build /home/robotflow/dual_flexiv/build/flexiv_msgs -- -j8 -l8
[0.655s] DEBUG:colcon.colcon_core.event_handler.log_command:Invoking command in '/home/robotflow/dual_flexiv/build/flexiv_description': CMAKE_PREFIX_PATH=/opt/ros/foxy /usr/bin/cmake --install /home/robotflow/dual_flexiv/build/flexiv_description
[0.661s] DEBUG:colcon.colcon_core.event_handler.log_command:Invoking command in '/home/robotflow/dual_flexiv/build/flexiv_hardware': CMAKE_PREFIX_PATH=/opt/ros/foxy /usr/bin/cmake --install /home/robotflow/dual_flexiv/build/flexiv_hardware
[0.691s] Level 1:colcon.colcon_core.environment:create_environment_scripts_only(flexiv_hardware)
[0.693s] DEBUG:colcon.colcon_core.event_handler.log_command:Invoked command in '/home/robotflow/dual_flexiv/build/flexiv_hardware' returned '0': CMAKE_PREFIX_PATH=/opt/ros/foxy /usr/bin/cmake --install /home/robotflow/dual_flexiv/build/flexiv_hardware
[0.697s] Level 1:colcon.colcon_core.environment:checking '/home/robotflow/dual_flexiv/install/flexiv_hardware' for CMake module files
[0.697s] Level 1:colcon.colcon_core.environment:checking '/home/robotflow/dual_flexiv/install/flexiv_hardware' for CMake config files
[0.697s] Level 1:colcon.colcon_core.shell:create_environment_hook('flexiv_hardware', 'cmake_prefix_path')
[0.700s] INFO:colcon.colcon_core.shell:Creating environment hook '/home/robotflow/dual_flexiv/install/flexiv_hardware/share/flexiv_hardware/hook/cmake_prefix_path.ps1'
[0.701s] INFO:colcon.colcon_core.shell:Creating environment descriptor '/home/robotflow/dual_flexiv/install/flexiv_hardware/share/flexiv_hardware/hook/cmake_prefix_path.dsv'
[0.701s] INFO:colcon.colcon_core.shell:Creating environment hook '/home/robotflow/dual_flexiv/install/flexiv_hardware/share/flexiv_hardware/hook/cmake_prefix_path.sh'
[0.702s] Level 1:colcon.colcon_core.environment:checking '/home/robotflow/dual_flexiv/install/flexiv_hardware/lib'
[0.702s] Level 1:colcon.colcon_core.shell:create_environment_hook('flexiv_hardware', 'ld_library_path_lib')
[0.703s] INFO:colcon.colcon_core.shell:Creating environment hook '/home/robotflow/dual_flexiv/install/flexiv_hardware/share/flexiv_hardware/hook/ld_library_path_lib.ps1'
[0.704s] INFO:colcon.colcon_core.shell:Creating environment descriptor '/home/robotflow/dual_flexiv/install/flexiv_hardware/share/flexiv_hardware/hook/ld_library_path_lib.dsv'
[0.704s] INFO:colcon.colcon_core.shell:Creating environment hook '/home/robotflow/dual_flexiv/install/flexiv_hardware/share/flexiv_hardware/hook/ld_library_path_lib.sh'
[0.705s] Level 1:colcon.colcon_core.environment:checking '/home/robotflow/dual_flexiv/install/flexiv_hardware/bin'
[0.705s] Level 1:colcon.colcon_core.environment:checking '/home/robotflow/dual_flexiv/install/flexiv_hardware/lib/pkgconfig/flexiv_hardware.pc'
[0.705s] Level 1:colcon.colcon_core.environment:checking '/home/robotflow/dual_flexiv/install/flexiv_hardware/lib/python3.8/site-packages'
[0.705s] Level 1:colcon.colcon_core.environment:checking '/home/robotflow/dual_flexiv/install/flexiv_hardware/bin'
[0.706s] INFO:colcon.colcon_core.shell:Creating package script '/home/robotflow/dual_flexiv/install/flexiv_hardware/share/flexiv_hardware/package.ps1'
[0.707s] INFO:colcon.colcon_core.shell:Creating package descriptor '/home/robotflow/dual_flexiv/install/flexiv_hardware/share/flexiv_hardware/package.dsv'
[0.707s] INFO:colcon.colcon_core.shell:Creating package script '/home/robotflow/dual_flexiv/install/flexiv_hardware/share/flexiv_hardware/package.sh'
[0.708s] INFO:colcon.colcon_core.shell:Creating package script '/home/robotflow/dual_flexiv/install/flexiv_hardware/share/flexiv_hardware/package.bash'
[0.708s] INFO:colcon.colcon_core.shell:Creating package script '/home/robotflow/dual_flexiv/install/flexiv_hardware/share/flexiv_hardware/package.zsh'
[0.709s] Level 1:colcon.colcon_core.environment:create_file_with_runtime_dependencies(/home/robotflow/dual_flexiv/install/flexiv_hardware/share/colcon-core/packages/flexiv_hardware)
[0.713s] Level 1:colcon.colcon_core.environment:create_environment_scripts_only(flexiv_description)
[0.715s] Level 1:colcon.colcon_core.environment:checking '/home/robotflow/dual_flexiv/install/flexiv_description' for CMake module files
[0.716s] DEBUG:colcon.colcon_core.event_handler.log_command:Invoked command in '/home/robotflow/dual_flexiv/build/flexiv_description' returned '0': CMAKE_PREFIX_PATH=/opt/ros/foxy /usr/bin/cmake --install /home/robotflow/dual_flexiv/build/flexiv_description
[0.717s] Level 1:colcon.colcon_core.environment:checking '/home/robotflow/dual_flexiv/install/flexiv_description' for CMake config files
[0.717s] Level 1:colcon.colcon_core.shell:create_environment_hook('flexiv_description', 'cmake_prefix_path')
[0.719s] INFO:colcon.colcon_core.shell:Creating environment hook '/home/robotflow/dual_flexiv/install/flexiv_description/share/flexiv_description/hook/cmake_prefix_path.ps1'
[0.719s] INFO:colcon.colcon_core.shell:Creating environment descriptor '/home/robotflow/dual_flexiv/install/flexiv_description/share/flexiv_description/hook/cmake_prefix_path.dsv'
[0.720s] INFO:colcon.colcon_core.shell:Creating environment hook '/home/robotflow/dual_flexiv/install/flexiv_description/share/flexiv_description/hook/cmake_prefix_path.sh'
[0.720s] Level 1:colcon.colcon_core.environment:checking '/home/robotflow/dual_flexiv/install/flexiv_description/bin'
[0.720s] Level 1:colcon.colcon_core.environment:checking '/home/robotflow/dual_flexiv/install/flexiv_description/lib/pkgconfig/flexiv_description.pc'
[0.720s] Level 1:colcon.colcon_core.environment:checking '/home/robotflow/dual_flexiv/install/flexiv_description/lib/python3.8/site-packages'
[0.721s] Level 1:colcon.colcon_core.environment:checking '/home/robotflow/dual_flexiv/install/flexiv_description/bin'
[0.722s] INFO:colcon.colcon_core.shell:Creating package script '/home/robotflow/dual_flexiv/install/flexiv_description/share/flexiv_description/package.ps1'
[0.722s] INFO:colcon.colcon_core.shell:Creating package descriptor '/home/robotflow/dual_flexiv/install/flexiv_description/share/flexiv_description/package.dsv'
[0.723s] INFO:colcon.colcon_core.shell:Creating package script '/home/robotflow/dual_flexiv/install/flexiv_description/share/flexiv_description/package.sh'
[0.723s] INFO:colcon.colcon_core.shell:Creating package script '/home/robotflow/dual_flexiv/install/flexiv_description/share/flexiv_description/package.bash'
[0.723s] INFO:colcon.colcon_core.shell:Creating package script '/home/robotflow/dual_flexiv/install/flexiv_description/share/flexiv_description/package.zsh'
[0.724s] Level 1:colcon.colcon_core.environment:create_file_with_runtime_dependencies(/home/robotflow/dual_flexiv/install/flexiv_description/share/colcon-core/packages/flexiv_description)
[0.730s] DEBUG:colcon.colcon_core.event_handler.log_command:Invoking command in '/home/robotflow/dual_flexiv/build/flexiv_msgs': CMAKE_PREFIX_PATH=/opt/ros/foxy /usr/bin/cmake --install /home/robotflow/dual_flexiv/build/flexiv_msgs
[0.734s] Level 1:colcon.colcon_core.environment:create_environment_scripts_only(flexiv_hardware)
[0.736s] Level 1:colcon.colcon_core.environment:checking '/home/robotflow/dual_flexiv/install/flexiv_hardware' for CMake module files
[0.736s] Level 1:colcon.colcon_core.environment:checking '/home/robotflow/dual_flexiv/install/flexiv_hardware' for CMake config files
[0.737s] Level 1:colcon.colcon_core.shell:create_environment_hook('flexiv_hardware', 'cmake_prefix_path')
[0.738s] INFO:colcon.colcon_core.shell:Creating environment hook '/home/robotflow/dual_flexiv/install/flexiv_hardware/share/flexiv_hardware/hook/cmake_prefix_path.ps1'
[0.738s] INFO:colcon.colcon_core.shell:Creating environment descriptor '/home/robotflow/dual_flexiv/install/flexiv_hardware/share/flexiv_hardware/hook/cmake_prefix_path.dsv'
[0.739s] INFO:colcon.colcon_core.shell:Creating environment hook '/home/robotflow/dual_flexiv/install/flexiv_hardware/share/flexiv_hardware/hook/cmake_prefix_path.sh'
[0.739s] Level 1:colcon.colcon_core.environment:checking '/home/robotflow/dual_flexiv/install/flexiv_hardware/lib'
[0.739s] Level 1:colcon.colcon_core.shell:create_environment_hook('flexiv_hardware', 'ld_library_path_lib')
[0.741s] INFO:colcon.colcon_core.shell:Creating environment hook '/home/robotflow/dual_flexiv/install/flexiv_hardware/share/flexiv_hardware/hook/ld_library_path_lib.ps1'
[0.741s] INFO:colcon.colcon_core.shell:Creating environment descriptor '/home/robotflow/dual_flexiv/install/flexiv_hardware/share/flexiv_hardware/hook/ld_library_path_lib.dsv'
[0.742s] INFO:colcon.colcon_core.shell:Creating environment hook '/home/robotflow/dual_flexiv/install/flexiv_hardware/share/flexiv_hardware/hook/ld_library_path_lib.sh'
[0.742s] Level 1:colcon.colcon_core.environment:checking '/home/robotflow/dual_flexiv/install/flexiv_hardware/bin'
[0.742s] Level 1:colcon.colcon_core.environment:checking '/home/robotflow/dual_flexiv/install/flexiv_hardware/lib/pkgconfig/flexiv_hardware.pc'
[0.742s] Level 1:colcon.colcon_core.environment:checking '/home/robotflow/dual_flexiv/install/flexiv_hardware/lib/python3.8/site-packages'
[0.743s] Level 1:colcon.colcon_core.environment:checking '/home/robotflow/dual_flexiv/install/flexiv_hardware/bin'
[0.744s] INFO:colcon.colcon_core.shell:Creating package script '/home/robotflow/dual_flexiv/install/flexiv_hardware/share/flexiv_hardware/package.ps1'
[0.745s] INFO:colcon.colcon_core.shell:Creating package descriptor '/home/robotflow/dual_flexiv/install/flexiv_hardware/share/flexiv_hardware/package.dsv'
[0.746s] INFO:colcon.colcon_core.shell:Creating package script '/home/robotflow/dual_flexiv/install/flexiv_hardware/share/flexiv_hardware/package.sh'
[0.747s] INFO:colcon.colcon_core.shell:Creating package script '/home/robotflow/dual_flexiv/install/flexiv_hardware/share/flexiv_hardware/package.bash'
[0.747s] INFO:colcon.colcon_core.shell:Creating package script '/home/robotflow/dual_flexiv/install/flexiv_hardware/share/flexiv_hardware/package.zsh'
[0.748s] Level 1:colcon.colcon_core.environment:create_file_with_runtime_dependencies(/home/robotflow/dual_flexiv/install/flexiv_hardware/share/colcon-core/packages/flexiv_hardware)
[0.751s] Level 1:colcon.colcon_core.environment:create_environment_scripts_only(flexiv_description)
[0.752s] Level 1:colcon.colcon_core.environment:checking '/home/robotflow/dual_flexiv/install/flexiv_description' for CMake module files
[0.753s] Level 1:colcon.colcon_core.environment:checking '/home/robotflow/dual_flexiv/install/flexiv_description' for CMake config files
[0.756s] Level 1:colcon.colcon_core.shell:create_environment_hook('flexiv_description', 'cmake_prefix_path')
[0.757s] INFO:colcon.colcon_core.shell:Creating environment hook '/home/robotflow/dual_flexiv/install/flexiv_description/share/flexiv_description/hook/cmake_prefix_path.ps1'
[0.758s] INFO:colcon.colcon_core.shell:Creating environment descriptor '/home/robotflow/dual_flexiv/install/flexiv_description/share/flexiv_description/hook/cmake_prefix_path.dsv'
[0.759s] INFO:colcon.colcon_core.shell:Creating environment hook '/home/robotflow/dual_flexiv/install/flexiv_description/share/flexiv_description/hook/cmake_prefix_path.sh'
[0.760s] Level 1:colcon.colcon_core.environment:checking '/home/robotflow/dual_flexiv/install/flexiv_description/bin'
[0.760s] Level 1:colcon.colcon_core.environment:checking '/home/robotflow/dual_flexiv/install/flexiv_description/lib/pkgconfig/flexiv_description.pc'
[0.760s] Level 1:colcon.colcon_core.environment:checking '/home/robotflow/dual_flexiv/install/flexiv_description/lib/python3.8/site-packages'
[0.760s] Level 1:colcon.colcon_core.environment:checking '/home/robotflow/dual_flexiv/install/flexiv_description/bin'
[0.761s] INFO:colcon.colcon_core.shell:Creating package script '/home/robotflow/dual_flexiv/install/flexiv_description/share/flexiv_description/package.ps1'
[0.762s] INFO:colcon.colcon_core.shell:Creating package descriptor '/home/robotflow/dual_flexiv/install/flexiv_description/share/flexiv_description/package.dsv'
[0.763s] INFO:colcon.colcon_core.shell:Creating package script '/home/robotflow/dual_flexiv/install/flexiv_description/share/flexiv_description/package.sh'
[0.763s] INFO:colcon.colcon_core.shell:Creating package script '/home/robotflow/dual_flexiv/install/flexiv_description/share/flexiv_description/package.bash'
[0.764s] INFO:colcon.colcon_core.shell:Creating package script '/home/robotflow/dual_flexiv/install/flexiv_description/share/flexiv_description/package.zsh'
[0.764s] Level 1:colcon.colcon_core.environment:create_file_with_runtime_dependencies(/home/robotflow/dual_flexiv/install/flexiv_description/share/colcon-core/packages/flexiv_description)
[0.765s] INFO:colcon.colcon_ros.task.ament_cmake.build:Building ROS package in '/home/robotflow/dual_flexiv/src/flexiv_ros2/flexiv_moveit_config' with build type 'ament_cmake'
[0.765s] INFO:colcon.colcon_cmake.task.cmake.build:Building CMake package in '/home/robotflow/dual_flexiv/src/flexiv_ros2/flexiv_moveit_config'
[0.767s] INFO:colcon.colcon_core.shell:Skip shell extension 'powershell' for command environment: Not usable outside of PowerShell
[0.767s] DEBUG:colcon.colcon_core.shell:Skip shell extension 'dsv' for command environment
[0.785s] DEBUG:colcon.colcon_core.event_handler.log_command:Invoking command in '/home/robotflow/dual_flexiv/build/flexiv_moveit_config': AMENT_PREFIX_PATH=/home/robotflow/dual_flexiv/install/flexiv_description:${AMENT_PREFIX_PATH} CMAKE_PREFIX_PATH=/home/robotflow/dual_flexiv/install/flexiv_description:/opt/ros/foxy /usr/bin/cmake --build /home/robotflow/dual_flexiv/build/flexiv_moveit_config -- -j8 -l8
[0.814s] DEBUG:colcon.colcon_core.event_handler.log_command:Invoked command in '/home/robotflow/dual_flexiv/build/flexiv_moveit_config' returned '0': AMENT_PREFIX_PATH=/home/robotflow/dual_flexiv/install/flexiv_description:${AMENT_PREFIX_PATH} CMAKE_PREFIX_PATH=/home/robotflow/dual_flexiv/install/flexiv_description:/opt/ros/foxy /usr/bin/cmake --build /home/robotflow/dual_flexiv/build/flexiv_moveit_config -- -j8 -l8
[0.824s] Level 1:colcon.colcon_core.environment:create_environment_scripts_only(flexiv_msgs)
[0.827s] Level 1:colcon.colcon_core.environment:checking '/home/robotflow/dual_flexiv/install/flexiv_msgs' for CMake module files
[0.828s] DEBUG:colcon.colcon_core.event_handler.log_command:Invoked command in '/home/robotflow/dual_flexiv/build/flexiv_msgs' returned '0': CMAKE_PREFIX_PATH=/opt/ros/foxy /usr/bin/cmake --install /home/robotflow/dual_flexiv/build/flexiv_msgs
[0.829s] Level 1:colcon.colcon_core.environment:checking '/home/robotflow/dual_flexiv/install/flexiv_msgs' for CMake config files
[0.829s] Level 1:colcon.colcon_core.shell:create_environment_hook('flexiv_msgs', 'cmake_prefix_path')
[0.832s] INFO:colcon.colcon_core.shell:Creating environment hook '/home/robotflow/dual_flexiv/install/flexiv_msgs/share/flexiv_msgs/hook/cmake_prefix_path.ps1'
[0.832s] INFO:colcon.colcon_core.shell:Creating environment descriptor '/home/robotflow/dual_flexiv/install/flexiv_msgs/share/flexiv_msgs/hook/cmake_prefix_path.dsv'
[0.833s] INFO:colcon.colcon_core.shell:Creating environment hook '/home/robotflow/dual_flexiv/install/flexiv_msgs/share/flexiv_msgs/hook/cmake_prefix_path.sh'
[0.833s] Level 1:colcon.colcon_core.environment:checking '/home/robotflow/dual_flexiv/install/flexiv_msgs/lib'
[0.833s] Level 1:colcon.colcon_core.shell:create_environment_hook('flexiv_msgs', 'ld_library_path_lib')
[0.836s] INFO:colcon.colcon_core.shell:Creating environment hook '/home/robotflow/dual_flexiv/install/flexiv_msgs/share/flexiv_msgs/hook/ld_library_path_lib.ps1'
[0.836s] INFO:colcon.colcon_core.shell:Creating environment descriptor '/home/robotflow/dual_flexiv/install/flexiv_msgs/share/flexiv_msgs/hook/ld_library_path_lib.dsv'
[0.837s] INFO:colcon.colcon_core.shell:Creating environment hook '/home/robotflow/dual_flexiv/install/flexiv_msgs/share/flexiv_msgs/hook/ld_library_path_lib.sh'
[0.837s] Level 1:colcon.colcon_core.environment:checking '/home/robotflow/dual_flexiv/install/flexiv_msgs/bin'
[0.837s] Level 1:colcon.colcon_core.environment:checking '/home/robotflow/dual_flexiv/install/flexiv_msgs/lib/pkgconfig/flexiv_msgs.pc'
[0.837s] Level 1:colcon.colcon_core.environment:checking '/home/robotflow/dual_flexiv/install/flexiv_msgs/lib/python3.8/site-packages'
[0.838s] Level 1:colcon.colcon_core.shell:create_environment_hook('flexiv_msgs', 'pythonpath')
[0.840s] INFO:colcon.colcon_core.shell:Creating environment hook '/home/robotflow/dual_flexiv/install/flexiv_msgs/share/flexiv_msgs/hook/pythonpath.ps1'
[0.840s] INFO:colcon.colcon_core.shell:Creating environment descriptor '/home/robotflow/dual_flexiv/install/flexiv_msgs/share/flexiv_msgs/hook/pythonpath.dsv'
[0.840s] INFO:colcon.colcon_core.shell:Creating environment hook '/home/robotflow/dual_flexiv/install/flexiv_msgs/share/flexiv_msgs/hook/pythonpath.sh'
[0.841s] Level 1:colcon.colcon_core.environment:checking '/home/robotflow/dual_flexiv/install/flexiv_msgs/bin'
[0.843s] INFO:colcon.colcon_core.shell:Creating package script '/home/robotflow/dual_flexiv/install/flexiv_msgs/share/flexiv_msgs/package.ps1'
[0.844s] INFO:colcon.colcon_core.shell:Creating package descriptor '/home/robotflow/dual_flexiv/install/flexiv_msgs/share/flexiv_msgs/package.dsv'
[0.844s] INFO:colcon.colcon_core.shell:Creating package script '/home/robotflow/dual_flexiv/install/flexiv_msgs/share/flexiv_msgs/package.sh'
[0.845s] INFO:colcon.colcon_core.shell:Creating package script '/home/robotflow/dual_flexiv/install/flexiv_msgs/share/flexiv_msgs/package.bash'
[0.845s] INFO:colcon.colcon_core.shell:Creating package script '/home/robotflow/dual_flexiv/install/flexiv_msgs/share/flexiv_msgs/package.zsh'
[0.845s] Level 1:colcon.colcon_core.environment:create_file_with_runtime_dependencies(/home/robotflow/dual_flexiv/install/flexiv_msgs/share/colcon-core/packages/flexiv_msgs)
[0.853s] DEBUG:colcon.colcon_core.event_handler.log_command:Invoking command in '/home/robotflow/dual_flexiv/build/flexiv_moveit_config': AMENT_PREFIX_PATH=/home/robotflow/dual_flexiv/install/flexiv_description:${AMENT_PREFIX_PATH} CMAKE_PREFIX_PATH=/home/robotflow/dual_flexiv/install/flexiv_description:/opt/ros/foxy /usr/bin/cmake --install /home/robotflow/dual_flexiv/build/flexiv_moveit_config
[0.875s] Level 1:colcon.colcon_core.environment:create_environment_scripts_only(flexiv_moveit_config)
[0.877s] Level 1:colcon.colcon_core.environment:checking '/home/robotflow/dual_flexiv/install/flexiv_moveit_config' for CMake module files
[0.877s] DEBUG:colcon.colcon_core.event_handler.log_command:Invoked command in '/home/robotflow/dual_flexiv/build/flexiv_moveit_config' returned '0': AMENT_PREFIX_PATH=/home/robotflow/dual_flexiv/install/flexiv_description:${AMENT_PREFIX_PATH} CMAKE_PREFIX_PATH=/home/robotflow/dual_flexiv/install/flexiv_description:/opt/ros/foxy /usr/bin/cmake --install /home/robotflow/dual_flexiv/build/flexiv_moveit_config
[0.878s] Level 1:colcon.colcon_core.environment:checking '/home/robotflow/dual_flexiv/install/flexiv_moveit_config' for CMake config files
[0.878s] Level 1:colcon.colcon_core.shell:create_environment_hook('flexiv_moveit_config', 'cmake_prefix_path')
[0.879s] INFO:colcon.colcon_core.shell:Creating environment hook '/home/robotflow/dual_flexiv/install/flexiv_moveit_config/share/flexiv_moveit_config/hook/cmake_prefix_path.ps1'
[0.880s] INFO:colcon.colcon_core.shell:Creating environment descriptor '/home/robotflow/dual_flexiv/install/flexiv_moveit_config/share/flexiv_moveit_config/hook/cmake_prefix_path.dsv'
[0.880s] INFO:colcon.colcon_core.shell:Creating environment hook '/home/robotflow/dual_flexiv/install/flexiv_moveit_config/share/flexiv_moveit_config/hook/cmake_prefix_path.sh'
[0.881s] Level 1:colcon.colcon_core.environment:checking '/home/robotflow/dual_flexiv/install/flexiv_moveit_config/bin'
[0.881s] Level 1:colcon.colcon_core.environment:checking '/home/robotflow/dual_flexiv/install/flexiv_moveit_config/lib/pkgconfig/flexiv_moveit_config.pc'
[0.881s] Level 1:colcon.colcon_core.environment:checking '/home/robotflow/dual_flexiv/install/flexiv_moveit_config/lib/python3.8/site-packages'
[0.881s] Level 1:colcon.colcon_core.environment:checking '/home/robotflow/dual_flexiv/install/flexiv_moveit_config/bin'
[0.882s] INFO:colcon.colcon_core.shell:Creating package script '/home/robotflow/dual_flexiv/install/flexiv_moveit_config/share/flexiv_moveit_config/package.ps1'
[0.883s] INFO:colcon.colcon_core.shell:Creating package descriptor '/home/robotflow/dual_flexiv/install/flexiv_moveit_config/share/flexiv_moveit_config/package.dsv'
[0.883s] INFO:colcon.colcon_core.shell:Creating package script '/home/robotflow/dual_flexiv/install/flexiv_moveit_config/share/flexiv_moveit_config/package.sh'
[0.883s] INFO:colcon.colcon_core.shell:Creating package script '/home/robotflow/dual_flexiv/install/flexiv_moveit_config/share/flexiv_moveit_config/package.bash'
[0.884s] INFO:colcon.colcon_core.shell:Creating package script '/home/robotflow/dual_flexiv/install/flexiv_moveit_config/share/flexiv_moveit_config/package.zsh'
[0.884s] Level 1:colcon.colcon_core.environment:create_file_with_runtime_dependencies(/home/robotflow/dual_flexiv/install/flexiv_moveit_config/share/colcon-core/packages/flexiv_moveit_config)
[0.903s] Level 1:colcon.colcon_core.environment:create_environment_scripts_only(flexiv_moveit_config)
[0.906s] Level 1:colcon.colcon_core.environment:checking '/home/robotflow/dual_flexiv/install/flexiv_moveit_config' for CMake module files
[0.906s] Level 1:colcon.colcon_core.environment:checking '/home/robotflow/dual_flexiv/install/flexiv_moveit_config' for CMake config files
[0.907s] Level 1:colcon.colcon_core.shell:create_environment_hook('flexiv_moveit_config', 'cmake_prefix_path')
[0.909s] INFO:colcon.colcon_core.shell:Creating environment hook '/home/robotflow/dual_flexiv/install/flexiv_moveit_config/share/flexiv_moveit_config/hook/cmake_prefix_path.ps1'
[0.910s] INFO:colcon.colcon_core.shell:Creating environment descriptor '/home/robotflow/dual_flexiv/install/flexiv_moveit_config/share/flexiv_moveit_config/hook/cmake_prefix_path.dsv'
[0.910s] INFO:colcon.colcon_core.shell:Creating environment hook '/home/robotflow/dual_flexiv/install/flexiv_moveit_config/share/flexiv_moveit_config/hook/cmake_prefix_path.sh'
[0.911s] Level 1:colcon.colcon_core.environment:checking '/home/robotflow/dual_flexiv/install/flexiv_moveit_config/bin'
[0.911s] Level 1:colcon.colcon_core.environment:checking '/home/robotflow/dual_flexiv/install/flexiv_moveit_config/lib/pkgconfig/flexiv_moveit_config.pc'
[0.911s] Level 1:colcon.colcon_core.environment:checking '/home/robotflow/dual_flexiv/install/flexiv_moveit_config/lib/python3.8/site-packages'
[0.911s] Level 1:colcon.colcon_core.environment:checking '/home/robotflow/dual_flexiv/install/flexiv_moveit_config/bin'
[0.913s] INFO:colcon.colcon_core.shell:Creating package script '/home/robotflow/dual_flexiv/install/flexiv_moveit_config/share/flexiv_moveit_config/package.ps1'
[0.914s] INFO:colcon.colcon_core.shell:Creating package descriptor '/home/robotflow/dual_flexiv/install/flexiv_moveit_config/share/flexiv_moveit_config/package.dsv'
[0.915s] INFO:colcon.colcon_core.shell:Creating package script '/home/robotflow/dual_flexiv/install/flexiv_moveit_config/share/flexiv_moveit_config/package.sh'
[0.915s] INFO:colcon.colcon_core.shell:Creating package script '/home/robotflow/dual_flexiv/install/flexiv_moveit_config/share/flexiv_moveit_config/package.bash'
[0.916s] INFO:colcon.colcon_core.shell:Creating package script '/home/robotflow/dual_flexiv/install/flexiv_moveit_config/share/flexiv_moveit_config/package.zsh'
[0.916s] Level 1:colcon.colcon_core.environment:create_file_with_runtime_dependencies(/home/robotflow/dual_flexiv/install/flexiv_moveit_config/share/colcon-core/packages/flexiv_moveit_config)
[0.928s] Level 1:colcon.colcon_core.environment:create_environment_scripts_only(flexiv_msgs)
[0.931s] Level 1:colcon.colcon_core.environment:checking '/home/robotflow/dual_flexiv/install/flexiv_msgs' for CMake module files
[0.931s] Level 1:colcon.colcon_core.environment:checking '/home/robotflow/dual_flexiv/install/flexiv_msgs' for CMake config files
[0.932s] Level 1:colcon.colcon_core.shell:create_environment_hook('flexiv_msgs', 'cmake_prefix_path')
[0.934s] INFO:colcon.colcon_core.shell:Creating environment hook '/home/robotflow/dual_flexiv/install/flexiv_msgs/share/flexiv_msgs/hook/cmake_prefix_path.ps1'
[0.934s] INFO:colcon.colcon_core.shell:Creating environment descriptor '/home/robotflow/dual_flexiv/install/flexiv_msgs/share/flexiv_msgs/hook/cmake_prefix_path.dsv'
[0.935s] INFO:colcon.colcon_core.shell:Creating environment hook '/home/robotflow/dual_flexiv/install/flexiv_msgs/share/flexiv_msgs/hook/cmake_prefix_path.sh'
[0.935s] Level 1:colcon.colcon_core.environment:checking '/home/robotflow/dual_flexiv/install/flexiv_msgs/lib'
[0.935s] Level 1:colcon.colcon_core.shell:create_environment_hook('flexiv_msgs', 'ld_library_path_lib')
[0.937s] INFO:colcon.colcon_core.shell:Creating environment hook '/home/robotflow/dual_flexiv/install/flexiv_msgs/share/flexiv_msgs/hook/ld_library_path_lib.ps1'
[0.938s] INFO:colcon.colcon_core.shell:Creating environment descriptor '/home/robotflow/dual_flexiv/install/flexiv_msgs/share/flexiv_msgs/hook/ld_library_path_lib.dsv'
[0.939s] INFO:colcon.colcon_core.shell:Creating environment hook '/home/robotflow/dual_flexiv/install/flexiv_msgs/share/flexiv_msgs/hook/ld_library_path_lib.sh'
[0.940s] Level 1:colcon.colcon_core.environment:checking '/home/robotflow/dual_flexiv/install/flexiv_msgs/bin'
[0.940s] Level 1:colcon.colcon_core.environment:checking '/home/robotflow/dual_flexiv/install/flexiv_msgs/lib/pkgconfig/flexiv_msgs.pc'
[0.940s] Level 1:colcon.colcon_core.environment:checking '/home/robotflow/dual_flexiv/install/flexiv_msgs/lib/python3.8/site-packages'
[0.940s] Level 1:colcon.colcon_core.shell:create_environment_hook('flexiv_msgs', 'pythonpath')
[0.942s] INFO:colcon.colcon_core.shell:Creating environment hook '/home/robotflow/dual_flexiv/install/flexiv_msgs/share/flexiv_msgs/hook/pythonpath.ps1'
[0.943s] INFO:colcon.colcon_core.shell:Creating environment descriptor '/home/robotflow/dual_flexiv/install/flexiv_msgs/share/flexiv_msgs/hook/pythonpath.dsv'
[0.943s] INFO:colcon.colcon_core.shell:Creating environment hook '/home/robotflow/dual_flexiv/install/flexiv_msgs/share/flexiv_msgs/hook/pythonpath.sh'
[0.944s] Level 1:colcon.colcon_core.environment:checking '/home/robotflow/dual_flexiv/install/flexiv_msgs/bin'
[0.946s] INFO:colcon.colcon_core.shell:Creating package script '/home/robotflow/dual_flexiv/install/flexiv_msgs/share/flexiv_msgs/package.ps1'
[0.947s] INFO:colcon.colcon_core.shell:Creating package descriptor '/home/robotflow/dual_flexiv/install/flexiv_msgs/share/flexiv_msgs/package.dsv'
[0.948s] INFO:colcon.colcon_core.shell:Creating package script '/home/robotflow/dual_flexiv/install/flexiv_msgs/share/flexiv_msgs/package.sh'
[0.948s] INFO:colcon.colcon_core.shell:Creating package script '/home/robotflow/dual_flexiv/install/flexiv_msgs/share/flexiv_msgs/package.bash'
[0.949s] INFO:colcon.colcon_core.shell:Creating package script '/home/robotflow/dual_flexiv/install/flexiv_msgs/share/flexiv_msgs/package.zsh'
[0.949s] Level 1:colcon.colcon_core.environment:create_file_with_runtime_dependencies(/home/robotflow/dual_flexiv/install/flexiv_msgs/share/colcon-core/packages/flexiv_msgs)
[0.950s] INFO:colcon.colcon_ros.task.ament_cmake.build:Building ROS package in '/home/robotflow/dual_flexiv/src/flexiv_ros2/flexiv_controllers' with build type 'ament_cmake'
[0.950s] INFO:colcon.colcon_cmake.task.cmake.build:Building CMake package in '/home/robotflow/dual_flexiv/src/flexiv_ros2/flexiv_controllers'
[0.952s] INFO:colcon.colcon_core.shell:Skip shell extension 'powershell' for command environment: Not usable outside of PowerShell
[0.952s] DEBUG:colcon.colcon_core.shell:Skip shell extension 'dsv' for command environment
[0.965s] DEBUG:colcon.colcon_core.event_handler.log_command:Invoking command in '/home/robotflow/dual_flexiv/build/flexiv_controllers': AMENT_PREFIX_PATH=/home/robotflow/dual_flexiv/install/flexiv_msgs:${AMENT_PREFIX_PATH} CMAKE_PREFIX_PATH=/home/robotflow/dual_flexiv/install/flexiv_msgs:/opt/ros/foxy LD_LIBRARY_PATH=/home/robotflow/dual_flexiv/install/flexiv_msgs/lib:${LD_LIBRARY_PATH} PYTHONPATH=/home/robotflow/dual_flexiv/install/flexiv_msgs/lib/python3.8/site-packages:${PYTHONPATH} /usr/bin/cmake --build /home/robotflow/dual_flexiv/build/flexiv_controllers -- -j8 -l8
[1.024s] DEBUG:colcon.colcon_core.event_handler.log_command:Invoked command in '/home/robotflow/dual_flexiv/build/flexiv_controllers' returned '0': AMENT_PREFIX_PATH=/home/robotflow/dual_flexiv/install/flexiv_msgs:${AMENT_PREFIX_PATH} CMAKE_PREFIX_PATH=/home/robotflow/dual_flexiv/install/flexiv_msgs:/opt/ros/foxy LD_LIBRARY_PATH=/home/robotflow/dual_flexiv/install/flexiv_msgs/lib:${LD_LIBRARY_PATH} PYTHONPATH=/home/robotflow/dual_flexiv/install/flexiv_msgs/lib/python3.8/site-packages:${PYTHONPATH} /usr/bin/cmake --build /home/robotflow/dual_flexiv/build/flexiv_controllers -- -j8 -l8
[1.044s] DEBUG:colcon.colcon_core.event_handler.log_command:Invoking command in '/home/robotflow/dual_flexiv/build/flexiv_controllers': AMENT_PREFIX_PATH=/home/robotflow/dual_flexiv/install/flexiv_msgs:${AMENT_PREFIX_PATH} CMAKE_PREFIX_PATH=/home/robotflow/dual_flexiv/install/flexiv_msgs:/opt/ros/foxy LD_LIBRARY_PATH=/home/robotflow/dual_flexiv/install/flexiv_msgs/lib:${LD_LIBRARY_PATH} PYTHONPATH=/home/robotflow/dual_flexiv/install/flexiv_msgs/lib/python3.8/site-packages:${PYTHONPATH} /usr/bin/cmake --install /home/robotflow/dual_flexiv/build/flexiv_controllers
[1.068s] Level 1:colcon.colcon_core.environment:create_environment_scripts_only(flexiv_controllers)
[1.071s] Level 1:colcon.colcon_core.environment:checking '/home/robotflow/dual_flexiv/install/flexiv_controllers' for CMake module files
[1.072s] DEBUG:colcon.colcon_core.event_handler.log_command:Invoked command in '/home/robotflow/dual_flexiv/build/flexiv_controllers' returned '0': AMENT_PREFIX_PATH=/home/robotflow/dual_flexiv/install/flexiv_msgs:${AMENT_PREFIX_PATH} CMAKE_PREFIX_PATH=/home/robotflow/dual_flexiv/install/flexiv_msgs:/opt/ros/foxy LD_LIBRARY_PATH=/home/robotflow/dual_flexiv/install/flexiv_msgs/lib:${LD_LIBRARY_PATH} PYTHONPATH=/home/robotflow/dual_flexiv/install/flexiv_msgs/lib/python3.8/site-packages:${PYTHONPATH} /usr/bin/cmake --install /home/robotflow/dual_flexiv/build/flexiv_controllers
[1.072s] Level 1:colcon.colcon_core.environment:checking '/home/robotflow/dual_flexiv/install/flexiv_controllers' for CMake config files
[1.073s] Level 1:colcon.colcon_core.shell:create_environment_hook('flexiv_controllers', 'cmake_prefix_path')
[1.075s] INFO:colcon.colcon_core.shell:Creating environment hook '/home/robotflow/dual_flexiv/install/flexiv_controllers/share/flexiv_controllers/hook/cmake_prefix_path.ps1'
[1.076s] INFO:colcon.colcon_core.shell:Creating environment descriptor '/home/robotflow/dual_flexiv/install/flexiv_controllers/share/flexiv_controllers/hook/cmake_prefix_path.dsv'
[1.076s] INFO:colcon.colcon_core.shell:Creating environment hook '/home/robotflow/dual_flexiv/install/flexiv_controllers/share/flexiv_controllers/hook/cmake_prefix_path.sh'
[1.077s] Level 1:colcon.colcon_core.environment:checking '/home/robotflow/dual_flexiv/install/flexiv_controllers/lib'
[1.077s] Level 1:colcon.colcon_core.shell:create_environment_hook('flexiv_controllers', 'ld_library_path_lib')
[1.079s] INFO:colcon.colcon_core.shell:Creating environment hook '/home/robotflow/dual_flexiv/install/flexiv_controllers/share/flexiv_controllers/hook/ld_library_path_lib.ps1'
[1.080s] INFO:colcon.colcon_core.shell:Creating environment descriptor '/home/robotflow/dual_flexiv/install/flexiv_controllers/share/flexiv_controllers/hook/ld_library_path_lib.dsv'
[1.080s] INFO:colcon.colcon_core.shell:Creating environment hook '/home/robotflow/dual_flexiv/install/flexiv_controllers/share/flexiv_controllers/hook/ld_library_path_lib.sh'
[1.080s] Level 1:colcon.colcon_core.environment:checking '/home/robotflow/dual_flexiv/install/flexiv_controllers/bin'
[1.080s] Level 1:colcon.colcon_core.environment:checking '/home/robotflow/dual_flexiv/install/flexiv_controllers/lib/pkgconfig/flexiv_controllers.pc'
[1.081s] Level 1:colcon.colcon_core.environment:checking '/home/robotflow/dual_flexiv/install/flexiv_controllers/lib/python3.8/site-packages'
[1.081s] Level 1:colcon.colcon_core.environment:checking '/home/robotflow/dual_flexiv/install/flexiv_controllers/bin'
[1.083s] INFO:colcon.colcon_core.shell:Creating package script '/home/robotflow/dual_flexiv/install/flexiv_controllers/share/flexiv_controllers/package.ps1'
[1.084s] INFO:colcon.colcon_core.shell:Creating package descriptor '/home/robotflow/dual_flexiv/install/flexiv_controllers/share/flexiv_controllers/package.dsv'
[1.085s] INFO:colcon.colcon_core.shell:Creating package script '/home/robotflow/dual_flexiv/install/flexiv_controllers/share/flexiv_controllers/package.sh'
[1.085s] INFO:colcon.colcon_core.shell:Creating package script '/home/robotflow/dual_flexiv/install/flexiv_controllers/share/flexiv_controllers/package.bash'
[1.085s] INFO:colcon.colcon_core.shell:Creating package script '/home/robotflow/dual_flexiv/install/flexiv_controllers/share/flexiv_controllers/package.zsh'
[1.086s] Level 1:colcon.colcon_core.environment:create_file_with_runtime_dependencies(/home/robotflow/dual_flexiv/install/flexiv_controllers/share/colcon-core/packages/flexiv_controllers)
[1.104s] DEBUG:colcon.colcon_core.event_handler.log_command:Invoking command in '/home/robotflow/dual_flexiv/build/flexiv_test_nodes': PYTHONPATH=/home/robotflow/dual_flexiv/install/flexiv_test_nodes/lib/python3.8/site-packages:${PYTHONPATH} /usr/bin/python3 setup.py develop --prefix /home/robotflow/dual_flexiv/install/flexiv_test_nodes --editable --build-directory /home/robotflow/dual_flexiv/build/flexiv_test_nodes/build --no-deps install_data --install-dir /home/robotflow/dual_flexiv/install/flexiv_test_nodes
[1.106s] Level 1:colcon.colcon_core.environment:create_environment_scripts_only(flexiv_controllers)
[1.108s] Level 1:colcon.colcon_core.environment:checking '/home/robotflow/dual_flexiv/install/flexiv_controllers' for CMake module files
[1.109s] Level 1:colcon.colcon_core.environment:checking '/home/robotflow/dual_flexiv/install/flexiv_controllers' for CMake config files
[1.109s] Level 1:colcon.colcon_core.shell:create_environment_hook('flexiv_controllers', 'cmake_prefix_path')
[1.110s] INFO:colcon.colcon_core.shell:Creating environment hook '/home/robotflow/dual_flexiv/install/flexiv_controllers/share/flexiv_controllers/hook/cmake_prefix_path.ps1'
[1.111s] INFO:colcon.colcon_core.shell:Creating environment descriptor '/home/robotflow/dual_flexiv/install/flexiv_controllers/share/flexiv_controllers/hook/cmake_prefix_path.dsv'
[1.111s] INFO:colcon.colcon_core.shell:Creating environment hook '/home/robotflow/dual_flexiv/install/flexiv_controllers/share/flexiv_controllers/hook/cmake_prefix_path.sh'
[1.111s] Level 1:colcon.colcon_core.environment:checking '/home/robotflow/dual_flexiv/install/flexiv_controllers/lib'
[1.111s] Level 1:colcon.colcon_core.shell:create_environment_hook('flexiv_controllers', 'ld_library_path_lib')
[1.112s] INFO:colcon.colcon_core.shell:Creating environment hook '/home/robotflow/dual_flexiv/install/flexiv_controllers/share/flexiv_controllers/hook/ld_library_path_lib.ps1'
[1.113s] INFO:colcon.colcon_core.shell:Creating environment descriptor '/home/robotflow/dual_flexiv/install/flexiv_controllers/share/flexiv_controllers/hook/ld_library_path_lib.dsv'
[1.113s] INFO:colcon.colcon_core.shell:Creating environment hook '/home/robotflow/dual_flexiv/install/flexiv_controllers/share/flexiv_controllers/hook/ld_library_path_lib.sh'
[1.113s] Level 1:colcon.colcon_core.environment:checking '/home/robotflow/dual_flexiv/install/flexiv_controllers/bin'
[1.113s] Level 1:colcon.colcon_core.environment:checking '/home/robotflow/dual_flexiv/install/flexiv_controllers/lib/pkgconfig/flexiv_controllers.pc'
[1.114s] Level 1:colcon.colcon_core.environment:checking '/home/robotflow/dual_flexiv/install/flexiv_controllers/lib/python3.8/site-packages'
[1.114s] Level 1:colcon.colcon_core.environment:checking '/home/robotflow/dual_flexiv/install/flexiv_controllers/bin'
[1.115s] INFO:colcon.colcon_core.shell:Creating package script '/home/robotflow/dual_flexiv/install/flexiv_controllers/share/flexiv_controllers/package.ps1'
[1.116s] INFO:colcon.colcon_core.shell:Creating package descriptor '/home/robotflow/dual_flexiv/install/flexiv_controllers/share/flexiv_controllers/package.dsv'
[1.116s] INFO:colcon.colcon_core.shell:Creating package script '/home/robotflow/dual_flexiv/install/flexiv_controllers/share/flexiv_controllers/package.sh'
[1.116s] INFO:colcon.colcon_core.shell:Creating package script '/home/robotflow/dual_flexiv/install/flexiv_controllers/share/flexiv_controllers/package.bash'
[1.117s] INFO:colcon.colcon_core.shell:Creating package script '/home/robotflow/dual_flexiv/install/flexiv_controllers/share/flexiv_controllers/package.zsh'
[1.117s] Level 1:colcon.colcon_core.environment:create_file_with_runtime_dependencies(/home/robotflow/dual_flexiv/install/flexiv_controllers/share/colcon-core/packages/flexiv_controllers)
[1.505s] Level 1:colcon.colcon_core.shell:create_environment_hook('flexiv_test_nodes', 'pythonpath_develop')
[1.507s] INFO:colcon.colcon_core.shell:Creating environment hook '/home/robotflow/dual_flexiv/build/flexiv_test_nodes/share/flexiv_test_nodes/hook/pythonpath_develop.ps1'
[1.507s] INFO:colcon.colcon_core.shell:Creating environment descriptor '/home/robotflow/dual_flexiv/build/flexiv_test_nodes/share/flexiv_test_nodes/hook/pythonpath_develop.dsv'
[1.507s] DEBUG:colcon.colcon_core.event_handler.log_command:Invoked command in '/home/robotflow/dual_flexiv/build/flexiv_test_nodes' returned '0': PYTHONPATH=/home/robotflow/dual_flexiv/install/flexiv_test_nodes/lib/python3.8/site-packages:${PYTHONPATH} /usr/bin/python3 setup.py develop --prefix /home/robotflow/dual_flexiv/install/flexiv_test_nodes --editable --build-directory /home/robotflow/dual_flexiv/build/flexiv_test_nodes/build --no-deps install_data --install-dir /home/robotflow/dual_flexiv/install/flexiv_test_nodes
[1.508s] INFO:colcon.colcon_core.shell:Creating environment hook '/home/robotflow/dual_flexiv/build/flexiv_test_nodes/share/flexiv_test_nodes/hook/pythonpath_develop.sh'
[1.509s] Level 1:colcon.colcon_core.environment:checking '/home/robotflow/dual_flexiv/install/flexiv_test_nodes' for CMake module files
[1.510s] Level 1:colcon.colcon_core.environment:checking '/home/robotflow/dual_flexiv/install/flexiv_test_nodes' for CMake config files
[1.510s] Level 1:colcon.colcon_core.environment:checking '/home/robotflow/dual_flexiv/install/flexiv_test_nodes/lib'
[1.510s] Level 1:colcon.colcon_core.environment:checking '/home/robotflow/dual_flexiv/install/flexiv_test_nodes/bin'
[1.510s] Level 1:colcon.colcon_core.environment:checking '/home/robotflow/dual_flexiv/install/flexiv_test_nodes/lib/pkgconfig/flexiv_test_nodes.pc'
[1.510s] Level 1:colcon.colcon_core.environment:checking '/home/robotflow/dual_flexiv/install/flexiv_test_nodes/lib/python3.8/site-packages'
[1.510s] Level 1:colcon.colcon_core.shell:create_environment_hook('flexiv_test_nodes', 'pythonpath')
[1.511s] INFO:colcon.colcon_core.shell:Creating environment hook '/home/robotflow/dual_flexiv/install/flexiv_test_nodes/share/flexiv_test_nodes/hook/pythonpath.ps1'
[1.512s] INFO:colcon.colcon_core.shell:Creating environment descriptor '/home/robotflow/dual_flexiv/install/flexiv_test_nodes/share/flexiv_test_nodes/hook/pythonpath.dsv'
[1.512s] INFO:colcon.colcon_core.shell:Creating environment hook '/home/robotflow/dual_flexiv/install/flexiv_test_nodes/share/flexiv_test_nodes/hook/pythonpath.sh'
[1.512s] Level 1:colcon.colcon_core.environment:checking '/home/robotflow/dual_flexiv/install/flexiv_test_nodes/bin'
[1.512s] Level 1:colcon.colcon_core.environment:create_environment_scripts_only(flexiv_test_nodes)
[1.514s] INFO:colcon.colcon_core.shell:Creating package script '/home/robotflow/dual_flexiv/install/flexiv_test_nodes/share/flexiv_test_nodes/package.ps1'
[1.514s] INFO:colcon.colcon_core.shell:Creating package descriptor '/home/robotflow/dual_flexiv/install/flexiv_test_nodes/share/flexiv_test_nodes/package.dsv'
[1.514s] INFO:colcon.colcon_core.shell:Creating package script '/home/robotflow/dual_flexiv/install/flexiv_test_nodes/share/flexiv_test_nodes/package.sh'
[1.515s] INFO:colcon.colcon_core.shell:Creating package script '/home/robotflow/dual_flexiv/install/flexiv_test_nodes/share/flexiv_test_nodes/package.bash'
[1.515s] INFO:colcon.colcon_core.shell:Creating package script '/home/robotflow/dual_flexiv/install/flexiv_test_nodes/share/flexiv_test_nodes/package.zsh'
[1.515s] Level 1:colcon.colcon_core.environment:create_file_with_runtime_dependencies(/home/robotflow/dual_flexiv/install/flexiv_test_nodes/share/colcon-core/packages/flexiv_test_nodes)
[1.515s] INFO:colcon.colcon_ros.task.ament_cmake.build:Building ROS package in '/home/robotflow/dual_flexiv/src/flexiv_ros2/flexiv_bringup' with build type 'ament_cmake'
[1.516s] INFO:colcon.colcon_cmake.task.cmake.build:Building CMake package in '/home/robotflow/dual_flexiv/src/flexiv_ros2/flexiv_bringup'
[1.517s] INFO:colcon.colcon_core.shell:Skip shell extension 'powershell' for command environment: Not usable outside of PowerShell
[1.517s] DEBUG:colcon.colcon_core.shell:Skip shell extension 'dsv' for command environment
[1.528s] DEBUG:colcon.colcon_core.event_handler.log_command:Invoking command in '/home/robotflow/dual_flexiv/build/flexiv_bringup': AMENT_PREFIX_PATH=/home/robotflow/dual_flexiv/install/flexiv_test_nodes:/home/robotflow/dual_flexiv/install/flexiv_hardware:/home/robotflow/dual_flexiv/install/flexiv_description:${AMENT_PREFIX_PATH} CMAKE_PREFIX_PATH=/home/robotflow/dual_flexiv/install/flexiv_hardware:/home/robotflow/dual_flexiv/install/flexiv_description:/opt/ros/foxy LD_LIBRARY_PATH=/home/robotflow/dual_flexiv/install/flexiv_hardware/lib:${LD_LIBRARY_PATH} PYTHONPATH=/home/robotflow/dual_flexiv/build/flexiv_test_nodes:/home/robotflow/dual_flexiv/install/flexiv_test_nodes/lib/python3.8/site-packages:${PYTHONPATH} /usr/bin/cmake --build /home/robotflow/dual_flexiv/build/flexiv_bringup -- -j8 -l8
[1.558s] DEBUG:colcon.colcon_core.event_handler.log_command:Invoked command in '/home/robotflow/dual_flexiv/build/flexiv_bringup' returned '0': AMENT_PREFIX_PATH=/home/robotflow/dual_flexiv/install/flexiv_test_nodes:/home/robotflow/dual_flexiv/install/flexiv_hardware:/home/robotflow/dual_flexiv/install/flexiv_description:${AMENT_PREFIX_PATH} CMAKE_PREFIX_PATH=/home/robotflow/dual_flexiv/install/flexiv_hardware:/home/robotflow/dual_flexiv/install/flexiv_description:/opt/ros/foxy LD_LIBRARY_PATH=/home/robotflow/dual_flexiv/install/flexiv_hardware/lib:${LD_LIBRARY_PATH} PYTHONPATH=/home/robotflow/dual_flexiv/build/flexiv_test_nodes:/home/robotflow/dual_flexiv/install/flexiv_test_nodes/lib/python3.8/site-packages:${PYTHONPATH} /usr/bin/cmake --build /home/robotflow/dual_flexiv/build/flexiv_bringup -- -j8 -l8
[1.575s] DEBUG:colcon.colcon_core.event_handler.log_command:Invoking command in '/home/robotflow/dual_flexiv/build/flexiv_bringup': AMENT_PREFIX_PATH=/home/robotflow/dual_flexiv/install/flexiv_test_nodes:/home/robotflow/dual_flexiv/install/flexiv_hardware:/home/robotflow/dual_flexiv/install/flexiv_description:${AMENT_PREFIX_PATH} CMAKE_PREFIX_PATH=/home/robotflow/dual_flexiv/install/flexiv_hardware:/home/robotflow/dual_flexiv/install/flexiv_description:/opt/ros/foxy LD_LIBRARY_PATH=/home/robotflow/dual_flexiv/install/flexiv_hardware/lib:${LD_LIBRARY_PATH} PYTHONPATH=/home/robotflow/dual_flexiv/build/flexiv_test_nodes:/home/robotflow/dual_flexiv/install/flexiv_test_nodes/lib/python3.8/site-packages:${PYTHONPATH} /usr/bin/cmake --install /home/robotflow/dual_flexiv/build/flexiv_bringup
[1.595s] Level 1:colcon.colcon_core.environment:create_environment_scripts_only(flexiv_bringup)
[1.597s] Level 1:colcon.colcon_core.environment:checking '/home/robotflow/dual_flexiv/install/flexiv_bringup' for CMake module files
[1.597s] DEBUG:colcon.colcon_core.event_handler.log_command:Invoked command in '/home/robotflow/dual_flexiv/build/flexiv_bringup' returned '0': AMENT_PREFIX_PATH=/home/robotflow/dual_flexiv/install/flexiv_test_nodes:/home/robotflow/dual_flexiv/install/flexiv_hardware:/home/robotflow/dual_flexiv/install/flexiv_description:${AMENT_PREFIX_PATH} CMAKE_PREFIX_PATH=/home/robotflow/dual_flexiv/install/flexiv_hardware:/home/robotflow/dual_flexiv/install/flexiv_description:/opt/ros/foxy LD_LIBRARY_PATH=/home/robotflow/dual_flexiv/install/flexiv_hardware/lib:${LD_LIBRARY_PATH} PYTHONPATH=/home/robotflow/dual_flexiv/build/flexiv_test_nodes:/home/robotflow/dual_flexiv/install/flexiv_test_nodes/lib/python3.8/site-packages:${PYTHONPATH} /usr/bin/cmake --install /home/robotflow/dual_flexiv/build/flexiv_bringup
[1.597s] Level 1:colcon.colcon_core.environment:checking '/home/robotflow/dual_flexiv/install/flexiv_bringup' for CMake config files
[1.598s] Level 1:colcon.colcon_core.shell:create_environment_hook('flexiv_bringup', 'cmake_prefix_path')
[1.599s] INFO:colcon.colcon_core.shell:Creating environment hook '/home/robotflow/dual_flexiv/install/flexiv_bringup/share/flexiv_bringup/hook/cmake_prefix_path.ps1'
[1.599s] INFO:colcon.colcon_core.shell:Creating environment descriptor '/home/robotflow/dual_flexiv/install/flexiv_bringup/share/flexiv_bringup/hook/cmake_prefix_path.dsv'
[1.600s] INFO:colcon.colcon_core.shell:Creating environment hook '/home/robotflow/dual_flexiv/install/flexiv_bringup/share/flexiv_bringup/hook/cmake_prefix_path.sh'
[1.600s] Level 1:colcon.colcon_core.environment:checking '/home/robotflow/dual_flexiv/install/flexiv_bringup/bin'
[1.600s] Level 1:colcon.colcon_core.environment:checking '/home/robotflow/dual_flexiv/install/flexiv_bringup/lib/pkgconfig/flexiv_bringup.pc'
[1.601s] Level 1:colcon.colcon_core.environment:checking '/home/robotflow/dual_flexiv/install/flexiv_bringup/lib/python3.8/site-packages'
[1.601s] Level 1:colcon.colcon_core.environment:checking '/home/robotflow/dual_flexiv/install/flexiv_bringup/bin'
[1.602s] INFO:colcon.colcon_core.shell:Creating package script '/home/robotflow/dual_flexiv/install/flexiv_bringup/share/flexiv_bringup/package.ps1'
[1.602s] INFO:colcon.colcon_core.shell:Creating package descriptor '/home/robotflow/dual_flexiv/install/flexiv_bringup/share/flexiv_bringup/package.dsv'
[1.603s] INFO:colcon.colcon_core.shell:Creating package script '/home/robotflow/dual_flexiv/install/flexiv_bringup/share/flexiv_bringup/package.sh'
[1.603s] INFO:colcon.colcon_core.shell:Creating package script '/home/robotflow/dual_flexiv/install/flexiv_bringup/share/flexiv_bringup/package.bash'
[1.604s] INFO:colcon.colcon_core.shell:Creating package script '/home/robotflow/dual_flexiv/install/flexiv_bringup/share/flexiv_bringup/package.zsh'
[1.604s] Level 1:colcon.colcon_core.environment:create_file_with_runtime_dependencies(/home/robotflow/dual_flexiv/install/flexiv_bringup/share/colcon-core/packages/flexiv_bringup)
[1.620s] Level 1:colcon.colcon_core.environment:create_environment_scripts_only(flexiv_bringup)
[1.622s] Level 1:colcon.colcon_core.environment:checking '/home/robotflow/dual_flexiv/install/flexiv_bringup' for CMake module files
[1.622s] Level 1:colcon.colcon_core.environment:checking '/home/robotflow/dual_flexiv/install/flexiv_bringup' for CMake config files
[1.623s] Level 1:colcon.colcon_core.shell:create_environment_hook('flexiv_bringup', 'cmake_prefix_path')
[1.624s] INFO:colcon.colcon_core.shell:Creating environment hook '/home/robotflow/dual_flexiv/install/flexiv_bringup/share/flexiv_bringup/hook/cmake_prefix_path.ps1'
[1.624s] INFO:colcon.colcon_core.shell:Creating environment descriptor '/home/robotflow/dual_flexiv/install/flexiv_bringup/share/flexiv_bringup/hook/cmake_prefix_path.dsv'
[1.624s] INFO:colcon.colcon_core.shell:Creating environment hook '/home/robotflow/dual_flexiv/install/flexiv_bringup/share/flexiv_bringup/hook/cmake_prefix_path.sh'
[1.625s] Level 1:colcon.colcon_core.environment:checking '/home/robotflow/dual_flexiv/install/flexiv_bringup/bin'
[1.625s] Level 1:colcon.colcon_core.environment:checking '/home/robotflow/dual_flexiv/install/flexiv_bringup/lib/pkgconfig/flexiv_bringup.pc'
[1.625s] Level 1:colcon.colcon_core.environment:checking '/home/robotflow/dual_flexiv/install/flexiv_bringup/lib/python3.8/site-packages'
[1.625s] Level 1:colcon.colcon_core.environment:checking '/home/robotflow/dual_flexiv/install/flexiv_bringup/bin'
[1.627s] INFO:colcon.colcon_core.shell:Creating package script '/home/robotflow/dual_flexiv/install/flexiv_bringup/share/flexiv_bringup/package.ps1'
[1.627s] INFO:colcon.colcon_core.shell:Creating package descriptor '/home/robotflow/dual_flexiv/install/flexiv_bringup/share/flexiv_bringup/package.dsv'
[1.627s] INFO:colcon.colcon_core.shell:Creating package script '/home/robotflow/dual_flexiv/install/flexiv_bringup/share/flexiv_bringup/package.sh'
[1.628s] INFO:colcon.colcon_core.shell:Creating package script '/home/robotflow/dual_flexiv/install/flexiv_bringup/share/flexiv_bringup/package.bash'
[1.628s] INFO:colcon.colcon_core.shell:Creating package script '/home/robotflow/dual_flexiv/install/flexiv_bringup/share/flexiv_bringup/package.zsh'
[1.628s] Level 1:colcon.colcon_core.environment:create_file_with_runtime_dependencies(/home/robotflow/dual_flexiv/install/flexiv_bringup/share/colcon-core/packages/flexiv_bringup)
[1.628s] DEBUG:colcon.colcon_parallel_executor.executor.parallel:closing loop
[1.629s] DEBUG:colcon.colcon_parallel_executor.executor.parallel:loop closed
[1.629s] DEBUG:colcon.colcon_parallel_executor.executor.parallel:run_until_complete finished with '0'
[1.629s] DEBUG:colcon.colcon_core.event_reactor:joining thread
[1.636s] INFO:colcon.colcon_core.plugin_system:Skipping extension 'colcon_notification.desktop_notification.terminal_notifier': Not used on non-Darwin systems
[1.636s] INFO:colcon.colcon_core.plugin_system:Skipping extension 'colcon_notification.desktop_notification.win32': Not used on non-Windows systems
[1.636s] INFO:colcon.colcon_notification.desktop_notification:Sending desktop notification using 'notify2'
[1.643s] DEBUG:colcon.colcon_core.event_reactor:joined thread
[1.644s] INFO:colcon.colcon_core.shell:Creating prefix script '/home/robotflow/dual_flexiv/install/local_setup.ps1'
[1.645s] INFO:colcon.colcon_core.shell:Creating prefix util module '/home/robotflow/dual_flexiv/install/_local_setup_util_ps1.py'
[1.647s] INFO:colcon.colcon_core.shell:Creating prefix chain script '/home/robotflow/dual_flexiv/install/setup.ps1'
[1.648s] INFO:colcon.colcon_core.shell:Creating prefix script '/home/robotflow/dual_flexiv/install/local_setup.sh'
[1.648s] INFO:colcon.colcon_core.shell:Creating prefix util module '/home/robotflow/dual_flexiv/install/_local_setup_util_sh.py'
[1.648s] INFO:colcon.colcon_core.shell:Creating prefix chain script '/home/robotflow/dual_flexiv/install/setup.sh'
[1.649s] INFO:colcon.colcon_core.shell:Creating prefix script '/home/robotflow/dual_flexiv/install/local_setup.bash'
[1.650s] INFO:colcon.colcon_core.shell:Creating prefix chain script '/home/robotflow/dual_flexiv/install/setup.bash'
[1.651s] INFO:colcon.colcon_core.shell:Creating prefix script '/home/robotflow/dual_flexiv/install/local_setup.zsh'
[1.651s] INFO:colcon.colcon_core.shell:Creating prefix chain script '/home/robotflow/dual_flexiv/install/setup.zsh'
