[35m[1mScanning dependencies of target flexiv_msgs__cpp[0m
[  1%] [34m[1mGenerating C code for ROS interfaces[0m
[  2%] [34m[1mGenerating C++ code for ROS interfaces[0m
[  2%] Built target flexiv_msgs__cpp
[  4%] [34m[1mGenerating C++ type support for eProsima Fast-RTPS[0m
[  5%] [34m[1mGenerating C++ type support dispatch for ROS interfaces[0m
[  7%] [34m[1mGenerating C++ introspection for ROS interfaces[0m
[35m[1mScanning dependencies of target flexiv_msgs__rosidl_generator_c[0m
[  8%] [32mBuilding C object CMakeFiles/flexiv_msgs__rosidl_generator_c.dir/rosidl_generator_c/flexiv_msgs/msg/detail/cartesian_state__functions.c.o[0m
[  9%] [32mBuilding C object CMakeFiles/flexiv_msgs__rosidl_generator_c.dir/rosidl_generator_c/flexiv_msgs/msg/detail/cartesian_velocity__functions.c.o[0m
[ 11%] [32mBuilding C object CMakeFiles/flexiv_msgs__rosidl_generator_c.dir/rosidl_generator_c/flexiv_msgs/msg/detail/joint_pos_vel__functions.c.o[0m
[ 12%] [32mBuilding C object CMakeFiles/flexiv_msgs__rosidl_generator_c.dir/rosidl_generator_c/flexiv_msgs/msg/detail/external_force__functions.c.o[0m
[ 14%] [32mBuilding C object CMakeFiles/flexiv_msgs__rosidl_generator_c.dir/rosidl_generator_c/flexiv_msgs/msg/detail/mode__functions.c.o[0m
[ 15%] [32mBuilding C object CMakeFiles/flexiv_msgs__rosidl_generator_c.dir/rosidl_generator_c/flexiv_msgs/msg/detail/robot_states__functions.c.o[0m
[ 16%] [32m[1mLinking C shared library libflexiv_msgs__rosidl_generator_c.so[0m
[ 16%] Built target flexiv_msgs__rosidl_generator_c
[ 18%] [34m[1mGenerating C type support dispatch for ROS interfaces[0m
[ 19%] [34m[1mGenerating C introspection for ROS interfaces[0m
[35m[1mScanning dependencies of target flexiv_msgs__rosidl_typesupport_cpp[0m
[ 21%] [32mBuilding CXX object CMakeFiles/flexiv_msgs__rosidl_typesupport_cpp.dir/rosidl_typesupport_cpp/flexiv_msgs/msg/cartesian_state__type_support.cpp.o[0m
[ 22%] [32mBuilding CXX object CMakeFiles/flexiv_msgs__rosidl_typesupport_cpp.dir/rosidl_typesupport_cpp/flexiv_msgs/msg/joint_pos_vel__type_support.cpp.o[0m
[35m[1mScanning dependencies of target flexiv_msgs__rosidl_typesupport_introspection_cpp[0m
[ 23%] [32mBuilding CXX object CMakeFiles/flexiv_msgs__rosidl_typesupport_cpp.dir/rosidl_typesupport_cpp/flexiv_msgs/msg/external_force__type_support.cpp.o[0m
[ 25%] [32mBuilding CXX object CMakeFiles/flexiv_msgs__rosidl_typesupport_cpp.dir/rosidl_typesupport_cpp/flexiv_msgs/msg/cartesian_velocity__type_support.cpp.o[0m
[ 26%] [32mBuilding CXX object CMakeFiles/flexiv_msgs__rosidl_typesupport_introspection_cpp.dir/rosidl_typesupport_introspection_cpp/flexiv_msgs/msg/detail/cartesian_state__type_support.cpp.o[0m
[35m[1mScanning dependencies of target flexiv_msgs__rosidl_typesupport_fastrtps_cpp[0m
[ 28%] [32mBuilding CXX object CMakeFiles/flexiv_msgs__rosidl_typesupport_fastrtps_cpp.dir/rosidl_typesupport_fastrtps_cpp/flexiv_msgs/msg/detail/dds_fastrtps/cartesian_state__type_support.cpp.o[0m
[35m[1mScanning dependencies of target flexiv_msgs__rosidl_typesupport_c[0m
[ 29%] [32mBuilding CXX object CMakeFiles/flexiv_msgs__rosidl_typesupport_fastrtps_cpp.dir/rosidl_typesupport_fastrtps_cpp/flexiv_msgs/msg/detail/dds_fastrtps/cartesian_velocity__type_support.cpp.o[0m
[ 30%] [32mBuilding CXX object CMakeFiles/flexiv_msgs__rosidl_typesupport_c.dir/rosidl_typesupport_c/flexiv_msgs/msg/cartesian_state__type_support.cpp.o[0m
[ 32%] [32mBuilding CXX object CMakeFiles/flexiv_msgs__rosidl_typesupport_c.dir/rosidl_typesupport_c/flexiv_msgs/msg/cartesian_velocity__type_support.cpp.o[0m
[ 33%] [32mBuilding CXX object CMakeFiles/flexiv_msgs__rosidl_typesupport_introspection_cpp.dir/rosidl_typesupport_introspection_cpp/flexiv_msgs/msg/detail/cartesian_velocity__type_support.cpp.o[0m
[ 35%] [32mBuilding CXX object CMakeFiles/flexiv_msgs__rosidl_typesupport_cpp.dir/rosidl_typesupport_cpp/flexiv_msgs/msg/mode__type_support.cpp.o[0m
[ 36%] [32mBuilding CXX object CMakeFiles/flexiv_msgs__rosidl_typesupport_c.dir/rosidl_typesupport_c/flexiv_msgs/msg/external_force__type_support.cpp.o[0m
[35m[1mScanning dependencies of target flexiv_msgs__rosidl_typesupport_introspection_c[0m
[ 38%] [32mBuilding CXX object CMakeFiles/flexiv_msgs__rosidl_typesupport_introspection_cpp.dir/rosidl_typesupport_introspection_cpp/flexiv_msgs/msg/detail/external_force__type_support.cpp.o[0m
[ 39%] [32mBuilding CXX object CMakeFiles/flexiv_msgs__rosidl_typesupport_c.dir/rosidl_typesupport_c/flexiv_msgs/msg/joint_pos_vel__type_support.cpp.o[0m
[ 40%] [32mBuilding CXX object CMakeFiles/flexiv_msgs__rosidl_typesupport_c.dir/rosidl_typesupport_c/flexiv_msgs/msg/mode__type_support.cpp.o[0m
[ 42%] [32mBuilding C object CMakeFiles/flexiv_msgs__rosidl_typesupport_introspection_c.dir/rosidl_typesupport_introspection_c/flexiv_msgs/msg/detail/cartesian_state__type_support.c.o[0m
[ 43%] [32mBuilding C object CMakeFiles/flexiv_msgs__rosidl_typesupport_introspection_c.dir/rosidl_typesupport_introspection_c/flexiv_msgs/msg/detail/cartesian_velocity__type_support.c.o[0m
[ 45%] [32mBuilding C object CMakeFiles/flexiv_msgs__rosidl_typesupport_introspection_c.dir/rosidl_typesupport_introspection_c/flexiv_msgs/msg/detail/external_force__type_support.c.o[0m
[ 46%] [32mBuilding CXX object CMakeFiles/flexiv_msgs__rosidl_typesupport_c.dir/rosidl_typesupport_c/flexiv_msgs/msg/robot_states__type_support.cpp.o[0m
[ 47%] [32mBuilding C object CMakeFiles/flexiv_msgs__rosidl_typesupport_introspection_c.dir/rosidl_typesupport_introspection_c/flexiv_msgs/msg/detail/joint_pos_vel__type_support.c.o[0m
[ 49%] [32mBuilding CXX object CMakeFiles/flexiv_msgs__rosidl_typesupport_cpp.dir/rosidl_typesupport_cpp/flexiv_msgs/msg/robot_states__type_support.cpp.o[0m
[ 50%] [32m[1mLinking CXX shared library libflexiv_msgs__rosidl_typesupport_c.so[0m
[ 52%] [32mBuilding C object CMakeFiles/flexiv_msgs__rosidl_typesupport_introspection_c.dir/rosidl_typesupport_introspection_c/flexiv_msgs/msg/detail/mode__type_support.c.o[0m
[ 53%] [32mBuilding CXX object CMakeFiles/flexiv_msgs__rosidl_typesupport_introspection_cpp.dir/rosidl_typesupport_introspection_cpp/flexiv_msgs/msg/detail/joint_pos_vel__type_support.cpp.o[0m
[ 54%] [32mBuilding CXX object CMakeFiles/flexiv_msgs__rosidl_typesupport_introspection_cpp.dir/rosidl_typesupport_introspection_cpp/flexiv_msgs/msg/detail/mode__type_support.cpp.o[0m
[ 56%] [32mBuilding C object CMakeFiles/flexiv_msgs__rosidl_typesupport_introspection_c.dir/rosidl_typesupport_introspection_c/flexiv_msgs/msg/detail/robot_states__type_support.c.o[0m
[ 56%] Built target flexiv_msgs__rosidl_typesupport_c
[ 57%] [32mBuilding CXX object CMakeFiles/flexiv_msgs__rosidl_typesupport_introspection_cpp.dir/rosidl_typesupport_introspection_cpp/flexiv_msgs/msg/detail/robot_states__type_support.cpp.o[0m
[ 59%] [32mBuilding CXX object CMakeFiles/flexiv_msgs__rosidl_typesupport_fastrtps_cpp.dir/rosidl_typesupport_fastrtps_cpp/flexiv_msgs/msg/detail/dds_fastrtps/external_force__type_support.cpp.o[0m
[ 60%] [32mBuilding CXX object CMakeFiles/flexiv_msgs__rosidl_typesupport_fastrtps_cpp.dir/rosidl_typesupport_fastrtps_cpp/flexiv_msgs/msg/detail/dds_fastrtps/joint_pos_vel__type_support.cpp.o[0m
[ 61%] [32mBuilding CXX object CMakeFiles/flexiv_msgs__rosidl_typesupport_fastrtps_cpp.dir/rosidl_typesupport_fastrtps_cpp/flexiv_msgs/msg/detail/dds_fastrtps/mode__type_support.cpp.o[0m
[ 63%] [32m[1mLinking C shared library libflexiv_msgs__rosidl_typesupport_introspection_c.so[0m
[ 64%] [32m[1mLinking CXX shared library libflexiv_msgs__rosidl_typesupport_cpp.so[0m
[ 64%] Built target flexiv_msgs__rosidl_typesupport_introspection_c
[ 66%] [32mBuilding CXX object CMakeFiles/flexiv_msgs__rosidl_typesupport_fastrtps_cpp.dir/rosidl_typesupport_fastrtps_cpp/flexiv_msgs/msg/detail/dds_fastrtps/robot_states__type_support.cpp.o[0m
[ 66%] Built target flexiv_msgs__rosidl_typesupport_cpp
[ 67%] [32m[1mLinking CXX shared library libflexiv_msgs__rosidl_typesupport_introspection_cpp.so[0m
[ 67%] Built target flexiv_msgs__rosidl_typesupport_introspection_cpp
[ 69%] [32m[1mLinking CXX shared library libflexiv_msgs__rosidl_typesupport_fastrtps_cpp.so[0m
[ 69%] Built target flexiv_msgs__rosidl_typesupport_fastrtps_cpp
[ 70%] [34m[1mGenerating C type support for eProsima Fast-RTPS[0m
[35m[1mScanning dependencies of target flexiv_msgs__rosidl_typesupport_fastrtps_c[0m
[ 71%] [32mBuilding CXX object CMakeFiles/flexiv_msgs__rosidl_typesupport_fastrtps_c.dir/rosidl_typesupport_fastrtps_c/flexiv_msgs/msg/detail/joint_pos_vel__type_support_c.cpp.o[0m
[ 73%] [32mBuilding CXX object CMakeFiles/flexiv_msgs__rosidl_typesupport_fastrtps_c.dir/rosidl_typesupport_fastrtps_c/flexiv_msgs/msg/detail/cartesian_state__type_support_c.cpp.o[0m
[ 74%] [32mBuilding CXX object CMakeFiles/flexiv_msgs__rosidl_typesupport_fastrtps_c.dir/rosidl_typesupport_fastrtps_c/flexiv_msgs/msg/detail/cartesian_velocity__type_support_c.cpp.o[0m
[ 76%] [32mBuilding CXX object CMakeFiles/flexiv_msgs__rosidl_typesupport_fastrtps_c.dir/rosidl_typesupport_fastrtps_c/flexiv_msgs/msg/detail/external_force__type_support_c.cpp.o[0m
[ 77%] [32mBuilding CXX object CMakeFiles/flexiv_msgs__rosidl_typesupport_fastrtps_c.dir/rosidl_typesupport_fastrtps_c/flexiv_msgs/msg/detail/mode__type_support_c.cpp.o[0m
[ 78%] [32mBuilding CXX object CMakeFiles/flexiv_msgs__rosidl_typesupport_fastrtps_c.dir/rosidl_typesupport_fastrtps_c/flexiv_msgs/msg/detail/robot_states__type_support_c.cpp.o[0m
[ 80%] [32m[1mLinking CXX shared library libflexiv_msgs__rosidl_typesupport_fastrtps_c.so[0m
[ 80%] Built target flexiv_msgs__rosidl_typesupport_fastrtps_c
[35m[1mScanning dependencies of target flexiv_msgs[0m
[ 80%] Built target flexiv_msgs
[35m[1mScanning dependencies of target flexiv_msgs__py[0m
[ 81%] [34m[1mGenerating Python code for ROS interfaces[0m
[ 81%] Built target flexiv_msgs__py
[35m[1mScanning dependencies of target flexiv_msgs__python[0m
[ 83%] [32mBuilding C object CMakeFiles/flexiv_msgs__python.dir/rosidl_generator_py/flexiv_msgs/msg/_cartesian_state_s.c.o[0m
[ 85%] [32mBuilding C object CMakeFiles/flexiv_msgs__python.dir/rosidl_generator_py/flexiv_msgs/msg/_external_force_s.c.o[0m
[ 88%] [32mBuilding C object CMakeFiles/flexiv_msgs__python.dir/rosidl_generator_py/flexiv_msgs/msg/_joint_pos_vel_s.c.o[0m
[ 88%] [32mBuilding C object CMakeFiles/flexiv_msgs__python.dir/rosidl_generator_py/flexiv_msgs/msg/_robot_states_s.c.o[0m
[ 90%] [32mBuilding C object CMakeFiles/flexiv_msgs__python.dir/rosidl_generator_py/flexiv_msgs/msg/_mode_s.c.o[0m
[ 85%] [32mBuilding C object CMakeFiles/flexiv_msgs__python.dir/rosidl_generator_py/flexiv_msgs/msg/_cartesian_velocity_s.c.o[0m
[ 91%] [32m[1mLinking C shared library rosidl_generator_py/flexiv_msgs/libflexiv_msgs__python.so[0m
[ 91%] Built target flexiv_msgs__python
[35m[1mScanning dependencies of target flexiv_msgs__rosidl_typesupport_introspection_c__pyext[0m
[35m[1mScanning dependencies of target flexiv_msgs__rosidl_typesupport_c__pyext[0m
[35m[1mScanning dependencies of target flexiv_msgs__rosidl_typesupport_fastrtps_c__pyext[0m
[ 92%] [32mBuilding C object CMakeFiles/flexiv_msgs__rosidl_typesupport_introspection_c__pyext.dir/rosidl_generator_py/flexiv_msgs/_flexiv_msgs_s.ep.rosidl_typesupport_introspection_c.c.o[0m
[ 94%] [32mBuilding C object CMakeFiles/flexiv_msgs__rosidl_typesupport_c__pyext.dir/rosidl_generator_py/flexiv_msgs/_flexiv_msgs_s.ep.rosidl_typesupport_c.c.o[0m
[ 95%] [32mBuilding C object CMakeFiles/flexiv_msgs__rosidl_typesupport_fastrtps_c__pyext.dir/rosidl_generator_py/flexiv_msgs/_flexiv_msgs_s.ep.rosidl_typesupport_fastrtps_c.c.o[0m
[ 98%] [32m[1mLinking C shared library rosidl_generator_py/flexiv_msgs/flexiv_msgs_s__rosidl_typesupport_introspection_c.cpython-38-x86_64-linux-gnu.so[0m
[ 98%] [32m[1mLinking C shared library rosidl_generator_py/flexiv_msgs/flexiv_msgs_s__rosidl_typesupport_c.cpython-38-x86_64-linux-gnu.so[0m
[100%] [32m[1mLinking CXX shared library rosidl_generator_py/flexiv_msgs/flexiv_msgs_s__rosidl_typesupport_fastrtps_c.cpython-38-x86_64-linux-gnu.so[0m
[100%] Built target flexiv_msgs__rosidl_typesupport_introspection_c__pyext
[100%] Built target flexiv_msgs__rosidl_typesupport_c__pyext
[100%] Built target flexiv_msgs__rosidl_typesupport_fastrtps_c__pyext
-- Install configuration: ""
-- Execute custom install script
-- Symlinking: /home/robotflow/dual_flexiv/install/flexiv_msgs/share/ament_index/resource_index/rosidl_interfaces/flexiv_msgs
-- Symlinking: /home/robotflow/dual_flexiv/install/flexiv_msgs/include/flexiv_msgs/msg/cartesian_state.h
-- Symlinking: /home/robotflow/dual_flexiv/install/flexiv_msgs/include/flexiv_msgs/msg/cartesian_velocity.h
-- Symlinking: /home/robotflow/dual_flexiv/install/flexiv_msgs/include/flexiv_msgs/msg/detail/cartesian_state__functions.h
-- Symlinking: /home/robotflow/dual_flexiv/install/flexiv_msgs/include/flexiv_msgs/msg/detail/cartesian_state__struct.h
-- Symlinking: /home/robotflow/dual_flexiv/install/flexiv_msgs/include/flexiv_msgs/msg/detail/cartesian_state__type_support.h
-- Symlinking: /home/robotflow/dual_flexiv/install/flexiv_msgs/include/flexiv_msgs/msg/detail/cartesian_velocity__functions.h
-- Symlinking: /home/robotflow/dual_flexiv/install/flexiv_msgs/include/flexiv_msgs/msg/detail/cartesian_velocity__struct.h
-- Symlinking: /home/robotflow/dual_flexiv/install/flexiv_msgs/include/flexiv_msgs/msg/detail/cartesian_velocity__type_support.h
-- Symlinking: /home/robotflow/dual_flexiv/install/flexiv_msgs/include/flexiv_msgs/msg/detail/external_force__functions.h
-- Symlinking: /home/robotflow/dual_flexiv/install/flexiv_msgs/include/flexiv_msgs/msg/detail/external_force__struct.h
-- Symlinking: /home/robotflow/dual_flexiv/install/flexiv_msgs/include/flexiv_msgs/msg/detail/external_force__type_support.h
-- Symlinking: /home/robotflow/dual_flexiv/install/flexiv_msgs/include/flexiv_msgs/msg/detail/joint_pos_vel__functions.h
-- Symlinking: /home/robotflow/dual_flexiv/install/flexiv_msgs/include/flexiv_msgs/msg/detail/joint_pos_vel__struct.h
-- Symlinking: /home/robotflow/dual_flexiv/install/flexiv_msgs/include/flexiv_msgs/msg/detail/joint_pos_vel__type_support.h
-- Symlinking: /home/robotflow/dual_flexiv/install/flexiv_msgs/include/flexiv_msgs/msg/detail/mode__functions.h
-- Symlinking: /home/robotflow/dual_flexiv/install/flexiv_msgs/include/flexiv_msgs/msg/detail/mode__struct.h
-- Symlinking: /home/robotflow/dual_flexiv/install/flexiv_msgs/include/flexiv_msgs/msg/detail/mode__type_support.h
-- Symlinking: /home/robotflow/dual_flexiv/install/flexiv_msgs/include/flexiv_msgs/msg/detail/robot_states__functions.h
-- Symlinking: /home/robotflow/dual_flexiv/install/flexiv_msgs/include/flexiv_msgs/msg/detail/robot_states__struct.h
-- Symlinking: /home/robotflow/dual_flexiv/install/flexiv_msgs/include/flexiv_msgs/msg/detail/robot_states__type_support.h
-- Symlinking: /home/robotflow/dual_flexiv/install/flexiv_msgs/include/flexiv_msgs/msg/external_force.h
-- Symlinking: /home/robotflow/dual_flexiv/install/flexiv_msgs/include/flexiv_msgs/msg/joint_pos_vel.h
-- Symlinking: /home/robotflow/dual_flexiv/install/flexiv_msgs/include/flexiv_msgs/msg/mode.h
-- Symlinking: /home/robotflow/dual_flexiv/install/flexiv_msgs/include/flexiv_msgs/msg/robot_states.h
-- Symlinking: /home/robotflow/dual_flexiv/install/flexiv_msgs/include/flexiv_msgs/msg/rosidl_generator_c__visibility_control.h
-- Symlinking: /home/robotflow/dual_flexiv/install/flexiv_msgs/share/flexiv_msgs/environment/library_path.sh
-- Symlinking: /home/robotflow/dual_flexiv/install/flexiv_msgs/share/flexiv_msgs/environment/library_path.dsv
-- Symlinking: /home/robotflow/dual_flexiv/install/flexiv_msgs/include/flexiv_msgs/msg/detail/cartesian_state__rosidl_typesupport_fastrtps_c.h
-- Symlinking: /home/robotflow/dual_flexiv/install/flexiv_msgs/include/flexiv_msgs/msg/detail/cartesian_velocity__rosidl_typesupport_fastrtps_c.h
-- Symlinking: /home/robotflow/dual_flexiv/install/flexiv_msgs/include/flexiv_msgs/msg/detail/external_force__rosidl_typesupport_fastrtps_c.h
-- Symlinking: /home/robotflow/dual_flexiv/install/flexiv_msgs/include/flexiv_msgs/msg/detail/joint_pos_vel__rosidl_typesupport_fastrtps_c.h
-- Symlinking: /home/robotflow/dual_flexiv/install/flexiv_msgs/include/flexiv_msgs/msg/detail/mode__rosidl_typesupport_fastrtps_c.h
-- Symlinking: /home/robotflow/dual_flexiv/install/flexiv_msgs/include/flexiv_msgs/msg/detail/robot_states__rosidl_typesupport_fastrtps_c.h
-- Symlinking: /home/robotflow/dual_flexiv/install/flexiv_msgs/include/flexiv_msgs/msg/rosidl_typesupport_fastrtps_c__visibility_control.h
-- Symlinking: /home/robotflow/dual_flexiv/install/flexiv_msgs/lib/libflexiv_msgs__rosidl_typesupport_fastrtps_c.so
-- Symlinking: /home/robotflow/dual_flexiv/install/flexiv_msgs/include/flexiv_msgs/msg/detail/cartesian_state__rosidl_typesupport_fastrtps_cpp.hpp
-- Symlinking: /home/robotflow/dual_flexiv/install/flexiv_msgs/include/flexiv_msgs/msg/detail/cartesian_velocity__rosidl_typesupport_fastrtps_cpp.hpp
-- Symlinking: /home/robotflow/dual_flexiv/install/flexiv_msgs/include/flexiv_msgs/msg/detail/external_force__rosidl_typesupport_fastrtps_cpp.hpp
-- Symlinking: /home/robotflow/dual_flexiv/install/flexiv_msgs/include/flexiv_msgs/msg/detail/joint_pos_vel__rosidl_typesupport_fastrtps_cpp.hpp
-- Symlinking: /home/robotflow/dual_flexiv/install/flexiv_msgs/include/flexiv_msgs/msg/detail/mode__rosidl_typesupport_fastrtps_cpp.hpp
-- Symlinking: /home/robotflow/dual_flexiv/install/flexiv_msgs/include/flexiv_msgs/msg/detail/robot_states__rosidl_typesupport_fastrtps_cpp.hpp
-- Symlinking: /home/robotflow/dual_flexiv/install/flexiv_msgs/include/flexiv_msgs/msg/rosidl_typesupport_fastrtps_cpp__visibility_control.h
-- Symlinking: /home/robotflow/dual_flexiv/install/flexiv_msgs/lib/libflexiv_msgs__rosidl_typesupport_fastrtps_cpp.so
-- Symlinking: /home/robotflow/dual_flexiv/install/flexiv_msgs/include/flexiv_msgs/msg/detail/cartesian_state__rosidl_typesupport_introspection_c.h
-- Symlinking: /home/robotflow/dual_flexiv/install/flexiv_msgs/include/flexiv_msgs/msg/detail/cartesian_velocity__rosidl_typesupport_introspection_c.h
-- Symlinking: /home/robotflow/dual_flexiv/install/flexiv_msgs/include/flexiv_msgs/msg/detail/external_force__rosidl_typesupport_introspection_c.h
-- Symlinking: /home/robotflow/dual_flexiv/install/flexiv_msgs/include/flexiv_msgs/msg/detail/joint_pos_vel__rosidl_typesupport_introspection_c.h
-- Symlinking: /home/robotflow/dual_flexiv/install/flexiv_msgs/include/flexiv_msgs/msg/detail/mode__rosidl_typesupport_introspection_c.h
-- Symlinking: /home/robotflow/dual_flexiv/install/flexiv_msgs/include/flexiv_msgs/msg/detail/robot_states__rosidl_typesupport_introspection_c.h
-- Symlinking: /home/robotflow/dual_flexiv/install/flexiv_msgs/include/flexiv_msgs/msg/rosidl_typesupport_introspection_c__visibility_control.h
-- Symlinking: /home/robotflow/dual_flexiv/install/flexiv_msgs/include/flexiv_msgs/msg/cartesian_state.hpp
-- Symlinking: /home/robotflow/dual_flexiv/install/flexiv_msgs/include/flexiv_msgs/msg/cartesian_velocity.hpp
-- Symlinking: /home/robotflow/dual_flexiv/install/flexiv_msgs/include/flexiv_msgs/msg/detail/cartesian_state__builder.hpp
-- Symlinking: /home/robotflow/dual_flexiv/install/flexiv_msgs/include/flexiv_msgs/msg/detail/cartesian_state__struct.hpp
-- Symlinking: /home/robotflow/dual_flexiv/install/flexiv_msgs/include/flexiv_msgs/msg/detail/cartesian_state__traits.hpp
-- Symlinking: /home/robotflow/dual_flexiv/install/flexiv_msgs/include/flexiv_msgs/msg/detail/cartesian_velocity__builder.hpp
-- Symlinking: /home/robotflow/dual_flexiv/install/flexiv_msgs/include/flexiv_msgs/msg/detail/cartesian_velocity__struct.hpp
-- Symlinking: /home/robotflow/dual_flexiv/install/flexiv_msgs/include/flexiv_msgs/msg/detail/cartesian_velocity__traits.hpp
-- Symlinking: /home/robotflow/dual_flexiv/install/flexiv_msgs/include/flexiv_msgs/msg/detail/external_force__builder.hpp
-- Symlinking: /home/robotflow/dual_flexiv/install/flexiv_msgs/include/flexiv_msgs/msg/detail/external_force__struct.hpp
-- Symlinking: /home/robotflow/dual_flexiv/install/flexiv_msgs/include/flexiv_msgs/msg/detail/external_force__traits.hpp
-- Symlinking: /home/robotflow/dual_flexiv/install/flexiv_msgs/include/flexiv_msgs/msg/detail/joint_pos_vel__builder.hpp
-- Symlinking: /home/robotflow/dual_flexiv/install/flexiv_msgs/include/flexiv_msgs/msg/detail/joint_pos_vel__struct.hpp
-- Symlinking: /home/robotflow/dual_flexiv/install/flexiv_msgs/include/flexiv_msgs/msg/detail/joint_pos_vel__traits.hpp
-- Symlinking: /home/robotflow/dual_flexiv/install/flexiv_msgs/include/flexiv_msgs/msg/detail/mode__builder.hpp
-- Symlinking: /home/robotflow/dual_flexiv/install/flexiv_msgs/include/flexiv_msgs/msg/detail/mode__struct.hpp
-- Symlinking: /home/robotflow/dual_flexiv/install/flexiv_msgs/include/flexiv_msgs/msg/detail/mode__traits.hpp
-- Symlinking: /home/robotflow/dual_flexiv/install/flexiv_msgs/include/flexiv_msgs/msg/detail/robot_states__builder.hpp
-- Symlinking: /home/robotflow/dual_flexiv/install/flexiv_msgs/include/flexiv_msgs/msg/detail/robot_states__struct.hpp
-- Symlinking: /home/robotflow/dual_flexiv/install/flexiv_msgs/include/flexiv_msgs/msg/detail/robot_states__traits.hpp
-- Symlinking: /home/robotflow/dual_flexiv/install/flexiv_msgs/include/flexiv_msgs/msg/external_force.hpp
-- Symlinking: /home/robotflow/dual_flexiv/install/flexiv_msgs/include/flexiv_msgs/msg/joint_pos_vel.hpp
-- Symlinking: /home/robotflow/dual_flexiv/install/flexiv_msgs/include/flexiv_msgs/msg/mode.hpp
-- Symlinking: /home/robotflow/dual_flexiv/install/flexiv_msgs/include/flexiv_msgs/msg/robot_states.hpp
-- Symlinking: /home/robotflow/dual_flexiv/install/flexiv_msgs/include/flexiv_msgs/msg/detail/cartesian_state__rosidl_typesupport_introspection_cpp.hpp
-- Symlinking: /home/robotflow/dual_flexiv/install/flexiv_msgs/include/flexiv_msgs/msg/detail/cartesian_velocity__rosidl_typesupport_introspection_cpp.hpp
-- Symlinking: /home/robotflow/dual_flexiv/install/flexiv_msgs/include/flexiv_msgs/msg/detail/external_force__rosidl_typesupport_introspection_cpp.hpp
-- Symlinking: /home/robotflow/dual_flexiv/install/flexiv_msgs/include/flexiv_msgs/msg/detail/joint_pos_vel__rosidl_typesupport_introspection_cpp.hpp
-- Symlinking: /home/robotflow/dual_flexiv/install/flexiv_msgs/include/flexiv_msgs/msg/detail/mode__rosidl_typesupport_introspection_cpp.hpp
-- Symlinking: /home/robotflow/dual_flexiv/install/flexiv_msgs/include/flexiv_msgs/msg/detail/robot_states__rosidl_typesupport_introspection_cpp.hpp
-- Symlinking: /home/robotflow/dual_flexiv/install/flexiv_msgs/share/flexiv_msgs/environment/pythonpath.sh
-- Symlinking: /home/robotflow/dual_flexiv/install/flexiv_msgs/share/flexiv_msgs/environment/pythonpath.dsv
-- Symlinking: /home/robotflow/dual_flexiv/install/flexiv_msgs/lib/python3.8/site-packages/flexiv_msgs/__init__.py
-- Symlinking: /home/robotflow/dual_flexiv/install/flexiv_msgs/lib/python3.8/site-packages/flexiv_msgs/msg/__init__.py
-- Symlinking: /home/robotflow/dual_flexiv/install/flexiv_msgs/lib/python3.8/site-packages/flexiv_msgs/msg/_cartesian_state.py
-- Symlinking: /home/robotflow/dual_flexiv/install/flexiv_msgs/lib/python3.8/site-packages/flexiv_msgs/msg/_cartesian_velocity.py
-- Symlinking: /home/robotflow/dual_flexiv/install/flexiv_msgs/lib/python3.8/site-packages/flexiv_msgs/msg/_external_force.py
-- Symlinking: /home/robotflow/dual_flexiv/install/flexiv_msgs/lib/python3.8/site-packages/flexiv_msgs/msg/_joint_pos_vel.py
-- Symlinking: /home/robotflow/dual_flexiv/install/flexiv_msgs/lib/python3.8/site-packages/flexiv_msgs/msg/_mode.py
-- Symlinking: /home/robotflow/dual_flexiv/install/flexiv_msgs/lib/python3.8/site-packages/flexiv_msgs/msg/_robot_states.py
-- Symlinking: /home/robotflow/dual_flexiv/install/flexiv_msgs/lib/python3.8/site-packages/flexiv_msgs/flexiv_msgs_s__rosidl_typesupport_fastrtps_c.cpython-38-x86_64-linux-gnu.so
-- Symlinking: /home/robotflow/dual_flexiv/install/flexiv_msgs/lib/python3.8/site-packages/flexiv_msgs/flexiv_msgs_s__rosidl_typesupport_introspection_c.cpython-38-x86_64-linux-gnu.so
-- Symlinking: /home/robotflow/dual_flexiv/install/flexiv_msgs/lib/python3.8/site-packages/flexiv_msgs/flexiv_msgs_s__rosidl_typesupport_c.cpython-38-x86_64-linux-gnu.so
-- Symlinking: /home/robotflow/dual_flexiv/install/flexiv_msgs/lib/libflexiv_msgs__python.so
-- Symlinking: /home/robotflow/dual_flexiv/install/flexiv_msgs/share/flexiv_msgs/msg/CartesianState.idl
-- Symlinking: /home/robotflow/dual_flexiv/install/flexiv_msgs/share/flexiv_msgs/msg/CartesianVelocity.idl
-- Symlinking: /home/robotflow/dual_flexiv/install/flexiv_msgs/share/flexiv_msgs/msg/ExternalForce.idl
-- Symlinking: /home/robotflow/dual_flexiv/install/flexiv_msgs/share/flexiv_msgs/msg/JointPosVel.idl
-- Symlinking: /home/robotflow/dual_flexiv/install/flexiv_msgs/share/flexiv_msgs/msg/Mode.idl
-- Symlinking: /home/robotflow/dual_flexiv/install/flexiv_msgs/share/flexiv_msgs/msg/RobotStates.idl
-- Symlinking: /home/robotflow/dual_flexiv/install/flexiv_msgs/share/flexiv_msgs/msg/CartesianState.msg
-- Symlinking: /home/robotflow/dual_flexiv/install/flexiv_msgs/share/flexiv_msgs/msg/CartesianVelocity.msg
-- Symlinking: /home/robotflow/dual_flexiv/install/flexiv_msgs/share/flexiv_msgs/msg/ExternalForce.msg
-- Symlinking: /home/robotflow/dual_flexiv/install/flexiv_msgs/share/flexiv_msgs/msg/JointPosVel.msg
-- Symlinking: /home/robotflow/dual_flexiv/install/flexiv_msgs/share/flexiv_msgs/msg/Mode.msg
-- Symlinking: /home/robotflow/dual_flexiv/install/flexiv_msgs/share/flexiv_msgs/msg/RobotStates.msg
-- Symlinking: /home/robotflow/dual_flexiv/install/flexiv_msgs/share/ament_index/resource_index/package_run_dependencies/flexiv_msgs
-- Symlinking: /home/robotflow/dual_flexiv/install/flexiv_msgs/share/ament_index/resource_index/parent_prefix_path/flexiv_msgs
-- Symlinking: /home/robotflow/dual_flexiv/install/flexiv_msgs/share/flexiv_msgs/environment/ament_prefix_path.sh
-- Symlinking: /home/robotflow/dual_flexiv/install/flexiv_msgs/share/flexiv_msgs/environment/ament_prefix_path.dsv
-- Symlinking: /home/robotflow/dual_flexiv/install/flexiv_msgs/share/flexiv_msgs/environment/path.sh
-- Symlinking: /home/robotflow/dual_flexiv/install/flexiv_msgs/share/flexiv_msgs/environment/path.dsv
-- Symlinking: /home/robotflow/dual_flexiv/install/flexiv_msgs/share/flexiv_msgs/local_setup.bash
-- Symlinking: /home/robotflow/dual_flexiv/install/flexiv_msgs/share/flexiv_msgs/local_setup.sh
-- Symlinking: /home/robotflow/dual_flexiv/install/flexiv_msgs/share/flexiv_msgs/local_setup.zsh
-- Symlinking: /home/robotflow/dual_flexiv/install/flexiv_msgs/share/flexiv_msgs/local_setup.dsv
-- Symlinking: /home/robotflow/dual_flexiv/install/flexiv_msgs/share/flexiv_msgs/package.dsv
-- Symlinking: /home/robotflow/dual_flexiv/install/flexiv_msgs/share/ament_index/resource_index/packages/flexiv_msgs
-- Symlinking: /home/robotflow/dual_flexiv/install/flexiv_msgs/share/flexiv_msgs/cmake/rosidl_cmake-extras.cmake
-- Symlinking: /home/robotflow/dual_flexiv/install/flexiv_msgs/share/flexiv_msgs/cmake/ament_cmake_export_dependencies-extras.cmake
-- Symlinking: /home/robotflow/dual_flexiv/install/flexiv_msgs/share/flexiv_msgs/cmake/ament_cmake_export_libraries-extras.cmake
-- Symlinking: /home/robotflow/dual_flexiv/install/flexiv_msgs/share/flexiv_msgs/cmake/ament_cmake_export_targets-extras.cmake
-- Symlinking: /home/robotflow/dual_flexiv/install/flexiv_msgs/share/flexiv_msgs/cmake/ament_cmake_export_include_directories-extras.cmake
-- Symlinking: /home/robotflow/dual_flexiv/install/flexiv_msgs/share/flexiv_msgs/cmake/rosidl_cmake_export_typesupport_libraries-extras.cmake
-- Symlinking: /home/robotflow/dual_flexiv/install/flexiv_msgs/share/flexiv_msgs/cmake/rosidl_cmake_export_typesupport_targets-extras.cmake
-- Symlinking: /home/robotflow/dual_flexiv/install/flexiv_msgs/share/flexiv_msgs/cmake/flexiv_msgsConfig.cmake
-- Symlinking: /home/robotflow/dual_flexiv/install/flexiv_msgs/share/flexiv_msgs/cmake/flexiv_msgsConfig-version.cmake
-- Symlinking: /home/robotflow/dual_flexiv/install/flexiv_msgs/share/flexiv_msgs/package.xml
-- Installing: /home/robotflow/dual_flexiv/install/flexiv_msgs/lib/libflexiv_msgs__rosidl_generator_c.so
-- Set runtime path of "/home/robotflow/dual_flexiv/install/flexiv_msgs/lib/libflexiv_msgs__rosidl_generator_c.so" to ""
-- Installing: /home/robotflow/dual_flexiv/install/flexiv_msgs/lib/libflexiv_msgs__rosidl_typesupport_introspection_c.so
-- Set runtime path of "/home/robotflow/dual_flexiv/install/flexiv_msgs/lib/libflexiv_msgs__rosidl_typesupport_introspection_c.so" to ""
-- Installing: /home/robotflow/dual_flexiv/install/flexiv_msgs/lib/libflexiv_msgs__rosidl_typesupport_c.so
-- Set runtime path of "/home/robotflow/dual_flexiv/install/flexiv_msgs/lib/libflexiv_msgs__rosidl_typesupport_c.so" to ""
-- Installing: /home/robotflow/dual_flexiv/install/flexiv_msgs/lib/libflexiv_msgs__rosidl_typesupport_introspection_cpp.so
-- Set runtime path of "/home/robotflow/dual_flexiv/install/flexiv_msgs/lib/libflexiv_msgs__rosidl_typesupport_introspection_cpp.so" to ""
-- Installing: /home/robotflow/dual_flexiv/install/flexiv_msgs/lib/libflexiv_msgs__rosidl_typesupport_cpp.so
-- Set runtime path of "/home/robotflow/dual_flexiv/install/flexiv_msgs/lib/libflexiv_msgs__rosidl_typesupport_cpp.so" to ""
Compiling '/home/robotflow/dual_flexiv/install/flexiv_msgs/lib/python3.8/site-packages/flexiv_msgs/__init__.py'...
-- Installing: /home/robotflow/dual_flexiv/install/flexiv_msgs/share/flexiv_msgs/cmake/flexiv_msgs__rosidl_generator_cExport.cmake
-- Installing: /home/robotflow/dual_flexiv/install/flexiv_msgs/share/flexiv_msgs/cmake/flexiv_msgs__rosidl_generator_cExport-noconfig.cmake
-- Installing: /home/robotflow/dual_flexiv/install/flexiv_msgs/share/flexiv_msgs/cmake/flexiv_msgs__rosidl_typesupport_introspection_cExport.cmake
-- Installing: /home/robotflow/dual_flexiv/install/flexiv_msgs/share/flexiv_msgs/cmake/flexiv_msgs__rosidl_typesupport_introspection_cExport-noconfig.cmake
-- Installing: /home/robotflow/dual_flexiv/install/flexiv_msgs/share/flexiv_msgs/cmake/flexiv_msgs__rosidl_typesupport_cExport.cmake
-- Installing: /home/robotflow/dual_flexiv/install/flexiv_msgs/share/flexiv_msgs/cmake/flexiv_msgs__rosidl_typesupport_cExport-noconfig.cmake
-- Installing: /home/robotflow/dual_flexiv/install/flexiv_msgs/share/flexiv_msgs/cmake/flexiv_msgs__rosidl_generator_cppExport.cmake
-- Installing: /home/robotflow/dual_flexiv/install/flexiv_msgs/share/flexiv_msgs/cmake/flexiv_msgs__rosidl_typesupport_introspection_cppExport.cmake
-- Installing: /home/robotflow/dual_flexiv/install/flexiv_msgs/share/flexiv_msgs/cmake/flexiv_msgs__rosidl_typesupport_introspection_cppExport-noconfig.cmake
-- Installing: /home/robotflow/dual_flexiv/install/flexiv_msgs/share/flexiv_msgs/cmake/flexiv_msgs__rosidl_typesupport_cppExport.cmake
-- Installing: /home/robotflow/dual_flexiv/install/flexiv_msgs/share/flexiv_msgs/cmake/flexiv_msgs__rosidl_typesupport_cppExport-noconfig.cmake
