-- The C compiler identification is GNU 9.4.0
-- The CXX compiler identification is GNU 9.4.0
-- Check for working C compiler: /usr/bin/cc
-- Check for working C compiler: /usr/bin/cc -- works
-- Detecting C compiler ABI info
-- Detecting C compiler ABI info - done
-- Detecting C compile features
-- Detecting C compile features - done
-- Check for working CXX compiler: /usr/bin/c++
-- Check for working CXX compiler: /usr/bin/c++ -- works
-- Detecting CXX compiler ABI info
-- Detecting CXX compiler ABI info - done
-- Detecting CXX compile features
-- Detecting CXX compile features - done
-- Found ament_cmake: 0.9.11 (/opt/ros/foxy/share/ament_cmake/cmake)
-- Found PythonInterp: /usr/bin/python3 (found suitable version "3.8.10", minimum required is "3") 
-- Using PYTHON_EXECUTABLE: /usr/bin/python3
-- Override CMake install command with custom implementation using symlinks instead of copying resources
-- Configuring done
-- Generating done
-- Build files have been written to: /home/robotflow/dual_flexiv/build/flexiv_moveit_config
-- Install configuration: ""
-- Execute custom install script
-- Symlinking: /home/robotflow/dual_flexiv/install/flexiv_moveit_config/share/flexiv_moveit_config/config/joint_limits.yaml
-- Symlinking: /home/robotflow/dual_flexiv/install/flexiv_moveit_config/share/flexiv_moveit_config/config/kinematics.yaml
-- Symlinking: /home/robotflow/dual_flexiv/install/flexiv_moveit_config/share/flexiv_moveit_config/config/moveit_controllers.yaml
-- Symlinking: /home/robotflow/dual_flexiv/install/flexiv_moveit_config/share/flexiv_moveit_config/config/ompl_planning.yaml
-- Symlinking: /home/robotflow/dual_flexiv/install/flexiv_moveit_config/share/flexiv_moveit_config/srdf/rizon.srdf.xacro
-- Symlinking: /home/robotflow/dual_flexiv/install/flexiv_moveit_config/share/flexiv_moveit_config/srdf/rizon_macro.srdf.xacro
-- Symlinking: /home/robotflow/dual_flexiv/install/flexiv_moveit_config/share/flexiv_moveit_config/rviz/moveit.rviz
-- Symlinking: /home/robotflow/dual_flexiv/install/flexiv_moveit_config/share/ament_index/resource_index/package_run_dependencies/flexiv_moveit_config
-- Symlinking: /home/robotflow/dual_flexiv/install/flexiv_moveit_config/share/ament_index/resource_index/parent_prefix_path/flexiv_moveit_config
-- Symlinking: /home/robotflow/dual_flexiv/install/flexiv_moveit_config/share/flexiv_moveit_config/environment/ament_prefix_path.sh
-- Symlinking: /home/robotflow/dual_flexiv/install/flexiv_moveit_config/share/flexiv_moveit_config/environment/ament_prefix_path.dsv
-- Symlinking: /home/robotflow/dual_flexiv/install/flexiv_moveit_config/share/flexiv_moveit_config/environment/path.sh
-- Symlinking: /home/robotflow/dual_flexiv/install/flexiv_moveit_config/share/flexiv_moveit_config/environment/path.dsv
-- Symlinking: /home/robotflow/dual_flexiv/install/flexiv_moveit_config/share/flexiv_moveit_config/local_setup.bash
-- Symlinking: /home/robotflow/dual_flexiv/install/flexiv_moveit_config/share/flexiv_moveit_config/local_setup.sh
-- Symlinking: /home/robotflow/dual_flexiv/install/flexiv_moveit_config/share/flexiv_moveit_config/local_setup.zsh
-- Symlinking: /home/robotflow/dual_flexiv/install/flexiv_moveit_config/share/flexiv_moveit_config/local_setup.dsv
-- Symlinking: /home/robotflow/dual_flexiv/install/flexiv_moveit_config/share/flexiv_moveit_config/package.dsv
-- Symlinking: /home/robotflow/dual_flexiv/install/flexiv_moveit_config/share/ament_index/resource_index/packages/flexiv_moveit_config
-- Symlinking: /home/robotflow/dual_flexiv/install/flexiv_moveit_config/share/flexiv_moveit_config/cmake/flexiv_moveit_configConfig.cmake
-- Symlinking: /home/robotflow/dual_flexiv/install/flexiv_moveit_config/share/flexiv_moveit_config/cmake/flexiv_moveit_configConfig-version.cmake
-- Symlinking: /home/robotflow/dual_flexiv/install/flexiv_moveit_config/share/flexiv_moveit_config/package.xml
