[100%] Built target flexiv_hardware
-- Install configuration: ""
-- Execute custom install script
-- Up-to-date symlink: /home/robotflow/dual_flexiv/install/flexiv_hardware/share/flexiv_hardware//flexiv_hardware_interface_plugin.xml
-- Up-to-date symlink: /home/robotflow/dual_flexiv/install/flexiv_hardware/lib/libflexiv_hardware.so
-- Up-to-date symlink: /home/robotflow/dual_flexiv/install/flexiv_hardware/include/flexiv_hardware/flexiv_hardware_interface.hpp
-- Up-to-date symlink: /home/robotflow/dual_flexiv/install/flexiv_hardware/include/flexiv_hardware/visibility_control.h
-- Up-to-date symlink: /home/robotflow/dual_flexiv/install/flexiv_hardware/share/flexiv_hardware/environment/library_path.sh
-- Up-to-date symlink: /home/robotflow/dual_flexiv/install/flexiv_hardware/share/flexiv_hardware/environment/library_path.dsv
-- Up-to-date symlink: /home/robotflow/dual_flexiv/install/flexiv_hardware/share/ament_index/resource_index/package_run_dependencies/flexiv_hardware
-- Up-to-date symlink: /home/robotflow/dual_flexiv/install/flexiv_hardware/share/ament_index/resource_index/parent_prefix_path/flexiv_hardware
-- Up-to-date symlink: /home/robotflow/dual_flexiv/install/flexiv_hardware/share/flexiv_hardware/environment/ament_prefix_path.sh
-- Up-to-date symlink: /home/robotflow/dual_flexiv/install/flexiv_hardware/share/flexiv_hardware/environment/ament_prefix_path.dsv
-- Up-to-date symlink: /home/robotflow/dual_flexiv/install/flexiv_hardware/share/flexiv_hardware/environment/path.sh
-- Up-to-date symlink: /home/robotflow/dual_flexiv/install/flexiv_hardware/share/flexiv_hardware/environment/path.dsv
-- Up-to-date symlink: /home/robotflow/dual_flexiv/install/flexiv_hardware/share/flexiv_hardware/local_setup.bash
-- Up-to-date symlink: /home/robotflow/dual_flexiv/install/flexiv_hardware/share/flexiv_hardware/local_setup.sh
-- Up-to-date symlink: /home/robotflow/dual_flexiv/install/flexiv_hardware/share/flexiv_hardware/local_setup.zsh
-- Up-to-date symlink: /home/robotflow/dual_flexiv/install/flexiv_hardware/share/flexiv_hardware/local_setup.dsv
-- Symlinking: /home/robotflow/dual_flexiv/install/flexiv_hardware/share/flexiv_hardware/package.dsv
-- Up-to-date symlink: /home/robotflow/dual_flexiv/install/flexiv_hardware/share/ament_index/resource_index/packages/flexiv_hardware
-- Up-to-date symlink: /home/robotflow/dual_flexiv/install/flexiv_hardware/share/ament_index/resource_index/hardware_interface__pluginlib__plugin/flexiv_hardware
-- Up-to-date symlink: /home/robotflow/dual_flexiv/install/flexiv_hardware/share/flexiv_hardware/cmake/ament_cmake_export_include_directories-extras.cmake
-- Up-to-date symlink: /home/robotflow/dual_flexiv/install/flexiv_hardware/share/flexiv_hardware/cmake/ament_cmake_export_libraries-extras.cmake
-- Up-to-date symlink: /home/robotflow/dual_flexiv/install/flexiv_hardware/share/flexiv_hardware/cmake/ament_cmake_export_dependencies-extras.cmake
-- Up-to-date symlink: /home/robotflow/dual_flexiv/install/flexiv_hardware/share/flexiv_hardware/cmake/flexiv_hardwareConfig.cmake
-- Up-to-date symlink: /home/robotflow/dual_flexiv/install/flexiv_hardware/share/flexiv_hardware/cmake/flexiv_hardwareConfig-version.cmake
-- Up-to-date symlink: /home/robotflow/dual_flexiv/install/flexiv_hardware/share/flexiv_hardware/package.xml
