[0.183s] DEBUG:colcon:Command line arguments: ['/usr/bin/colcon', 'build', '--symlink-install']
[0.183s] DEBUG:colcon:Parsed command line arguments: Namespace(allow_overriding=[], ament_cmake_args=None, base_paths=['.'], bazel_args=None, bazel_task=None, build_base='build', catkin_cmake_args=None, catkin_skip_building_tests=False, cmake_args=None, cmake_clean_cache=False, cmake_clean_first=False, cmake_force_configure=False, cmake_target=None, cmake_target_skip_unavailable=False, continue_on_error=False, event_handlers=None, executor='parallel', ignore_user_meta=False, install_base='install', log_base=None, log_level=None, main=<bound method BuildVerb.main of <colcon_core.verb.build.BuildVerb object at 0x7f56099db190>>, merge_install=False, metas=['./colcon.meta'], mixin=None, mixin_files=None, mixin_verb=('build',), packages_above=None, packages_above_and_dependencies=None, packages_above_depth=None, packages_end=None, packages_ignore=None, packages_ignore_regex=None, packages_select=None, packages_select_build_failed=False, packages_select_by_dep=None, packages_select_regex=None, packages_select_test_failures=False, packages_skip=None, packages_skip_build_finished=False, packages_skip_by_dep=None, packages_skip_regex=None, packages_skip_test_passed=False, packages_skip_up_to=None, packages_start=None, packages_up_to=None, packages_up_to_regex=None, parallel_workers=8, paths=None, symlink_install=True, test_result_base=None, verb_extension=<colcon_core.verb.build.BuildVerb object at 0x7f56099db190>, verb_name='build', verb_parser=<colcon_alias.argument_parser.alias.AliasArgumentDecorator object at 0x7f56099640d0>)
[0.218s] Level 1:colcon.colcon_core.package_discovery:discover_packages(colcon_meta) check parameters
[0.218s] Level 1:colcon.colcon_core.package_discovery:discover_packages(recursive) check parameters
[0.218s] Level 1:colcon.colcon_core.package_discovery:discover_packages(ignore) check parameters
[0.218s] Level 1:colcon.colcon_core.package_discovery:discover_packages(path) check parameters
[0.218s] Level 1:colcon.colcon_core.package_discovery:discover_packages(colcon_meta) discover
[0.218s] Level 1:colcon.colcon_core.package_discovery:discover_packages(recursive) discover
[0.218s] INFO:colcon.colcon_core.package_discovery:Crawling recursively for packages in '/home/robotflow/dual_flexiv'
[0.218s] Level 1:colcon.colcon_core.package_identification:_identify(.) by extensions ['ignore', 'ignore_ament_install']
[0.218s] Level 1:colcon.colcon_core.package_identification:_identify(.) by extension 'ignore'
[0.218s] Level 1:colcon.colcon_core.package_identification:_identify(.) by extension 'ignore_ament_install'
[0.218s] Level 1:colcon.colcon_core.package_identification:_identify(.) by extensions ['colcon_pkg']
[0.218s] Level 1:colcon.colcon_core.package_identification:_identify(.) by extension 'colcon_pkg'
[0.218s] Level 1:colcon.colcon_core.package_identification:_identify(.) by extensions ['colcon_meta']
[0.218s] Level 1:colcon.colcon_core.package_identification:_identify(.) by extension 'colcon_meta'
[0.218s] Level 1:colcon.colcon_core.package_identification:_identify(.) by extensions ['ros']
[0.218s] Level 1:colcon.colcon_core.package_identification:_identify(.) by extension 'ros'
[0.220s] Level 1:colcon.colcon_core.package_identification:_identify(.) by extensions ['bazel', 'cmake', 'python']
[0.221s] Level 1:colcon.colcon_core.package_identification:_identify(.) by extension 'bazel'
[0.221s] Level 1:colcon.colcon_core.package_identification:_identify(.) by extension 'cmake'
[0.221s] Level 1:colcon.colcon_core.package_identification:_identify(.) by extension 'python'
[0.221s] Level 1:colcon.colcon_core.package_identification:_identify(.) by extensions ['python_setup_py']
[0.221s] Level 1:colcon.colcon_core.package_identification:_identify(.) by extension 'python_setup_py'
[0.221s] Level 1:colcon.colcon_core.package_identification:_identify(build) by extensions ['ignore', 'ignore_ament_install']
[0.221s] Level 1:colcon.colcon_core.package_identification:_identify(build) by extension 'ignore'
[0.221s] Level 1:colcon.colcon_core.package_identification:_identify(build) ignored
[0.221s] Level 1:colcon.colcon_core.package_identification:_identify(install) by extensions ['ignore', 'ignore_ament_install']
[0.221s] Level 1:colcon.colcon_core.package_identification:_identify(install) by extension 'ignore'
[0.221s] Level 1:colcon.colcon_core.package_identification:_identify(install) ignored
[0.221s] Level 1:colcon.colcon_core.package_identification:_identify(log) by extensions ['ignore', 'ignore_ament_install']
[0.221s] Level 1:colcon.colcon_core.package_identification:_identify(log) by extension 'ignore'
[0.221s] Level 1:colcon.colcon_core.package_identification:_identify(log) ignored
[0.221s] Level 1:colcon.colcon_core.package_identification:_identify(src) by extensions ['ignore', 'ignore_ament_install']
[0.221s] Level 1:colcon.colcon_core.package_identification:_identify(src) by extension 'ignore'
[0.221s] Level 1:colcon.colcon_core.package_identification:_identify(src) by extension 'ignore_ament_install'
[0.221s] Level 1:colcon.colcon_core.package_identification:_identify(src) by extensions ['colcon_pkg']
[0.222s] Level 1:colcon.colcon_core.package_identification:_identify(src) by extension 'colcon_pkg'
[0.222s] Level 1:colcon.colcon_core.package_identification:_identify(src) by extensions ['colcon_meta']
[0.222s] Level 1:colcon.colcon_core.package_identification:_identify(src) by extension 'colcon_meta'
[0.222s] Level 1:colcon.colcon_core.package_identification:_identify(src) by extensions ['ros']
[0.222s] Level 1:colcon.colcon_core.package_identification:_identify(src) by extension 'ros'
[0.222s] Level 1:colcon.colcon_core.package_identification:_identify(src) by extensions ['bazel', 'cmake', 'python']
[0.222s] Level 1:colcon.colcon_core.package_identification:_identify(src) by extension 'bazel'
[0.222s] Level 1:colcon.colcon_core.package_identification:_identify(src) by extension 'cmake'
[0.222s] Level 1:colcon.colcon_core.package_identification:_identify(src) by extension 'python'
[0.222s] Level 1:colcon.colcon_core.package_identification:_identify(src) by extensions ['python_setup_py']
[0.222s] Level 1:colcon.colcon_core.package_identification:_identify(src) by extension 'python_setup_py'
[0.222s] Level 1:colcon.colcon_core.package_identification:_identify(src/flexiv_ros2) by extensions ['ignore', 'ignore_ament_install']
[0.222s] Level 1:colcon.colcon_core.package_identification:_identify(src/flexiv_ros2) by extension 'ignore'
[0.222s] Level 1:colcon.colcon_core.package_identification:_identify(src/flexiv_ros2) by extension 'ignore_ament_install'
[0.222s] Level 1:colcon.colcon_core.package_identification:_identify(src/flexiv_ros2) by extensions ['colcon_pkg']
[0.222s] Level 1:colcon.colcon_core.package_identification:_identify(src/flexiv_ros2) by extension 'colcon_pkg'
[0.222s] Level 1:colcon.colcon_core.package_identification:_identify(src/flexiv_ros2) by extensions ['colcon_meta']
[0.222s] Level 1:colcon.colcon_core.package_identification:_identify(src/flexiv_ros2) by extension 'colcon_meta'
[0.222s] Level 1:colcon.colcon_core.package_identification:_identify(src/flexiv_ros2) by extensions ['ros']
[0.222s] Level 1:colcon.colcon_core.package_identification:_identify(src/flexiv_ros2) by extension 'ros'
[0.222s] Level 1:colcon.colcon_core.package_identification:_identify(src/flexiv_ros2) by extensions ['bazel', 'cmake', 'python']
[0.222s] Level 1:colcon.colcon_core.package_identification:_identify(src/flexiv_ros2) by extension 'bazel'
[0.222s] Level 1:colcon.colcon_core.package_identification:_identify(src/flexiv_ros2) by extension 'cmake'
[0.222s] Level 1:colcon.colcon_core.package_identification:_identify(src/flexiv_ros2) by extension 'python'
[0.223s] Level 1:colcon.colcon_core.package_identification:_identify(src/flexiv_ros2) by extensions ['python_setup_py']
[0.223s] Level 1:colcon.colcon_core.package_identification:_identify(src/flexiv_ros2) by extension 'python_setup_py'
[0.223s] Level 1:colcon.colcon_core.package_identification:_identify(src/flexiv_ros2/flexiv_bringup) by extensions ['ignore', 'ignore_ament_install']
[0.223s] Level 1:colcon.colcon_core.package_identification:_identify(src/flexiv_ros2/flexiv_bringup) by extension 'ignore'
[0.223s] Level 1:colcon.colcon_core.package_identification:_identify(src/flexiv_ros2/flexiv_bringup) by extension 'ignore_ament_install'
[0.223s] Level 1:colcon.colcon_core.package_identification:_identify(src/flexiv_ros2/flexiv_bringup) by extensions ['colcon_pkg']
[0.223s] Level 1:colcon.colcon_core.package_identification:_identify(src/flexiv_ros2/flexiv_bringup) by extension 'colcon_pkg'
[0.223s] Level 1:colcon.colcon_core.package_identification:_identify(src/flexiv_ros2/flexiv_bringup) by extensions ['colcon_meta']
[0.223s] Level 1:colcon.colcon_core.package_identification:_identify(src/flexiv_ros2/flexiv_bringup) by extension 'colcon_meta'
[0.223s] Level 1:colcon.colcon_core.package_identification:_identify(src/flexiv_ros2/flexiv_bringup) by extensions ['ros']
[0.223s] Level 1:colcon.colcon_core.package_identification:_identify(src/flexiv_ros2/flexiv_bringup) by extension 'ros'
[0.225s] DEBUG:colcon.colcon_core.package_identification:Package 'src/flexiv_ros2/flexiv_bringup' with type 'ros.ament_cmake' and name 'flexiv_bringup'
[0.225s] Level 1:colcon.colcon_core.package_identification:_identify(src/flexiv_ros2/flexiv_controllers) by extensions ['ignore', 'ignore_ament_install']
[0.225s] Level 1:colcon.colcon_core.package_identification:_identify(src/flexiv_ros2/flexiv_controllers) by extension 'ignore'
[0.225s] Level 1:colcon.colcon_core.package_identification:_identify(src/flexiv_ros2/flexiv_controllers) by extension 'ignore_ament_install'
[0.225s] Level 1:colcon.colcon_core.package_identification:_identify(src/flexiv_ros2/flexiv_controllers) by extensions ['colcon_pkg']
[0.225s] Level 1:colcon.colcon_core.package_identification:_identify(src/flexiv_ros2/flexiv_controllers) by extension 'colcon_pkg'
[0.225s] Level 1:colcon.colcon_core.package_identification:_identify(src/flexiv_ros2/flexiv_controllers) by extensions ['colcon_meta']
[0.225s] Level 1:colcon.colcon_core.package_identification:_identify(src/flexiv_ros2/flexiv_controllers) by extension 'colcon_meta'
[0.225s] Level 1:colcon.colcon_core.package_identification:_identify(src/flexiv_ros2/flexiv_controllers) by extensions ['ros']
[0.225s] Level 1:colcon.colcon_core.package_identification:_identify(src/flexiv_ros2/flexiv_controllers) by extension 'ros'
[0.226s] DEBUG:colcon.colcon_core.package_identification:Package 'src/flexiv_ros2/flexiv_controllers' with type 'ros.ament_cmake' and name 'flexiv_controllers'
[0.226s] Level 1:colcon.colcon_core.package_identification:_identify(src/flexiv_ros2/flexiv_description) by extensions ['ignore', 'ignore_ament_install']
[0.226s] Level 1:colcon.colcon_core.package_identification:_identify(src/flexiv_ros2/flexiv_description) by extension 'ignore'
[0.226s] Level 1:colcon.colcon_core.package_identification:_identify(src/flexiv_ros2/flexiv_description) by extension 'ignore_ament_install'
[0.226s] Level 1:colcon.colcon_core.package_identification:_identify(src/flexiv_ros2/flexiv_description) by extensions ['colcon_pkg']
[0.226s] Level 1:colcon.colcon_core.package_identification:_identify(src/flexiv_ros2/flexiv_description) by extension 'colcon_pkg'
[0.226s] Level 1:colcon.colcon_core.package_identification:_identify(src/flexiv_ros2/flexiv_description) by extensions ['colcon_meta']
[0.226s] Level 1:colcon.colcon_core.package_identification:_identify(src/flexiv_ros2/flexiv_description) by extension 'colcon_meta'
[0.227s] Level 1:colcon.colcon_core.package_identification:_identify(src/flexiv_ros2/flexiv_description) by extensions ['ros']
[0.227s] Level 1:colcon.colcon_core.package_identification:_identify(src/flexiv_ros2/flexiv_description) by extension 'ros'
[0.227s] DEBUG:colcon.colcon_core.package_identification:Package 'src/flexiv_ros2/flexiv_description' with type 'ros.ament_cmake' and name 'flexiv_description'
[0.227s] Level 1:colcon.colcon_core.package_identification:_identify(src/flexiv_ros2/flexiv_hardware) by extensions ['ignore', 'ignore_ament_install']
[0.227s] Level 1:colcon.colcon_core.package_identification:_identify(src/flexiv_ros2/flexiv_hardware) by extension 'ignore'
[0.227s] Level 1:colcon.colcon_core.package_identification:_identify(src/flexiv_ros2/flexiv_hardware) by extension 'ignore_ament_install'
[0.227s] Level 1:colcon.colcon_core.package_identification:_identify(src/flexiv_ros2/flexiv_hardware) by extensions ['colcon_pkg']
[0.227s] Level 1:colcon.colcon_core.package_identification:_identify(src/flexiv_ros2/flexiv_hardware) by extension 'colcon_pkg'
[0.227s] Level 1:colcon.colcon_core.package_identification:_identify(src/flexiv_ros2/flexiv_hardware) by extensions ['colcon_meta']
[0.227s] Level 1:colcon.colcon_core.package_identification:_identify(src/flexiv_ros2/flexiv_hardware) by extension 'colcon_meta'
[0.227s] Level 1:colcon.colcon_core.package_identification:_identify(src/flexiv_ros2/flexiv_hardware) by extensions ['ros']
[0.227s] Level 1:colcon.colcon_core.package_identification:_identify(src/flexiv_ros2/flexiv_hardware) by extension 'ros'
[0.228s] DEBUG:colcon.colcon_core.package_identification:Package 'src/flexiv_ros2/flexiv_hardware' with type 'ros.ament_cmake' and name 'flexiv_hardware'
[0.228s] Level 1:colcon.colcon_core.package_identification:_identify(src/flexiv_ros2/flexiv_moveit_config) by extensions ['ignore', 'ignore_ament_install']
[0.228s] Level 1:colcon.colcon_core.package_identification:_identify(src/flexiv_ros2/flexiv_moveit_config) by extension 'ignore'
[0.228s] Level 1:colcon.colcon_core.package_identification:_identify(src/flexiv_ros2/flexiv_moveit_config) by extension 'ignore_ament_install'
[0.228s] Level 1:colcon.colcon_core.package_identification:_identify(src/flexiv_ros2/flexiv_moveit_config) by extensions ['colcon_pkg']
[0.228s] Level 1:colcon.colcon_core.package_identification:_identify(src/flexiv_ros2/flexiv_moveit_config) by extension 'colcon_pkg'
[0.228s] Level 1:colcon.colcon_core.package_identification:_identify(src/flexiv_ros2/flexiv_moveit_config) by extensions ['colcon_meta']
[0.228s] Level 1:colcon.colcon_core.package_identification:_identify(src/flexiv_ros2/flexiv_moveit_config) by extension 'colcon_meta'
[0.228s] Level 1:colcon.colcon_core.package_identification:_identify(src/flexiv_ros2/flexiv_moveit_config) by extensions ['ros']
[0.228s] Level 1:colcon.colcon_core.package_identification:_identify(src/flexiv_ros2/flexiv_moveit_config) by extension 'ros'
[0.229s] DEBUG:colcon.colcon_core.package_identification:Package 'src/flexiv_ros2/flexiv_moveit_config' with type 'ros.ament_cmake' and name 'flexiv_moveit_config'
[0.229s] Level 1:colcon.colcon_core.package_identification:_identify(src/flexiv_ros2/flexiv_msgs) by extensions ['ignore', 'ignore_ament_install']
[0.229s] Level 1:colcon.colcon_core.package_identification:_identify(src/flexiv_ros2/flexiv_msgs) by extension 'ignore'
[0.229s] Level 1:colcon.colcon_core.package_identification:_identify(src/flexiv_ros2/flexiv_msgs) by extension 'ignore_ament_install'
[0.229s] Level 1:colcon.colcon_core.package_identification:_identify(src/flexiv_ros2/flexiv_msgs) by extensions ['colcon_pkg']
[0.229s] Level 1:colcon.colcon_core.package_identification:_identify(src/flexiv_ros2/flexiv_msgs) by extension 'colcon_pkg'
[0.229s] Level 1:colcon.colcon_core.package_identification:_identify(src/flexiv_ros2/flexiv_msgs) by extensions ['colcon_meta']
[0.229s] Level 1:colcon.colcon_core.package_identification:_identify(src/flexiv_ros2/flexiv_msgs) by extension 'colcon_meta'
[0.229s] Level 1:colcon.colcon_core.package_identification:_identify(src/flexiv_ros2/flexiv_msgs) by extensions ['ros']
[0.229s] Level 1:colcon.colcon_core.package_identification:_identify(src/flexiv_ros2/flexiv_msgs) by extension 'ros'
[0.230s] DEBUG:colcon.colcon_core.package_identification:Package 'src/flexiv_ros2/flexiv_msgs' with type 'ros.ament_cmake' and name 'flexiv_msgs'
[0.230s] Level 1:colcon.colcon_core.package_identification:_identify(src/flexiv_ros2/flexiv_test_nodes) by extensions ['ignore', 'ignore_ament_install']
[0.230s] Level 1:colcon.colcon_core.package_identification:_identify(src/flexiv_ros2/flexiv_test_nodes) by extension 'ignore'
[0.230s] Level 1:colcon.colcon_core.package_identification:_identify(src/flexiv_ros2/flexiv_test_nodes) by extension 'ignore_ament_install'
[0.230s] Level 1:colcon.colcon_core.package_identification:_identify(src/flexiv_ros2/flexiv_test_nodes) by extensions ['colcon_pkg']
[0.230s] Level 1:colcon.colcon_core.package_identification:_identify(src/flexiv_ros2/flexiv_test_nodes) by extension 'colcon_pkg'
[0.230s] Level 1:colcon.colcon_core.package_identification:_identify(src/flexiv_ros2/flexiv_test_nodes) by extensions ['colcon_meta']
[0.230s] Level 1:colcon.colcon_core.package_identification:_identify(src/flexiv_ros2/flexiv_test_nodes) by extension 'colcon_meta'
[0.230s] Level 1:colcon.colcon_core.package_identification:_identify(src/flexiv_ros2/flexiv_test_nodes) by extensions ['ros']
[0.230s] Level 1:colcon.colcon_core.package_identification:_identify(src/flexiv_ros2/flexiv_test_nodes) by extension 'ros'
[0.231s] DEBUG:colcon.colcon_core.package_identification:Package 'src/flexiv_ros2/flexiv_test_nodes' with type 'ros.ament_python' and name 'flexiv_test_nodes'
[0.231s] Level 1:colcon.colcon_core.package_discovery:discover_packages(recursive) using defaults
[0.231s] Level 1:colcon.colcon_core.package_discovery:discover_packages(ignore) discover
[0.231s] Level 1:colcon.colcon_core.package_discovery:discover_packages(ignore) using defaults
[0.231s] Level 1:colcon.colcon_core.package_discovery:discover_packages(path) discover
[0.231s] Level 1:colcon.colcon_core.package_discovery:discover_packages(path) using defaults
[0.249s] Level 1:colcon.colcon_core.package_discovery:discover_packages(prefix_path) check parameters
[0.249s] Level 1:colcon.colcon_core.package_discovery:discover_packages(prefix_path) discover
[0.252s] DEBUG:colcon.colcon_installed_package_information.package_discovery:Found 323 installed packages in /opt/ros/foxy
[0.254s] Level 1:colcon.colcon_core.package_discovery:discover_packages(prefix_path) using defaults
[0.325s] Level 5:colcon.colcon_core.verb:set package 'flexiv_description' build argument 'bazel_args' from command line to 'None'
[0.325s] Level 5:colcon.colcon_core.verb:set package 'flexiv_description' build argument 'bazel_task' from command line to 'None'
[0.325s] Level 5:colcon.colcon_core.verb:set package 'flexiv_description' build argument 'cmake_args' from command line to 'None'
[0.325s] Level 5:colcon.colcon_core.verb:set package 'flexiv_description' build argument 'cmake_target' from command line to 'None'
[0.325s] Level 5:colcon.colcon_core.verb:set package 'flexiv_description' build argument 'cmake_target_skip_unavailable' from command line to 'False'
[0.325s] Level 5:colcon.colcon_core.verb:set package 'flexiv_description' build argument 'cmake_clean_cache' from command line to 'False'
[0.325s] Level 5:colcon.colcon_core.verb:set package 'flexiv_description' build argument 'cmake_clean_first' from command line to 'False'
[0.325s] Level 5:colcon.colcon_core.verb:set package 'flexiv_description' build argument 'cmake_force_configure' from command line to 'False'
[0.325s] Level 5:colcon.colcon_core.verb:set package 'flexiv_description' build argument 'ament_cmake_args' from command line to 'None'
[0.325s] Level 5:colcon.colcon_core.verb:set package 'flexiv_description' build argument 'catkin_cmake_args' from command line to 'None'
[0.325s] Level 5:colcon.colcon_core.verb:set package 'flexiv_description' build argument 'catkin_skip_building_tests' from command line to 'False'
[0.325s] DEBUG:colcon.colcon_core.verb:Building package 'flexiv_description' with the following arguments: {'ament_cmake_args': None, 'bazel_args': None, 'bazel_task': None, 'build_base': '/home/robotflow/dual_flexiv/build/flexiv_description', 'catkin_cmake_args': None, 'catkin_skip_building_tests': False, 'cmake_args': None, 'cmake_clean_cache': False, 'cmake_clean_first': False, 'cmake_force_configure': False, 'cmake_target': None, 'cmake_target_skip_unavailable': False, 'install_base': '/home/robotflow/dual_flexiv/install/flexiv_description', 'merge_install': False, 'path': '/home/robotflow/dual_flexiv/src/flexiv_ros2/flexiv_description', 'symlink_install': True, 'test_result_base': None}
[0.326s] Level 5:colcon.colcon_core.verb:set package 'flexiv_hardware' build argument 'bazel_args' from command line to 'None'
[0.326s] Level 5:colcon.colcon_core.verb:set package 'flexiv_hardware' build argument 'bazel_task' from command line to 'None'
[0.327s] Level 5:colcon.colcon_core.verb:set package 'flexiv_hardware' build argument 'cmake_args' from command line to 'None'
[0.327s] Level 5:colcon.colcon_core.verb:set package 'flexiv_hardware' build argument 'cmake_target' from command line to 'None'
[0.327s] Level 5:colcon.colcon_core.verb:set package 'flexiv_hardware' build argument 'cmake_target_skip_unavailable' from command line to 'False'
[0.327s] Level 5:colcon.colcon_core.verb:set package 'flexiv_hardware' build argument 'cmake_clean_cache' from command line to 'False'
[0.327s] Level 5:colcon.colcon_core.verb:set package 'flexiv_hardware' build argument 'cmake_clean_first' from command line to 'False'
[0.327s] Level 5:colcon.colcon_core.verb:set package 'flexiv_hardware' build argument 'cmake_force_configure' from command line to 'False'
[0.327s] Level 5:colcon.colcon_core.verb:set package 'flexiv_hardware' build argument 'ament_cmake_args' from command line to 'None'
[0.327s] Level 5:colcon.colcon_core.verb:set package 'flexiv_hardware' build argument 'catkin_cmake_args' from command line to 'None'
[0.327s] Level 5:colcon.colcon_core.verb:set package 'flexiv_hardware' build argument 'catkin_skip_building_tests' from command line to 'False'
[0.327s] DEBUG:colcon.colcon_core.verb:Building package 'flexiv_hardware' with the following arguments: {'ament_cmake_args': None, 'bazel_args': None, 'bazel_task': None, 'build_base': '/home/robotflow/dual_flexiv/build/flexiv_hardware', 'catkin_cmake_args': None, 'catkin_skip_building_tests': False, 'cmake_args': None, 'cmake_clean_cache': False, 'cmake_clean_first': False, 'cmake_force_configure': False, 'cmake_target': None, 'cmake_target_skip_unavailable': False, 'install_base': '/home/robotflow/dual_flexiv/install/flexiv_hardware', 'merge_install': False, 'path': '/home/robotflow/dual_flexiv/src/flexiv_ros2/flexiv_hardware', 'symlink_install': True, 'test_result_base': None}
[0.328s] Level 5:colcon.colcon_core.verb:set package 'flexiv_msgs' build argument 'bazel_args' from command line to 'None'
[0.328s] Level 5:colcon.colcon_core.verb:set package 'flexiv_msgs' build argument 'bazel_task' from command line to 'None'
[0.328s] Level 5:colcon.colcon_core.verb:set package 'flexiv_msgs' build argument 'cmake_args' from command line to 'None'
[0.328s] Level 5:colcon.colcon_core.verb:set package 'flexiv_msgs' build argument 'cmake_target' from command line to 'None'
[0.328s] Level 5:colcon.colcon_core.verb:set package 'flexiv_msgs' build argument 'cmake_target_skip_unavailable' from command line to 'False'
[0.328s] Level 5:colcon.colcon_core.verb:set package 'flexiv_msgs' build argument 'cmake_clean_cache' from command line to 'False'
[0.328s] Level 5:colcon.colcon_core.verb:set package 'flexiv_msgs' build argument 'cmake_clean_first' from command line to 'False'
[0.328s] Level 5:colcon.colcon_core.verb:set package 'flexiv_msgs' build argument 'cmake_force_configure' from command line to 'False'
[0.328s] Level 5:colcon.colcon_core.verb:set package 'flexiv_msgs' build argument 'ament_cmake_args' from command line to 'None'
[0.328s] Level 5:colcon.colcon_core.verb:set package 'flexiv_msgs' build argument 'catkin_cmake_args' from command line to 'None'
[0.328s] Level 5:colcon.colcon_core.verb:set package 'flexiv_msgs' build argument 'catkin_skip_building_tests' from command line to 'False'
[0.328s] DEBUG:colcon.colcon_core.verb:Building package 'flexiv_msgs' with the following arguments: {'ament_cmake_args': None, 'bazel_args': None, 'bazel_task': None, 'build_base': '/home/robotflow/dual_flexiv/build/flexiv_msgs', 'catkin_cmake_args': None, 'catkin_skip_building_tests': False, 'cmake_args': None, 'cmake_clean_cache': False, 'cmake_clean_first': False, 'cmake_force_configure': False, 'cmake_target': None, 'cmake_target_skip_unavailable': False, 'install_base': '/home/robotflow/dual_flexiv/install/flexiv_msgs', 'merge_install': False, 'path': '/home/robotflow/dual_flexiv/src/flexiv_ros2/flexiv_msgs', 'symlink_install': True, 'test_result_base': None}
[0.330s] Level 5:colcon.colcon_core.verb:set package 'flexiv_test_nodes' build argument 'bazel_args' from command line to 'None'
[0.330s] Level 5:colcon.colcon_core.verb:set package 'flexiv_test_nodes' build argument 'bazel_task' from command line to 'None'
[0.330s] Level 5:colcon.colcon_core.verb:set package 'flexiv_test_nodes' build argument 'cmake_args' from command line to 'None'
[0.330s] Level 5:colcon.colcon_core.verb:set package 'flexiv_test_nodes' build argument 'cmake_target' from command line to 'None'
[0.330s] Level 5:colcon.colcon_core.verb:set package 'flexiv_test_nodes' build argument 'cmake_target_skip_unavailable' from command line to 'False'
[0.330s] Level 5:colcon.colcon_core.verb:set package 'flexiv_test_nodes' build argument 'cmake_clean_cache' from command line to 'False'
[0.330s] Level 5:colcon.colcon_core.verb:set package 'flexiv_test_nodes' build argument 'cmake_clean_first' from command line to 'False'
[0.330s] Level 5:colcon.colcon_core.verb:set package 'flexiv_test_nodes' build argument 'cmake_force_configure' from command line to 'False'
[0.330s] Level 5:colcon.colcon_core.verb:set package 'flexiv_test_nodes' build argument 'ament_cmake_args' from command line to 'None'
[0.330s] Level 5:colcon.colcon_core.verb:set package 'flexiv_test_nodes' build argument 'catkin_cmake_args' from command line to 'None'
[0.330s] Level 5:colcon.colcon_core.verb:set package 'flexiv_test_nodes' build argument 'catkin_skip_building_tests' from command line to 'False'
[0.330s] DEBUG:colcon.colcon_core.verb:Building package 'flexiv_test_nodes' with the following arguments: {'ament_cmake_args': None, 'bazel_args': None, 'bazel_task': None, 'build_base': '/home/robotflow/dual_flexiv/build/flexiv_test_nodes', 'catkin_cmake_args': None, 'catkin_skip_building_tests': False, 'cmake_args': None, 'cmake_clean_cache': False, 'cmake_clean_first': False, 'cmake_force_configure': False, 'cmake_target': None, 'cmake_target_skip_unavailable': False, 'install_base': '/home/robotflow/dual_flexiv/install/flexiv_test_nodes', 'merge_install': False, 'path': '/home/robotflow/dual_flexiv/src/flexiv_ros2/flexiv_test_nodes', 'symlink_install': True, 'test_result_base': None}
[0.331s] Level 5:colcon.colcon_core.verb:set package 'flexiv_bringup' build argument 'bazel_args' from command line to 'None'
[0.331s] Level 5:colcon.colcon_core.verb:set package 'flexiv_bringup' build argument 'bazel_task' from command line to 'None'
[0.331s] Level 5:colcon.colcon_core.verb:set package 'flexiv_bringup' build argument 'cmake_args' from command line to 'None'
[0.331s] Level 5:colcon.colcon_core.verb:set package 'flexiv_bringup' build argument 'cmake_target' from command line to 'None'
[0.331s] Level 5:colcon.colcon_core.verb:set package 'flexiv_bringup' build argument 'cmake_target_skip_unavailable' from command line to 'False'
[0.332s] Level 5:colcon.colcon_core.verb:set package 'flexiv_bringup' build argument 'cmake_clean_cache' from command line to 'False'
[0.332s] Level 5:colcon.colcon_core.verb:set package 'flexiv_bringup' build argument 'cmake_clean_first' from command line to 'False'
[0.332s] Level 5:colcon.colcon_core.verb:set package 'flexiv_bringup' build argument 'cmake_force_configure' from command line to 'False'
[0.332s] Level 5:colcon.colcon_core.verb:set package 'flexiv_bringup' build argument 'ament_cmake_args' from command line to 'None'
[0.332s] Level 5:colcon.colcon_core.verb:set package 'flexiv_bringup' build argument 'catkin_cmake_args' from command line to 'None'
[0.332s] Level 5:colcon.colcon_core.verb:set package 'flexiv_bringup' build argument 'catkin_skip_building_tests' from command line to 'False'
[0.332s] DEBUG:colcon.colcon_core.verb:Building package 'flexiv_bringup' with the following arguments: {'ament_cmake_args': None, 'bazel_args': None, 'bazel_task': None, 'build_base': '/home/robotflow/dual_flexiv/build/flexiv_bringup', 'catkin_cmake_args': None, 'catkin_skip_building_tests': False, 'cmake_args': None, 'cmake_clean_cache': False, 'cmake_clean_first': False, 'cmake_force_configure': False, 'cmake_target': None, 'cmake_target_skip_unavailable': False, 'install_base': '/home/robotflow/dual_flexiv/install/flexiv_bringup', 'merge_install': False, 'path': '/home/robotflow/dual_flexiv/src/flexiv_ros2/flexiv_bringup', 'symlink_install': True, 'test_result_base': None}
[0.333s] Level 5:colcon.colcon_core.verb:set package 'flexiv_controllers' build argument 'bazel_args' from command line to 'None'
[0.333s] Level 5:colcon.colcon_core.verb:set package 'flexiv_controllers' build argument 'bazel_task' from command line to 'None'
[0.333s] Level 5:colcon.colcon_core.verb:set package 'flexiv_controllers' build argument 'cmake_args' from command line to 'None'
[0.333s] Level 5:colcon.colcon_core.verb:set package 'flexiv_controllers' build argument 'cmake_target' from command line to 'None'
[0.333s] Level 5:colcon.colcon_core.verb:set package 'flexiv_controllers' build argument 'cmake_target_skip_unavailable' from command line to 'False'
[0.333s] Level 5:colcon.colcon_core.verb:set package 'flexiv_controllers' build argument 'cmake_clean_cache' from command line to 'False'
[0.333s] Level 5:colcon.colcon_core.verb:set package 'flexiv_controllers' build argument 'cmake_clean_first' from command line to 'False'
[0.333s] Level 5:colcon.colcon_core.verb:set package 'flexiv_controllers' build argument 'cmake_force_configure' from command line to 'False'
[0.333s] Level 5:colcon.colcon_core.verb:set package 'flexiv_controllers' build argument 'ament_cmake_args' from command line to 'None'
[0.333s] Level 5:colcon.colcon_core.verb:set package 'flexiv_controllers' build argument 'catkin_cmake_args' from command line to 'None'
[0.333s] Level 5:colcon.colcon_core.verb:set package 'flexiv_controllers' build argument 'catkin_skip_building_tests' from command line to 'False'
[0.333s] DEBUG:colcon.colcon_core.verb:Building package 'flexiv_controllers' with the following arguments: {'ament_cmake_args': None, 'bazel_args': None, 'bazel_task': None, 'build_base': '/home/robotflow/dual_flexiv/build/flexiv_controllers', 'catkin_cmake_args': None, 'catkin_skip_building_tests': False, 'cmake_args': None, 'cmake_clean_cache': False, 'cmake_clean_first': False, 'cmake_force_configure': False, 'cmake_target': None, 'cmake_target_skip_unavailable': False, 'install_base': '/home/robotflow/dual_flexiv/install/flexiv_controllers', 'merge_install': False, 'path': '/home/robotflow/dual_flexiv/src/flexiv_ros2/flexiv_controllers', 'symlink_install': True, 'test_result_base': None}
[0.335s] Level 5:colcon.colcon_core.verb:set package 'flexiv_moveit_config' build argument 'bazel_args' from command line to 'None'
[0.335s] Level 5:colcon.colcon_core.verb:set package 'flexiv_moveit_config' build argument 'bazel_task' from command line to 'None'
[0.335s] Level 5:colcon.colcon_core.verb:set package 'flexiv_moveit_config' build argument 'cmake_args' from command line to 'None'
[0.335s] Level 5:colcon.colcon_core.verb:set package 'flexiv_moveit_config' build argument 'cmake_target' from command line to 'None'
[0.335s] Level 5:colcon.colcon_core.verb:set package 'flexiv_moveit_config' build argument 'cmake_target_skip_unavailable' from command line to 'False'
[0.335s] Level 5:colcon.colcon_core.verb:set package 'flexiv_moveit_config' build argument 'cmake_clean_cache' from command line to 'False'
[0.335s] Level 5:colcon.colcon_core.verb:set package 'flexiv_moveit_config' build argument 'cmake_clean_first' from command line to 'False'
[0.335s] Level 5:colcon.colcon_core.verb:set package 'flexiv_moveit_config' build argument 'cmake_force_configure' from command line to 'False'
[0.335s] Level 5:colcon.colcon_core.verb:set package 'flexiv_moveit_config' build argument 'ament_cmake_args' from command line to 'None'
[0.335s] Level 5:colcon.colcon_core.verb:set package 'flexiv_moveit_config' build argument 'catkin_cmake_args' from command line to 'None'
[0.335s] Level 5:colcon.colcon_core.verb:set package 'flexiv_moveit_config' build argument 'catkin_skip_building_tests' from command line to 'False'
[0.335s] DEBUG:colcon.colcon_core.verb:Building package 'flexiv_moveit_config' with the following arguments: {'ament_cmake_args': None, 'bazel_args': None, 'bazel_task': None, 'build_base': '/home/robotflow/dual_flexiv/build/flexiv_moveit_config', 'catkin_cmake_args': None, 'catkin_skip_building_tests': False, 'cmake_args': None, 'cmake_clean_cache': False, 'cmake_clean_first': False, 'cmake_force_configure': False, 'cmake_target': None, 'cmake_target_skip_unavailable': False, 'install_base': '/home/robotflow/dual_flexiv/install/flexiv_moveit_config', 'merge_install': False, 'path': '/home/robotflow/dual_flexiv/src/flexiv_ros2/flexiv_moveit_config', 'symlink_install': True, 'test_result_base': None}
[0.336s] INFO:colcon.colcon_core.executor:Executing jobs using 'parallel' executor
[0.340s] DEBUG:colcon.colcon_parallel_executor.executor.parallel:run_until_complete
[0.340s] INFO:colcon.colcon_ros.task.ament_cmake.build:Building ROS package in '/home/robotflow/dual_flexiv/src/flexiv_ros2/flexiv_description' with build type 'ament_cmake'
[0.341s] INFO:colcon.colcon_cmake.task.cmake.build:Building CMake package in '/home/robotflow/dual_flexiv/src/flexiv_ros2/flexiv_description'
[0.344s] INFO:colcon.colcon_core.plugin_system:Skipping extension 'colcon_core.shell.bat': Not used on non-Windows systems
[0.345s] INFO:colcon.colcon_core.shell:Skip shell extension 'powershell' for command environment: Not usable outside of PowerShell
[0.345s] DEBUG:colcon.colcon_core.shell:Skip shell extension 'dsv' for command environment
[0.349s] INFO:colcon.colcon_ros.task.ament_cmake.build:Building ROS package in '/home/robotflow/dual_flexiv/src/flexiv_ros2/flexiv_hardware' with build type 'ament_cmake'
[0.349s] INFO:colcon.colcon_cmake.task.cmake.build:Building CMake package in '/home/robotflow/dual_flexiv/src/flexiv_ros2/flexiv_hardware'
[0.350s] INFO:colcon.colcon_core.shell:Skip shell extension 'powershell' for command environment: Not usable outside of PowerShell
[0.350s] DEBUG:colcon.colcon_core.shell:Skip shell extension 'dsv' for command environment
[0.354s] INFO:colcon.colcon_ros.task.ament_cmake.build:Building ROS package in '/home/robotflow/dual_flexiv/src/flexiv_ros2/flexiv_msgs' with build type 'ament_cmake'
[0.355s] INFO:colcon.colcon_cmake.task.cmake.build:Building CMake package in '/home/robotflow/dual_flexiv/src/flexiv_ros2/flexiv_msgs'
[0.356s] INFO:colcon.colcon_core.shell:Skip shell extension 'powershell' for command environment: Not usable outside of PowerShell
[0.356s] DEBUG:colcon.colcon_core.shell:Skip shell extension 'dsv' for command environment
[0.360s] INFO:colcon.colcon_ros.task.ament_python.build:Building ROS package in '/home/robotflow/dual_flexiv/src/flexiv_ros2/flexiv_test_nodes' with build type 'ament_python'
[0.361s] Level 1:colcon.colcon_core.shell:create_environment_hook('flexiv_test_nodes', 'ament_prefix_path')
[0.362s] INFO:colcon.colcon_core.shell:Creating environment hook '/home/robotflow/dual_flexiv/install/flexiv_test_nodes/share/flexiv_test_nodes/hook/ament_prefix_path.ps1'
[0.363s] INFO:colcon.colcon_core.shell:Creating environment descriptor '/home/robotflow/dual_flexiv/install/flexiv_test_nodes/share/flexiv_test_nodes/hook/ament_prefix_path.dsv'
[0.363s] INFO:colcon.colcon_core.shell:Creating environment hook '/home/robotflow/dual_flexiv/install/flexiv_test_nodes/share/flexiv_test_nodes/hook/ament_prefix_path.sh'
[0.365s] INFO:colcon.colcon_core.shell:Skip shell extension 'powershell' for command environment: Not usable outside of PowerShell
[0.365s] DEBUG:colcon.colcon_core.shell:Skip shell extension 'dsv' for command environment
[0.374s] DEBUG:colcon.colcon_core.event_handler.log_command:Invoking command in '/home/robotflow/dual_flexiv/build/flexiv_description': CMAKE_PREFIX_PATH=/opt/ros/foxy /usr/bin/cmake /home/robotflow/dual_flexiv/src/flexiv_ros2/flexiv_description -DAMENT_CMAKE_SYMLINK_INSTALL=1 -DCMAKE_INSTALL_PREFIX=/home/robotflow/dual_flexiv/install/flexiv_description
[0.377s] DEBUG:colcon.colcon_core.event_handler.log_command:Invoking command in '/home/robotflow/dual_flexiv/build/flexiv_hardware': CMAKE_PREFIX_PATH=/opt/ros/foxy /usr/bin/cmake /home/robotflow/dual_flexiv/src/flexiv_ros2/flexiv_hardware -DAMENT_CMAKE_SYMLINK_INSTALL=1 -DCMAKE_INSTALL_PREFIX=/home/robotflow/dual_flexiv/install/flexiv_hardware
[0.380s] DEBUG:colcon.colcon_core.event_handler.log_command:Invoking command in '/home/robotflow/dual_flexiv/build/flexiv_msgs': CMAKE_PREFIX_PATH=/opt/ros/foxy /usr/bin/cmake /home/robotflow/dual_flexiv/src/flexiv_ros2/flexiv_msgs -DAMENT_CMAKE_SYMLINK_INSTALL=1 -DCMAKE_INSTALL_PREFIX=/home/robotflow/dual_flexiv/install/flexiv_msgs
[0.626s] INFO:colcon.colcon_core.task.python.build:Building Python package in '/home/robotflow/dual_flexiv/src/flexiv_ros2/flexiv_test_nodes'
[0.628s] INFO:colcon.colcon_core.shell:Skip shell extension 'powershell' for command environment: Not usable outside of PowerShell
[0.628s] DEBUG:colcon.colcon_core.shell:Skip shell extension 'dsv' for command environment
[2.355s] DEBUG:colcon.colcon_parallel_executor.executor.parallel:closing loop
[2.356s] DEBUG:colcon.colcon_parallel_executor.executor.parallel:loop closed
[2.356s] DEBUG:colcon.colcon_parallel_executor.executor.parallel:run_until_complete finished with 'Expected ['/usr/bin/python3', 'setup.py', '--help-commands'] to pass: Traceback (most recent call last):
  File "setup.py", line 7, in <module>
    setup(
  File "/usr/lib/python3/dist-packages/setuptools/__init__.py", line 144, in setup
    return distutils.core.setup(**attrs)
  File "/usr/lib/python3.8/distutils/core.py", line 134, in setup
    ok = dist.parse_command_line()
  File "/usr/lib/python3/dist-packages/setuptools/dist.py", line 707, in parse_command_line
    result = _Distribution.parse_command_line(self)
  File "/usr/lib/python3.8/distutils/dist.py", line 480, in parse_command_line
    if self.handle_display_options(option_order):
  File "/usr/lib/python3/dist-packages/setuptools/dist.py", line 1092, in handle_display_options
    return _Distribution.handle_display_options(self, option_order)
  File "/usr/lib/python3.8/distutils/dist.py", line 683, in handle_display_options
    self.print_commands()
  File "/usr/lib/python3/dist-packages/setuptools/dist.py", line 843, in print_commands
    cmdclass = ep.resolve()
  File "/usr/lib/python3/dist-packages/pkg_resources/__init__.py", line 2451, in resolve
    module = __import__(self.module_name, fromlist=['__name__'], level=0)
  File "/usr/lib/python3/dist-packages/sphinx/setup_command.py", line 23, in <module>
    from sphinx.application import Sphinx
  File "/usr/lib/python3/dist-packages/sphinx/application.py", line 48, in <module>
    from sphinx.util.tags import Tags
  File "/usr/lib/python3/dist-packages/sphinx/util/tags.py", line 11, in <module>
    from jinja2 import nodes
  File "/usr/lib/python3/dist-packages/jinja2/__init__.py", line 33, in <module>
    from jinja2.environment import Environment, Template
  File "/usr/lib/python3/dist-packages/jinja2/environment.py", line 15, in <module>
    from jinja2 import nodes
  File "/usr/lib/python3/dist-packages/jinja2/nodes.py", line 23, in <module>
    from jinja2.utils import Markup
  File "/usr/lib/python3/dist-packages/jinja2/utils.py", line 656, in <module>
    from markupsafe import Markup, escape, soft_unicode
ImportError: cannot import name 'soft_unicode' from 'markupsafe' (/usr/local/lib/python3.8/dist-packages/markupsafe/__init__.py)
'
[2.356s] DEBUG:colcon.colcon_core.event_reactor:joining thread
[2.362s] INFO:colcon.colcon_core.plugin_system:Skipping extension 'colcon_notification.desktop_notification.terminal_notifier': Not used on non-Darwin systems
[2.362s] INFO:colcon.colcon_core.plugin_system:Skipping extension 'colcon_notification.desktop_notification.win32': Not used on non-Windows systems
[2.362s] INFO:colcon.colcon_notification.desktop_notification:Sending desktop notification using 'notify2'
[2.379s] DEBUG:colcon.colcon_core.event_reactor:joined thread
[2.381s] INFO:colcon.colcon_core.shell:Creating prefix script '/home/robotflow/dual_flexiv/install/local_setup.ps1'
[2.382s] INFO:colcon.colcon_core.shell:Creating prefix util module '/home/robotflow/dual_flexiv/install/_local_setup_util_ps1.py'
[2.384s] INFO:colcon.colcon_core.shell:Creating prefix chain script '/home/robotflow/dual_flexiv/install/setup.ps1'
[2.386s] INFO:colcon.colcon_core.shell:Creating prefix script '/home/robotflow/dual_flexiv/install/local_setup.sh'
[2.386s] INFO:colcon.colcon_core.shell:Creating prefix util module '/home/robotflow/dual_flexiv/install/_local_setup_util_sh.py'
[2.387s] INFO:colcon.colcon_core.shell:Creating prefix chain script '/home/robotflow/dual_flexiv/install/setup.sh'
[2.389s] INFO:colcon.colcon_core.shell:Creating prefix script '/home/robotflow/dual_flexiv/install/local_setup.bash'
[2.389s] INFO:colcon.colcon_core.shell:Creating prefix chain script '/home/robotflow/dual_flexiv/install/setup.bash'
[2.391s] INFO:colcon.colcon_core.shell:Creating prefix script '/home/robotflow/dual_flexiv/install/local_setup.zsh'
[2.391s] INFO:colcon.colcon_core.shell:Creating prefix chain script '/home/robotflow/dual_flexiv/install/setup.zsh'
