-- Install configuration: ""
-- Execute custom install script
-- Symlinking: /home/robotflow/dual_flexiv/install/flexiv_description/share/flexiv_description//config/initial_positions.yaml
-- Symlinking: /home/robotflow/dual_flexiv/install/flexiv_description/share/flexiv_description//launch/view_rizon.launch.py
-- Symlinking: /home/robotflow/dual_flexiv/install/flexiv_description/share/flexiv_description//meshes/rizon4/collision/link0.mtl
-- Symlinking: /home/robotflow/dual_flexiv/install/flexiv_description/share/flexiv_description//meshes/rizon4/collision/link0.obj
-- Symlinking: /home/robotflow/dual_flexiv/install/flexiv_description/share/flexiv_description//meshes/rizon4/collision/link1.mtl
-- Symlinking: /home/robotflow/dual_flexiv/install/flexiv_description/share/flexiv_description//meshes/rizon4/collision/link1.obj
-- Symlinking: /home/robotflow/dual_flexiv/install/flexiv_description/share/flexiv_description//meshes/rizon4/collision/link2.mtl
-- Symlinking: /home/robotflow/dual_flexiv/install/flexiv_description/share/flexiv_description//meshes/rizon4/collision/link2.obj
-- Symlinking: /home/robotflow/dual_flexiv/install/flexiv_description/share/flexiv_description//meshes/rizon4/collision/link3.mtl
-- Symlinking: /home/robotflow/dual_flexiv/install/flexiv_description/share/flexiv_description//meshes/rizon4/collision/link3.obj
-- Symlinking: /home/robotflow/dual_flexiv/install/flexiv_description/share/flexiv_description//meshes/rizon4/collision/link3r.mtl
-- Symlinking: /home/robotflow/dual_flexiv/install/flexiv_description/share/flexiv_description//meshes/rizon4/collision/link3r.obj
-- Symlinking: /home/robotflow/dual_flexiv/install/flexiv_description/share/flexiv_description//meshes/rizon4/collision/link4.mtl
-- Symlinking: /home/robotflow/dual_flexiv/install/flexiv_description/share/flexiv_description//meshes/rizon4/collision/link4.obj
-- Symlinking: /home/robotflow/dual_flexiv/install/flexiv_description/share/flexiv_description//meshes/rizon4/collision/link4r.mtl
-- Symlinking: /home/robotflow/dual_flexiv/install/flexiv_description/share/flexiv_description//meshes/rizon4/collision/link4r.obj
-- Symlinking: /home/robotflow/dual_flexiv/install/flexiv_description/share/flexiv_description//meshes/rizon4/collision/link5.mtl
-- Symlinking: /home/robotflow/dual_flexiv/install/flexiv_description/share/flexiv_description//meshes/rizon4/collision/link5.obj
-- Symlinking: /home/robotflow/dual_flexiv/install/flexiv_description/share/flexiv_description//meshes/rizon4/collision/link6.mtl
-- Symlinking: /home/robotflow/dual_flexiv/install/flexiv_description/share/flexiv_description//meshes/rizon4/collision/link6.obj
-- Symlinking: /home/robotflow/dual_flexiv/install/flexiv_description/share/flexiv_description//meshes/rizon4/collision/link6r.mtl
-- Symlinking: /home/robotflow/dual_flexiv/install/flexiv_description/share/flexiv_description//meshes/rizon4/collision/link6r.obj
-- Symlinking: /home/robotflow/dual_flexiv/install/flexiv_description/share/flexiv_description//meshes/rizon4/collision/link7.mtl
-- Symlinking: /home/robotflow/dual_flexiv/install/flexiv_description/share/flexiv_description//meshes/rizon4/collision/link7.obj
-- Symlinking: /home/robotflow/dual_flexiv/install/flexiv_description/share/flexiv_description//meshes/rizon4/visual/link0.mtl
-- Symlinking: /home/robotflow/dual_flexiv/install/flexiv_description/share/flexiv_description//meshes/rizon4/visual/link0.obj
-- Symlinking: /home/robotflow/dual_flexiv/install/flexiv_description/share/flexiv_description//meshes/rizon4/visual/link1.mtl
-- Symlinking: /home/robotflow/dual_flexiv/install/flexiv_description/share/flexiv_description//meshes/rizon4/visual/link1.obj
-- Symlinking: /home/robotflow/dual_flexiv/install/flexiv_description/share/flexiv_description//meshes/rizon4/visual/link2.mtl
-- Symlinking: /home/robotflow/dual_flexiv/install/flexiv_description/share/flexiv_description//meshes/rizon4/visual/link2.obj
-- Symlinking: /home/robotflow/dual_flexiv/install/flexiv_description/share/flexiv_description//meshes/rizon4/visual/link3.mtl
-- Symlinking: /home/robotflow/dual_flexiv/install/flexiv_description/share/flexiv_description//meshes/rizon4/visual/link3.obj
-- Symlinking: /home/robotflow/dual_flexiv/install/flexiv_description/share/flexiv_description//meshes/rizon4/visual/link3r.mtl
-- Symlinking: /home/robotflow/dual_flexiv/install/flexiv_description/share/flexiv_description//meshes/rizon4/visual/link3r.obj
-- Symlinking: /home/robotflow/dual_flexiv/install/flexiv_description/share/flexiv_description//meshes/rizon4/visual/link4.mtl
-- Symlinking: /home/robotflow/dual_flexiv/install/flexiv_description/share/flexiv_description//meshes/rizon4/visual/link4.obj
-- Symlinking: /home/robotflow/dual_flexiv/install/flexiv_description/share/flexiv_description//meshes/rizon4/visual/link4r.mtl
-- Symlinking: /home/robotflow/dual_flexiv/install/flexiv_description/share/flexiv_description//meshes/rizon4/visual/link4r.obj
-- Symlinking: /home/robotflow/dual_flexiv/install/flexiv_description/share/flexiv_description//meshes/rizon4/visual/link5.mtl
-- Symlinking: /home/robotflow/dual_flexiv/install/flexiv_description/share/flexiv_description//meshes/rizon4/visual/link5.obj
-- Symlinking: /home/robotflow/dual_flexiv/install/flexiv_description/share/flexiv_description//meshes/rizon4/visual/link6.mtl
-- Symlinking: /home/robotflow/dual_flexiv/install/flexiv_description/share/flexiv_description//meshes/rizon4/visual/link6.obj
-- Symlinking: /home/robotflow/dual_flexiv/install/flexiv_description/share/flexiv_description//meshes/rizon4/visual/link6r.mtl
-- Symlinking: /home/robotflow/dual_flexiv/install/flexiv_description/share/flexiv_description//meshes/rizon4/visual/link6r.obj
-- Symlinking: /home/robotflow/dual_flexiv/install/flexiv_description/share/flexiv_description//meshes/rizon4/visual/link7.mtl
-- Symlinking: /home/robotflow/dual_flexiv/install/flexiv_description/share/flexiv_description//meshes/rizon4/visual/link7.obj
-- Symlinking: /home/robotflow/dual_flexiv/install/flexiv_description/share/flexiv_description//meshes/rizon4s/collision/link0.mtl
-- Symlinking: /home/robotflow/dual_flexiv/install/flexiv_description/share/flexiv_description//meshes/rizon4s/collision/link0.obj
-- Symlinking: /home/robotflow/dual_flexiv/install/flexiv_description/share/flexiv_description//meshes/rizon4s/collision/link1.mtl
-- Symlinking: /home/robotflow/dual_flexiv/install/flexiv_description/share/flexiv_description//meshes/rizon4s/collision/link1.obj
-- Symlinking: /home/robotflow/dual_flexiv/install/flexiv_description/share/flexiv_description//meshes/rizon4s/collision/link2.mtl
-- Symlinking: /home/robotflow/dual_flexiv/install/flexiv_description/share/flexiv_description//meshes/rizon4s/collision/link2.obj
-- Symlinking: /home/robotflow/dual_flexiv/install/flexiv_description/share/flexiv_description//meshes/rizon4s/collision/link3.mtl
-- Symlinking: /home/robotflow/dual_flexiv/install/flexiv_description/share/flexiv_description//meshes/rizon4s/collision/link3.obj
-- Symlinking: /home/robotflow/dual_flexiv/install/flexiv_description/share/flexiv_description//meshes/rizon4s/collision/link3r.mtl
-- Symlinking: /home/robotflow/dual_flexiv/install/flexiv_description/share/flexiv_description//meshes/rizon4s/collision/link3r.obj
-- Symlinking: /home/robotflow/dual_flexiv/install/flexiv_description/share/flexiv_description//meshes/rizon4s/collision/link4.mtl
-- Symlinking: /home/robotflow/dual_flexiv/install/flexiv_description/share/flexiv_description//meshes/rizon4s/collision/link4.obj
-- Symlinking: /home/robotflow/dual_flexiv/install/flexiv_description/share/flexiv_description//meshes/rizon4s/collision/link4r.mtl
-- Symlinking: /home/robotflow/dual_flexiv/install/flexiv_description/share/flexiv_description//meshes/rizon4s/collision/link4r.obj
-- Symlinking: /home/robotflow/dual_flexiv/install/flexiv_description/share/flexiv_description//meshes/rizon4s/collision/link5.mtl
-- Symlinking: /home/robotflow/dual_flexiv/install/flexiv_description/share/flexiv_description//meshes/rizon4s/collision/link5.obj
-- Symlinking: /home/robotflow/dual_flexiv/install/flexiv_description/share/flexiv_description//meshes/rizon4s/collision/link6.mtl
-- Symlinking: /home/robotflow/dual_flexiv/install/flexiv_description/share/flexiv_description//meshes/rizon4s/collision/link6.obj
-- Symlinking: /home/robotflow/dual_flexiv/install/flexiv_description/share/flexiv_description//meshes/rizon4s/collision/link6r.mtl
-- Symlinking: /home/robotflow/dual_flexiv/install/flexiv_description/share/flexiv_description//meshes/rizon4s/collision/link6r.obj
-- Symlinking: /home/robotflow/dual_flexiv/install/flexiv_description/share/flexiv_description//meshes/rizon4s/collision/link7.mtl
-- Symlinking: /home/robotflow/dual_flexiv/install/flexiv_description/share/flexiv_description//meshes/rizon4s/collision/link7.obj
-- Symlinking: /home/robotflow/dual_flexiv/install/flexiv_description/share/flexiv_description//meshes/rizon4s/visual/link0.mtl
-- Symlinking: /home/robotflow/dual_flexiv/install/flexiv_description/share/flexiv_description//meshes/rizon4s/visual/link0.obj
-- Symlinking: /home/robotflow/dual_flexiv/install/flexiv_description/share/flexiv_description//meshes/rizon4s/visual/link1.mtl
-- Symlinking: /home/robotflow/dual_flexiv/install/flexiv_description/share/flexiv_description//meshes/rizon4s/visual/link1.obj
-- Symlinking: /home/robotflow/dual_flexiv/install/flexiv_description/share/flexiv_description//meshes/rizon4s/visual/link2.mtl
-- Symlinking: /home/robotflow/dual_flexiv/install/flexiv_description/share/flexiv_description//meshes/rizon4s/visual/link2.obj
-- Symlinking: /home/robotflow/dual_flexiv/install/flexiv_description/share/flexiv_description//meshes/rizon4s/visual/link3.mtl
-- Symlinking: /home/robotflow/dual_flexiv/install/flexiv_description/share/flexiv_description//meshes/rizon4s/visual/link3.obj
-- Symlinking: /home/robotflow/dual_flexiv/install/flexiv_description/share/flexiv_description//meshes/rizon4s/visual/link3r.mtl
-- Symlinking: /home/robotflow/dual_flexiv/install/flexiv_description/share/flexiv_description//meshes/rizon4s/visual/link3r.obj
-- Symlinking: /home/robotflow/dual_flexiv/install/flexiv_description/share/flexiv_description//meshes/rizon4s/visual/link4.mtl
-- Symlinking: /home/robotflow/dual_flexiv/install/flexiv_description/share/flexiv_description//meshes/rizon4s/visual/link4.obj
-- Symlinking: /home/robotflow/dual_flexiv/install/flexiv_description/share/flexiv_description//meshes/rizon4s/visual/link4r.mtl
-- Symlinking: /home/robotflow/dual_flexiv/install/flexiv_description/share/flexiv_description//meshes/rizon4s/visual/link4r.obj
-- Symlinking: /home/robotflow/dual_flexiv/install/flexiv_description/share/flexiv_description//meshes/rizon4s/visual/link5.mtl
-- Symlinking: /home/robotflow/dual_flexiv/install/flexiv_description/share/flexiv_description//meshes/rizon4s/visual/link5.obj
-- Symlinking: /home/robotflow/dual_flexiv/install/flexiv_description/share/flexiv_description//meshes/rizon4s/visual/link6.mtl
-- Symlinking: /home/robotflow/dual_flexiv/install/flexiv_description/share/flexiv_description//meshes/rizon4s/visual/link6.obj
-- Symlinking: /home/robotflow/dual_flexiv/install/flexiv_description/share/flexiv_description//meshes/rizon4s/visual/link6r.mtl
-- Symlinking: /home/robotflow/dual_flexiv/install/flexiv_description/share/flexiv_description//meshes/rizon4s/visual/link6r.obj
-- Symlinking: /home/robotflow/dual_flexiv/install/flexiv_description/share/flexiv_description//meshes/rizon4s/visual/link7.mtl
-- Symlinking: /home/robotflow/dual_flexiv/install/flexiv_description/share/flexiv_description//meshes/rizon4s/visual/link7.obj
-- Symlinking: /home/robotflow/dual_flexiv/install/flexiv_description/share/flexiv_description//rviz/view_rizon.rviz
-- Symlinking: /home/robotflow/dual_flexiv/install/flexiv_description/share/flexiv_description//urdf/flexiv_arm_materials.xacro
-- Symlinking: /home/robotflow/dual_flexiv/install/flexiv_description/share/flexiv_description//urdf/rizon.ros2_control.xacro
-- Symlinking: /home/robotflow/dual_flexiv/install/flexiv_description/share/flexiv_description//urdf/rizon.urdf.xacro
-- Symlinking: /home/robotflow/dual_flexiv/install/flexiv_description/share/flexiv_description//urdf/rizon_joints_links.xacro
-- Symlinking: /home/robotflow/dual_flexiv/install/flexiv_description/share/ament_index/resource_index/package_run_dependencies/flexiv_description
-- Symlinking: /home/robotflow/dual_flexiv/install/flexiv_description/share/ament_index/resource_index/parent_prefix_path/flexiv_description
-- Symlinking: /home/robotflow/dual_flexiv/install/flexiv_description/share/flexiv_description/environment/ament_prefix_path.sh
-- Symlinking: /home/robotflow/dual_flexiv/install/flexiv_description/share/flexiv_description/environment/ament_prefix_path.dsv
-- Symlinking: /home/robotflow/dual_flexiv/install/flexiv_description/share/flexiv_description/environment/path.sh
-- Symlinking: /home/robotflow/dual_flexiv/install/flexiv_description/share/flexiv_description/environment/path.dsv
-- Symlinking: /home/robotflow/dual_flexiv/install/flexiv_description/share/flexiv_description/local_setup.bash
-- Symlinking: /home/robotflow/dual_flexiv/install/flexiv_description/share/flexiv_description/local_setup.sh
-- Symlinking: /home/robotflow/dual_flexiv/install/flexiv_description/share/flexiv_description/local_setup.zsh
-- Symlinking: /home/robotflow/dual_flexiv/install/flexiv_description/share/flexiv_description/local_setup.dsv
-- Symlinking: /home/robotflow/dual_flexiv/install/flexiv_description/share/flexiv_description/package.dsv
-- Symlinking: /home/robotflow/dual_flexiv/install/flexiv_description/share/ament_index/resource_index/packages/flexiv_description
-- Symlinking: /home/robotflow/dual_flexiv/install/flexiv_description/share/flexiv_description/cmake/flexiv_descriptionConfig.cmake
-- Symlinking: /home/robotflow/dual_flexiv/install/flexiv_description/share/flexiv_description/cmake/flexiv_descriptionConfig-version.cmake
-- Symlinking: /home/robotflow/dual_flexiv/install/flexiv_description/share/flexiv_description/package.xml
