-- Found ament_cmake: 0.9.11 (/opt/ros/foxy/share/ament_cmake/cmake)
-- Found PythonInterp: /usr/bin/python3 (found suitable version "3.8.10", minimum required is "3") 
-- Using PYTHON_EXECUTABLE: /usr/bin/python3
-- Override CMake install command with custom implementation using symlinks instead of copying resources
-- Found rosidl_default_generators: 1.0.1 (/opt/ros/foxy/share/rosidl_default_generators/cmake)
-- Using all available rosidl_typesupport_c: rosidl_typesupport_fastrtps_c;rosidl_typesupport_introspection_c
-- Found rosidl_adapter: 1.3.0 (/opt/ros/foxy/share/rosidl_adapter/cmake)
-- Using all available rosidl_typesupport_cpp: rosidl_typesupport_fastrtps_cpp;rosidl_typesupport_introspection_cpp
-- Found std_msgs: 2.0.5 (/opt/ros/foxy/share/std_msgs/cmake)
-- Found geometry_msgs: 2.0.5 (/opt/ros/foxy/share/geometry_msgs/cmake)
-- Found PythonInterp: /usr/bin/python3 (found version "3.8.10") 
-- Found ament_cmake_ros: 0.9.2 (/opt/ros/foxy/share/ament_cmake_ros/cmake)
-- Using all available rosidl_typesupport_c: rosidl_typesupport_fastrtps_c;rosidl_typesupport_introspection_c
-- Using all available rosidl_typesupport_cpp: rosidl_typesupport_fastrtps_cpp;rosidl_typesupport_introspection_cpp
-- Found PythonInterp: /usr/bin/python3 (found suitable version "3.8.10", minimum required is "3.5") 
-- Found python_cmake_module: 0.8.1 (/opt/ros/foxy/share/python_cmake_module/cmake)
-- Using PYTHON_EXECUTABLE: /usr/bin/python3
-- Using PYTHON_INCLUDE_DIRS: /usr/include/python3.8
-- Using PYTHON_LIBRARIES: /usr/lib/x86_64-linux-gnu/libpython3.8.so
-- Found ament_lint_auto: 0.9.7 (/opt/ros/foxy/share/ament_lint_auto/cmake)
-- Added test 'copyright' to check source files copyright and LICENSE
-- Added test 'lint_cmake' to check CMake code style
-- Added test 'xmllint' to check XML markup files
-- Configuring done
-- Generating done
-- Build files have been written to: /home/robotflow/dual_flexiv/build/flexiv_msgs
[35m[1mScanning dependencies of target flexiv_msgs__rosidl_generator_c[0m
[  1%] Built target flexiv_msgs__cpp
[35m[1mScanning dependencies of target flexiv_msgs__rosidl_typesupport_cpp[0m
[  2%] [32mBuilding C object CMakeFiles/flexiv_msgs__rosidl_generator_c.dir/rosidl_generator_c/flexiv_msgs/msg/detail/cartesian_state__functions.c.o[0m
[  4%] [32mBuilding C object CMakeFiles/flexiv_msgs__rosidl_generator_c.dir/rosidl_generator_c/flexiv_msgs/msg/detail/joint_pos_vel__functions.c.o[0m
[  5%] [32mBuilding C object CMakeFiles/flexiv_msgs__rosidl_generator_c.dir/rosidl_generator_c/flexiv_msgs/msg/detail/mode__functions.c.o[0m
[  7%] [32mBuilding C object CMakeFiles/flexiv_msgs__rosidl_generator_c.dir/rosidl_generator_c/flexiv_msgs/msg/detail/external_force__functions.c.o[0m
[35m[1mScanning dependencies of target flexiv_msgs__rosidl_typesupport_introspection_cpp[0m
[  8%] [32mBuilding C object CMakeFiles/flexiv_msgs__rosidl_generator_c.dir/rosidl_generator_c/flexiv_msgs/msg/detail/cartesian_velocity__functions.c.o[0m
[  9%] [32mBuilding CXX object CMakeFiles/flexiv_msgs__rosidl_typesupport_cpp.dir/rosidl_typesupport_cpp/flexiv_msgs/msg/cartesian_state__type_support.cpp.o[0m
[35m[1mScanning dependencies of target flexiv_msgs__rosidl_typesupport_fastrtps_cpp[0m
[ 11%] [32mBuilding CXX object CMakeFiles/flexiv_msgs__rosidl_typesupport_introspection_cpp.dir/rosidl_typesupport_introspection_cpp/flexiv_msgs/msg/detail/cartesian_state__type_support.cpp.o[0m
[ 12%] [32mBuilding C object CMakeFiles/flexiv_msgs__rosidl_generator_c.dir/rosidl_generator_c/flexiv_msgs/msg/detail/robot_states__functions.c.o[0m
[ 14%] [32mBuilding CXX object CMakeFiles/flexiv_msgs__rosidl_typesupport_introspection_cpp.dir/rosidl_typesupport_introspection_cpp/flexiv_msgs/msg/detail/external_force__type_support.cpp.o[0m
[ 15%] [32mBuilding CXX object CMakeFiles/flexiv_msgs__rosidl_typesupport_introspection_cpp.dir/rosidl_typesupport_introspection_cpp/flexiv_msgs/msg/detail/cartesian_velocity__type_support.cpp.o[0m
[ 16%] [32mBuilding CXX object CMakeFiles/flexiv_msgs__rosidl_typesupport_fastrtps_cpp.dir/rosidl_typesupport_fastrtps_cpp/flexiv_msgs/msg/detail/dds_fastrtps/cartesian_state__type_support.cpp.o[0m
[ 18%] [32mBuilding CXX object CMakeFiles/flexiv_msgs__rosidl_typesupport_introspection_cpp.dir/rosidl_typesupport_introspection_cpp/flexiv_msgs/msg/detail/joint_pos_vel__type_support.cpp.o[0m
[ 19%] [32mBuilding CXX object CMakeFiles/flexiv_msgs__rosidl_typesupport_fastrtps_cpp.dir/rosidl_typesupport_fastrtps_cpp/flexiv_msgs/msg/detail/dds_fastrtps/cartesian_velocity__type_support.cpp.o[0m
[ 21%] [32m[1mLinking C shared library libflexiv_msgs__rosidl_generator_c.so[0m
[ 22%] Built target flexiv_msgs__rosidl_generator_c
[ 23%] [32mBuilding CXX object CMakeFiles/flexiv_msgs__rosidl_typesupport_introspection_cpp.dir/rosidl_typesupport_introspection_cpp/flexiv_msgs/msg/detail/mode__type_support.cpp.o[0m
[ 25%] [32mBuilding CXX object CMakeFiles/flexiv_msgs__rosidl_typesupport_introspection_cpp.dir/rosidl_typesupport_introspection_cpp/flexiv_msgs/msg/detail/robot_states__type_support.cpp.o[0m
[ 26%] [32mBuilding CXX object CMakeFiles/flexiv_msgs__rosidl_typesupport_cpp.dir/rosidl_typesupport_cpp/flexiv_msgs/msg/cartesian_velocity__type_support.cpp.o[0m
[35m[1mScanning dependencies of target flexiv_msgs__rosidl_typesupport_introspection_c[0m
[ 28%] [32mBuilding CXX object CMakeFiles/flexiv_msgs__rosidl_typesupport_cpp.dir/rosidl_typesupport_cpp/flexiv_msgs/msg/external_force__type_support.cpp.o[0m
[ 29%] [32mBuilding CXX object CMakeFiles/flexiv_msgs__rosidl_typesupport_cpp.dir/rosidl_typesupport_cpp/flexiv_msgs/msg/joint_pos_vel__type_support.cpp.o[0m
[ 30%] [32mBuilding C object CMakeFiles/flexiv_msgs__rosidl_typesupport_introspection_c.dir/rosidl_typesupport_introspection_c/flexiv_msgs/msg/detail/cartesian_state__type_support.c.o[0m
[ 32%] [32mBuilding C object CMakeFiles/flexiv_msgs__rosidl_typesupport_introspection_c.dir/rosidl_typesupport_introspection_c/flexiv_msgs/msg/detail/cartesian_velocity__type_support.c.o[0m
[ 33%] [32mBuilding C object CMakeFiles/flexiv_msgs__rosidl_typesupport_introspection_c.dir/rosidl_typesupport_introspection_c/flexiv_msgs/msg/detail/external_force__type_support.c.o[0m
[ 35%] [32mBuilding CXX object CMakeFiles/flexiv_msgs__rosidl_typesupport_fastrtps_cpp.dir/rosidl_typesupport_fastrtps_cpp/flexiv_msgs/msg/detail/dds_fastrtps/external_force__type_support.cpp.o[0m
[ 36%] [32mBuilding CXX object CMakeFiles/flexiv_msgs__rosidl_typesupport_fastrtps_cpp.dir/rosidl_typesupport_fastrtps_cpp/flexiv_msgs/msg/detail/dds_fastrtps/joint_pos_vel__type_support.cpp.o[0m
[ 38%] [32mBuilding C object CMakeFiles/flexiv_msgs__rosidl_typesupport_introspection_c.dir/rosidl_typesupport_introspection_c/flexiv_msgs/msg/detail/joint_pos_vel__type_support.c.o[0m
[ 39%] [32mBuilding CXX object CMakeFiles/flexiv_msgs__rosidl_typesupport_fastrtps_cpp.dir/rosidl_typesupport_fastrtps_cpp/flexiv_msgs/msg/detail/dds_fastrtps/mode__type_support.cpp.o[0m
[ 40%] [32mBuilding C object CMakeFiles/flexiv_msgs__rosidl_typesupport_introspection_c.dir/rosidl_typesupport_introspection_c/flexiv_msgs/msg/detail/mode__type_support.c.o[0m
[ 42%] [32m[1mLinking CXX shared library libflexiv_msgs__rosidl_typesupport_introspection_cpp.so[0m
[ 43%] [32mBuilding C object CMakeFiles/flexiv_msgs__rosidl_typesupport_introspection_c.dir/rosidl_typesupport_introspection_c/flexiv_msgs/msg/detail/robot_states__type_support.c.o[0m
[ 45%] [32mBuilding CXX object CMakeFiles/flexiv_msgs__rosidl_typesupport_cpp.dir/rosidl_typesupport_cpp/flexiv_msgs/msg/mode__type_support.cpp.o[0m
[ 46%] [32mBuilding CXX object CMakeFiles/flexiv_msgs__rosidl_typesupport_cpp.dir/rosidl_typesupport_cpp/flexiv_msgs/msg/robot_states__type_support.cpp.o[0m
[ 47%] [32mBuilding CXX object CMakeFiles/flexiv_msgs__rosidl_typesupport_fastrtps_cpp.dir/rosidl_typesupport_fastrtps_cpp/flexiv_msgs/msg/detail/dds_fastrtps/robot_states__type_support.cpp.o[0m
[ 49%] [32m[1mLinking C shared library libflexiv_msgs__rosidl_typesupport_introspection_c.so[0m
[ 50%] Built target flexiv_msgs__rosidl_typesupport_introspection_cpp
[ 52%] Built target flexiv_msgs__rosidl_typesupport_introspection_c
[35m[1mScanning dependencies of target flexiv_msgs__rosidl_typesupport_c[0m
[ 53%] [32mBuilding CXX object CMakeFiles/flexiv_msgs__rosidl_typesupport_c.dir/rosidl_typesupport_c/flexiv_msgs/msg/cartesian_state__type_support.cpp.o[0m
[ 54%] [32mBuilding CXX object CMakeFiles/flexiv_msgs__rosidl_typesupport_c.dir/rosidl_typesupport_c/flexiv_msgs/msg/cartesian_velocity__type_support.cpp.o[0m
[ 56%] [32mBuilding CXX object CMakeFiles/flexiv_msgs__rosidl_typesupport_c.dir/rosidl_typesupport_c/flexiv_msgs/msg/external_force__type_support.cpp.o[0m
[ 57%] [32mBuilding CXX object CMakeFiles/flexiv_msgs__rosidl_typesupport_c.dir/rosidl_typesupport_c/flexiv_msgs/msg/joint_pos_vel__type_support.cpp.o[0m
[ 59%] [32mBuilding CXX object CMakeFiles/flexiv_msgs__rosidl_typesupport_c.dir/rosidl_typesupport_c/flexiv_msgs/msg/mode__type_support.cpp.o[0m
[ 60%] [32mBuilding CXX object CMakeFiles/flexiv_msgs__rosidl_typesupport_c.dir/rosidl_typesupport_c/flexiv_msgs/msg/robot_states__type_support.cpp.o[0m
[ 61%] [32m[1mLinking CXX shared library libflexiv_msgs__rosidl_typesupport_c.so[0m
[ 63%] [32m[1mLinking CXX shared library libflexiv_msgs__rosidl_typesupport_cpp.so[0m
[ 64%] Built target flexiv_msgs__rosidl_typesupport_c
[ 66%] Built target flexiv_msgs__rosidl_typesupport_cpp
[ 67%] [32m[1mLinking CXX shared library libflexiv_msgs__rosidl_typesupport_fastrtps_cpp.so[0m
[ 69%] Built target flexiv_msgs__rosidl_typesupport_fastrtps_cpp
[35m[1mScanning dependencies of target flexiv_msgs__rosidl_typesupport_fastrtps_c[0m
[ 73%] [32mBuilding CXX object CMakeFiles/flexiv_msgs__rosidl_typesupport_fastrtps_c.dir/rosidl_typesupport_fastrtps_c/flexiv_msgs/msg/detail/cartesian_velocity__type_support_c.cpp.o[0m
[ 73%] [32mBuilding CXX object CMakeFiles/flexiv_msgs__rosidl_typesupport_fastrtps_c.dir/rosidl_typesupport_fastrtps_c/flexiv_msgs/msg/detail/cartesian_state__type_support_c.cpp.o[0m
[ 73%] [32mBuilding CXX object CMakeFiles/flexiv_msgs__rosidl_typesupport_fastrtps_c.dir/rosidl_typesupport_fastrtps_c/flexiv_msgs/msg/detail/external_force__type_support_c.cpp.o[0m
[ 74%] [32mBuilding CXX object CMakeFiles/flexiv_msgs__rosidl_typesupport_fastrtps_c.dir/rosidl_typesupport_fastrtps_c/flexiv_msgs/msg/detail/joint_pos_vel__type_support_c.cpp.o[0m
[ 76%] [32mBuilding CXX object CMakeFiles/flexiv_msgs__rosidl_typesupport_fastrtps_c.dir/rosidl_typesupport_fastrtps_c/flexiv_msgs/msg/detail/mode__type_support_c.cpp.o[0m
[ 77%] [32mBuilding CXX object CMakeFiles/flexiv_msgs__rosidl_typesupport_fastrtps_c.dir/rosidl_typesupport_fastrtps_c/flexiv_msgs/msg/detail/robot_states__type_support_c.cpp.o[0m
[ 78%] [32m[1mLinking CXX shared library libflexiv_msgs__rosidl_typesupport_fastrtps_c.so[0m
[ 80%] Built target flexiv_msgs__rosidl_typesupport_fastrtps_c
[ 80%] Built target flexiv_msgs
[ 81%] Built target flexiv_msgs__py
[35m[1mScanning dependencies of target flexiv_msgs__python[0m
[ 83%] [32mBuilding C object CMakeFiles/flexiv_msgs__python.dir/rosidl_generator_py/flexiv_msgs/msg/_cartesian_velocity_s.c.o[0m
[ 85%] [32mBuilding C object CMakeFiles/flexiv_msgs__python.dir/rosidl_generator_py/flexiv_msgs/msg/_cartesian_state_s.c.o[0m
[ 85%] [32mBuilding C object CMakeFiles/flexiv_msgs__python.dir/rosidl_generator_py/flexiv_msgs/msg/_external_force_s.c.o[0m
[ 87%] [32mBuilding C object CMakeFiles/flexiv_msgs__python.dir/rosidl_generator_py/flexiv_msgs/msg/_mode_s.c.o[0m
[ 88%] [32mBuilding C object CMakeFiles/flexiv_msgs__python.dir/rosidl_generator_py/flexiv_msgs/msg/_joint_pos_vel_s.c.o[0m
[ 90%] [32mBuilding C object CMakeFiles/flexiv_msgs__python.dir/rosidl_generator_py/flexiv_msgs/msg/_robot_states_s.c.o[0m
[ 91%] [32m[1mLinking C shared library rosidl_generator_py/flexiv_msgs/libflexiv_msgs__python.so[0m
[ 91%] Built target flexiv_msgs__python
[35m[1mScanning dependencies of target flexiv_msgs__rosidl_typesupport_introspection_c__pyext[0m
[35m[1mScanning dependencies of target flexiv_msgs__rosidl_typesupport_fastrtps_c__pyext[0m
[35m[1mScanning dependencies of target flexiv_msgs__rosidl_typesupport_c__pyext[0m
[ 92%] [32mBuilding C object CMakeFiles/flexiv_msgs__rosidl_typesupport_introspection_c__pyext.dir/rosidl_generator_py/flexiv_msgs/_flexiv_msgs_s.ep.rosidl_typesupport_introspection_c.c.o[0m
[ 94%] [32mBuilding C object CMakeFiles/flexiv_msgs__rosidl_typesupport_fastrtps_c__pyext.dir/rosidl_generator_py/flexiv_msgs/_flexiv_msgs_s.ep.rosidl_typesupport_fastrtps_c.c.o[0m
[ 95%] [32mBuilding C object CMakeFiles/flexiv_msgs__rosidl_typesupport_c__pyext.dir/rosidl_generator_py/flexiv_msgs/_flexiv_msgs_s.ep.rosidl_typesupport_c.c.o[0m
[ 97%] [32m[1mLinking C shared library rosidl_generator_py/flexiv_msgs/flexiv_msgs_s__rosidl_typesupport_introspection_c.cpython-38-x86_64-linux-gnu.so[0m
[ 98%] Built target flexiv_msgs__rosidl_typesupport_introspection_c__pyext
[ 98%] [32m[1mLinking CXX shared library rosidl_generator_py/flexiv_msgs/flexiv_msgs_s__rosidl_typesupport_fastrtps_c.cpython-38-x86_64-linux-gnu.so[0m
[100%] [32m[1mLinking C shared library rosidl_generator_py/flexiv_msgs/flexiv_msgs_s__rosidl_typesupport_c.cpython-38-x86_64-linux-gnu.so[0m
[100%] Built target flexiv_msgs__rosidl_typesupport_c__pyext
[100%] Built target flexiv_msgs__rosidl_typesupport_fastrtps_c__pyext
-- Install configuration: ""
-- Execute custom install script
-- Up-to-date symlink: /home/robotflow/dual_flexiv/install/flexiv_msgs/share/ament_index/resource_index/rosidl_interfaces/flexiv_msgs
-- Up-to-date symlink: /home/robotflow/dual_flexiv/install/flexiv_msgs/include/flexiv_msgs/msg/cartesian_state.h
-- Up-to-date symlink: /home/robotflow/dual_flexiv/install/flexiv_msgs/include/flexiv_msgs/msg/cartesian_velocity.h
-- Up-to-date symlink: /home/robotflow/dual_flexiv/install/flexiv_msgs/include/flexiv_msgs/msg/detail/cartesian_state__functions.h
-- Up-to-date symlink: /home/robotflow/dual_flexiv/install/flexiv_msgs/include/flexiv_msgs/msg/detail/cartesian_state__struct.h
-- Up-to-date symlink: /home/robotflow/dual_flexiv/install/flexiv_msgs/include/flexiv_msgs/msg/detail/cartesian_state__type_support.h
-- Up-to-date symlink: /home/robotflow/dual_flexiv/install/flexiv_msgs/include/flexiv_msgs/msg/detail/cartesian_velocity__functions.h
-- Up-to-date symlink: /home/robotflow/dual_flexiv/install/flexiv_msgs/include/flexiv_msgs/msg/detail/cartesian_velocity__struct.h
-- Up-to-date symlink: /home/robotflow/dual_flexiv/install/flexiv_msgs/include/flexiv_msgs/msg/detail/cartesian_velocity__type_support.h
-- Up-to-date symlink: /home/robotflow/dual_flexiv/install/flexiv_msgs/include/flexiv_msgs/msg/detail/external_force__functions.h
-- Up-to-date symlink: /home/robotflow/dual_flexiv/install/flexiv_msgs/include/flexiv_msgs/msg/detail/external_force__struct.h
-- Up-to-date symlink: /home/robotflow/dual_flexiv/install/flexiv_msgs/include/flexiv_msgs/msg/detail/external_force__type_support.h
-- Up-to-date symlink: /home/robotflow/dual_flexiv/install/flexiv_msgs/include/flexiv_msgs/msg/detail/joint_pos_vel__functions.h
-- Up-to-date symlink: /home/robotflow/dual_flexiv/install/flexiv_msgs/include/flexiv_msgs/msg/detail/joint_pos_vel__struct.h
-- Up-to-date symlink: /home/robotflow/dual_flexiv/install/flexiv_msgs/include/flexiv_msgs/msg/detail/joint_pos_vel__type_support.h
-- Up-to-date symlink: /home/robotflow/dual_flexiv/install/flexiv_msgs/include/flexiv_msgs/msg/detail/mode__functions.h
-- Up-to-date symlink: /home/robotflow/dual_flexiv/install/flexiv_msgs/include/flexiv_msgs/msg/detail/mode__struct.h
-- Up-to-date symlink: /home/robotflow/dual_flexiv/install/flexiv_msgs/include/flexiv_msgs/msg/detail/mode__type_support.h
-- Up-to-date symlink: /home/robotflow/dual_flexiv/install/flexiv_msgs/include/flexiv_msgs/msg/detail/robot_states__functions.h
-- Up-to-date symlink: /home/robotflow/dual_flexiv/install/flexiv_msgs/include/flexiv_msgs/msg/detail/robot_states__struct.h
-- Up-to-date symlink: /home/robotflow/dual_flexiv/install/flexiv_msgs/include/flexiv_msgs/msg/detail/robot_states__type_support.h
-- Up-to-date symlink: /home/robotflow/dual_flexiv/install/flexiv_msgs/include/flexiv_msgs/msg/external_force.h
-- Up-to-date symlink: /home/robotflow/dual_flexiv/install/flexiv_msgs/include/flexiv_msgs/msg/joint_pos_vel.h
-- Up-to-date symlink: /home/robotflow/dual_flexiv/install/flexiv_msgs/include/flexiv_msgs/msg/mode.h
-- Up-to-date symlink: /home/robotflow/dual_flexiv/install/flexiv_msgs/include/flexiv_msgs/msg/robot_states.h
-- Up-to-date symlink: /home/robotflow/dual_flexiv/install/flexiv_msgs/include/flexiv_msgs/msg/rosidl_generator_c__visibility_control.h
-- Up-to-date symlink: /home/robotflow/dual_flexiv/install/flexiv_msgs/share/flexiv_msgs/environment/library_path.sh
-- Up-to-date symlink: /home/robotflow/dual_flexiv/install/flexiv_msgs/share/flexiv_msgs/environment/library_path.dsv
-- Up-to-date symlink: /home/robotflow/dual_flexiv/install/flexiv_msgs/include/flexiv_msgs/msg/detail/cartesian_state__rosidl_typesupport_fastrtps_c.h
-- Up-to-date symlink: /home/robotflow/dual_flexiv/install/flexiv_msgs/include/flexiv_msgs/msg/detail/cartesian_velocity__rosidl_typesupport_fastrtps_c.h
-- Up-to-date symlink: /home/robotflow/dual_flexiv/install/flexiv_msgs/include/flexiv_msgs/msg/detail/external_force__rosidl_typesupport_fastrtps_c.h
-- Up-to-date symlink: /home/robotflow/dual_flexiv/install/flexiv_msgs/include/flexiv_msgs/msg/detail/joint_pos_vel__rosidl_typesupport_fastrtps_c.h
-- Up-to-date symlink: /home/robotflow/dual_flexiv/install/flexiv_msgs/include/flexiv_msgs/msg/detail/mode__rosidl_typesupport_fastrtps_c.h
-- Up-to-date symlink: /home/robotflow/dual_flexiv/install/flexiv_msgs/include/flexiv_msgs/msg/detail/robot_states__rosidl_typesupport_fastrtps_c.h
-- Up-to-date symlink: /home/robotflow/dual_flexiv/install/flexiv_msgs/include/flexiv_msgs/msg/rosidl_typesupport_fastrtps_c__visibility_control.h
-- Up-to-date symlink: /home/robotflow/dual_flexiv/install/flexiv_msgs/lib/libflexiv_msgs__rosidl_typesupport_fastrtps_c.so
-- Up-to-date symlink: /home/robotflow/dual_flexiv/install/flexiv_msgs/include/flexiv_msgs/msg/detail/cartesian_state__rosidl_typesupport_fastrtps_cpp.hpp
-- Up-to-date symlink: /home/robotflow/dual_flexiv/install/flexiv_msgs/include/flexiv_msgs/msg/detail/cartesian_velocity__rosidl_typesupport_fastrtps_cpp.hpp
-- Up-to-date symlink: /home/robotflow/dual_flexiv/install/flexiv_msgs/include/flexiv_msgs/msg/detail/external_force__rosidl_typesupport_fastrtps_cpp.hpp
-- Up-to-date symlink: /home/robotflow/dual_flexiv/install/flexiv_msgs/include/flexiv_msgs/msg/detail/joint_pos_vel__rosidl_typesupport_fastrtps_cpp.hpp
-- Up-to-date symlink: /home/robotflow/dual_flexiv/install/flexiv_msgs/include/flexiv_msgs/msg/detail/mode__rosidl_typesupport_fastrtps_cpp.hpp
-- Up-to-date symlink: /home/robotflow/dual_flexiv/install/flexiv_msgs/include/flexiv_msgs/msg/detail/robot_states__rosidl_typesupport_fastrtps_cpp.hpp
-- Up-to-date symlink: /home/robotflow/dual_flexiv/install/flexiv_msgs/include/flexiv_msgs/msg/rosidl_typesupport_fastrtps_cpp__visibility_control.h
-- Up-to-date symlink: /home/robotflow/dual_flexiv/install/flexiv_msgs/lib/libflexiv_msgs__rosidl_typesupport_fastrtps_cpp.so
-- Up-to-date symlink: /home/robotflow/dual_flexiv/install/flexiv_msgs/include/flexiv_msgs/msg/detail/cartesian_state__rosidl_typesupport_introspection_c.h
-- Up-to-date symlink: /home/robotflow/dual_flexiv/install/flexiv_msgs/include/flexiv_msgs/msg/detail/cartesian_velocity__rosidl_typesupport_introspection_c.h
-- Up-to-date symlink: /home/robotflow/dual_flexiv/install/flexiv_msgs/include/flexiv_msgs/msg/detail/external_force__rosidl_typesupport_introspection_c.h
-- Up-to-date symlink: /home/robotflow/dual_flexiv/install/flexiv_msgs/include/flexiv_msgs/msg/detail/joint_pos_vel__rosidl_typesupport_introspection_c.h
-- Up-to-date symlink: /home/robotflow/dual_flexiv/install/flexiv_msgs/include/flexiv_msgs/msg/detail/mode__rosidl_typesupport_introspection_c.h
-- Up-to-date symlink: /home/robotflow/dual_flexiv/install/flexiv_msgs/include/flexiv_msgs/msg/detail/robot_states__rosidl_typesupport_introspection_c.h
-- Up-to-date symlink: /home/robotflow/dual_flexiv/install/flexiv_msgs/include/flexiv_msgs/msg/rosidl_typesupport_introspection_c__visibility_control.h
-- Up-to-date symlink: /home/robotflow/dual_flexiv/install/flexiv_msgs/include/flexiv_msgs/msg/cartesian_state.hpp
-- Up-to-date symlink: /home/robotflow/dual_flexiv/install/flexiv_msgs/include/flexiv_msgs/msg/cartesian_velocity.hpp
-- Up-to-date symlink: /home/robotflow/dual_flexiv/install/flexiv_msgs/include/flexiv_msgs/msg/detail/cartesian_state__builder.hpp
-- Up-to-date symlink: /home/robotflow/dual_flexiv/install/flexiv_msgs/include/flexiv_msgs/msg/detail/cartesian_state__struct.hpp
-- Up-to-date symlink: /home/robotflow/dual_flexiv/install/flexiv_msgs/include/flexiv_msgs/msg/detail/cartesian_state__traits.hpp
-- Up-to-date symlink: /home/robotflow/dual_flexiv/install/flexiv_msgs/include/flexiv_msgs/msg/detail/cartesian_velocity__builder.hpp
-- Up-to-date symlink: /home/robotflow/dual_flexiv/install/flexiv_msgs/include/flexiv_msgs/msg/detail/cartesian_velocity__struct.hpp
-- Up-to-date symlink: /home/robotflow/dual_flexiv/install/flexiv_msgs/include/flexiv_msgs/msg/detail/cartesian_velocity__traits.hpp
-- Up-to-date symlink: /home/robotflow/dual_flexiv/install/flexiv_msgs/include/flexiv_msgs/msg/detail/external_force__builder.hpp
-- Up-to-date symlink: /home/robotflow/dual_flexiv/install/flexiv_msgs/include/flexiv_msgs/msg/detail/external_force__struct.hpp
-- Up-to-date symlink: /home/robotflow/dual_flexiv/install/flexiv_msgs/include/flexiv_msgs/msg/detail/external_force__traits.hpp
-- Up-to-date symlink: /home/robotflow/dual_flexiv/install/flexiv_msgs/include/flexiv_msgs/msg/detail/joint_pos_vel__builder.hpp
-- Up-to-date symlink: /home/robotflow/dual_flexiv/install/flexiv_msgs/include/flexiv_msgs/msg/detail/joint_pos_vel__struct.hpp
-- Up-to-date symlink: /home/robotflow/dual_flexiv/install/flexiv_msgs/include/flexiv_msgs/msg/detail/joint_pos_vel__traits.hpp
-- Up-to-date symlink: /home/robotflow/dual_flexiv/install/flexiv_msgs/include/flexiv_msgs/msg/detail/mode__builder.hpp
-- Up-to-date symlink: /home/robotflow/dual_flexiv/install/flexiv_msgs/include/flexiv_msgs/msg/detail/mode__struct.hpp
-- Up-to-date symlink: /home/robotflow/dual_flexiv/install/flexiv_msgs/include/flexiv_msgs/msg/detail/mode__traits.hpp
-- Up-to-date symlink: /home/robotflow/dual_flexiv/install/flexiv_msgs/include/flexiv_msgs/msg/detail/robot_states__builder.hpp
-- Up-to-date symlink: /home/robotflow/dual_flexiv/install/flexiv_msgs/include/flexiv_msgs/msg/detail/robot_states__struct.hpp
-- Up-to-date symlink: /home/robotflow/dual_flexiv/install/flexiv_msgs/include/flexiv_msgs/msg/detail/robot_states__traits.hpp
-- Up-to-date symlink: /home/robotflow/dual_flexiv/install/flexiv_msgs/include/flexiv_msgs/msg/external_force.hpp
-- Up-to-date symlink: /home/robotflow/dual_flexiv/install/flexiv_msgs/include/flexiv_msgs/msg/joint_pos_vel.hpp
-- Up-to-date symlink: /home/robotflow/dual_flexiv/install/flexiv_msgs/include/flexiv_msgs/msg/mode.hpp
-- Up-to-date symlink: /home/robotflow/dual_flexiv/install/flexiv_msgs/include/flexiv_msgs/msg/robot_states.hpp
-- Up-to-date symlink: /home/robotflow/dual_flexiv/install/flexiv_msgs/include/flexiv_msgs/msg/detail/cartesian_state__rosidl_typesupport_introspection_cpp.hpp
-- Up-to-date symlink: /home/robotflow/dual_flexiv/install/flexiv_msgs/include/flexiv_msgs/msg/detail/cartesian_velocity__rosidl_typesupport_introspection_cpp.hpp
-- Up-to-date symlink: /home/robotflow/dual_flexiv/install/flexiv_msgs/include/flexiv_msgs/msg/detail/external_force__rosidl_typesupport_introspection_cpp.hpp
-- Up-to-date symlink: /home/robotflow/dual_flexiv/install/flexiv_msgs/include/flexiv_msgs/msg/detail/joint_pos_vel__rosidl_typesupport_introspection_cpp.hpp
-- Up-to-date symlink: /home/robotflow/dual_flexiv/install/flexiv_msgs/include/flexiv_msgs/msg/detail/mode__rosidl_typesupport_introspection_cpp.hpp
-- Up-to-date symlink: /home/robotflow/dual_flexiv/install/flexiv_msgs/include/flexiv_msgs/msg/detail/robot_states__rosidl_typesupport_introspection_cpp.hpp
-- Up-to-date symlink: /home/robotflow/dual_flexiv/install/flexiv_msgs/share/flexiv_msgs/environment/pythonpath.sh
-- Up-to-date symlink: /home/robotflow/dual_flexiv/install/flexiv_msgs/share/flexiv_msgs/environment/pythonpath.dsv
-- Up-to-date symlink: /home/robotflow/dual_flexiv/install/flexiv_msgs/lib/python3.8/site-packages/flexiv_msgs/__init__.py
-- Up-to-date symlink: /home/robotflow/dual_flexiv/install/flexiv_msgs/lib/python3.8/site-packages/flexiv_msgs/msg/__init__.py
-- Up-to-date symlink: /home/robotflow/dual_flexiv/install/flexiv_msgs/lib/python3.8/site-packages/flexiv_msgs/msg/_cartesian_state.py
-- Up-to-date symlink: /home/robotflow/dual_flexiv/install/flexiv_msgs/lib/python3.8/site-packages/flexiv_msgs/msg/_cartesian_velocity.py
-- Up-to-date symlink: /home/robotflow/dual_flexiv/install/flexiv_msgs/lib/python3.8/site-packages/flexiv_msgs/msg/_external_force.py
-- Up-to-date symlink: /home/robotflow/dual_flexiv/install/flexiv_msgs/lib/python3.8/site-packages/flexiv_msgs/msg/_joint_pos_vel.py
-- Up-to-date symlink: /home/robotflow/dual_flexiv/install/flexiv_msgs/lib/python3.8/site-packages/flexiv_msgs/msg/_mode.py
-- Up-to-date symlink: /home/robotflow/dual_flexiv/install/flexiv_msgs/lib/python3.8/site-packages/flexiv_msgs/msg/_robot_states.py
-- Up-to-date symlink: /home/robotflow/dual_flexiv/install/flexiv_msgs/lib/python3.8/site-packages/flexiv_msgs/flexiv_msgs_s__rosidl_typesupport_fastrtps_c.cpython-38-x86_64-linux-gnu.so
-- Up-to-date symlink: /home/robotflow/dual_flexiv/install/flexiv_msgs/lib/python3.8/site-packages/flexiv_msgs/flexiv_msgs_s__rosidl_typesupport_introspection_c.cpython-38-x86_64-linux-gnu.so
-- Up-to-date symlink: /home/robotflow/dual_flexiv/install/flexiv_msgs/lib/python3.8/site-packages/flexiv_msgs/flexiv_msgs_s__rosidl_typesupport_c.cpython-38-x86_64-linux-gnu.so
-- Up-to-date symlink: /home/robotflow/dual_flexiv/install/flexiv_msgs/lib/libflexiv_msgs__python.so
-- Up-to-date symlink: /home/robotflow/dual_flexiv/install/flexiv_msgs/share/flexiv_msgs/msg/CartesianState.idl
-- Up-to-date symlink: /home/robotflow/dual_flexiv/install/flexiv_msgs/share/flexiv_msgs/msg/CartesianVelocity.idl
-- Up-to-date symlink: /home/robotflow/dual_flexiv/install/flexiv_msgs/share/flexiv_msgs/msg/ExternalForce.idl
-- Up-to-date symlink: /home/robotflow/dual_flexiv/install/flexiv_msgs/share/flexiv_msgs/msg/JointPosVel.idl
-- Up-to-date symlink: /home/robotflow/dual_flexiv/install/flexiv_msgs/share/flexiv_msgs/msg/Mode.idl
-- Up-to-date symlink: /home/robotflow/dual_flexiv/install/flexiv_msgs/share/flexiv_msgs/msg/RobotStates.idl
-- Up-to-date symlink: /home/robotflow/dual_flexiv/install/flexiv_msgs/share/flexiv_msgs/msg/CartesianState.msg
-- Up-to-date symlink: /home/robotflow/dual_flexiv/install/flexiv_msgs/share/flexiv_msgs/msg/CartesianVelocity.msg
-- Up-to-date symlink: /home/robotflow/dual_flexiv/install/flexiv_msgs/share/flexiv_msgs/msg/ExternalForce.msg
-- Up-to-date symlink: /home/robotflow/dual_flexiv/install/flexiv_msgs/share/flexiv_msgs/msg/JointPosVel.msg
-- Up-to-date symlink: /home/robotflow/dual_flexiv/install/flexiv_msgs/share/flexiv_msgs/msg/Mode.msg
-- Up-to-date symlink: /home/robotflow/dual_flexiv/install/flexiv_msgs/share/flexiv_msgs/msg/RobotStates.msg
-- Up-to-date symlink: /home/robotflow/dual_flexiv/install/flexiv_msgs/share/ament_index/resource_index/package_run_dependencies/flexiv_msgs
-- Up-to-date symlink: /home/robotflow/dual_flexiv/install/flexiv_msgs/share/ament_index/resource_index/parent_prefix_path/flexiv_msgs
-- Up-to-date symlink: /home/robotflow/dual_flexiv/install/flexiv_msgs/share/flexiv_msgs/environment/ament_prefix_path.sh
-- Up-to-date symlink: /home/robotflow/dual_flexiv/install/flexiv_msgs/share/flexiv_msgs/environment/ament_prefix_path.dsv
-- Up-to-date symlink: /home/robotflow/dual_flexiv/install/flexiv_msgs/share/flexiv_msgs/environment/path.sh
-- Up-to-date symlink: /home/robotflow/dual_flexiv/install/flexiv_msgs/share/flexiv_msgs/environment/path.dsv
-- Up-to-date symlink: /home/robotflow/dual_flexiv/install/flexiv_msgs/share/flexiv_msgs/local_setup.bash
-- Up-to-date symlink: /home/robotflow/dual_flexiv/install/flexiv_msgs/share/flexiv_msgs/local_setup.sh
-- Up-to-date symlink: /home/robotflow/dual_flexiv/install/flexiv_msgs/share/flexiv_msgs/local_setup.zsh
-- Up-to-date symlink: /home/robotflow/dual_flexiv/install/flexiv_msgs/share/flexiv_msgs/local_setup.dsv
-- Symlinking: /home/robotflow/dual_flexiv/install/flexiv_msgs/share/flexiv_msgs/package.dsv
-- Up-to-date symlink: /home/robotflow/dual_flexiv/install/flexiv_msgs/share/ament_index/resource_index/packages/flexiv_msgs
-- Up-to-date symlink: /home/robotflow/dual_flexiv/install/flexiv_msgs/share/flexiv_msgs/cmake/rosidl_cmake-extras.cmake
-- Up-to-date symlink: /home/robotflow/dual_flexiv/install/flexiv_msgs/share/flexiv_msgs/cmake/ament_cmake_export_dependencies-extras.cmake
-- Up-to-date symlink: /home/robotflow/dual_flexiv/install/flexiv_msgs/share/flexiv_msgs/cmake/ament_cmake_export_libraries-extras.cmake
-- Up-to-date symlink: /home/robotflow/dual_flexiv/install/flexiv_msgs/share/flexiv_msgs/cmake/ament_cmake_export_targets-extras.cmake
-- Up-to-date symlink: /home/robotflow/dual_flexiv/install/flexiv_msgs/share/flexiv_msgs/cmake/ament_cmake_export_include_directories-extras.cmake
-- Up-to-date symlink: /home/robotflow/dual_flexiv/install/flexiv_msgs/share/flexiv_msgs/cmake/rosidl_cmake_export_typesupport_libraries-extras.cmake
-- Up-to-date symlink: /home/robotflow/dual_flexiv/install/flexiv_msgs/share/flexiv_msgs/cmake/rosidl_cmake_export_typesupport_targets-extras.cmake
-- Up-to-date symlink: /home/robotflow/dual_flexiv/install/flexiv_msgs/share/flexiv_msgs/cmake/flexiv_msgsConfig.cmake
-- Up-to-date symlink: /home/robotflow/dual_flexiv/install/flexiv_msgs/share/flexiv_msgs/cmake/flexiv_msgsConfig-version.cmake
-- Up-to-date symlink: /home/robotflow/dual_flexiv/install/flexiv_msgs/share/flexiv_msgs/package.xml
-- Installing: /home/robotflow/dual_flexiv/install/flexiv_msgs/lib/libflexiv_msgs__rosidl_generator_c.so
-- Set runtime path of "/home/robotflow/dual_flexiv/install/flexiv_msgs/lib/libflexiv_msgs__rosidl_generator_c.so" to ""
-- Installing: /home/robotflow/dual_flexiv/install/flexiv_msgs/lib/libflexiv_msgs__rosidl_typesupport_introspection_c.so
-- Set runtime path of "/home/robotflow/dual_flexiv/install/flexiv_msgs/lib/libflexiv_msgs__rosidl_typesupport_introspection_c.so" to ""
-- Installing: /home/robotflow/dual_flexiv/install/flexiv_msgs/lib/libflexiv_msgs__rosidl_typesupport_c.so
-- Set runtime path of "/home/robotflow/dual_flexiv/install/flexiv_msgs/lib/libflexiv_msgs__rosidl_typesupport_c.so" to ""
-- Installing: /home/robotflow/dual_flexiv/install/flexiv_msgs/lib/libflexiv_msgs__rosidl_typesupport_introspection_cpp.so
-- Set runtime path of "/home/robotflow/dual_flexiv/install/flexiv_msgs/lib/libflexiv_msgs__rosidl_typesupport_introspection_cpp.so" to ""
-- Installing: /home/robotflow/dual_flexiv/install/flexiv_msgs/lib/libflexiv_msgs__rosidl_typesupport_cpp.so
-- Set runtime path of "/home/robotflow/dual_flexiv/install/flexiv_msgs/lib/libflexiv_msgs__rosidl_typesupport_cpp.so" to ""
Compiling '/home/robotflow/dual_flexiv/install/flexiv_msgs/lib/python3.8/site-packages/flexiv_msgs/__init__.py'...
-- Up-to-date: /home/robotflow/dual_flexiv/install/flexiv_msgs/share/flexiv_msgs/cmake/flexiv_msgs__rosidl_generator_cExport.cmake
-- Installing: /home/robotflow/dual_flexiv/install/flexiv_msgs/share/flexiv_msgs/cmake/flexiv_msgs__rosidl_generator_cExport-noconfig.cmake
-- Up-to-date: /home/robotflow/dual_flexiv/install/flexiv_msgs/share/flexiv_msgs/cmake/flexiv_msgs__rosidl_typesupport_introspection_cExport.cmake
-- Installing: /home/robotflow/dual_flexiv/install/flexiv_msgs/share/flexiv_msgs/cmake/flexiv_msgs__rosidl_typesupport_introspection_cExport-noconfig.cmake
-- Up-to-date: /home/robotflow/dual_flexiv/install/flexiv_msgs/share/flexiv_msgs/cmake/flexiv_msgs__rosidl_typesupport_cExport.cmake
-- Installing: /home/robotflow/dual_flexiv/install/flexiv_msgs/share/flexiv_msgs/cmake/flexiv_msgs__rosidl_typesupport_cExport-noconfig.cmake
-- Up-to-date: /home/robotflow/dual_flexiv/install/flexiv_msgs/share/flexiv_msgs/cmake/flexiv_msgs__rosidl_generator_cppExport.cmake
-- Up-to-date: /home/robotflow/dual_flexiv/install/flexiv_msgs/share/flexiv_msgs/cmake/flexiv_msgs__rosidl_typesupport_introspection_cppExport.cmake
-- Installing: /home/robotflow/dual_flexiv/install/flexiv_msgs/share/flexiv_msgs/cmake/flexiv_msgs__rosidl_typesupport_introspection_cppExport-noconfig.cmake
-- Up-to-date: /home/robotflow/dual_flexiv/install/flexiv_msgs/share/flexiv_msgs/cmake/flexiv_msgs__rosidl_typesupport_cppExport.cmake
-- Installing: /home/robotflow/dual_flexiv/install/flexiv_msgs/share/flexiv_msgs/cmake/flexiv_msgs__rosidl_typesupport_cppExport-noconfig.cmake
