[0.089s] Invoking command in '/home/robotflow/dual_flexiv/build/flexiv_msgs': CMAKE_PREFIX_PATH=${CMAKE_PREFIX_PATH}:/home/robotflow/dual_flexiv/install/flexiv_test_nodes:/opt/ros/foxy /usr/bin/cmake --build /home/robotflow/dual_flexiv/build/flexiv_msgs -- -j8 -l8
[0.467s] -- Found ament_cmake: 0.9.11 (/opt/ros/foxy/share/ament_cmake/cmake)
[0.468s] -- Found PythonInterp: /usr/bin/python3 (found suitable version "3.8.10", minimum required is "3") 
[0.470s] -- Using PYTHON_EXECUTABLE: /usr/bin/python3
[0.470s] -- Override CMake install command with custom implementation using symlinks instead of copying resources
[0.470s] -- Found rosidl_default_generators: 1.0.1 (/opt/ros/foxy/share/rosidl_default_generators/cmake)
[0.470s] -- Using all available rosidl_typesupport_c: rosidl_typesupport_fastrtps_c;rosidl_typesupport_introspection_c
[0.474s] -- Found rosidl_adapter: 1.3.0 (/opt/ros/foxy/share/rosidl_adapter/cmake)
[0.760s] -- Using all available rosidl_typesupport_cpp: rosidl_typesupport_fastrtps_cpp;rosidl_typesupport_introspection_cpp
[0.808s] -- Found std_msgs: 2.0.5 (/opt/ros/foxy/share/std_msgs/cmake)
[0.877s] -- Found geometry_msgs: 2.0.5 (/opt/ros/foxy/share/geometry_msgs/cmake)
[1.015s] -- Found PythonInterp: /usr/bin/python3 (found version "3.8.10") 
[1.475s] -- Found ament_cmake_ros: 0.9.2 (/opt/ros/foxy/share/ament_cmake_ros/cmake)
[2.051s] -- Using all available rosidl_typesupport_c: rosidl_typesupport_fastrtps_c;rosidl_typesupport_introspection_c
[2.232s] -- Using all available rosidl_typesupport_cpp: rosidl_typesupport_fastrtps_cpp;rosidl_typesupport_introspection_cpp
[2.276s] -- Found PythonInterp: /usr/bin/python3 (found suitable version "3.8.10", minimum required is "3.5") 
[2.277s] -- Found python_cmake_module: 0.8.1 (/opt/ros/foxy/share/python_cmake_module/cmake)
[2.328s] -- Using PYTHON_EXECUTABLE: /usr/bin/python3
[2.328s] -- Using PYTHON_INCLUDE_DIRS: /usr/include/python3.8
[2.328s] -- Using PYTHON_LIBRARIES: /usr/lib/x86_64-linux-gnu/libpython3.8.so
[2.442s] -- Found ament_lint_auto: 0.9.7 (/opt/ros/foxy/share/ament_lint_auto/cmake)
[2.464s] -- Added test 'copyright' to check source files copyright and LICENSE
[2.467s] -- Added test 'lint_cmake' to check CMake code style
[2.468s] -- Added test 'xmllint' to check XML markup files
[2.475s] -- Configuring done
[2.586s] -- Generating done
[2.591s] -- Build files have been written to: /home/robotflow/dual_flexiv/build/flexiv_msgs
[2.641s] [35m[1mScanning dependencies of target flexiv_msgs__rosidl_generator_c[0m
[2.646s] [  1%] Built target flexiv_msgs__cpp
[2.667s] [35m[1mScanning dependencies of target flexiv_msgs__rosidl_typesupport_cpp[0m
[2.671s] [  2%] [32mBuilding C object CMakeFiles/flexiv_msgs__rosidl_generator_c.dir/rosidl_generator_c/flexiv_msgs/msg/detail/cartesian_state__functions.c.o[0m
[2.679s] [  4%] [32mBuilding C object CMakeFiles/flexiv_msgs__rosidl_generator_c.dir/rosidl_generator_c/flexiv_msgs/msg/detail/joint_pos_vel__functions.c.o[0m
[2.679s] [  5%] [32mBuilding C object CMakeFiles/flexiv_msgs__rosidl_generator_c.dir/rosidl_generator_c/flexiv_msgs/msg/detail/mode__functions.c.o[0m
[2.685s] [  7%] [32mBuilding C object CMakeFiles/flexiv_msgs__rosidl_generator_c.dir/rosidl_generator_c/flexiv_msgs/msg/detail/external_force__functions.c.o[0m
[2.691s] [35m[1mScanning dependencies of target flexiv_msgs__rosidl_typesupport_introspection_cpp[0m
[2.692s] [  8%] [32mBuilding C object CMakeFiles/flexiv_msgs__rosidl_generator_c.dir/rosidl_generator_c/flexiv_msgs/msg/detail/cartesian_velocity__functions.c.o[0m
[2.713s] [  9%] [32mBuilding CXX object CMakeFiles/flexiv_msgs__rosidl_typesupport_cpp.dir/rosidl_typesupport_cpp/flexiv_msgs/msg/cartesian_state__type_support.cpp.o[0m
[2.727s] [35m[1mScanning dependencies of target flexiv_msgs__rosidl_typesupport_fastrtps_cpp[0m
[2.740s] [ 11%] [32mBuilding CXX object CMakeFiles/flexiv_msgs__rosidl_typesupport_introspection_cpp.dir/rosidl_typesupport_introspection_cpp/flexiv_msgs/msg/detail/cartesian_state__type_support.cpp.o[0m
[2.782s] [ 12%] [32mBuilding C object CMakeFiles/flexiv_msgs__rosidl_generator_c.dir/rosidl_generator_c/flexiv_msgs/msg/detail/robot_states__functions.c.o[0m
[2.791s] [ 14%] [32mBuilding CXX object CMakeFiles/flexiv_msgs__rosidl_typesupport_introspection_cpp.dir/rosidl_typesupport_introspection_cpp/flexiv_msgs/msg/detail/external_force__type_support.cpp.o[0m
[2.797s] [ 15%] [32mBuilding CXX object CMakeFiles/flexiv_msgs__rosidl_typesupport_introspection_cpp.dir/rosidl_typesupport_introspection_cpp/flexiv_msgs/msg/detail/cartesian_velocity__type_support.cpp.o[0m
[2.801s] [ 16%] [32mBuilding CXX object CMakeFiles/flexiv_msgs__rosidl_typesupport_fastrtps_cpp.dir/rosidl_typesupport_fastrtps_cpp/flexiv_msgs/msg/detail/dds_fastrtps/cartesian_state__type_support.cpp.o[0m
[2.835s] [ 18%] [32mBuilding CXX object CMakeFiles/flexiv_msgs__rosidl_typesupport_introspection_cpp.dir/rosidl_typesupport_introspection_cpp/flexiv_msgs/msg/detail/joint_pos_vel__type_support.cpp.o[0m
[2.849s] [ 19%] [32mBuilding CXX object CMakeFiles/flexiv_msgs__rosidl_typesupport_fastrtps_cpp.dir/rosidl_typesupport_fastrtps_cpp/flexiv_msgs/msg/detail/dds_fastrtps/cartesian_velocity__type_support.cpp.o[0m
[2.987s] [ 21%] [32m[1mLinking C shared library libflexiv_msgs__rosidl_generator_c.so[0m
[3.211s] [ 22%] Built target flexiv_msgs__rosidl_generator_c
[3.250s] [ 23%] [32mBuilding CXX object CMakeFiles/flexiv_msgs__rosidl_typesupport_introspection_cpp.dir/rosidl_typesupport_introspection_cpp/flexiv_msgs/msg/detail/mode__type_support.cpp.o[0m
[3.492s] [ 25%] [32mBuilding CXX object CMakeFiles/flexiv_msgs__rosidl_typesupport_introspection_cpp.dir/rosidl_typesupport_introspection_cpp/flexiv_msgs/msg/detail/robot_states__type_support.cpp.o[0m
[3.556s] [ 26%] [32mBuilding CXX object CMakeFiles/flexiv_msgs__rosidl_typesupport_cpp.dir/rosidl_typesupport_cpp/flexiv_msgs/msg/cartesian_velocity__type_support.cpp.o[0m
[3.578s] [35m[1mScanning dependencies of target flexiv_msgs__rosidl_typesupport_introspection_c[0m
[3.623s] [ 28%] [32mBuilding CXX object CMakeFiles/flexiv_msgs__rosidl_typesupport_cpp.dir/rosidl_typesupport_cpp/flexiv_msgs/msg/external_force__type_support.cpp.o[0m
[3.640s] [ 29%] [32mBuilding CXX object CMakeFiles/flexiv_msgs__rosidl_typesupport_cpp.dir/rosidl_typesupport_cpp/flexiv_msgs/msg/joint_pos_vel__type_support.cpp.o[0m
[3.642s] [ 30%] [32mBuilding C object CMakeFiles/flexiv_msgs__rosidl_typesupport_introspection_c.dir/rosidl_typesupport_introspection_c/flexiv_msgs/msg/detail/cartesian_state__type_support.c.o[0m
[3.849s] [ 32%] [32mBuilding C object CMakeFiles/flexiv_msgs__rosidl_typesupport_introspection_c.dir/rosidl_typesupport_introspection_c/flexiv_msgs/msg/detail/cartesian_velocity__type_support.c.o[0m
[4.011s] [ 33%] [32mBuilding C object CMakeFiles/flexiv_msgs__rosidl_typesupport_introspection_c.dir/rosidl_typesupport_introspection_c/flexiv_msgs/msg/detail/external_force__type_support.c.o[0m
[4.019s] [ 35%] [32mBuilding CXX object CMakeFiles/flexiv_msgs__rosidl_typesupport_fastrtps_cpp.dir/rosidl_typesupport_fastrtps_cpp/flexiv_msgs/msg/detail/dds_fastrtps/external_force__type_support.cpp.o[0m
[4.080s] [ 36%] [32mBuilding CXX object CMakeFiles/flexiv_msgs__rosidl_typesupport_fastrtps_cpp.dir/rosidl_typesupport_fastrtps_cpp/flexiv_msgs/msg/detail/dds_fastrtps/joint_pos_vel__type_support.cpp.o[0m
[4.140s] [ 38%] [32mBuilding C object CMakeFiles/flexiv_msgs__rosidl_typesupport_introspection_c.dir/rosidl_typesupport_introspection_c/flexiv_msgs/msg/detail/joint_pos_vel__type_support.c.o[0m
[4.189s] [ 39%] [32mBuilding CXX object CMakeFiles/flexiv_msgs__rosidl_typesupport_fastrtps_cpp.dir/rosidl_typesupport_fastrtps_cpp/flexiv_msgs/msg/detail/dds_fastrtps/mode__type_support.cpp.o[0m
[4.309s] [ 40%] [32mBuilding C object CMakeFiles/flexiv_msgs__rosidl_typesupport_introspection_c.dir/rosidl_typesupport_introspection_c/flexiv_msgs/msg/detail/mode__type_support.c.o[0m
[4.425s] [ 42%] [32m[1mLinking CXX shared library libflexiv_msgs__rosidl_typesupport_introspection_cpp.so[0m
[4.433s] [ 43%] [32mBuilding C object CMakeFiles/flexiv_msgs__rosidl_typesupport_introspection_c.dir/rosidl_typesupport_introspection_c/flexiv_msgs/msg/detail/robot_states__type_support.c.o[0m
[4.442s] [ 45%] [32mBuilding CXX object CMakeFiles/flexiv_msgs__rosidl_typesupport_cpp.dir/rosidl_typesupport_cpp/flexiv_msgs/msg/mode__type_support.cpp.o[0m
[4.513s] [ 46%] [32mBuilding CXX object CMakeFiles/flexiv_msgs__rosidl_typesupport_cpp.dir/rosidl_typesupport_cpp/flexiv_msgs/msg/robot_states__type_support.cpp.o[0m
[4.583s] [ 47%] [32mBuilding CXX object CMakeFiles/flexiv_msgs__rosidl_typesupport_fastrtps_cpp.dir/rosidl_typesupport_fastrtps_cpp/flexiv_msgs/msg/detail/dds_fastrtps/robot_states__type_support.cpp.o[0m
[4.601s] [ 49%] [32m[1mLinking C shared library libflexiv_msgs__rosidl_typesupport_introspection_c.so[0m
[4.680s] [ 50%] Built target flexiv_msgs__rosidl_typesupport_introspection_cpp
[4.730s] [ 52%] Built target flexiv_msgs__rosidl_typesupport_introspection_c
[4.770s] [35m[1mScanning dependencies of target flexiv_msgs__rosidl_typesupport_c[0m
[4.838s] [ 53%] [32mBuilding CXX object CMakeFiles/flexiv_msgs__rosidl_typesupport_c.dir/rosidl_typesupport_c/flexiv_msgs/msg/cartesian_state__type_support.cpp.o[0m
[4.867s] [ 54%] [32mBuilding CXX object CMakeFiles/flexiv_msgs__rosidl_typesupport_c.dir/rosidl_typesupport_c/flexiv_msgs/msg/cartesian_velocity__type_support.cpp.o[0m
[5.008s] [ 56%] [32mBuilding CXX object CMakeFiles/flexiv_msgs__rosidl_typesupport_c.dir/rosidl_typesupport_c/flexiv_msgs/msg/external_force__type_support.cpp.o[0m
[5.066s] [ 57%] [32mBuilding CXX object CMakeFiles/flexiv_msgs__rosidl_typesupport_c.dir/rosidl_typesupport_c/flexiv_msgs/msg/joint_pos_vel__type_support.cpp.o[0m
[5.181s] [ 59%] [32mBuilding CXX object CMakeFiles/flexiv_msgs__rosidl_typesupport_c.dir/rosidl_typesupport_c/flexiv_msgs/msg/mode__type_support.cpp.o[0m
[5.183s] [ 60%] [32mBuilding CXX object CMakeFiles/flexiv_msgs__rosidl_typesupport_c.dir/rosidl_typesupport_c/flexiv_msgs/msg/robot_states__type_support.cpp.o[0m
[5.302s] [ 61%] [32m[1mLinking CXX shared library libflexiv_msgs__rosidl_typesupport_c.so[0m
[5.327s] [ 63%] [32m[1mLinking CXX shared library libflexiv_msgs__rosidl_typesupport_cpp.so[0m
[5.413s] [ 64%] Built target flexiv_msgs__rosidl_typesupport_c
[5.425s] [ 66%] Built target flexiv_msgs__rosidl_typesupport_cpp
[5.713s] [ 67%] [32m[1mLinking CXX shared library libflexiv_msgs__rosidl_typesupport_fastrtps_cpp.so[0m
[5.884s] [ 69%] Built target flexiv_msgs__rosidl_typesupport_fastrtps_cpp
[5.904s] [35m[1mScanning dependencies of target flexiv_msgs__rosidl_typesupport_fastrtps_c[0m
[5.937s] [ 73%] [32mBuilding CXX object CMakeFiles/flexiv_msgs__rosidl_typesupport_fastrtps_c.dir/rosidl_typesupport_fastrtps_c/flexiv_msgs/msg/detail/cartesian_velocity__type_support_c.cpp.o[0m
[5.937s] [ 73%] [32mBuilding CXX object CMakeFiles/flexiv_msgs__rosidl_typesupport_fastrtps_c.dir/rosidl_typesupport_fastrtps_c/flexiv_msgs/msg/detail/cartesian_state__type_support_c.cpp.o[0m
[5.938s] [ 73%] [32mBuilding CXX object CMakeFiles/flexiv_msgs__rosidl_typesupport_fastrtps_c.dir/rosidl_typesupport_fastrtps_c/flexiv_msgs/msg/detail/external_force__type_support_c.cpp.o[0m
[5.940s] [ 74%] [32mBuilding CXX object CMakeFiles/flexiv_msgs__rosidl_typesupport_fastrtps_c.dir/rosidl_typesupport_fastrtps_c/flexiv_msgs/msg/detail/joint_pos_vel__type_support_c.cpp.o[0m
[5.946s] [ 76%] [32mBuilding CXX object CMakeFiles/flexiv_msgs__rosidl_typesupport_fastrtps_c.dir/rosidl_typesupport_fastrtps_c/flexiv_msgs/msg/detail/mode__type_support_c.cpp.o[0m
[5.951s] [ 77%] [32mBuilding CXX object CMakeFiles/flexiv_msgs__rosidl_typesupport_fastrtps_c.dir/rosidl_typesupport_fastrtps_c/flexiv_msgs/msg/detail/robot_states__type_support_c.cpp.o[0m
[7.033s] [ 78%] [32m[1mLinking CXX shared library libflexiv_msgs__rosidl_typesupport_fastrtps_c.so[0m
[7.168s] [ 80%] Built target flexiv_msgs__rosidl_typesupport_fastrtps_c
[7.192s] [ 80%] Built target flexiv_msgs
[7.220s] [ 81%] Built target flexiv_msgs__py
[7.237s] [35m[1mScanning dependencies of target flexiv_msgs__python[0m
[7.274s] [ 83%] [32mBuilding C object CMakeFiles/flexiv_msgs__python.dir/rosidl_generator_py/flexiv_msgs/msg/_cartesian_velocity_s.c.o[0m
[7.274s] [ 85%] [32mBuilding C object CMakeFiles/flexiv_msgs__python.dir/rosidl_generator_py/flexiv_msgs/msg/_cartesian_state_s.c.o[0m
[7.275s] [ 85%] [32mBuilding C object CMakeFiles/flexiv_msgs__python.dir/rosidl_generator_py/flexiv_msgs/msg/_external_force_s.c.o[0m
[7.276s] [ 87%] [32mBuilding C object CMakeFiles/flexiv_msgs__python.dir/rosidl_generator_py/flexiv_msgs/msg/_mode_s.c.o[0m
[7.276s] [ 88%] [32mBuilding C object CMakeFiles/flexiv_msgs__python.dir/rosidl_generator_py/flexiv_msgs/msg/_joint_pos_vel_s.c.o[0m
[7.289s] [ 90%] [32mBuilding C object CMakeFiles/flexiv_msgs__python.dir/rosidl_generator_py/flexiv_msgs/msg/_robot_states_s.c.o[0m
[7.535s] [ 91%] [32m[1mLinking C shared library rosidl_generator_py/flexiv_msgs/libflexiv_msgs__python.so[0m
[7.592s] [ 91%] Built target flexiv_msgs__python
[7.605s] [35m[1mScanning dependencies of target flexiv_msgs__rosidl_typesupport_introspection_c__pyext[0m
[7.606s] [35m[1mScanning dependencies of target flexiv_msgs__rosidl_typesupport_fastrtps_c__pyext[0m
[7.610s] [35m[1mScanning dependencies of target flexiv_msgs__rosidl_typesupport_c__pyext[0m
[7.630s] [ 92%] [32mBuilding C object CMakeFiles/flexiv_msgs__rosidl_typesupport_introspection_c__pyext.dir/rosidl_generator_py/flexiv_msgs/_flexiv_msgs_s.ep.rosidl_typesupport_introspection_c.c.o[0m
[7.637s] [ 94%] [32mBuilding C object CMakeFiles/flexiv_msgs__rosidl_typesupport_fastrtps_c__pyext.dir/rosidl_generator_py/flexiv_msgs/_flexiv_msgs_s.ep.rosidl_typesupport_fastrtps_c.c.o[0m
[7.641s] [ 95%] [32mBuilding C object CMakeFiles/flexiv_msgs__rosidl_typesupport_c__pyext.dir/rosidl_generator_py/flexiv_msgs/_flexiv_msgs_s.ep.rosidl_typesupport_c.c.o[0m
[7.776s] [ 97%] [32m[1mLinking C shared library rosidl_generator_py/flexiv_msgs/flexiv_msgs_s__rosidl_typesupport_introspection_c.cpython-38-x86_64-linux-gnu.so[0m
[7.847s] [ 98%] Built target flexiv_msgs__rosidl_typesupport_introspection_c__pyext
[7.848s] [ 98%] [32m[1mLinking CXX shared library rosidl_generator_py/flexiv_msgs/flexiv_msgs_s__rosidl_typesupport_fastrtps_c.cpython-38-x86_64-linux-gnu.so[0m
[7.848s] [100%] [32m[1mLinking C shared library rosidl_generator_py/flexiv_msgs/flexiv_msgs_s__rosidl_typesupport_c.cpython-38-x86_64-linux-gnu.so[0m
[7.913s] [100%] Built target flexiv_msgs__rosidl_typesupport_c__pyext
[7.955s] [100%] Built target flexiv_msgs__rosidl_typesupport_fastrtps_c__pyext
[7.971s] Invoked command in '/home/robotflow/dual_flexiv/build/flexiv_msgs' returned '0': CMAKE_PREFIX_PATH=${CMAKE_PREFIX_PATH}:/home/robotflow/dual_flexiv/install/flexiv_test_nodes:/opt/ros/foxy /usr/bin/cmake --build /home/robotflow/dual_flexiv/build/flexiv_msgs -- -j8 -l8
[8.110s] Invoking command in '/home/robotflow/dual_flexiv/build/flexiv_msgs': CMAKE_PREFIX_PATH=${CMAKE_PREFIX_PATH}:/home/robotflow/dual_flexiv/install/flexiv_test_nodes:/opt/ros/foxy /usr/bin/cmake --install /home/robotflow/dual_flexiv/build/flexiv_msgs
[8.122s] -- Install configuration: ""
[8.123s] -- Execute custom install script
[8.124s] -- Up-to-date symlink: /home/robotflow/dual_flexiv/install/flexiv_msgs/share/ament_index/resource_index/rosidl_interfaces/flexiv_msgs
[8.125s] -- Up-to-date symlink: /home/robotflow/dual_flexiv/install/flexiv_msgs/include/flexiv_msgs/msg/cartesian_state.h
[8.125s] -- Up-to-date symlink: /home/robotflow/dual_flexiv/install/flexiv_msgs/include/flexiv_msgs/msg/cartesian_velocity.h
[8.125s] -- Up-to-date symlink: /home/robotflow/dual_flexiv/install/flexiv_msgs/include/flexiv_msgs/msg/detail/cartesian_state__functions.h
[8.126s] -- Up-to-date symlink: /home/robotflow/dual_flexiv/install/flexiv_msgs/include/flexiv_msgs/msg/detail/cartesian_state__struct.h
[8.126s] -- Up-to-date symlink: /home/robotflow/dual_flexiv/install/flexiv_msgs/include/flexiv_msgs/msg/detail/cartesian_state__type_support.h
[8.126s] -- Up-to-date symlink: /home/robotflow/dual_flexiv/install/flexiv_msgs/include/flexiv_msgs/msg/detail/cartesian_velocity__functions.h
[8.127s] -- Up-to-date symlink: /home/robotflow/dual_flexiv/install/flexiv_msgs/include/flexiv_msgs/msg/detail/cartesian_velocity__struct.h
[8.127s] -- Up-to-date symlink: /home/robotflow/dual_flexiv/install/flexiv_msgs/include/flexiv_msgs/msg/detail/cartesian_velocity__type_support.h
[8.127s] -- Up-to-date symlink: /home/robotflow/dual_flexiv/install/flexiv_msgs/include/flexiv_msgs/msg/detail/external_force__functions.h
[8.127s] -- Up-to-date symlink: /home/robotflow/dual_flexiv/install/flexiv_msgs/include/flexiv_msgs/msg/detail/external_force__struct.h
[8.128s] -- Up-to-date symlink: /home/robotflow/dual_flexiv/install/flexiv_msgs/include/flexiv_msgs/msg/detail/external_force__type_support.h
[8.128s] -- Up-to-date symlink: /home/robotflow/dual_flexiv/install/flexiv_msgs/include/flexiv_msgs/msg/detail/joint_pos_vel__functions.h
[8.128s] -- Up-to-date symlink: /home/robotflow/dual_flexiv/install/flexiv_msgs/include/flexiv_msgs/msg/detail/joint_pos_vel__struct.h
[8.129s] -- Up-to-date symlink: /home/robotflow/dual_flexiv/install/flexiv_msgs/include/flexiv_msgs/msg/detail/joint_pos_vel__type_support.h
[8.129s] -- Up-to-date symlink: /home/robotflow/dual_flexiv/install/flexiv_msgs/include/flexiv_msgs/msg/detail/mode__functions.h
[8.129s] -- Up-to-date symlink: /home/robotflow/dual_flexiv/install/flexiv_msgs/include/flexiv_msgs/msg/detail/mode__struct.h
[8.130s] -- Up-to-date symlink: /home/robotflow/dual_flexiv/install/flexiv_msgs/include/flexiv_msgs/msg/detail/mode__type_support.h
[8.130s] -- Up-to-date symlink: /home/robotflow/dual_flexiv/install/flexiv_msgs/include/flexiv_msgs/msg/detail/robot_states__functions.h
[8.130s] -- Up-to-date symlink: /home/robotflow/dual_flexiv/install/flexiv_msgs/include/flexiv_msgs/msg/detail/robot_states__struct.h
[8.131s] -- Up-to-date symlink: /home/robotflow/dual_flexiv/install/flexiv_msgs/include/flexiv_msgs/msg/detail/robot_states__type_support.h
[8.131s] -- Up-to-date symlink: /home/robotflow/dual_flexiv/install/flexiv_msgs/include/flexiv_msgs/msg/external_force.h
[8.131s] -- Up-to-date symlink: /home/robotflow/dual_flexiv/install/flexiv_msgs/include/flexiv_msgs/msg/joint_pos_vel.h
[8.132s] -- Up-to-date symlink: /home/robotflow/dual_flexiv/install/flexiv_msgs/include/flexiv_msgs/msg/mode.h
[8.132s] -- Up-to-date symlink: /home/robotflow/dual_flexiv/install/flexiv_msgs/include/flexiv_msgs/msg/robot_states.h
[8.132s] -- Up-to-date symlink: /home/robotflow/dual_flexiv/install/flexiv_msgs/include/flexiv_msgs/msg/rosidl_generator_c__visibility_control.h
[8.133s] -- Up-to-date symlink: /home/robotflow/dual_flexiv/install/flexiv_msgs/share/flexiv_msgs/environment/library_path.sh
[8.133s] -- Up-to-date symlink: /home/robotflow/dual_flexiv/install/flexiv_msgs/share/flexiv_msgs/environment/library_path.dsv
[8.134s] -- Up-to-date symlink: /home/robotflow/dual_flexiv/install/flexiv_msgs/include/flexiv_msgs/msg/detail/cartesian_state__rosidl_typesupport_fastrtps_c.h
[8.135s] -- Up-to-date symlink: /home/robotflow/dual_flexiv/install/flexiv_msgs/include/flexiv_msgs/msg/detail/cartesian_velocity__rosidl_typesupport_fastrtps_c.h
[8.135s] -- Up-to-date symlink: /home/robotflow/dual_flexiv/install/flexiv_msgs/include/flexiv_msgs/msg/detail/external_force__rosidl_typesupport_fastrtps_c.h
[8.135s] -- Up-to-date symlink: /home/robotflow/dual_flexiv/install/flexiv_msgs/include/flexiv_msgs/msg/detail/joint_pos_vel__rosidl_typesupport_fastrtps_c.h
[8.135s] -- Up-to-date symlink: /home/robotflow/dual_flexiv/install/flexiv_msgs/include/flexiv_msgs/msg/detail/mode__rosidl_typesupport_fastrtps_c.h
[8.136s] -- Up-to-date symlink: /home/robotflow/dual_flexiv/install/flexiv_msgs/include/flexiv_msgs/msg/detail/robot_states__rosidl_typesupport_fastrtps_c.h
[8.136s] -- Up-to-date symlink: /home/robotflow/dual_flexiv/install/flexiv_msgs/include/flexiv_msgs/msg/rosidl_typesupport_fastrtps_c__visibility_control.h
[8.136s] -- Up-to-date symlink: /home/robotflow/dual_flexiv/install/flexiv_msgs/lib/libflexiv_msgs__rosidl_typesupport_fastrtps_c.so
[8.138s] -- Up-to-date symlink: /home/robotflow/dual_flexiv/install/flexiv_msgs/include/flexiv_msgs/msg/detail/cartesian_state__rosidl_typesupport_fastrtps_cpp.hpp
[8.138s] -- Up-to-date symlink: /home/robotflow/dual_flexiv/install/flexiv_msgs/include/flexiv_msgs/msg/detail/cartesian_velocity__rosidl_typesupport_fastrtps_cpp.hpp
[8.138s] -- Up-to-date symlink: /home/robotflow/dual_flexiv/install/flexiv_msgs/include/flexiv_msgs/msg/detail/external_force__rosidl_typesupport_fastrtps_cpp.hpp
[8.138s] -- Up-to-date symlink: /home/robotflow/dual_flexiv/install/flexiv_msgs/include/flexiv_msgs/msg/detail/joint_pos_vel__rosidl_typesupport_fastrtps_cpp.hpp
[8.138s] -- Up-to-date symlink: /home/robotflow/dual_flexiv/install/flexiv_msgs/include/flexiv_msgs/msg/detail/mode__rosidl_typesupport_fastrtps_cpp.hpp
[8.139s] -- Up-to-date symlink: /home/robotflow/dual_flexiv/install/flexiv_msgs/include/flexiv_msgs/msg/detail/robot_states__rosidl_typesupport_fastrtps_cpp.hpp
[8.139s] -- Up-to-date symlink: /home/robotflow/dual_flexiv/install/flexiv_msgs/include/flexiv_msgs/msg/rosidl_typesupport_fastrtps_cpp__visibility_control.h
[8.139s] -- Up-to-date symlink: /home/robotflow/dual_flexiv/install/flexiv_msgs/lib/libflexiv_msgs__rosidl_typesupport_fastrtps_cpp.so
[8.140s] -- Up-to-date symlink: /home/robotflow/dual_flexiv/install/flexiv_msgs/include/flexiv_msgs/msg/detail/cartesian_state__rosidl_typesupport_introspection_c.h
[8.140s] -- Up-to-date symlink: /home/robotflow/dual_flexiv/install/flexiv_msgs/include/flexiv_msgs/msg/detail/cartesian_velocity__rosidl_typesupport_introspection_c.h
[8.141s] -- Up-to-date symlink: /home/robotflow/dual_flexiv/install/flexiv_msgs/include/flexiv_msgs/msg/detail/external_force__rosidl_typesupport_introspection_c.h
[8.141s] -- Up-to-date symlink: /home/robotflow/dual_flexiv/install/flexiv_msgs/include/flexiv_msgs/msg/detail/joint_pos_vel__rosidl_typesupport_introspection_c.h
[8.141s] -- Up-to-date symlink: /home/robotflow/dual_flexiv/install/flexiv_msgs/include/flexiv_msgs/msg/detail/mode__rosidl_typesupport_introspection_c.h
[8.142s] -- Up-to-date symlink: /home/robotflow/dual_flexiv/install/flexiv_msgs/include/flexiv_msgs/msg/detail/robot_states__rosidl_typesupport_introspection_c.h
[8.142s] -- Up-to-date symlink: /home/robotflow/dual_flexiv/install/flexiv_msgs/include/flexiv_msgs/msg/rosidl_typesupport_introspection_c__visibility_control.h
[8.143s] -- Up-to-date symlink: /home/robotflow/dual_flexiv/install/flexiv_msgs/include/flexiv_msgs/msg/cartesian_state.hpp
[8.143s] -- Up-to-date symlink: /home/robotflow/dual_flexiv/install/flexiv_msgs/include/flexiv_msgs/msg/cartesian_velocity.hpp
[8.143s] -- Up-to-date symlink: /home/robotflow/dual_flexiv/install/flexiv_msgs/include/flexiv_msgs/msg/detail/cartesian_state__builder.hpp
[8.144s] -- Up-to-date symlink: /home/robotflow/dual_flexiv/install/flexiv_msgs/include/flexiv_msgs/msg/detail/cartesian_state__struct.hpp
[8.144s] -- Up-to-date symlink: /home/robotflow/dual_flexiv/install/flexiv_msgs/include/flexiv_msgs/msg/detail/cartesian_state__traits.hpp
[8.144s] -- Up-to-date symlink: /home/robotflow/dual_flexiv/install/flexiv_msgs/include/flexiv_msgs/msg/detail/cartesian_velocity__builder.hpp
[8.145s] -- Up-to-date symlink: /home/robotflow/dual_flexiv/install/flexiv_msgs/include/flexiv_msgs/msg/detail/cartesian_velocity__struct.hpp
[8.145s] -- Up-to-date symlink: /home/robotflow/dual_flexiv/install/flexiv_msgs/include/flexiv_msgs/msg/detail/cartesian_velocity__traits.hpp
[8.145s] -- Up-to-date symlink: /home/robotflow/dual_flexiv/install/flexiv_msgs/include/flexiv_msgs/msg/detail/external_force__builder.hpp
[8.146s] -- Up-to-date symlink: /home/robotflow/dual_flexiv/install/flexiv_msgs/include/flexiv_msgs/msg/detail/external_force__struct.hpp
[8.146s] -- Up-to-date symlink: /home/robotflow/dual_flexiv/install/flexiv_msgs/include/flexiv_msgs/msg/detail/external_force__traits.hpp
[8.146s] -- Up-to-date symlink: /home/robotflow/dual_flexiv/install/flexiv_msgs/include/flexiv_msgs/msg/detail/joint_pos_vel__builder.hpp
[8.147s] -- Up-to-date symlink: /home/robotflow/dual_flexiv/install/flexiv_msgs/include/flexiv_msgs/msg/detail/joint_pos_vel__struct.hpp
[8.147s] -- Up-to-date symlink: /home/robotflow/dual_flexiv/install/flexiv_msgs/include/flexiv_msgs/msg/detail/joint_pos_vel__traits.hpp
[8.147s] -- Up-to-date symlink: /home/robotflow/dual_flexiv/install/flexiv_msgs/include/flexiv_msgs/msg/detail/mode__builder.hpp
[8.148s] -- Up-to-date symlink: /home/robotflow/dual_flexiv/install/flexiv_msgs/include/flexiv_msgs/msg/detail/mode__struct.hpp
[8.148s] -- Up-to-date symlink: /home/robotflow/dual_flexiv/install/flexiv_msgs/include/flexiv_msgs/msg/detail/mode__traits.hpp
[8.148s] -- Up-to-date symlink: /home/robotflow/dual_flexiv/install/flexiv_msgs/include/flexiv_msgs/msg/detail/robot_states__builder.hpp
[8.149s] -- Up-to-date symlink: /home/robotflow/dual_flexiv/install/flexiv_msgs/include/flexiv_msgs/msg/detail/robot_states__struct.hpp
[8.149s] -- Up-to-date symlink: /home/robotflow/dual_flexiv/install/flexiv_msgs/include/flexiv_msgs/msg/detail/robot_states__traits.hpp
[8.149s] -- Up-to-date symlink: /home/robotflow/dual_flexiv/install/flexiv_msgs/include/flexiv_msgs/msg/external_force.hpp
[8.149s] -- Up-to-date symlink: /home/robotflow/dual_flexiv/install/flexiv_msgs/include/flexiv_msgs/msg/joint_pos_vel.hpp
[8.149s] -- Up-to-date symlink: /home/robotflow/dual_flexiv/install/flexiv_msgs/include/flexiv_msgs/msg/mode.hpp
[8.150s] -- Up-to-date symlink: /home/robotflow/dual_flexiv/install/flexiv_msgs/include/flexiv_msgs/msg/robot_states.hpp
[8.150s] -- Up-to-date symlink: /home/robotflow/dual_flexiv/install/flexiv_msgs/include/flexiv_msgs/msg/detail/cartesian_state__rosidl_typesupport_introspection_cpp.hpp
[8.151s] -- Up-to-date symlink: /home/robotflow/dual_flexiv/install/flexiv_msgs/include/flexiv_msgs/msg/detail/cartesian_velocity__rosidl_typesupport_introspection_cpp.hpp
[8.151s] -- Up-to-date symlink: /home/robotflow/dual_flexiv/install/flexiv_msgs/include/flexiv_msgs/msg/detail/external_force__rosidl_typesupport_introspection_cpp.hpp
[8.151s] -- Up-to-date symlink: /home/robotflow/dual_flexiv/install/flexiv_msgs/include/flexiv_msgs/msg/detail/joint_pos_vel__rosidl_typesupport_introspection_cpp.hpp
[8.151s] -- Up-to-date symlink: /home/robotflow/dual_flexiv/install/flexiv_msgs/include/flexiv_msgs/msg/detail/mode__rosidl_typesupport_introspection_cpp.hpp
[8.151s] -- Up-to-date symlink: /home/robotflow/dual_flexiv/install/flexiv_msgs/include/flexiv_msgs/msg/detail/robot_states__rosidl_typesupport_introspection_cpp.hpp
[8.152s] -- Up-to-date symlink: /home/robotflow/dual_flexiv/install/flexiv_msgs/share/flexiv_msgs/environment/pythonpath.sh
[8.152s] -- Up-to-date symlink: /home/robotflow/dual_flexiv/install/flexiv_msgs/share/flexiv_msgs/environment/pythonpath.dsv
[8.152s] -- Up-to-date symlink: /home/robotflow/dual_flexiv/install/flexiv_msgs/lib/python3.8/site-packages/flexiv_msgs/__init__.py
[8.153s] -- Up-to-date symlink: /home/robotflow/dual_flexiv/install/flexiv_msgs/lib/python3.8/site-packages/flexiv_msgs/msg/__init__.py
[8.153s] -- Up-to-date symlink: /home/robotflow/dual_flexiv/install/flexiv_msgs/lib/python3.8/site-packages/flexiv_msgs/msg/_cartesian_state.py
[8.153s] -- Up-to-date symlink: /home/robotflow/dual_flexiv/install/flexiv_msgs/lib/python3.8/site-packages/flexiv_msgs/msg/_cartesian_velocity.py
[8.154s] -- Up-to-date symlink: /home/robotflow/dual_flexiv/install/flexiv_msgs/lib/python3.8/site-packages/flexiv_msgs/msg/_external_force.py
[8.154s] -- Up-to-date symlink: /home/robotflow/dual_flexiv/install/flexiv_msgs/lib/python3.8/site-packages/flexiv_msgs/msg/_joint_pos_vel.py
[8.154s] -- Up-to-date symlink: /home/robotflow/dual_flexiv/install/flexiv_msgs/lib/python3.8/site-packages/flexiv_msgs/msg/_mode.py
[8.155s] -- Up-to-date symlink: /home/robotflow/dual_flexiv/install/flexiv_msgs/lib/python3.8/site-packages/flexiv_msgs/msg/_robot_states.py
[8.155s] -- Up-to-date symlink: /home/robotflow/dual_flexiv/install/flexiv_msgs/lib/python3.8/site-packages/flexiv_msgs/flexiv_msgs_s__rosidl_typesupport_fastrtps_c.cpython-38-x86_64-linux-gnu.so
[8.156s] -- Up-to-date symlink: /home/robotflow/dual_flexiv/install/flexiv_msgs/lib/python3.8/site-packages/flexiv_msgs/flexiv_msgs_s__rosidl_typesupport_introspection_c.cpython-38-x86_64-linux-gnu.so
[8.156s] -- Up-to-date symlink: /home/robotflow/dual_flexiv/install/flexiv_msgs/lib/python3.8/site-packages/flexiv_msgs/flexiv_msgs_s__rosidl_typesupport_c.cpython-38-x86_64-linux-gnu.so
[8.157s] -- Up-to-date symlink: /home/robotflow/dual_flexiv/install/flexiv_msgs/lib/libflexiv_msgs__python.so
[8.157s] -- Up-to-date symlink: /home/robotflow/dual_flexiv/install/flexiv_msgs/share/flexiv_msgs/msg/CartesianState.idl
[8.158s] -- Up-to-date symlink: /home/robotflow/dual_flexiv/install/flexiv_msgs/share/flexiv_msgs/msg/CartesianVelocity.idl
[8.158s] -- Up-to-date symlink: /home/robotflow/dual_flexiv/install/flexiv_msgs/share/flexiv_msgs/msg/ExternalForce.idl
[8.159s] -- Up-to-date symlink: /home/robotflow/dual_flexiv/install/flexiv_msgs/share/flexiv_msgs/msg/JointPosVel.idl
[8.159s] -- Up-to-date symlink: /home/robotflow/dual_flexiv/install/flexiv_msgs/share/flexiv_msgs/msg/Mode.idl
[8.160s] -- Up-to-date symlink: /home/robotflow/dual_flexiv/install/flexiv_msgs/share/flexiv_msgs/msg/RobotStates.idl
[8.160s] -- Up-to-date symlink: /home/robotflow/dual_flexiv/install/flexiv_msgs/share/flexiv_msgs/msg/CartesianState.msg
[8.160s] -- Up-to-date symlink: /home/robotflow/dual_flexiv/install/flexiv_msgs/share/flexiv_msgs/msg/CartesianVelocity.msg
[8.161s] -- Up-to-date symlink: /home/robotflow/dual_flexiv/install/flexiv_msgs/share/flexiv_msgs/msg/ExternalForce.msg
[8.161s] -- Up-to-date symlink: /home/robotflow/dual_flexiv/install/flexiv_msgs/share/flexiv_msgs/msg/JointPosVel.msg
[8.162s] -- Up-to-date symlink: /home/robotflow/dual_flexiv/install/flexiv_msgs/share/flexiv_msgs/msg/Mode.msg
[8.162s] -- Up-to-date symlink: /home/robotflow/dual_flexiv/install/flexiv_msgs/share/flexiv_msgs/msg/RobotStates.msg
[8.163s] -- Up-to-date symlink: /home/robotflow/dual_flexiv/install/flexiv_msgs/share/ament_index/resource_index/package_run_dependencies/flexiv_msgs
[8.163s] -- Up-to-date symlink: /home/robotflow/dual_flexiv/install/flexiv_msgs/share/ament_index/resource_index/parent_prefix_path/flexiv_msgs
[8.164s] -- Up-to-date symlink: /home/robotflow/dual_flexiv/install/flexiv_msgs/share/flexiv_msgs/environment/ament_prefix_path.sh
[8.164s] -- Up-to-date symlink: /home/robotflow/dual_flexiv/install/flexiv_msgs/share/flexiv_msgs/environment/ament_prefix_path.dsv
[8.164s] -- Up-to-date symlink: /home/robotflow/dual_flexiv/install/flexiv_msgs/share/flexiv_msgs/environment/path.sh
[8.165s] -- Up-to-date symlink: /home/robotflow/dual_flexiv/install/flexiv_msgs/share/flexiv_msgs/environment/path.dsv
[8.165s] -- Up-to-date symlink: /home/robotflow/dual_flexiv/install/flexiv_msgs/share/flexiv_msgs/local_setup.bash
[8.166s] -- Up-to-date symlink: /home/robotflow/dual_flexiv/install/flexiv_msgs/share/flexiv_msgs/local_setup.sh
[8.166s] -- Up-to-date symlink: /home/robotflow/dual_flexiv/install/flexiv_msgs/share/flexiv_msgs/local_setup.zsh
[8.167s] -- Up-to-date symlink: /home/robotflow/dual_flexiv/install/flexiv_msgs/share/flexiv_msgs/local_setup.dsv
[8.167s] -- Symlinking: /home/robotflow/dual_flexiv/install/flexiv_msgs/share/flexiv_msgs/package.dsv
[8.178s] -- Up-to-date symlink: /home/robotflow/dual_flexiv/install/flexiv_msgs/share/ament_index/resource_index/packages/flexiv_msgs
[8.179s] -- Up-to-date symlink: /home/robotflow/dual_flexiv/install/flexiv_msgs/share/flexiv_msgs/cmake/rosidl_cmake-extras.cmake
[8.179s] -- Up-to-date symlink: /home/robotflow/dual_flexiv/install/flexiv_msgs/share/flexiv_msgs/cmake/ament_cmake_export_dependencies-extras.cmake
[8.180s] -- Up-to-date symlink: /home/robotflow/dual_flexiv/install/flexiv_msgs/share/flexiv_msgs/cmake/ament_cmake_export_libraries-extras.cmake
[8.180s] -- Up-to-date symlink: /home/robotflow/dual_flexiv/install/flexiv_msgs/share/flexiv_msgs/cmake/ament_cmake_export_targets-extras.cmake
[8.180s] -- Up-to-date symlink: /home/robotflow/dual_flexiv/install/flexiv_msgs/share/flexiv_msgs/cmake/ament_cmake_export_include_directories-extras.cmake
[8.181s] -- Up-to-date symlink: /home/robotflow/dual_flexiv/install/flexiv_msgs/share/flexiv_msgs/cmake/rosidl_cmake_export_typesupport_libraries-extras.cmake
[8.181s] -- Up-to-date symlink: /home/robotflow/dual_flexiv/install/flexiv_msgs/share/flexiv_msgs/cmake/rosidl_cmake_export_typesupport_targets-extras.cmake
[8.182s] -- Up-to-date symlink: /home/robotflow/dual_flexiv/install/flexiv_msgs/share/flexiv_msgs/cmake/flexiv_msgsConfig.cmake
[8.182s] -- Up-to-date symlink: /home/robotflow/dual_flexiv/install/flexiv_msgs/share/flexiv_msgs/cmake/flexiv_msgsConfig-version.cmake
[8.182s] -- Up-to-date symlink: /home/robotflow/dual_flexiv/install/flexiv_msgs/share/flexiv_msgs/package.xml
[8.183s] -- Installing: /home/robotflow/dual_flexiv/install/flexiv_msgs/lib/libflexiv_msgs__rosidl_generator_c.so
[8.183s] -- Set runtime path of "/home/robotflow/dual_flexiv/install/flexiv_msgs/lib/libflexiv_msgs__rosidl_generator_c.so" to ""
[8.184s] -- Installing: /home/robotflow/dual_flexiv/install/flexiv_msgs/lib/libflexiv_msgs__rosidl_typesupport_introspection_c.so
[8.184s] -- Set runtime path of "/home/robotflow/dual_flexiv/install/flexiv_msgs/lib/libflexiv_msgs__rosidl_typesupport_introspection_c.so" to ""
[8.185s] -- Installing: /home/robotflow/dual_flexiv/install/flexiv_msgs/lib/libflexiv_msgs__rosidl_typesupport_c.so
[8.185s] -- Set runtime path of "/home/robotflow/dual_flexiv/install/flexiv_msgs/lib/libflexiv_msgs__rosidl_typesupport_c.so" to ""
[8.185s] -- Installing: /home/robotflow/dual_flexiv/install/flexiv_msgs/lib/libflexiv_msgs__rosidl_typesupport_introspection_cpp.so
[8.186s] -- Set runtime path of "/home/robotflow/dual_flexiv/install/flexiv_msgs/lib/libflexiv_msgs__rosidl_typesupport_introspection_cpp.so" to ""
[8.186s] -- Installing: /home/robotflow/dual_flexiv/install/flexiv_msgs/lib/libflexiv_msgs__rosidl_typesupport_cpp.so
[8.187s] -- Set runtime path of "/home/robotflow/dual_flexiv/install/flexiv_msgs/lib/libflexiv_msgs__rosidl_typesupport_cpp.so" to ""
[8.237s] Compiling '/home/robotflow/dual_flexiv/install/flexiv_msgs/lib/python3.8/site-packages/flexiv_msgs/__init__.py'...
[8.245s] -- Up-to-date: /home/robotflow/dual_flexiv/install/flexiv_msgs/share/flexiv_msgs/cmake/flexiv_msgs__rosidl_generator_cExport.cmake
[8.246s] -- Installing: /home/robotflow/dual_flexiv/install/flexiv_msgs/share/flexiv_msgs/cmake/flexiv_msgs__rosidl_generator_cExport-noconfig.cmake
[8.246s] -- Up-to-date: /home/robotflow/dual_flexiv/install/flexiv_msgs/share/flexiv_msgs/cmake/flexiv_msgs__rosidl_typesupport_introspection_cExport.cmake
[8.246s] -- Installing: /home/robotflow/dual_flexiv/install/flexiv_msgs/share/flexiv_msgs/cmake/flexiv_msgs__rosidl_typesupport_introspection_cExport-noconfig.cmake
[8.246s] -- Up-to-date: /home/robotflow/dual_flexiv/install/flexiv_msgs/share/flexiv_msgs/cmake/flexiv_msgs__rosidl_typesupport_cExport.cmake
[8.246s] -- Installing: /home/robotflow/dual_flexiv/install/flexiv_msgs/share/flexiv_msgs/cmake/flexiv_msgs__rosidl_typesupport_cExport-noconfig.cmake
[8.247s] -- Up-to-date: /home/robotflow/dual_flexiv/install/flexiv_msgs/share/flexiv_msgs/cmake/flexiv_msgs__rosidl_generator_cppExport.cmake
[8.247s] -- Up-to-date: /home/robotflow/dual_flexiv/install/flexiv_msgs/share/flexiv_msgs/cmake/flexiv_msgs__rosidl_typesupport_introspection_cppExport.cmake
[8.247s] -- Installing: /home/robotflow/dual_flexiv/install/flexiv_msgs/share/flexiv_msgs/cmake/flexiv_msgs__rosidl_typesupport_introspection_cppExport-noconfig.cmake
[8.247s] -- Up-to-date: /home/robotflow/dual_flexiv/install/flexiv_msgs/share/flexiv_msgs/cmake/flexiv_msgs__rosidl_typesupport_cppExport.cmake
[8.247s] -- Installing: /home/robotflow/dual_flexiv/install/flexiv_msgs/share/flexiv_msgs/cmake/flexiv_msgs__rosidl_typesupport_cppExport-noconfig.cmake
[8.256s] Invoked command in '/home/robotflow/dual_flexiv/build/flexiv_msgs' returned '0': CMAKE_PREFIX_PATH=${CMAKE_PREFIX_PATH}:/home/robotflow/dual_flexiv/install/flexiv_test_nodes:/opt/ros/foxy /usr/bin/cmake --install /home/robotflow/dual_flexiv/build/flexiv_msgs
