[0.421s] Invoking command in '/home/robotflow/dual_flexiv/build/moveit_visual_tools': CMAKE_PREFIX_PATH=${CMAKE_PREFIX_PATH}:/home/robotflow/dual_flexiv/install/flexiv_test_nodes:/opt/ros/foxy /usr/bin/cmake /home/robotflow/dual_flexiv/src/moveit_visual_tools -DAMENT_CMAKE_SYMLINK_INSTALL=1 -DCMAKE_INSTALL_PREFIX=/home/robotflow/dual_flexiv/install/moveit_visual_tools
[0.558s] -- The C compiler identification is GNU 9.4.0
[0.682s] -- The CXX compiler identification is GNU 9.4.0
[0.691s] -- Check for working C compiler: /usr/bin/cc
[0.832s] -- Check for working C compiler: /usr/bin/cc -- works
[0.832s] -- Detecting C compiler ABI info
[0.933s] -- Detecting C compiler ABI info - done
[0.962s] -- Detecting C compile features
[0.962s] -- Detecting C compile features - done
[0.968s] -- Check for working CXX compiler: /usr/bin/c++
[1.122s] -- Check for working CXX compiler: /usr/bin/c++ -- works
[1.124s] -- Detecting CXX compiler ABI info
[1.229s] -- Detecting CXX compiler ABI info - done
[1.257s] -- Detecting CXX compile features
[1.258s] -- Detecting CXX compile features - done
[1.262s] -- Found moveit_common: 2.2.3 (/opt/ros/foxy/share/moveit_common/cmake)
[1.265s] -- Found ament_cmake: 0.9.11 (/opt/ros/foxy/share/ament_cmake/cmake)
[1.311s] -- Found PythonInterp: /usr/bin/python3 (found suitable version "3.8.10", minimum required is "3") 
[1.311s] -- Using PYTHON_EXECUTABLE: /usr/bin/python3
[1.722s] -- Override CMake install command with custom implementation using symlinks instead of copying resources
[1.995s] moveit_visual_tools: You did not request a specific build type: Choosing 'Release' for maximum performance
[2.016s] -- Found Boost: /usr/lib/x86_64-linux-gnu/cmake/Boost-1.71.0/BoostConfig.cmake (found version "1.71.0") found components: system 
[2.024s] -- Found geometry_msgs: 2.0.5 (/opt/ros/foxy/share/geometry_msgs/cmake)
[2.078s] -- Using all available rosidl_typesupport_c: rosidl_typesupport_fastrtps_c;rosidl_typesupport_introspection_c
[2.090s] -- Found rosidl_adapter: 1.3.0 (/opt/ros/foxy/share/rosidl_adapter/cmake)
[2.214s] -- Found OpenSSL: /usr/lib/x86_64-linux-gnu/libcrypto.so (found version "1.1.1f")  
[2.259s] -- Found FastRTPS: /opt/ros/foxy/include  
[2.412s] -- Using all available rosidl_typesupport_cpp: rosidl_typesupport_fastrtps_cpp;rosidl_typesupport_introspection_cpp
[2.555s] -- Found graph_msgs: 0.2.0 (/opt/ros/foxy/share/graph_msgs/cmake)
[2.709s] -- Found moveit_core: 2.2.3 (/opt/ros/foxy/share/moveit_core/cmake)
[4.335s] -- Found Boost: /usr/lib/x86_64-linux-gnu/cmake/Boost-1.71.0/BoostConfig.cmake (found version "1.71.0") found components: chrono date_time filesystem iostreams program_options regex serialization system thread 
[4.422s] -- Found Boost: /usr/lib/x86_64-linux-gnu/cmake/Boost-1.71.0/BoostConfig.cmake (found version "1.71.0") found components: filesystem 
[4.763s] -- Found rmw_implementation_cmake: 1.0.3 (/opt/ros/foxy/share/rmw_implementation_cmake/cmake)
[4.765s] -- Using RMW implementation 'rmw_fastrtps_cpp' as default
[4.770s] -- Found Threads: TRUE  
[5.497s] -- library: /usr/lib/x86_64-linux-gnu/libcurl.so
[5.869s] -- Found Eigen3: TRUE (found version "3.3.7") 
[9.625s] -- Found moveit_ros_planning: 2.2.3 (/opt/ros/foxy/share/moveit_ros_planning/cmake)
[9.634s] -- Found Boost: /usr/lib/x86_64-linux-gnu/cmake/Boost-1.71.0/BoostConfig.cmake (found version "1.71.0") found components: system filesystem date_time program_options thread chrono 
[10.040s] -- Found Boost: /usr/lib/x86_64-linux-gnu/cmake/Boost-1.71.0/BoostConfig.cmake (found version "1.71.0") found components: thread 
[10.964s] -- Found rviz_visual_tools: 4.0.3 (/opt/ros/foxy/share/rviz_visual_tools/cmake)
[11.171s] -- Setting OGRE_DIR to: '/opt/ros/foxy/share/rviz_ogre_vendor/cmake/../../../opt/rviz_ogre_vendor/lib/OGRE/cmake'
[11.175s] -- Found OGRE
[11.175s] --   static     : OFF
[11.175s] --   components : HLMS;MeshLodGenerator;Overlay;Paging;Property;RTShaderSystem;Terrain;Volume
[11.175s] --   plugins    : Plugin_BSPSceneManager;Plugin_OctreeSceneManager;Plugin_PCZSceneManager;Plugin_ParticleFX;RenderSystem_GL;RenderSystem_GL3Plus;Codec_STBI
[11.176s] --   media      : /opt/ros/foxy/opt/rviz_ogre_vendor/share/OGRE/Media
[11.176s] -- OGRE_LIBRARIES: OgreHLMS;OgreMeshLodGenerator;OgreOverlay;OgrePaging;OgreProperty;OgreRTShaderSystem;OgreTerrain;OgreVolume;OgreMain
[11.176s] -- OGRE_LIBRARY_DIRS: /opt/ros/foxy/opt/rviz_ogre_vendor/lib
[11.176s] -- OGRE_PLUGINS: Plugin_BSPSceneManager;Plugin_OctreeSceneManager;Plugin_PCZSceneManager;Plugin_ParticleFX;RenderSystem_GL;RenderSystem_GL3Plus;Codec_STBI
[11.176s] -- OGRE_PLUGIN_DIR: /opt/ros/foxy/opt/rviz_ogre_vendor/lib/OGRE
[11.176s] -- rviz_ogre_vendor::OgreOverlay for IMPORTED_LOCATION_RELEASE: /opt/ros/foxy/opt/rviz_ogre_vendor/lib/libOgreOverlay.so
[11.176s] -- rviz_ogre_vendor::OgreOverlay for IMPORTED_LOCATION_DEBUG: /opt/ros/foxy/opt/rviz_ogre_vendor/lib/libOgreOverlay.so
[11.176s] -- rviz_ogre_vendor::OgreMain for IMPORTED_LOCATION_RELEASE: /opt/ros/foxy/opt/rviz_ogre_vendor/lib/libOgreMain.so
[11.177s] -- rviz_ogre_vendor::OgreMain for IMPORTED_LOCATION_DEBUG: /opt/ros/foxy/opt/rviz_ogre_vendor/lib/libOgreMain.so
[11.207s] -- Found ZLIB: /usr/lib/x86_64-linux-gnu/libz.so (found version "1.2.11") 
[11.216s] -- Found OpenGL: /usr/lib/x86_64-linux-gnu/libOpenGL.so   
[11.346s] -- Found X11: /usr/include   
[11.347s] -- Looking for XOpenDisplay in /usr/lib/x86_64-linux-gnu/libX11.so;/usr/lib/x86_64-linux-gnu/libXext.so
[11.446s] -- Looking for XOpenDisplay in /usr/lib/x86_64-linux-gnu/libX11.so;/usr/lib/x86_64-linux-gnu/libXext.so - found
[11.446s] -- Looking for gethostbyname
[11.542s] -- Looking for gethostbyname - found
[11.542s] -- Looking for connect
[11.636s] -- Looking for connect - found
[11.637s] -- Looking for remove
[11.727s] -- Looking for remove - found
[11.727s] -- Looking for shmat
[11.814s] -- Looking for shmat - found
[11.815s] -- Looking for IceConnectionNumber in ICE
[11.911s] -- Looking for IceConnectionNumber in ICE - found
[11.919s] -- rviz_ogre_vendor::RenderSystem_GL for IMPORTED_LOCATION_RELEASE: _render_system_gl_static_library_abs-NOTFOUND
[11.919s] -- rviz_ogre_vendor::RenderSystem_GL for IMPORTED_LOCATION_DEBUG: _render_system_gl_static_library_abs-NOTFOUND
[11.933s] -- library: libassimp.so.5
[12.036s] -- Setting yaml-cpp_DIR to: '/opt/ros/foxy/share/yaml_cpp_vendor/cmake/../../../opt/yaml_cpp_vendor/lib/cmake/yaml-cpp'
[13.685s] -- Found ament_lint_auto: 0.9.7 (/opt/ros/foxy/share/ament_lint_auto/cmake)
[13.716s] -- Added test 'copyright' to check source files copyright and LICENSE
[13.717s] -- Added test 'flake8' to check Python code syntax and style conventions
[13.719s] -- Added test 'lint_cmake' to check CMake code style
[13.720s] -- Added test 'pep257' to check Python code against some of the style conventions in PEP 257
[13.721s] -- Added test 'xmllint' to check XML markup files
[13.729s] -- Configuring done
[13.997s] -- Generating done
[14.002s] -- Build files have been written to: /home/robotflow/dual_flexiv/build/moveit_visual_tools
[14.023s] Invoked command in '/home/robotflow/dual_flexiv/build/moveit_visual_tools' returned '0': CMAKE_PREFIX_PATH=${CMAKE_PREFIX_PATH}:/home/robotflow/dual_flexiv/install/flexiv_test_nodes:/opt/ros/foxy /usr/bin/cmake /home/robotflow/dual_flexiv/src/moveit_visual_tools -DAMENT_CMAKE_SYMLINK_INSTALL=1 -DCMAKE_INSTALL_PREFIX=/home/robotflow/dual_flexiv/install/moveit_visual_tools
[14.026s] Invoking command in '/home/robotflow/dual_flexiv/build/moveit_visual_tools': CMAKE_PREFIX_PATH=${CMAKE_PREFIX_PATH}:/home/robotflow/dual_flexiv/install/flexiv_test_nodes:/opt/ros/foxy /usr/bin/cmake --build /home/robotflow/dual_flexiv/build/moveit_visual_tools -- -j8 -l8
[14.082s] [35m[1mScanning dependencies of target moveit_visual_tools[0m
[14.244s] [ 16%] [32mBuilding CXX object CMakeFiles/moveit_visual_tools.dir/src/moveit_visual_tools.cpp.o[0m
[14.247s] [ 33%] [32mBuilding CXX object CMakeFiles/moveit_visual_tools.dir/src/imarker_robot_state.cpp.o[0m
[14.248s] [ 50%] [32mBuilding CXX object CMakeFiles/moveit_visual_tools.dir/src/imarker_end_effector.cpp.o[0m
[40.539s] [ 66%] [32m[1mLinking CXX shared library libmoveit_visual_tools.so[0m
[41.247s] [ 66%] Built target moveit_visual_tools
[41.260s] [35m[1mScanning dependencies of target moveit_visual_tools_demo[0m
[41.370s] [ 83%] [32mBuilding CXX object CMakeFiles/moveit_visual_tools_demo.dir/src/moveit_visual_tools_demo.cpp.o[0m
[55.723s] [100%] [32m[1mLinking CXX executable moveit_visual_tools_demo[0m
[56.785s] [100%] Built target moveit_visual_tools_demo
[56.802s] Invoked command in '/home/robotflow/dual_flexiv/build/moveit_visual_tools' returned '0': CMAKE_PREFIX_PATH=${CMAKE_PREFIX_PATH}:/home/robotflow/dual_flexiv/install/flexiv_test_nodes:/opt/ros/foxy /usr/bin/cmake --build /home/robotflow/dual_flexiv/build/moveit_visual_tools -- -j8 -l8
[56.839s] Invoking command in '/home/robotflow/dual_flexiv/build/moveit_visual_tools': CMAKE_PREFIX_PATH=${CMAKE_PREFIX_PATH}:/home/robotflow/dual_flexiv/install/flexiv_test_nodes:/opt/ros/foxy /usr/bin/cmake --install /home/robotflow/dual_flexiv/build/moveit_visual_tools
[56.853s] -- Install configuration: "Release"
[56.853s] -- Execute custom install script
[56.854s] -- Symlinking: /home/robotflow/dual_flexiv/install/moveit_visual_tools/share/moveit_visual_tools/environment/library_path.sh
[56.866s] -- Symlinking: /home/robotflow/dual_flexiv/install/moveit_visual_tools/share/moveit_visual_tools/environment/library_path.dsv
[56.882s] -- Symlinking: /home/robotflow/dual_flexiv/install/moveit_visual_tools/lib/moveit_visual_tools/moveit_visual_tools_demo
[56.897s] -- Symlinking: /home/robotflow/dual_flexiv/install/moveit_visual_tools/include/moveit_visual_tools/imarker_end_effector.h
[56.910s] -- Symlinking: /home/robotflow/dual_flexiv/install/moveit_visual_tools/include/moveit_visual_tools/imarker_robot_state.h
[56.925s] -- Symlinking: /home/robotflow/dual_flexiv/install/moveit_visual_tools/include/moveit_visual_tools/moveit_visual_tools.h
[56.940s] -- Symlinking: /home/robotflow/dual_flexiv/install/moveit_visual_tools/share/moveit_visual_tools/launch/demo.rviz
[56.956s] -- Symlinking: /home/robotflow/dual_flexiv/install/moveit_visual_tools/share/moveit_visual_tools/launch/demo_rviz.launch.py
[56.971s] -- Symlinking: /home/robotflow/dual_flexiv/install/moveit_visual_tools/share/moveit_visual_tools/resources/demo.png
[56.986s] -- Symlinking: /home/robotflow/dual_flexiv/install/moveit_visual_tools/share/moveit_visual_tools/resources/demo_mesh.stl
[57.001s] -- Symlinking: /home/robotflow/dual_flexiv/install/moveit_visual_tools/share/moveit_visual_tools/resources/rrbot.srdf
[57.014s] -- Symlinking: /home/robotflow/dual_flexiv/install/moveit_visual_tools/share/moveit_visual_tools/resources/rrbot.urdf
[57.027s] -- Symlinking: /home/robotflow/dual_flexiv/install/moveit_visual_tools/share/moveit_visual_tools/resources/screenshot.png
[57.039s] -- Symlinking: /home/robotflow/dual_flexiv/install/moveit_visual_tools/share/ament_index/resource_index/package_run_dependencies/moveit_visual_tools
[57.051s] -- Symlinking: /home/robotflow/dual_flexiv/install/moveit_visual_tools/share/ament_index/resource_index/parent_prefix_path/moveit_visual_tools
[57.062s] -- Symlinking: /home/robotflow/dual_flexiv/install/moveit_visual_tools/share/moveit_visual_tools/environment/ament_prefix_path.sh
[57.075s] -- Symlinking: /home/robotflow/dual_flexiv/install/moveit_visual_tools/share/moveit_visual_tools/environment/ament_prefix_path.dsv
[57.086s] -- Symlinking: /home/robotflow/dual_flexiv/install/moveit_visual_tools/share/moveit_visual_tools/environment/path.sh
[57.098s] -- Symlinking: /home/robotflow/dual_flexiv/install/moveit_visual_tools/share/moveit_visual_tools/environment/path.dsv
[57.110s] -- Symlinking: /home/robotflow/dual_flexiv/install/moveit_visual_tools/share/moveit_visual_tools/local_setup.bash
[57.121s] -- Symlinking: /home/robotflow/dual_flexiv/install/moveit_visual_tools/share/moveit_visual_tools/local_setup.sh
[57.132s] -- Symlinking: /home/robotflow/dual_flexiv/install/moveit_visual_tools/share/moveit_visual_tools/local_setup.zsh
[57.144s] -- Symlinking: /home/robotflow/dual_flexiv/install/moveit_visual_tools/share/moveit_visual_tools/local_setup.dsv
[57.156s] -- Symlinking: /home/robotflow/dual_flexiv/install/moveit_visual_tools/share/moveit_visual_tools/package.dsv
[57.168s] -- Symlinking: /home/robotflow/dual_flexiv/install/moveit_visual_tools/share/ament_index/resource_index/packages/moveit_visual_tools
[57.181s] -- Symlinking: /home/robotflow/dual_flexiv/install/moveit_visual_tools/share/moveit_visual_tools/cmake/ament_cmake_export_targets-extras.cmake
[57.193s] -- Symlinking: /home/robotflow/dual_flexiv/install/moveit_visual_tools/share/moveit_visual_tools/cmake/ament_cmake_export_dependencies-extras.cmake
[57.206s] -- Symlinking: /home/robotflow/dual_flexiv/install/moveit_visual_tools/share/moveit_visual_tools/cmake/moveit_visual_toolsConfig.cmake
[57.217s] -- Symlinking: /home/robotflow/dual_flexiv/install/moveit_visual_tools/share/moveit_visual_tools/cmake/moveit_visual_toolsConfig-version.cmake
[57.228s] -- Symlinking: /home/robotflow/dual_flexiv/install/moveit_visual_tools/share/moveit_visual_tools/package.xml
[57.239s] -- Installing: /home/robotflow/dual_flexiv/install/moveit_visual_tools/lib/libmoveit_visual_tools.so
[57.241s] -- Set runtime path of "/home/robotflow/dual_flexiv/install/moveit_visual_tools/lib/libmoveit_visual_tools.so" to ""
[57.241s] -- Installing: /home/robotflow/dual_flexiv/install/moveit_visual_tools/share/moveit_visual_tools/cmake/export_moveit_visual_toolsExport.cmake
[57.242s] -- Installing: /home/robotflow/dual_flexiv/install/moveit_visual_tools/share/moveit_visual_tools/cmake/export_moveit_visual_toolsExport-release.cmake
[57.247s] Invoked command in '/home/robotflow/dual_flexiv/build/moveit_visual_tools' returned '0': CMAKE_PREFIX_PATH=${CMAKE_PREFIX_PATH}:/home/robotflow/dual_flexiv/install/flexiv_test_nodes:/opt/ros/foxy /usr/bin/cmake --install /home/robotflow/dual_flexiv/build/moveit_visual_tools
