[0.191s] DEBUG:colcon:Command line arguments: ['/usr/bin/colcon', 'build', '--symlink-install']
[0.191s] DEBUG:colcon:Parsed command line arguments: Namespace(allow_overriding=[], ament_cmake_args=None, base_paths=['.'], bazel_args=None, bazel_task=None, build_base='build', catkin_cmake_args=None, catkin_skip_building_tests=False, cmake_args=None, cmake_clean_cache=False, cmake_clean_first=False, cmake_force_configure=False, cmake_target=None, cmake_target_skip_unavailable=False, continue_on_error=False, event_handlers=None, executor='parallel', ignore_user_meta=False, install_base='install', log_base=None, log_level=None, main=<bound method BuildVerb.main of <colcon_core.verb.build.BuildVerb object at 0x7f2fccc78100>>, merge_install=False, metas=['./colcon.meta'], mixin=None, mixin_files=None, mixin_verb=('build',), packages_above=None, packages_above_and_dependencies=None, packages_above_depth=None, packages_end=None, packages_ignore=None, packages_ignore_regex=None, packages_select=None, packages_select_build_failed=False, packages_select_by_dep=None, packages_select_regex=None, packages_select_test_failures=False, packages_skip=None, packages_skip_build_finished=False, packages_skip_by_dep=None, packages_skip_regex=None, packages_skip_test_passed=False, packages_skip_up_to=None, packages_start=None, packages_up_to=None, packages_up_to_regex=None, parallel_workers=8, paths=None, symlink_install=True, test_result_base=None, verb_extension=<colcon_core.verb.build.BuildVerb object at 0x7f2fccc78100>, verb_name='build', verb_parser=<colcon_alias.argument_parser.alias.AliasArgumentDecorator object at 0x7f2fccc78e50>)
[0.224s] Level 1:colcon.colcon_core.package_discovery:discover_packages(colcon_meta) check parameters
[0.224s] Level 1:colcon.colcon_core.package_discovery:discover_packages(recursive) check parameters
[0.224s] Level 1:colcon.colcon_core.package_discovery:discover_packages(ignore) check parameters
[0.224s] Level 1:colcon.colcon_core.package_discovery:discover_packages(path) check parameters
[0.224s] Level 1:colcon.colcon_core.package_discovery:discover_packages(colcon_meta) discover
[0.224s] Level 1:colcon.colcon_core.package_discovery:discover_packages(recursive) discover
[0.224s] INFO:colcon.colcon_core.package_discovery:Crawling recursively for packages in '/home/robotflow/dual_flexiv'
[0.224s] Level 1:colcon.colcon_core.package_identification:_identify(.) by extensions ['ignore', 'ignore_ament_install']
[0.224s] Level 1:colcon.colcon_core.package_identification:_identify(.) by extension 'ignore'
[0.224s] Level 1:colcon.colcon_core.package_identification:_identify(.) by extension 'ignore_ament_install'
[0.225s] Level 1:colcon.colcon_core.package_identification:_identify(.) by extensions ['colcon_pkg']
[0.225s] Level 1:colcon.colcon_core.package_identification:_identify(.) by extension 'colcon_pkg'
[0.225s] Level 1:colcon.colcon_core.package_identification:_identify(.) by extensions ['colcon_meta']
[0.225s] Level 1:colcon.colcon_core.package_identification:_identify(.) by extension 'colcon_meta'
[0.225s] Level 1:colcon.colcon_core.package_identification:_identify(.) by extensions ['ros']
[0.225s] Level 1:colcon.colcon_core.package_identification:_identify(.) by extension 'ros'
[0.227s] Level 1:colcon.colcon_core.package_identification:_identify(.) by extensions ['bazel', 'cmake', 'python']
[0.227s] Level 1:colcon.colcon_core.package_identification:_identify(.) by extension 'bazel'
[0.227s] Level 1:colcon.colcon_core.package_identification:_identify(.) by extension 'cmake'
[0.227s] Level 1:colcon.colcon_core.package_identification:_identify(.) by extension 'python'
[0.227s] Level 1:colcon.colcon_core.package_identification:_identify(.) by extensions ['python_setup_py']
[0.227s] Level 1:colcon.colcon_core.package_identification:_identify(.) by extension 'python_setup_py'
[0.227s] Level 1:colcon.colcon_core.package_identification:_identify(build) by extensions ['ignore', 'ignore_ament_install']
[0.227s] Level 1:colcon.colcon_core.package_identification:_identify(build) by extension 'ignore'
[0.227s] Level 1:colcon.colcon_core.package_identification:_identify(build) ignored
[0.227s] Level 1:colcon.colcon_core.package_identification:_identify(install) by extensions ['ignore', 'ignore_ament_install']
[0.227s] Level 1:colcon.colcon_core.package_identification:_identify(install) by extension 'ignore'
[0.228s] Level 1:colcon.colcon_core.package_identification:_identify(install) ignored
[0.228s] Level 1:colcon.colcon_core.package_identification:_identify(log) by extensions ['ignore', 'ignore_ament_install']
[0.228s] Level 1:colcon.colcon_core.package_identification:_identify(log) by extension 'ignore'
[0.228s] Level 1:colcon.colcon_core.package_identification:_identify(log) ignored
[0.228s] Level 1:colcon.colcon_core.package_identification:_identify(src) by extensions ['ignore', 'ignore_ament_install']
[0.228s] Level 1:colcon.colcon_core.package_identification:_identify(src) by extension 'ignore'
[0.228s] Level 1:colcon.colcon_core.package_identification:_identify(src) by extension 'ignore_ament_install'
[0.228s] Level 1:colcon.colcon_core.package_identification:_identify(src) by extensions ['colcon_pkg']
[0.228s] Level 1:colcon.colcon_core.package_identification:_identify(src) by extension 'colcon_pkg'
[0.228s] Level 1:colcon.colcon_core.package_identification:_identify(src) by extensions ['colcon_meta']
[0.228s] Level 1:colcon.colcon_core.package_identification:_identify(src) by extension 'colcon_meta'
[0.228s] Level 1:colcon.colcon_core.package_identification:_identify(src) by extensions ['ros']
[0.228s] Level 1:colcon.colcon_core.package_identification:_identify(src) by extension 'ros'
[0.228s] Level 1:colcon.colcon_core.package_identification:_identify(src) by extensions ['bazel', 'cmake', 'python']
[0.228s] Level 1:colcon.colcon_core.package_identification:_identify(src) by extension 'bazel'
[0.228s] Level 1:colcon.colcon_core.package_identification:_identify(src) by extension 'cmake'
[0.228s] Level 1:colcon.colcon_core.package_identification:_identify(src) by extension 'python'
[0.228s] Level 1:colcon.colcon_core.package_identification:_identify(src) by extensions ['python_setup_py']
[0.228s] Level 1:colcon.colcon_core.package_identification:_identify(src) by extension 'python_setup_py'
[0.228s] Level 1:colcon.colcon_core.package_identification:_identify(src/flexiv_ros2) by extensions ['ignore', 'ignore_ament_install']
[0.229s] Level 1:colcon.colcon_core.package_identification:_identify(src/flexiv_ros2) by extension 'ignore'
[0.229s] Level 1:colcon.colcon_core.package_identification:_identify(src/flexiv_ros2) by extension 'ignore_ament_install'
[0.229s] Level 1:colcon.colcon_core.package_identification:_identify(src/flexiv_ros2) by extensions ['colcon_pkg']
[0.229s] Level 1:colcon.colcon_core.package_identification:_identify(src/flexiv_ros2) by extension 'colcon_pkg'
[0.229s] Level 1:colcon.colcon_core.package_identification:_identify(src/flexiv_ros2) by extensions ['colcon_meta']
[0.229s] Level 1:colcon.colcon_core.package_identification:_identify(src/flexiv_ros2) by extension 'colcon_meta'
[0.229s] Level 1:colcon.colcon_core.package_identification:_identify(src/flexiv_ros2) by extensions ['ros']
[0.229s] Level 1:colcon.colcon_core.package_identification:_identify(src/flexiv_ros2) by extension 'ros'
[0.229s] Level 1:colcon.colcon_core.package_identification:_identify(src/flexiv_ros2) by extensions ['bazel', 'cmake', 'python']
[0.229s] Level 1:colcon.colcon_core.package_identification:_identify(src/flexiv_ros2) by extension 'bazel'
[0.229s] Level 1:colcon.colcon_core.package_identification:_identify(src/flexiv_ros2) by extension 'cmake'
[0.229s] Level 1:colcon.colcon_core.package_identification:_identify(src/flexiv_ros2) by extension 'python'
[0.229s] Level 1:colcon.colcon_core.package_identification:_identify(src/flexiv_ros2) by extensions ['python_setup_py']
[0.229s] Level 1:colcon.colcon_core.package_identification:_identify(src/flexiv_ros2) by extension 'python_setup_py'
[0.229s] Level 1:colcon.colcon_core.package_identification:_identify(src/flexiv_ros2/flexiv_bringup) by extensions ['ignore', 'ignore_ament_install']
[0.229s] Level 1:colcon.colcon_core.package_identification:_identify(src/flexiv_ros2/flexiv_bringup) by extension 'ignore'
[0.229s] Level 1:colcon.colcon_core.package_identification:_identify(src/flexiv_ros2/flexiv_bringup) by extension 'ignore_ament_install'
[0.229s] Level 1:colcon.colcon_core.package_identification:_identify(src/flexiv_ros2/flexiv_bringup) by extensions ['colcon_pkg']
[0.229s] Level 1:colcon.colcon_core.package_identification:_identify(src/flexiv_ros2/flexiv_bringup) by extension 'colcon_pkg'
[0.229s] Level 1:colcon.colcon_core.package_identification:_identify(src/flexiv_ros2/flexiv_bringup) by extensions ['colcon_meta']
[0.229s] Level 1:colcon.colcon_core.package_identification:_identify(src/flexiv_ros2/flexiv_bringup) by extension 'colcon_meta'
[0.229s] Level 1:colcon.colcon_core.package_identification:_identify(src/flexiv_ros2/flexiv_bringup) by extensions ['ros']
[0.229s] Level 1:colcon.colcon_core.package_identification:_identify(src/flexiv_ros2/flexiv_bringup) by extension 'ros'
[0.231s] DEBUG:colcon.colcon_core.package_identification:Package 'src/flexiv_ros2/flexiv_bringup' with type 'ros.ament_cmake' and name 'flexiv_bringup'
[0.231s] Level 1:colcon.colcon_core.package_identification:_identify(src/flexiv_ros2/flexiv_controllers) by extensions ['ignore', 'ignore_ament_install']
[0.231s] Level 1:colcon.colcon_core.package_identification:_identify(src/flexiv_ros2/flexiv_controllers) by extension 'ignore'
[0.232s] Level 1:colcon.colcon_core.package_identification:_identify(src/flexiv_ros2/flexiv_controllers) by extension 'ignore_ament_install'
[0.232s] Level 1:colcon.colcon_core.package_identification:_identify(src/flexiv_ros2/flexiv_controllers) by extensions ['colcon_pkg']
[0.232s] Level 1:colcon.colcon_core.package_identification:_identify(src/flexiv_ros2/flexiv_controllers) by extension 'colcon_pkg'
[0.232s] Level 1:colcon.colcon_core.package_identification:_identify(src/flexiv_ros2/flexiv_controllers) by extensions ['colcon_meta']
[0.232s] Level 1:colcon.colcon_core.package_identification:_identify(src/flexiv_ros2/flexiv_controllers) by extension 'colcon_meta'
[0.232s] Level 1:colcon.colcon_core.package_identification:_identify(src/flexiv_ros2/flexiv_controllers) by extensions ['ros']
[0.232s] Level 1:colcon.colcon_core.package_identification:_identify(src/flexiv_ros2/flexiv_controllers) by extension 'ros'
[0.233s] DEBUG:colcon.colcon_core.package_identification:Package 'src/flexiv_ros2/flexiv_controllers' with type 'ros.ament_cmake' and name 'flexiv_controllers'
[0.233s] Level 1:colcon.colcon_core.package_identification:_identify(src/flexiv_ros2/flexiv_description) by extensions ['ignore', 'ignore_ament_install']
[0.233s] Level 1:colcon.colcon_core.package_identification:_identify(src/flexiv_ros2/flexiv_description) by extension 'ignore'
[0.233s] Level 1:colcon.colcon_core.package_identification:_identify(src/flexiv_ros2/flexiv_description) by extension 'ignore_ament_install'
[0.233s] Level 1:colcon.colcon_core.package_identification:_identify(src/flexiv_ros2/flexiv_description) by extensions ['colcon_pkg']
[0.233s] Level 1:colcon.colcon_core.package_identification:_identify(src/flexiv_ros2/flexiv_description) by extension 'colcon_pkg'
[0.233s] Level 1:colcon.colcon_core.package_identification:_identify(src/flexiv_ros2/flexiv_description) by extensions ['colcon_meta']
[0.233s] Level 1:colcon.colcon_core.package_identification:_identify(src/flexiv_ros2/flexiv_description) by extension 'colcon_meta'
[0.233s] Level 1:colcon.colcon_core.package_identification:_identify(src/flexiv_ros2/flexiv_description) by extensions ['ros']
[0.233s] Level 1:colcon.colcon_core.package_identification:_identify(src/flexiv_ros2/flexiv_description) by extension 'ros'
[0.233s] DEBUG:colcon.colcon_core.package_identification:Package 'src/flexiv_ros2/flexiv_description' with type 'ros.ament_cmake' and name 'flexiv_description'
[0.233s] Level 1:colcon.colcon_core.package_identification:_identify(src/flexiv_ros2/flexiv_hardware) by extensions ['ignore', 'ignore_ament_install']
[0.234s] Level 1:colcon.colcon_core.package_identification:_identify(src/flexiv_ros2/flexiv_hardware) by extension 'ignore'
[0.234s] Level 1:colcon.colcon_core.package_identification:_identify(src/flexiv_ros2/flexiv_hardware) by extension 'ignore_ament_install'
[0.234s] Level 1:colcon.colcon_core.package_identification:_identify(src/flexiv_ros2/flexiv_hardware) by extensions ['colcon_pkg']
[0.234s] Level 1:colcon.colcon_core.package_identification:_identify(src/flexiv_ros2/flexiv_hardware) by extension 'colcon_pkg'
[0.234s] Level 1:colcon.colcon_core.package_identification:_identify(src/flexiv_ros2/flexiv_hardware) by extensions ['colcon_meta']
[0.234s] Level 1:colcon.colcon_core.package_identification:_identify(src/flexiv_ros2/flexiv_hardware) by extension 'colcon_meta'
[0.234s] Level 1:colcon.colcon_core.package_identification:_identify(src/flexiv_ros2/flexiv_hardware) by extensions ['ros']
[0.234s] Level 1:colcon.colcon_core.package_identification:_identify(src/flexiv_ros2/flexiv_hardware) by extension 'ros'
[0.234s] DEBUG:colcon.colcon_core.package_identification:Package 'src/flexiv_ros2/flexiv_hardware' with type 'ros.ament_cmake' and name 'flexiv_hardware'
[0.235s] Level 1:colcon.colcon_core.package_identification:_identify(src/flexiv_ros2/flexiv_moveit_config) by extensions ['ignore', 'ignore_ament_install']
[0.235s] Level 1:colcon.colcon_core.package_identification:_identify(src/flexiv_ros2/flexiv_moveit_config) by extension 'ignore'
[0.235s] Level 1:colcon.colcon_core.package_identification:_identify(src/flexiv_ros2/flexiv_moveit_config) by extension 'ignore_ament_install'
[0.235s] Level 1:colcon.colcon_core.package_identification:_identify(src/flexiv_ros2/flexiv_moveit_config) by extensions ['colcon_pkg']
[0.235s] Level 1:colcon.colcon_core.package_identification:_identify(src/flexiv_ros2/flexiv_moveit_config) by extension 'colcon_pkg'
[0.235s] Level 1:colcon.colcon_core.package_identification:_identify(src/flexiv_ros2/flexiv_moveit_config) by extensions ['colcon_meta']
[0.235s] Level 1:colcon.colcon_core.package_identification:_identify(src/flexiv_ros2/flexiv_moveit_config) by extension 'colcon_meta'
[0.235s] Level 1:colcon.colcon_core.package_identification:_identify(src/flexiv_ros2/flexiv_moveit_config) by extensions ['ros']
[0.235s] Level 1:colcon.colcon_core.package_identification:_identify(src/flexiv_ros2/flexiv_moveit_config) by extension 'ros'
[0.235s] DEBUG:colcon.colcon_core.package_identification:Package 'src/flexiv_ros2/flexiv_moveit_config' with type 'ros.ament_cmake' and name 'flexiv_moveit_config'
[0.235s] Level 1:colcon.colcon_core.package_identification:_identify(src/flexiv_ros2/flexiv_msgs) by extensions ['ignore', 'ignore_ament_install']
[0.236s] Level 1:colcon.colcon_core.package_identification:_identify(src/flexiv_ros2/flexiv_msgs) by extension 'ignore'
[0.236s] Level 1:colcon.colcon_core.package_identification:_identify(src/flexiv_ros2/flexiv_msgs) by extension 'ignore_ament_install'
[0.236s] Level 1:colcon.colcon_core.package_identification:_identify(src/flexiv_ros2/flexiv_msgs) by extensions ['colcon_pkg']
[0.236s] Level 1:colcon.colcon_core.package_identification:_identify(src/flexiv_ros2/flexiv_msgs) by extension 'colcon_pkg'
[0.236s] Level 1:colcon.colcon_core.package_identification:_identify(src/flexiv_ros2/flexiv_msgs) by extensions ['colcon_meta']
[0.236s] Level 1:colcon.colcon_core.package_identification:_identify(src/flexiv_ros2/flexiv_msgs) by extension 'colcon_meta'
[0.236s] Level 1:colcon.colcon_core.package_identification:_identify(src/flexiv_ros2/flexiv_msgs) by extensions ['ros']
[0.236s] Level 1:colcon.colcon_core.package_identification:_identify(src/flexiv_ros2/flexiv_msgs) by extension 'ros'
[0.236s] DEBUG:colcon.colcon_core.package_identification:Package 'src/flexiv_ros2/flexiv_msgs' with type 'ros.ament_cmake' and name 'flexiv_msgs'
[0.236s] Level 1:colcon.colcon_core.package_identification:_identify(src/flexiv_ros2/flexiv_test_nodes) by extensions ['ignore', 'ignore_ament_install']
[0.237s] Level 1:colcon.colcon_core.package_identification:_identify(src/flexiv_ros2/flexiv_test_nodes) by extension 'ignore'
[0.237s] Level 1:colcon.colcon_core.package_identification:_identify(src/flexiv_ros2/flexiv_test_nodes) by extension 'ignore_ament_install'
[0.237s] Level 1:colcon.colcon_core.package_identification:_identify(src/flexiv_ros2/flexiv_test_nodes) by extensions ['colcon_pkg']
[0.237s] Level 1:colcon.colcon_core.package_identification:_identify(src/flexiv_ros2/flexiv_test_nodes) by extension 'colcon_pkg'
[0.237s] Level 1:colcon.colcon_core.package_identification:_identify(src/flexiv_ros2/flexiv_test_nodes) by extensions ['colcon_meta']
[0.237s] Level 1:colcon.colcon_core.package_identification:_identify(src/flexiv_ros2/flexiv_test_nodes) by extension 'colcon_meta'
[0.237s] Level 1:colcon.colcon_core.package_identification:_identify(src/flexiv_ros2/flexiv_test_nodes) by extensions ['ros']
[0.237s] Level 1:colcon.colcon_core.package_identification:_identify(src/flexiv_ros2/flexiv_test_nodes) by extension 'ros'
[0.237s] DEBUG:colcon.colcon_core.package_identification:Package 'src/flexiv_ros2/flexiv_test_nodes' with type 'ros.ament_python' and name 'flexiv_test_nodes'
[0.237s] Level 1:colcon.colcon_core.package_discovery:discover_packages(recursive) using defaults
[0.237s] Level 1:colcon.colcon_core.package_discovery:discover_packages(ignore) discover
[0.237s] Level 1:colcon.colcon_core.package_discovery:discover_packages(ignore) using defaults
[0.237s] Level 1:colcon.colcon_core.package_discovery:discover_packages(path) discover
[0.237s] Level 1:colcon.colcon_core.package_discovery:discover_packages(path) using defaults
[0.254s] Level 1:colcon.colcon_core.package_discovery:discover_packages(prefix_path) check parameters
[0.254s] Level 1:colcon.colcon_core.package_discovery:discover_packages(prefix_path) discover
[0.256s] DEBUG:colcon.colcon_installed_package_information.package_discovery:Found 323 installed packages in /opt/ros/foxy
[0.258s] Level 1:colcon.colcon_core.package_discovery:discover_packages(prefix_path) using defaults
[0.318s] Level 5:colcon.colcon_core.verb:set package 'flexiv_description' build argument 'bazel_args' from command line to 'None'
[0.318s] Level 5:colcon.colcon_core.verb:set package 'flexiv_description' build argument 'bazel_task' from command line to 'None'
[0.318s] Level 5:colcon.colcon_core.verb:set package 'flexiv_description' build argument 'cmake_args' from command line to 'None'
[0.318s] Level 5:colcon.colcon_core.verb:set package 'flexiv_description' build argument 'cmake_target' from command line to 'None'
[0.319s] Level 5:colcon.colcon_core.verb:set package 'flexiv_description' build argument 'cmake_target_skip_unavailable' from command line to 'False'
[0.319s] Level 5:colcon.colcon_core.verb:set package 'flexiv_description' build argument 'cmake_clean_cache' from command line to 'False'
[0.319s] Level 5:colcon.colcon_core.verb:set package 'flexiv_description' build argument 'cmake_clean_first' from command line to 'False'
[0.319s] Level 5:colcon.colcon_core.verb:set package 'flexiv_description' build argument 'cmake_force_configure' from command line to 'False'
[0.319s] Level 5:colcon.colcon_core.verb:set package 'flexiv_description' build argument 'ament_cmake_args' from command line to 'None'
[0.319s] Level 5:colcon.colcon_core.verb:set package 'flexiv_description' build argument 'catkin_cmake_args' from command line to 'None'
[0.319s] Level 5:colcon.colcon_core.verb:set package 'flexiv_description' build argument 'catkin_skip_building_tests' from command line to 'False'
[0.319s] DEBUG:colcon.colcon_core.verb:Building package 'flexiv_description' with the following arguments: {'ament_cmake_args': None, 'bazel_args': None, 'bazel_task': None, 'build_base': '/home/robotflow/dual_flexiv/build/flexiv_description', 'catkin_cmake_args': None, 'catkin_skip_building_tests': False, 'cmake_args': None, 'cmake_clean_cache': False, 'cmake_clean_first': False, 'cmake_force_configure': False, 'cmake_target': None, 'cmake_target_skip_unavailable': False, 'install_base': '/home/robotflow/dual_flexiv/install/flexiv_description', 'merge_install': False, 'path': '/home/robotflow/dual_flexiv/src/flexiv_ros2/flexiv_description', 'symlink_install': True, 'test_result_base': None}
[0.320s] Level 5:colcon.colcon_core.verb:set package 'flexiv_hardware' build argument 'bazel_args' from command line to 'None'
[0.320s] Level 5:colcon.colcon_core.verb:set package 'flexiv_hardware' build argument 'bazel_task' from command line to 'None'
[0.320s] Level 5:colcon.colcon_core.verb:set package 'flexiv_hardware' build argument 'cmake_args' from command line to 'None'
[0.320s] Level 5:colcon.colcon_core.verb:set package 'flexiv_hardware' build argument 'cmake_target' from command line to 'None'
[0.320s] Level 5:colcon.colcon_core.verb:set package 'flexiv_hardware' build argument 'cmake_target_skip_unavailable' from command line to 'False'
[0.320s] Level 5:colcon.colcon_core.verb:set package 'flexiv_hardware' build argument 'cmake_clean_cache' from command line to 'False'
[0.320s] Level 5:colcon.colcon_core.verb:set package 'flexiv_hardware' build argument 'cmake_clean_first' from command line to 'False'
[0.320s] Level 5:colcon.colcon_core.verb:set package 'flexiv_hardware' build argument 'cmake_force_configure' from command line to 'False'
[0.320s] Level 5:colcon.colcon_core.verb:set package 'flexiv_hardware' build argument 'ament_cmake_args' from command line to 'None'
[0.320s] Level 5:colcon.colcon_core.verb:set package 'flexiv_hardware' build argument 'catkin_cmake_args' from command line to 'None'
[0.320s] Level 5:colcon.colcon_core.verb:set package 'flexiv_hardware' build argument 'catkin_skip_building_tests' from command line to 'False'
[0.320s] DEBUG:colcon.colcon_core.verb:Building package 'flexiv_hardware' with the following arguments: {'ament_cmake_args': None, 'bazel_args': None, 'bazel_task': None, 'build_base': '/home/robotflow/dual_flexiv/build/flexiv_hardware', 'catkin_cmake_args': None, 'catkin_skip_building_tests': False, 'cmake_args': None, 'cmake_clean_cache': False, 'cmake_clean_first': False, 'cmake_force_configure': False, 'cmake_target': None, 'cmake_target_skip_unavailable': False, 'install_base': '/home/robotflow/dual_flexiv/install/flexiv_hardware', 'merge_install': False, 'path': '/home/robotflow/dual_flexiv/src/flexiv_ros2/flexiv_hardware', 'symlink_install': True, 'test_result_base': None}
[0.321s] Level 5:colcon.colcon_core.verb:set package 'flexiv_msgs' build argument 'bazel_args' from command line to 'None'
[0.321s] Level 5:colcon.colcon_core.verb:set package 'flexiv_msgs' build argument 'bazel_task' from command line to 'None'
[0.321s] Level 5:colcon.colcon_core.verb:set package 'flexiv_msgs' build argument 'cmake_args' from command line to 'None'
[0.321s] Level 5:colcon.colcon_core.verb:set package 'flexiv_msgs' build argument 'cmake_target' from command line to 'None'
[0.321s] Level 5:colcon.colcon_core.verb:set package 'flexiv_msgs' build argument 'cmake_target_skip_unavailable' from command line to 'False'
[0.321s] Level 5:colcon.colcon_core.verb:set package 'flexiv_msgs' build argument 'cmake_clean_cache' from command line to 'False'
[0.321s] Level 5:colcon.colcon_core.verb:set package 'flexiv_msgs' build argument 'cmake_clean_first' from command line to 'False'
[0.321s] Level 5:colcon.colcon_core.verb:set package 'flexiv_msgs' build argument 'cmake_force_configure' from command line to 'False'
[0.321s] Level 5:colcon.colcon_core.verb:set package 'flexiv_msgs' build argument 'ament_cmake_args' from command line to 'None'
[0.321s] Level 5:colcon.colcon_core.verb:set package 'flexiv_msgs' build argument 'catkin_cmake_args' from command line to 'None'
[0.321s] Level 5:colcon.colcon_core.verb:set package 'flexiv_msgs' build argument 'catkin_skip_building_tests' from command line to 'False'
[0.321s] DEBUG:colcon.colcon_core.verb:Building package 'flexiv_msgs' with the following arguments: {'ament_cmake_args': None, 'bazel_args': None, 'bazel_task': None, 'build_base': '/home/robotflow/dual_flexiv/build/flexiv_msgs', 'catkin_cmake_args': None, 'catkin_skip_building_tests': False, 'cmake_args': None, 'cmake_clean_cache': False, 'cmake_clean_first': False, 'cmake_force_configure': False, 'cmake_target': None, 'cmake_target_skip_unavailable': False, 'install_base': '/home/robotflow/dual_flexiv/install/flexiv_msgs', 'merge_install': False, 'path': '/home/robotflow/dual_flexiv/src/flexiv_ros2/flexiv_msgs', 'symlink_install': True, 'test_result_base': None}
[0.323s] Level 5:colcon.colcon_core.verb:set package 'flexiv_test_nodes' build argument 'bazel_args' from command line to 'None'
[0.323s] Level 5:colcon.colcon_core.verb:set package 'flexiv_test_nodes' build argument 'bazel_task' from command line to 'None'
[0.323s] Level 5:colcon.colcon_core.verb:set package 'flexiv_test_nodes' build argument 'cmake_args' from command line to 'None'
[0.323s] Level 5:colcon.colcon_core.verb:set package 'flexiv_test_nodes' build argument 'cmake_target' from command line to 'None'
[0.323s] Level 5:colcon.colcon_core.verb:set package 'flexiv_test_nodes' build argument 'cmake_target_skip_unavailable' from command line to 'False'
[0.323s] Level 5:colcon.colcon_core.verb:set package 'flexiv_test_nodes' build argument 'cmake_clean_cache' from command line to 'False'
[0.323s] Level 5:colcon.colcon_core.verb:set package 'flexiv_test_nodes' build argument 'cmake_clean_first' from command line to 'False'
[0.323s] Level 5:colcon.colcon_core.verb:set package 'flexiv_test_nodes' build argument 'cmake_force_configure' from command line to 'False'
[0.323s] Level 5:colcon.colcon_core.verb:set package 'flexiv_test_nodes' build argument 'ament_cmake_args' from command line to 'None'
[0.323s] Level 5:colcon.colcon_core.verb:set package 'flexiv_test_nodes' build argument 'catkin_cmake_args' from command line to 'None'
[0.323s] Level 5:colcon.colcon_core.verb:set package 'flexiv_test_nodes' build argument 'catkin_skip_building_tests' from command line to 'False'
[0.323s] DEBUG:colcon.colcon_core.verb:Building package 'flexiv_test_nodes' with the following arguments: {'ament_cmake_args': None, 'bazel_args': None, 'bazel_task': None, 'build_base': '/home/robotflow/dual_flexiv/build/flexiv_test_nodes', 'catkin_cmake_args': None, 'catkin_skip_building_tests': False, 'cmake_args': None, 'cmake_clean_cache': False, 'cmake_clean_first': False, 'cmake_force_configure': False, 'cmake_target': None, 'cmake_target_skip_unavailable': False, 'install_base': '/home/robotflow/dual_flexiv/install/flexiv_test_nodes', 'merge_install': False, 'path': '/home/robotflow/dual_flexiv/src/flexiv_ros2/flexiv_test_nodes', 'symlink_install': True, 'test_result_base': None}
[0.324s] Level 5:colcon.colcon_core.verb:set package 'flexiv_bringup' build argument 'bazel_args' from command line to 'None'
[0.324s] Level 5:colcon.colcon_core.verb:set package 'flexiv_bringup' build argument 'bazel_task' from command line to 'None'
[0.324s] Level 5:colcon.colcon_core.verb:set package 'flexiv_bringup' build argument 'cmake_args' from command line to 'None'
[0.324s] Level 5:colcon.colcon_core.verb:set package 'flexiv_bringup' build argument 'cmake_target' from command line to 'None'
[0.324s] Level 5:colcon.colcon_core.verb:set package 'flexiv_bringup' build argument 'cmake_target_skip_unavailable' from command line to 'False'
[0.324s] Level 5:colcon.colcon_core.verb:set package 'flexiv_bringup' build argument 'cmake_clean_cache' from command line to 'False'
[0.324s] Level 5:colcon.colcon_core.verb:set package 'flexiv_bringup' build argument 'cmake_clean_first' from command line to 'False'
[0.324s] Level 5:colcon.colcon_core.verb:set package 'flexiv_bringup' build argument 'cmake_force_configure' from command line to 'False'
[0.324s] Level 5:colcon.colcon_core.verb:set package 'flexiv_bringup' build argument 'ament_cmake_args' from command line to 'None'
[0.324s] Level 5:colcon.colcon_core.verb:set package 'flexiv_bringup' build argument 'catkin_cmake_args' from command line to 'None'
[0.324s] Level 5:colcon.colcon_core.verb:set package 'flexiv_bringup' build argument 'catkin_skip_building_tests' from command line to 'False'
[0.324s] DEBUG:colcon.colcon_core.verb:Building package 'flexiv_bringup' with the following arguments: {'ament_cmake_args': None, 'bazel_args': None, 'bazel_task': None, 'build_base': '/home/robotflow/dual_flexiv/build/flexiv_bringup', 'catkin_cmake_args': None, 'catkin_skip_building_tests': False, 'cmake_args': None, 'cmake_clean_cache': False, 'cmake_clean_first': False, 'cmake_force_configure': False, 'cmake_target': None, 'cmake_target_skip_unavailable': False, 'install_base': '/home/robotflow/dual_flexiv/install/flexiv_bringup', 'merge_install': False, 'path': '/home/robotflow/dual_flexiv/src/flexiv_ros2/flexiv_bringup', 'symlink_install': True, 'test_result_base': None}
[0.325s] Level 5:colcon.colcon_core.verb:set package 'flexiv_controllers' build argument 'bazel_args' from command line to 'None'
[0.325s] Level 5:colcon.colcon_core.verb:set package 'flexiv_controllers' build argument 'bazel_task' from command line to 'None'
[0.325s] Level 5:colcon.colcon_core.verb:set package 'flexiv_controllers' build argument 'cmake_args' from command line to 'None'
[0.325s] Level 5:colcon.colcon_core.verb:set package 'flexiv_controllers' build argument 'cmake_target' from command line to 'None'
[0.326s] Level 5:colcon.colcon_core.verb:set package 'flexiv_controllers' build argument 'cmake_target_skip_unavailable' from command line to 'False'
[0.326s] Level 5:colcon.colcon_core.verb:set package 'flexiv_controllers' build argument 'cmake_clean_cache' from command line to 'False'
[0.326s] Level 5:colcon.colcon_core.verb:set package 'flexiv_controllers' build argument 'cmake_clean_first' from command line to 'False'
[0.326s] Level 5:colcon.colcon_core.verb:set package 'flexiv_controllers' build argument 'cmake_force_configure' from command line to 'False'
[0.326s] Level 5:colcon.colcon_core.verb:set package 'flexiv_controllers' build argument 'ament_cmake_args' from command line to 'None'
[0.326s] Level 5:colcon.colcon_core.verb:set package 'flexiv_controllers' build argument 'catkin_cmake_args' from command line to 'None'
[0.326s] Level 5:colcon.colcon_core.verb:set package 'flexiv_controllers' build argument 'catkin_skip_building_tests' from command line to 'False'
[0.326s] DEBUG:colcon.colcon_core.verb:Building package 'flexiv_controllers' with the following arguments: {'ament_cmake_args': None, 'bazel_args': None, 'bazel_task': None, 'build_base': '/home/robotflow/dual_flexiv/build/flexiv_controllers', 'catkin_cmake_args': None, 'catkin_skip_building_tests': False, 'cmake_args': None, 'cmake_clean_cache': False, 'cmake_clean_first': False, 'cmake_force_configure': False, 'cmake_target': None, 'cmake_target_skip_unavailable': False, 'install_base': '/home/robotflow/dual_flexiv/install/flexiv_controllers', 'merge_install': False, 'path': '/home/robotflow/dual_flexiv/src/flexiv_ros2/flexiv_controllers', 'symlink_install': True, 'test_result_base': None}
[0.327s] Level 5:colcon.colcon_core.verb:set package 'flexiv_moveit_config' build argument 'bazel_args' from command line to 'None'
[0.327s] Level 5:colcon.colcon_core.verb:set package 'flexiv_moveit_config' build argument 'bazel_task' from command line to 'None'
[0.327s] Level 5:colcon.colcon_core.verb:set package 'flexiv_moveit_config' build argument 'cmake_args' from command line to 'None'
[0.327s] Level 5:colcon.colcon_core.verb:set package 'flexiv_moveit_config' build argument 'cmake_target' from command line to 'None'
[0.327s] Level 5:colcon.colcon_core.verb:set package 'flexiv_moveit_config' build argument 'cmake_target_skip_unavailable' from command line to 'False'
[0.327s] Level 5:colcon.colcon_core.verb:set package 'flexiv_moveit_config' build argument 'cmake_clean_cache' from command line to 'False'
[0.327s] Level 5:colcon.colcon_core.verb:set package 'flexiv_moveit_config' build argument 'cmake_clean_first' from command line to 'False'
[0.327s] Level 5:colcon.colcon_core.verb:set package 'flexiv_moveit_config' build argument 'cmake_force_configure' from command line to 'False'
[0.327s] Level 5:colcon.colcon_core.verb:set package 'flexiv_moveit_config' build argument 'ament_cmake_args' from command line to 'None'
[0.327s] Level 5:colcon.colcon_core.verb:set package 'flexiv_moveit_config' build argument 'catkin_cmake_args' from command line to 'None'
[0.327s] Level 5:colcon.colcon_core.verb:set package 'flexiv_moveit_config' build argument 'catkin_skip_building_tests' from command line to 'False'
[0.327s] DEBUG:colcon.colcon_core.verb:Building package 'flexiv_moveit_config' with the following arguments: {'ament_cmake_args': None, 'bazel_args': None, 'bazel_task': None, 'build_base': '/home/robotflow/dual_flexiv/build/flexiv_moveit_config', 'catkin_cmake_args': None, 'catkin_skip_building_tests': False, 'cmake_args': None, 'cmake_clean_cache': False, 'cmake_clean_first': False, 'cmake_force_configure': False, 'cmake_target': None, 'cmake_target_skip_unavailable': False, 'install_base': '/home/robotflow/dual_flexiv/install/flexiv_moveit_config', 'merge_install': False, 'path': '/home/robotflow/dual_flexiv/src/flexiv_ros2/flexiv_moveit_config', 'symlink_install': True, 'test_result_base': None}
[0.328s] INFO:colcon.colcon_core.executor:Executing jobs using 'parallel' executor
[0.331s] DEBUG:colcon.colcon_parallel_executor.executor.parallel:run_until_complete
[0.331s] INFO:colcon.colcon_ros.task.ament_cmake.build:Building ROS package in '/home/robotflow/dual_flexiv/src/flexiv_ros2/flexiv_description' with build type 'ament_cmake'
[0.331s] INFO:colcon.colcon_cmake.task.cmake.build:Building CMake package in '/home/robotflow/dual_flexiv/src/flexiv_ros2/flexiv_description'
[0.335s] INFO:colcon.colcon_core.plugin_system:Skipping extension 'colcon_core.shell.bat': Not used on non-Windows systems
[0.335s] INFO:colcon.colcon_core.shell:Skip shell extension 'powershell' for command environment: Not usable outside of PowerShell
[0.335s] DEBUG:colcon.colcon_core.shell:Skip shell extension 'dsv' for command environment
[0.339s] INFO:colcon.colcon_ros.task.ament_cmake.build:Building ROS package in '/home/robotflow/dual_flexiv/src/flexiv_ros2/flexiv_hardware' with build type 'ament_cmake'
[0.339s] INFO:colcon.colcon_cmake.task.cmake.build:Building CMake package in '/home/robotflow/dual_flexiv/src/flexiv_ros2/flexiv_hardware'
[0.341s] INFO:colcon.colcon_core.shell:Skip shell extension 'powershell' for command environment: Not usable outside of PowerShell
[0.341s] DEBUG:colcon.colcon_core.shell:Skip shell extension 'dsv' for command environment
[0.345s] INFO:colcon.colcon_ros.task.ament_cmake.build:Building ROS package in '/home/robotflow/dual_flexiv/src/flexiv_ros2/flexiv_msgs' with build type 'ament_cmake'
[0.345s] INFO:colcon.colcon_cmake.task.cmake.build:Building CMake package in '/home/robotflow/dual_flexiv/src/flexiv_ros2/flexiv_msgs'
[0.346s] INFO:colcon.colcon_core.shell:Skip shell extension 'powershell' for command environment: Not usable outside of PowerShell
[0.347s] DEBUG:colcon.colcon_core.shell:Skip shell extension 'dsv' for command environment
[0.350s] INFO:colcon.colcon_ros.task.ament_python.build:Building ROS package in '/home/robotflow/dual_flexiv/src/flexiv_ros2/flexiv_test_nodes' with build type 'ament_python'
[0.351s] Level 1:colcon.colcon_core.shell:create_environment_hook('flexiv_test_nodes', 'ament_prefix_path')
[0.352s] INFO:colcon.colcon_core.shell:Creating environment hook '/home/robotflow/dual_flexiv/install/flexiv_test_nodes/share/flexiv_test_nodes/hook/ament_prefix_path.ps1'
[0.353s] INFO:colcon.colcon_core.shell:Creating environment descriptor '/home/robotflow/dual_flexiv/install/flexiv_test_nodes/share/flexiv_test_nodes/hook/ament_prefix_path.dsv'
[0.353s] INFO:colcon.colcon_core.shell:Creating environment hook '/home/robotflow/dual_flexiv/install/flexiv_test_nodes/share/flexiv_test_nodes/hook/ament_prefix_path.sh'
[0.355s] INFO:colcon.colcon_core.shell:Skip shell extension 'powershell' for command environment: Not usable outside of PowerShell
[0.355s] DEBUG:colcon.colcon_core.shell:Skip shell extension 'dsv' for command environment
[0.365s] DEBUG:colcon.colcon_core.event_handler.log_command:Invoking command in '/home/robotflow/dual_flexiv/build/flexiv_description': CMAKE_PREFIX_PATH=/opt/ros/foxy /usr/bin/cmake --build /home/robotflow/dual_flexiv/build/flexiv_description -- -j8 -l8
[0.368s] DEBUG:colcon.colcon_core.event_handler.log_command:Invoking command in '/home/robotflow/dual_flexiv/build/flexiv_hardware': CMAKE_PREFIX_PATH=/opt/ros/foxy /usr/bin/cmake --build /home/robotflow/dual_flexiv/build/flexiv_hardware -- -j8 -l8
[0.373s] DEBUG:colcon.colcon_core.event_handler.log_command:Invoking command in '/home/robotflow/dual_flexiv/build/flexiv_msgs': CMAKE_PREFIX_PATH=/opt/ros/foxy /usr/bin/cmake --build /home/robotflow/dual_flexiv/build/flexiv_msgs -- -j8 -l8
[0.572s] INFO:colcon.colcon_core.task.python.build:Building Python package in '/home/robotflow/dual_flexiv/src/flexiv_ros2/flexiv_test_nodes'
[0.574s] INFO:colcon.colcon_core.shell:Skip shell extension 'powershell' for command environment: Not usable outside of PowerShell
[0.574s] DEBUG:colcon.colcon_core.shell:Skip shell extension 'dsv' for command environment
[0.585s] DEBUG:colcon.colcon_core.event_handler.log_command:Invoked command in '/home/robotflow/dual_flexiv/build/flexiv_description' returned '0': CMAKE_PREFIX_PATH=/opt/ros/foxy /usr/bin/cmake --build /home/robotflow/dual_flexiv/build/flexiv_description -- -j8 -l8
[0.612s] DEBUG:colcon.colcon_core.event_handler.log_command:Invoking command in '/home/robotflow/dual_flexiv/build/flexiv_description': CMAKE_PREFIX_PATH=/opt/ros/foxy /usr/bin/cmake --install /home/robotflow/dual_flexiv/build/flexiv_description
[1.172s] DEBUG:colcon.colcon_core.event_handler.log_command:Invoking command in '/home/robotflow/dual_flexiv/build/flexiv_test_nodes': PYTHONPATH=/home/robotflow/dual_flexiv/install/flexiv_test_nodes/lib/python3.8/site-packages:${PYTHONPATH} /usr/bin/python3 setup.py develop --prefix /home/robotflow/dual_flexiv/install/flexiv_test_nodes --editable --build-directory /home/robotflow/dual_flexiv/build/flexiv_test_nodes/build --no-deps install_data --install-dir /home/robotflow/dual_flexiv/install/flexiv_test_nodes
[1.869s] Level 1:colcon.colcon_core.shell:create_environment_hook('flexiv_test_nodes', 'pythonpath_develop')
[1.869s] DEBUG:colcon.colcon_core.event_handler.log_command:Invoked command in '/home/robotflow/dual_flexiv/build/flexiv_test_nodes' returned '0': PYTHONPATH=/home/robotflow/dual_flexiv/install/flexiv_test_nodes/lib/python3.8/site-packages:${PYTHONPATH} /usr/bin/python3 setup.py develop --prefix /home/robotflow/dual_flexiv/install/flexiv_test_nodes --editable --build-directory /home/robotflow/dual_flexiv/build/flexiv_test_nodes/build --no-deps install_data --install-dir /home/robotflow/dual_flexiv/install/flexiv_test_nodes
[1.872s] INFO:colcon.colcon_core.shell:Creating environment hook '/home/robotflow/dual_flexiv/build/flexiv_test_nodes/share/flexiv_test_nodes/hook/pythonpath_develop.ps1'
[1.873s] INFO:colcon.colcon_core.shell:Creating environment descriptor '/home/robotflow/dual_flexiv/build/flexiv_test_nodes/share/flexiv_test_nodes/hook/pythonpath_develop.dsv'
[1.874s] INFO:colcon.colcon_core.shell:Creating environment hook '/home/robotflow/dual_flexiv/build/flexiv_test_nodes/share/flexiv_test_nodes/hook/pythonpath_develop.sh'
[1.881s] Level 1:colcon.colcon_core.environment:checking '/home/robotflow/dual_flexiv/install/flexiv_test_nodes' for CMake module files
[1.882s] Level 1:colcon.colcon_core.environment:checking '/home/robotflow/dual_flexiv/install/flexiv_test_nodes' for CMake config files
[1.882s] Level 1:colcon.colcon_core.environment:checking '/home/robotflow/dual_flexiv/install/flexiv_test_nodes/lib'
[1.883s] Level 1:colcon.colcon_core.environment:checking '/home/robotflow/dual_flexiv/install/flexiv_test_nodes/bin'
[1.883s] Level 1:colcon.colcon_core.environment:checking '/home/robotflow/dual_flexiv/install/flexiv_test_nodes/lib/pkgconfig/flexiv_test_nodes.pc'
[1.883s] Level 1:colcon.colcon_core.environment:checking '/home/robotflow/dual_flexiv/install/flexiv_test_nodes/lib/python3.8/site-packages'
[1.883s] Level 1:colcon.colcon_core.shell:create_environment_hook('flexiv_test_nodes', 'pythonpath')
[1.885s] INFO:colcon.colcon_core.shell:Creating environment hook '/home/robotflow/dual_flexiv/install/flexiv_test_nodes/share/flexiv_test_nodes/hook/pythonpath.ps1'
[1.886s] INFO:colcon.colcon_core.shell:Creating environment descriptor '/home/robotflow/dual_flexiv/install/flexiv_test_nodes/share/flexiv_test_nodes/hook/pythonpath.dsv'
[1.887s] INFO:colcon.colcon_core.shell:Creating environment hook '/home/robotflow/dual_flexiv/install/flexiv_test_nodes/share/flexiv_test_nodes/hook/pythonpath.sh'
[1.887s] Level 1:colcon.colcon_core.environment:checking '/home/robotflow/dual_flexiv/install/flexiv_test_nodes/bin'
[1.888s] Level 1:colcon.colcon_core.environment:create_environment_scripts_only(flexiv_test_nodes)
[1.889s] INFO:colcon.colcon_core.shell:Creating package script '/home/robotflow/dual_flexiv/install/flexiv_test_nodes/share/flexiv_test_nodes/package.ps1'
[1.891s] INFO:colcon.colcon_core.shell:Creating package descriptor '/home/robotflow/dual_flexiv/install/flexiv_test_nodes/share/flexiv_test_nodes/package.dsv'
[1.892s] INFO:colcon.colcon_core.shell:Creating package script '/home/robotflow/dual_flexiv/install/flexiv_test_nodes/share/flexiv_test_nodes/package.sh'
[1.893s] INFO:colcon.colcon_core.shell:Creating package script '/home/robotflow/dual_flexiv/install/flexiv_test_nodes/share/flexiv_test_nodes/package.bash'
[1.893s] INFO:colcon.colcon_core.shell:Creating package script '/home/robotflow/dual_flexiv/install/flexiv_test_nodes/share/flexiv_test_nodes/package.zsh'
[1.895s] Level 1:colcon.colcon_core.environment:create_file_with_runtime_dependencies(/home/robotflow/dual_flexiv/install/flexiv_test_nodes/share/colcon-core/packages/flexiv_test_nodes)
[1.915s] Level 1:colcon.colcon_core.environment:create_environment_scripts_only(flexiv_description)
[1.918s] Level 1:colcon.colcon_core.environment:checking '/home/robotflow/dual_flexiv/install/flexiv_description' for CMake module files
[1.918s] Level 1:colcon.colcon_core.environment:checking '/home/robotflow/dual_flexiv/install/flexiv_description' for CMake config files
[1.919s] Level 1:colcon.colcon_core.shell:create_environment_hook('flexiv_description', 'cmake_prefix_path')
[1.921s] INFO:colcon.colcon_core.shell:Creating environment hook '/home/robotflow/dual_flexiv/install/flexiv_description/share/flexiv_description/hook/cmake_prefix_path.ps1'
[1.922s] DEBUG:colcon.colcon_core.event_handler.log_command:Invoked command in '/home/robotflow/dual_flexiv/build/flexiv_description' returned '0': CMAKE_PREFIX_PATH=/opt/ros/foxy /usr/bin/cmake --install /home/robotflow/dual_flexiv/build/flexiv_description
[1.923s] INFO:colcon.colcon_core.shell:Creating environment descriptor '/home/robotflow/dual_flexiv/install/flexiv_description/share/flexiv_description/hook/cmake_prefix_path.dsv'
[1.923s] INFO:colcon.colcon_core.shell:Creating environment hook '/home/robotflow/dual_flexiv/install/flexiv_description/share/flexiv_description/hook/cmake_prefix_path.sh'
[1.924s] Level 1:colcon.colcon_core.environment:checking '/home/robotflow/dual_flexiv/install/flexiv_description/bin'
[1.924s] Level 1:colcon.colcon_core.environment:checking '/home/robotflow/dual_flexiv/install/flexiv_description/lib/pkgconfig/flexiv_description.pc'
[1.924s] Level 1:colcon.colcon_core.environment:checking '/home/robotflow/dual_flexiv/install/flexiv_description/lib/python3.8/site-packages'
[1.924s] Level 1:colcon.colcon_core.environment:checking '/home/robotflow/dual_flexiv/install/flexiv_description/bin'
[1.926s] INFO:colcon.colcon_core.shell:Creating package script '/home/robotflow/dual_flexiv/install/flexiv_description/share/flexiv_description/package.ps1'
[1.926s] INFO:colcon.colcon_core.shell:Creating package descriptor '/home/robotflow/dual_flexiv/install/flexiv_description/share/flexiv_description/package.dsv'
[1.927s] INFO:colcon.colcon_core.shell:Creating package script '/home/robotflow/dual_flexiv/install/flexiv_description/share/flexiv_description/package.sh'
[1.927s] INFO:colcon.colcon_core.shell:Creating package script '/home/robotflow/dual_flexiv/install/flexiv_description/share/flexiv_description/package.bash'
[1.927s] INFO:colcon.colcon_core.shell:Creating package script '/home/robotflow/dual_flexiv/install/flexiv_description/share/flexiv_description/package.zsh'
[1.928s] Level 1:colcon.colcon_core.environment:create_file_with_runtime_dependencies(/home/robotflow/dual_flexiv/install/flexiv_description/share/colcon-core/packages/flexiv_description)
[2.083s] Level 1:colcon.colcon_core.environment:create_environment_scripts_only(flexiv_description)
[2.086s] Level 1:colcon.colcon_core.environment:checking '/home/robotflow/dual_flexiv/install/flexiv_description' for CMake module files
[2.087s] Level 1:colcon.colcon_core.environment:checking '/home/robotflow/dual_flexiv/install/flexiv_description' for CMake config files
[2.088s] Level 1:colcon.colcon_core.shell:create_environment_hook('flexiv_description', 'cmake_prefix_path')
[2.090s] INFO:colcon.colcon_core.shell:Creating environment hook '/home/robotflow/dual_flexiv/install/flexiv_description/share/flexiv_description/hook/cmake_prefix_path.ps1'
[2.091s] INFO:colcon.colcon_core.shell:Creating environment descriptor '/home/robotflow/dual_flexiv/install/flexiv_description/share/flexiv_description/hook/cmake_prefix_path.dsv'
[2.091s] INFO:colcon.colcon_core.shell:Creating environment hook '/home/robotflow/dual_flexiv/install/flexiv_description/share/flexiv_description/hook/cmake_prefix_path.sh'
[2.092s] Level 1:colcon.colcon_core.environment:checking '/home/robotflow/dual_flexiv/install/flexiv_description/bin'
[2.092s] Level 1:colcon.colcon_core.environment:checking '/home/robotflow/dual_flexiv/install/flexiv_description/lib/pkgconfig/flexiv_description.pc'
[2.092s] Level 1:colcon.colcon_core.environment:checking '/home/robotflow/dual_flexiv/install/flexiv_description/lib/python3.8/site-packages'
[2.093s] Level 1:colcon.colcon_core.environment:checking '/home/robotflow/dual_flexiv/install/flexiv_description/bin'
[2.095s] INFO:colcon.colcon_core.shell:Creating package script '/home/robotflow/dual_flexiv/install/flexiv_description/share/flexiv_description/package.ps1'
[2.096s] INFO:colcon.colcon_core.shell:Creating package descriptor '/home/robotflow/dual_flexiv/install/flexiv_description/share/flexiv_description/package.dsv'
[2.096s] INFO:colcon.colcon_core.shell:Creating package script '/home/robotflow/dual_flexiv/install/flexiv_description/share/flexiv_description/package.sh'
[2.097s] INFO:colcon.colcon_core.shell:Creating package script '/home/robotflow/dual_flexiv/install/flexiv_description/share/flexiv_description/package.bash'
[2.097s] INFO:colcon.colcon_core.shell:Creating package script '/home/robotflow/dual_flexiv/install/flexiv_description/share/flexiv_description/package.zsh'
[2.098s] Level 1:colcon.colcon_core.environment:create_file_with_runtime_dependencies(/home/robotflow/dual_flexiv/install/flexiv_description/share/colcon-core/packages/flexiv_description)
[2.107s] INFO:colcon.colcon_ros.task.ament_cmake.build:Building ROS package in '/home/robotflow/dual_flexiv/src/flexiv_ros2/flexiv_moveit_config' with build type 'ament_cmake'
[2.111s] INFO:colcon.colcon_cmake.task.cmake.build:Building CMake package in '/home/robotflow/dual_flexiv/src/flexiv_ros2/flexiv_moveit_config'
[2.113s] INFO:colcon.colcon_core.shell:Skip shell extension 'powershell' for command environment: Not usable outside of PowerShell
[2.113s] DEBUG:colcon.colcon_core.shell:Skip shell extension 'dsv' for command environment
[2.157s] DEBUG:colcon.colcon_core.event_handler.log_command:Invoking command in '/home/robotflow/dual_flexiv/build/flexiv_moveit_config': AMENT_PREFIX_PATH=/home/robotflow/dual_flexiv/install/flexiv_description:${AMENT_PREFIX_PATH} CMAKE_PREFIX_PATH=/home/robotflow/dual_flexiv/install/flexiv_description:/opt/ros/foxy /usr/bin/cmake /home/robotflow/dual_flexiv/src/flexiv_ros2/flexiv_moveit_config -DAMENT_CMAKE_SYMLINK_INSTALL=1 -DCMAKE_INSTALL_PREFIX=/home/robotflow/dual_flexiv/install/flexiv_moveit_config
[3.568s] DEBUG:colcon.colcon_core.event_handler.log_command:Invoked command in '/home/robotflow/dual_flexiv/build/flexiv_moveit_config' returned '0': AMENT_PREFIX_PATH=/home/robotflow/dual_flexiv/install/flexiv_description:${AMENT_PREFIX_PATH} CMAKE_PREFIX_PATH=/home/robotflow/dual_flexiv/install/flexiv_description:/opt/ros/foxy /usr/bin/cmake /home/robotflow/dual_flexiv/src/flexiv_ros2/flexiv_moveit_config -DAMENT_CMAKE_SYMLINK_INSTALL=1 -DCMAKE_INSTALL_PREFIX=/home/robotflow/dual_flexiv/install/flexiv_moveit_config
[3.570s] DEBUG:colcon.colcon_core.event_handler.log_command:Invoking command in '/home/robotflow/dual_flexiv/build/flexiv_moveit_config': AMENT_PREFIX_PATH=/home/robotflow/dual_flexiv/install/flexiv_description:${AMENT_PREFIX_PATH} CMAKE_PREFIX_PATH=/home/robotflow/dual_flexiv/install/flexiv_description:/opt/ros/foxy /usr/bin/cmake --build /home/robotflow/dual_flexiv/build/flexiv_moveit_config -- -j8 -l8
[3.603s] DEBUG:colcon.colcon_core.event_handler.log_command:Invoked command in '/home/robotflow/dual_flexiv/build/flexiv_moveit_config' returned '0': AMENT_PREFIX_PATH=/home/robotflow/dual_flexiv/install/flexiv_description:${AMENT_PREFIX_PATH} CMAKE_PREFIX_PATH=/home/robotflow/dual_flexiv/install/flexiv_description:/opt/ros/foxy /usr/bin/cmake --build /home/robotflow/dual_flexiv/build/flexiv_moveit_config -- -j8 -l8
[3.622s] DEBUG:colcon.colcon_core.event_handler.log_command:Invoking command in '/home/robotflow/dual_flexiv/build/flexiv_moveit_config': AMENT_PREFIX_PATH=/home/robotflow/dual_flexiv/install/flexiv_description:${AMENT_PREFIX_PATH} CMAKE_PREFIX_PATH=/home/robotflow/dual_flexiv/install/flexiv_description:/opt/ros/foxy /usr/bin/cmake --install /home/robotflow/dual_flexiv/build/flexiv_moveit_config
[3.827s] Level 1:colcon.colcon_core.environment:create_environment_scripts_only(flexiv_moveit_config)
[3.829s] Level 1:colcon.colcon_core.environment:checking '/home/robotflow/dual_flexiv/install/flexiv_moveit_config' for CMake module files
[3.830s] DEBUG:colcon.colcon_core.event_handler.log_command:Invoked command in '/home/robotflow/dual_flexiv/build/flexiv_moveit_config' returned '0': AMENT_PREFIX_PATH=/home/robotflow/dual_flexiv/install/flexiv_description:${AMENT_PREFIX_PATH} CMAKE_PREFIX_PATH=/home/robotflow/dual_flexiv/install/flexiv_description:/opt/ros/foxy /usr/bin/cmake --install /home/robotflow/dual_flexiv/build/flexiv_moveit_config
[3.830s] Level 1:colcon.colcon_core.environment:checking '/home/robotflow/dual_flexiv/install/flexiv_moveit_config' for CMake config files
[3.831s] Level 1:colcon.colcon_core.shell:create_environment_hook('flexiv_moveit_config', 'cmake_prefix_path')
[3.832s] INFO:colcon.colcon_core.shell:Creating environment hook '/home/robotflow/dual_flexiv/install/flexiv_moveit_config/share/flexiv_moveit_config/hook/cmake_prefix_path.ps1'
[3.832s] INFO:colcon.colcon_core.shell:Creating environment descriptor '/home/robotflow/dual_flexiv/install/flexiv_moveit_config/share/flexiv_moveit_config/hook/cmake_prefix_path.dsv'
[3.832s] INFO:colcon.colcon_core.shell:Creating environment hook '/home/robotflow/dual_flexiv/install/flexiv_moveit_config/share/flexiv_moveit_config/hook/cmake_prefix_path.sh'
[3.833s] Level 1:colcon.colcon_core.environment:checking '/home/robotflow/dual_flexiv/install/flexiv_moveit_config/bin'
[3.833s] Level 1:colcon.colcon_core.environment:checking '/home/robotflow/dual_flexiv/install/flexiv_moveit_config/lib/pkgconfig/flexiv_moveit_config.pc'
[3.833s] Level 1:colcon.colcon_core.environment:checking '/home/robotflow/dual_flexiv/install/flexiv_moveit_config/lib/python3.8/site-packages'
[3.833s] Level 1:colcon.colcon_core.environment:checking '/home/robotflow/dual_flexiv/install/flexiv_moveit_config/bin'
[3.835s] INFO:colcon.colcon_core.shell:Creating package script '/home/robotflow/dual_flexiv/install/flexiv_moveit_config/share/flexiv_moveit_config/package.ps1'
[3.835s] INFO:colcon.colcon_core.shell:Creating package descriptor '/home/robotflow/dual_flexiv/install/flexiv_moveit_config/share/flexiv_moveit_config/package.dsv'
[3.835s] INFO:colcon.colcon_core.shell:Creating package script '/home/robotflow/dual_flexiv/install/flexiv_moveit_config/share/flexiv_moveit_config/package.sh'
[3.836s] INFO:colcon.colcon_core.shell:Creating package script '/home/robotflow/dual_flexiv/install/flexiv_moveit_config/share/flexiv_moveit_config/package.bash'
[3.836s] INFO:colcon.colcon_core.shell:Creating package script '/home/robotflow/dual_flexiv/install/flexiv_moveit_config/share/flexiv_moveit_config/package.zsh'
[3.836s] Level 1:colcon.colcon_core.environment:create_file_with_runtime_dependencies(/home/robotflow/dual_flexiv/install/flexiv_moveit_config/share/colcon-core/packages/flexiv_moveit_config)
[3.858s] Level 1:colcon.colcon_core.environment:create_environment_scripts_only(flexiv_moveit_config)
[3.860s] Level 1:colcon.colcon_core.environment:checking '/home/robotflow/dual_flexiv/install/flexiv_moveit_config' for CMake module files
[3.860s] Level 1:colcon.colcon_core.environment:checking '/home/robotflow/dual_flexiv/install/flexiv_moveit_config' for CMake config files
[3.861s] Level 1:colcon.colcon_core.shell:create_environment_hook('flexiv_moveit_config', 'cmake_prefix_path')
[3.862s] INFO:colcon.colcon_core.shell:Creating environment hook '/home/robotflow/dual_flexiv/install/flexiv_moveit_config/share/flexiv_moveit_config/hook/cmake_prefix_path.ps1'
[3.862s] INFO:colcon.colcon_core.shell:Creating environment descriptor '/home/robotflow/dual_flexiv/install/flexiv_moveit_config/share/flexiv_moveit_config/hook/cmake_prefix_path.dsv'
[3.863s] INFO:colcon.colcon_core.shell:Creating environment hook '/home/robotflow/dual_flexiv/install/flexiv_moveit_config/share/flexiv_moveit_config/hook/cmake_prefix_path.sh'
[3.863s] Level 1:colcon.colcon_core.environment:checking '/home/robotflow/dual_flexiv/install/flexiv_moveit_config/bin'
[3.863s] Level 1:colcon.colcon_core.environment:checking '/home/robotflow/dual_flexiv/install/flexiv_moveit_config/lib/pkgconfig/flexiv_moveit_config.pc'
[3.863s] Level 1:colcon.colcon_core.environment:checking '/home/robotflow/dual_flexiv/install/flexiv_moveit_config/lib/python3.8/site-packages'
[3.863s] Level 1:colcon.colcon_core.environment:checking '/home/robotflow/dual_flexiv/install/flexiv_moveit_config/bin'
[3.865s] INFO:colcon.colcon_core.shell:Creating package script '/home/robotflow/dual_flexiv/install/flexiv_moveit_config/share/flexiv_moveit_config/package.ps1'
[3.865s] INFO:colcon.colcon_core.shell:Creating package descriptor '/home/robotflow/dual_flexiv/install/flexiv_moveit_config/share/flexiv_moveit_config/package.dsv'
[3.865s] INFO:colcon.colcon_core.shell:Creating package script '/home/robotflow/dual_flexiv/install/flexiv_moveit_config/share/flexiv_moveit_config/package.sh'
[3.866s] INFO:colcon.colcon_core.shell:Creating package script '/home/robotflow/dual_flexiv/install/flexiv_moveit_config/share/flexiv_moveit_config/package.bash'
[3.866s] INFO:colcon.colcon_core.shell:Creating package script '/home/robotflow/dual_flexiv/install/flexiv_moveit_config/share/flexiv_moveit_config/package.zsh'
[3.867s] Level 1:colcon.colcon_core.environment:create_file_with_runtime_dependencies(/home/robotflow/dual_flexiv/install/flexiv_moveit_config/share/colcon-core/packages/flexiv_moveit_config)
[4.412s] DEBUG:colcon.colcon_core.event_handler.log_command:Invoked command in '/home/robotflow/dual_flexiv/build/flexiv_hardware' returned '0': CMAKE_PREFIX_PATH=/opt/ros/foxy /usr/bin/cmake --build /home/robotflow/dual_flexiv/build/flexiv_hardware -- -j8 -l8
[4.457s] DEBUG:colcon.colcon_core.event_handler.log_command:Invoking command in '/home/robotflow/dual_flexiv/build/flexiv_hardware': CMAKE_PREFIX_PATH=/opt/ros/foxy /usr/bin/cmake --install /home/robotflow/dual_flexiv/build/flexiv_hardware
[4.793s] Level 1:colcon.colcon_core.environment:create_environment_scripts_only(flexiv_hardware)
[4.795s] Level 1:colcon.colcon_core.environment:checking '/home/robotflow/dual_flexiv/install/flexiv_hardware' for CMake module files
[4.795s] DEBUG:colcon.colcon_core.event_handler.log_command:Invoked command in '/home/robotflow/dual_flexiv/build/flexiv_hardware' returned '0': CMAKE_PREFIX_PATH=/opt/ros/foxy /usr/bin/cmake --install /home/robotflow/dual_flexiv/build/flexiv_hardware
[4.796s] Level 1:colcon.colcon_core.environment:checking '/home/robotflow/dual_flexiv/install/flexiv_hardware' for CMake config files
[4.796s] Level 1:colcon.colcon_core.shell:create_environment_hook('flexiv_hardware', 'cmake_prefix_path')
[4.797s] INFO:colcon.colcon_core.shell:Creating environment hook '/home/robotflow/dual_flexiv/install/flexiv_hardware/share/flexiv_hardware/hook/cmake_prefix_path.ps1'
[4.797s] INFO:colcon.colcon_core.shell:Creating environment descriptor '/home/robotflow/dual_flexiv/install/flexiv_hardware/share/flexiv_hardware/hook/cmake_prefix_path.dsv'
[4.798s] INFO:colcon.colcon_core.shell:Creating environment hook '/home/robotflow/dual_flexiv/install/flexiv_hardware/share/flexiv_hardware/hook/cmake_prefix_path.sh'
[4.798s] Level 1:colcon.colcon_core.environment:checking '/home/robotflow/dual_flexiv/install/flexiv_hardware/lib'
[4.798s] Level 1:colcon.colcon_core.shell:create_environment_hook('flexiv_hardware', 'ld_library_path_lib')
[4.799s] INFO:colcon.colcon_core.shell:Creating environment hook '/home/robotflow/dual_flexiv/install/flexiv_hardware/share/flexiv_hardware/hook/ld_library_path_lib.ps1'
[4.800s] INFO:colcon.colcon_core.shell:Creating environment descriptor '/home/robotflow/dual_flexiv/install/flexiv_hardware/share/flexiv_hardware/hook/ld_library_path_lib.dsv'
[4.800s] INFO:colcon.colcon_core.shell:Creating environment hook '/home/robotflow/dual_flexiv/install/flexiv_hardware/share/flexiv_hardware/hook/ld_library_path_lib.sh'
[4.800s] Level 1:colcon.colcon_core.environment:checking '/home/robotflow/dual_flexiv/install/flexiv_hardware/bin'
[4.800s] Level 1:colcon.colcon_core.environment:checking '/home/robotflow/dual_flexiv/install/flexiv_hardware/lib/pkgconfig/flexiv_hardware.pc'
[4.800s] Level 1:colcon.colcon_core.environment:checking '/home/robotflow/dual_flexiv/install/flexiv_hardware/lib/python3.8/site-packages'
[4.801s] Level 1:colcon.colcon_core.environment:checking '/home/robotflow/dual_flexiv/install/flexiv_hardware/bin'
[4.802s] INFO:colcon.colcon_core.shell:Creating package script '/home/robotflow/dual_flexiv/install/flexiv_hardware/share/flexiv_hardware/package.ps1'
[4.802s] INFO:colcon.colcon_core.shell:Creating package descriptor '/home/robotflow/dual_flexiv/install/flexiv_hardware/share/flexiv_hardware/package.dsv'
[4.803s] INFO:colcon.colcon_core.shell:Creating package script '/home/robotflow/dual_flexiv/install/flexiv_hardware/share/flexiv_hardware/package.sh'
[4.803s] INFO:colcon.colcon_core.shell:Creating package script '/home/robotflow/dual_flexiv/install/flexiv_hardware/share/flexiv_hardware/package.bash'
[4.803s] INFO:colcon.colcon_core.shell:Creating package script '/home/robotflow/dual_flexiv/install/flexiv_hardware/share/flexiv_hardware/package.zsh'
[4.803s] Level 1:colcon.colcon_core.environment:create_file_with_runtime_dependencies(/home/robotflow/dual_flexiv/install/flexiv_hardware/share/colcon-core/packages/flexiv_hardware)
[4.822s] Level 1:colcon.colcon_core.environment:create_environment_scripts_only(flexiv_hardware)
[4.824s] Level 1:colcon.colcon_core.environment:checking '/home/robotflow/dual_flexiv/install/flexiv_hardware' for CMake module files
[4.825s] Level 1:colcon.colcon_core.environment:checking '/home/robotflow/dual_flexiv/install/flexiv_hardware' for CMake config files
[4.825s] Level 1:colcon.colcon_core.shell:create_environment_hook('flexiv_hardware', 'cmake_prefix_path')
[4.826s] INFO:colcon.colcon_core.shell:Creating environment hook '/home/robotflow/dual_flexiv/install/flexiv_hardware/share/flexiv_hardware/hook/cmake_prefix_path.ps1'
[4.826s] INFO:colcon.colcon_core.shell:Creating environment descriptor '/home/robotflow/dual_flexiv/install/flexiv_hardware/share/flexiv_hardware/hook/cmake_prefix_path.dsv'
[4.827s] INFO:colcon.colcon_core.shell:Creating environment hook '/home/robotflow/dual_flexiv/install/flexiv_hardware/share/flexiv_hardware/hook/cmake_prefix_path.sh'
[4.827s] Level 1:colcon.colcon_core.environment:checking '/home/robotflow/dual_flexiv/install/flexiv_hardware/lib'
[4.827s] Level 1:colcon.colcon_core.shell:create_environment_hook('flexiv_hardware', 'ld_library_path_lib')
[4.828s] INFO:colcon.colcon_core.shell:Creating environment hook '/home/robotflow/dual_flexiv/install/flexiv_hardware/share/flexiv_hardware/hook/ld_library_path_lib.ps1'
[4.829s] INFO:colcon.colcon_core.shell:Creating environment descriptor '/home/robotflow/dual_flexiv/install/flexiv_hardware/share/flexiv_hardware/hook/ld_library_path_lib.dsv'
[4.829s] INFO:colcon.colcon_core.shell:Creating environment hook '/home/robotflow/dual_flexiv/install/flexiv_hardware/share/flexiv_hardware/hook/ld_library_path_lib.sh'
[4.829s] Level 1:colcon.colcon_core.environment:checking '/home/robotflow/dual_flexiv/install/flexiv_hardware/bin'
[4.829s] Level 1:colcon.colcon_core.environment:checking '/home/robotflow/dual_flexiv/install/flexiv_hardware/lib/pkgconfig/flexiv_hardware.pc'
[4.829s] Level 1:colcon.colcon_core.environment:checking '/home/robotflow/dual_flexiv/install/flexiv_hardware/lib/python3.8/site-packages'
[4.830s] Level 1:colcon.colcon_core.environment:checking '/home/robotflow/dual_flexiv/install/flexiv_hardware/bin'
[4.831s] INFO:colcon.colcon_core.shell:Creating package script '/home/robotflow/dual_flexiv/install/flexiv_hardware/share/flexiv_hardware/package.ps1'
[4.832s] INFO:colcon.colcon_core.shell:Creating package descriptor '/home/robotflow/dual_flexiv/install/flexiv_hardware/share/flexiv_hardware/package.dsv'
[4.832s] INFO:colcon.colcon_core.shell:Creating package script '/home/robotflow/dual_flexiv/install/flexiv_hardware/share/flexiv_hardware/package.sh'
[4.832s] INFO:colcon.colcon_core.shell:Creating package script '/home/robotflow/dual_flexiv/install/flexiv_hardware/share/flexiv_hardware/package.bash'
[4.833s] INFO:colcon.colcon_core.shell:Creating package script '/home/robotflow/dual_flexiv/install/flexiv_hardware/share/flexiv_hardware/package.zsh'
[4.833s] Level 1:colcon.colcon_core.environment:create_file_with_runtime_dependencies(/home/robotflow/dual_flexiv/install/flexiv_hardware/share/colcon-core/packages/flexiv_hardware)
[4.833s] INFO:colcon.colcon_ros.task.ament_cmake.build:Building ROS package in '/home/robotflow/dual_flexiv/src/flexiv_ros2/flexiv_bringup' with build type 'ament_cmake'
[4.833s] INFO:colcon.colcon_cmake.task.cmake.build:Building CMake package in '/home/robotflow/dual_flexiv/src/flexiv_ros2/flexiv_bringup'
[4.835s] INFO:colcon.colcon_core.shell:Skip shell extension 'powershell' for command environment: Not usable outside of PowerShell
[4.835s] DEBUG:colcon.colcon_core.shell:Skip shell extension 'dsv' for command environment
[4.845s] DEBUG:colcon.colcon_core.event_handler.log_command:Invoking command in '/home/robotflow/dual_flexiv/build/flexiv_bringup': AMENT_PREFIX_PATH=/home/robotflow/dual_flexiv/install/flexiv_test_nodes:/home/robotflow/dual_flexiv/install/flexiv_hardware:/home/robotflow/dual_flexiv/install/flexiv_description:${AMENT_PREFIX_PATH} CMAKE_PREFIX_PATH=/home/robotflow/dual_flexiv/install/flexiv_hardware:/home/robotflow/dual_flexiv/install/flexiv_description:/opt/ros/foxy LD_LIBRARY_PATH=/home/robotflow/dual_flexiv/install/flexiv_hardware/lib:${LD_LIBRARY_PATH} PYTHONPATH=/home/robotflow/dual_flexiv/build/flexiv_test_nodes:/home/robotflow/dual_flexiv/install/flexiv_test_nodes/lib/python3.8/site-packages:${PYTHONPATH} /usr/bin/cmake /home/robotflow/dual_flexiv/src/flexiv_ros2/flexiv_bringup -DAMENT_CMAKE_SYMLINK_INSTALL=1 -DCMAKE_INSTALL_PREFIX=/home/robotflow/dual_flexiv/install/flexiv_bringup
[5.458s] DEBUG:colcon.colcon_core.event_handler.log_command:Invoked command in '/home/robotflow/dual_flexiv/build/flexiv_bringup' returned '0': AMENT_PREFIX_PATH=/home/robotflow/dual_flexiv/install/flexiv_test_nodes:/home/robotflow/dual_flexiv/install/flexiv_hardware:/home/robotflow/dual_flexiv/install/flexiv_description:${AMENT_PREFIX_PATH} CMAKE_PREFIX_PATH=/home/robotflow/dual_flexiv/install/flexiv_hardware:/home/robotflow/dual_flexiv/install/flexiv_description:/opt/ros/foxy LD_LIBRARY_PATH=/home/robotflow/dual_flexiv/install/flexiv_hardware/lib:${LD_LIBRARY_PATH} PYTHONPATH=/home/robotflow/dual_flexiv/build/flexiv_test_nodes:/home/robotflow/dual_flexiv/install/flexiv_test_nodes/lib/python3.8/site-packages:${PYTHONPATH} /usr/bin/cmake /home/robotflow/dual_flexiv/src/flexiv_ros2/flexiv_bringup -DAMENT_CMAKE_SYMLINK_INSTALL=1 -DCMAKE_INSTALL_PREFIX=/home/robotflow/dual_flexiv/install/flexiv_bringup
[5.460s] DEBUG:colcon.colcon_core.event_handler.log_command:Invoking command in '/home/robotflow/dual_flexiv/build/flexiv_bringup': AMENT_PREFIX_PATH=/home/robotflow/dual_flexiv/install/flexiv_test_nodes:/home/robotflow/dual_flexiv/install/flexiv_hardware:/home/robotflow/dual_flexiv/install/flexiv_description:${AMENT_PREFIX_PATH} CMAKE_PREFIX_PATH=/home/robotflow/dual_flexiv/install/flexiv_hardware:/home/robotflow/dual_flexiv/install/flexiv_description:/opt/ros/foxy LD_LIBRARY_PATH=/home/robotflow/dual_flexiv/install/flexiv_hardware/lib:${LD_LIBRARY_PATH} PYTHONPATH=/home/robotflow/dual_flexiv/build/flexiv_test_nodes:/home/robotflow/dual_flexiv/install/flexiv_test_nodes/lib/python3.8/site-packages:${PYTHONPATH} /usr/bin/cmake --build /home/robotflow/dual_flexiv/build/flexiv_bringup -- -j8 -l8
[5.490s] DEBUG:colcon.colcon_core.event_handler.log_command:Invoked command in '/home/robotflow/dual_flexiv/build/flexiv_bringup' returned '0': AMENT_PREFIX_PATH=/home/robotflow/dual_flexiv/install/flexiv_test_nodes:/home/robotflow/dual_flexiv/install/flexiv_hardware:/home/robotflow/dual_flexiv/install/flexiv_description:${AMENT_PREFIX_PATH} CMAKE_PREFIX_PATH=/home/robotflow/dual_flexiv/install/flexiv_hardware:/home/robotflow/dual_flexiv/install/flexiv_description:/opt/ros/foxy LD_LIBRARY_PATH=/home/robotflow/dual_flexiv/install/flexiv_hardware/lib:${LD_LIBRARY_PATH} PYTHONPATH=/home/robotflow/dual_flexiv/build/flexiv_test_nodes:/home/robotflow/dual_flexiv/install/flexiv_test_nodes/lib/python3.8/site-packages:${PYTHONPATH} /usr/bin/cmake --build /home/robotflow/dual_flexiv/build/flexiv_bringup -- -j8 -l8
[5.507s] DEBUG:colcon.colcon_core.event_handler.log_command:Invoking command in '/home/robotflow/dual_flexiv/build/flexiv_bringup': AMENT_PREFIX_PATH=/home/robotflow/dual_flexiv/install/flexiv_test_nodes:/home/robotflow/dual_flexiv/install/flexiv_hardware:/home/robotflow/dual_flexiv/install/flexiv_description:${AMENT_PREFIX_PATH} CMAKE_PREFIX_PATH=/home/robotflow/dual_flexiv/install/flexiv_hardware:/home/robotflow/dual_flexiv/install/flexiv_description:/opt/ros/foxy LD_LIBRARY_PATH=/home/robotflow/dual_flexiv/install/flexiv_hardware/lib:${LD_LIBRARY_PATH} PYTHONPATH=/home/robotflow/dual_flexiv/build/flexiv_test_nodes:/home/robotflow/dual_flexiv/install/flexiv_test_nodes/lib/python3.8/site-packages:${PYTHONPATH} /usr/bin/cmake --install /home/robotflow/dual_flexiv/build/flexiv_bringup
[5.694s] Level 1:colcon.colcon_core.environment:create_environment_scripts_only(flexiv_bringup)
[5.696s] Level 1:colcon.colcon_core.environment:checking '/home/robotflow/dual_flexiv/install/flexiv_bringup' for CMake module files
[5.697s] DEBUG:colcon.colcon_core.event_handler.log_command:Invoked command in '/home/robotflow/dual_flexiv/build/flexiv_bringup' returned '0': AMENT_PREFIX_PATH=/home/robotflow/dual_flexiv/install/flexiv_test_nodes:/home/robotflow/dual_flexiv/install/flexiv_hardware:/home/robotflow/dual_flexiv/install/flexiv_description:${AMENT_PREFIX_PATH} CMAKE_PREFIX_PATH=/home/robotflow/dual_flexiv/install/flexiv_hardware:/home/robotflow/dual_flexiv/install/flexiv_description:/opt/ros/foxy LD_LIBRARY_PATH=/home/robotflow/dual_flexiv/install/flexiv_hardware/lib:${LD_LIBRARY_PATH} PYTHONPATH=/home/robotflow/dual_flexiv/build/flexiv_test_nodes:/home/robotflow/dual_flexiv/install/flexiv_test_nodes/lib/python3.8/site-packages:${PYTHONPATH} /usr/bin/cmake --install /home/robotflow/dual_flexiv/build/flexiv_bringup
[5.697s] Level 1:colcon.colcon_core.environment:checking '/home/robotflow/dual_flexiv/install/flexiv_bringup' for CMake config files
[5.697s] Level 1:colcon.colcon_core.shell:create_environment_hook('flexiv_bringup', 'cmake_prefix_path')
[5.698s] INFO:colcon.colcon_core.shell:Creating environment hook '/home/robotflow/dual_flexiv/install/flexiv_bringup/share/flexiv_bringup/hook/cmake_prefix_path.ps1'
[5.699s] INFO:colcon.colcon_core.shell:Creating environment descriptor '/home/robotflow/dual_flexiv/install/flexiv_bringup/share/flexiv_bringup/hook/cmake_prefix_path.dsv'
[5.699s] INFO:colcon.colcon_core.shell:Creating environment hook '/home/robotflow/dual_flexiv/install/flexiv_bringup/share/flexiv_bringup/hook/cmake_prefix_path.sh'
[5.699s] Level 1:colcon.colcon_core.environment:checking '/home/robotflow/dual_flexiv/install/flexiv_bringup/bin'
[5.700s] Level 1:colcon.colcon_core.environment:checking '/home/robotflow/dual_flexiv/install/flexiv_bringup/lib/pkgconfig/flexiv_bringup.pc'
[5.700s] Level 1:colcon.colcon_core.environment:checking '/home/robotflow/dual_flexiv/install/flexiv_bringup/lib/python3.8/site-packages'
[5.700s] Level 1:colcon.colcon_core.environment:checking '/home/robotflow/dual_flexiv/install/flexiv_bringup/bin'
[5.701s] INFO:colcon.colcon_core.shell:Creating package script '/home/robotflow/dual_flexiv/install/flexiv_bringup/share/flexiv_bringup/package.ps1'
[5.701s] INFO:colcon.colcon_core.shell:Creating package descriptor '/home/robotflow/dual_flexiv/install/flexiv_bringup/share/flexiv_bringup/package.dsv'
[5.702s] INFO:colcon.colcon_core.shell:Creating package script '/home/robotflow/dual_flexiv/install/flexiv_bringup/share/flexiv_bringup/package.sh'
[5.703s] INFO:colcon.colcon_core.shell:Creating package script '/home/robotflow/dual_flexiv/install/flexiv_bringup/share/flexiv_bringup/package.bash'
[5.703s] INFO:colcon.colcon_core.shell:Creating package script '/home/robotflow/dual_flexiv/install/flexiv_bringup/share/flexiv_bringup/package.zsh'
[5.703s] Level 1:colcon.colcon_core.environment:create_file_with_runtime_dependencies(/home/robotflow/dual_flexiv/install/flexiv_bringup/share/colcon-core/packages/flexiv_bringup)
[5.720s] Level 1:colcon.colcon_core.environment:create_environment_scripts_only(flexiv_bringup)
[5.722s] Level 1:colcon.colcon_core.environment:checking '/home/robotflow/dual_flexiv/install/flexiv_bringup' for CMake module files
[5.722s] Level 1:colcon.colcon_core.environment:checking '/home/robotflow/dual_flexiv/install/flexiv_bringup' for CMake config files
[5.723s] Level 1:colcon.colcon_core.shell:create_environment_hook('flexiv_bringup', 'cmake_prefix_path')
[5.724s] INFO:colcon.colcon_core.shell:Creating environment hook '/home/robotflow/dual_flexiv/install/flexiv_bringup/share/flexiv_bringup/hook/cmake_prefix_path.ps1'
[5.724s] INFO:colcon.colcon_core.shell:Creating environment descriptor '/home/robotflow/dual_flexiv/install/flexiv_bringup/share/flexiv_bringup/hook/cmake_prefix_path.dsv'
[5.725s] INFO:colcon.colcon_core.shell:Creating environment hook '/home/robotflow/dual_flexiv/install/flexiv_bringup/share/flexiv_bringup/hook/cmake_prefix_path.sh'
[5.725s] Level 1:colcon.colcon_core.environment:checking '/home/robotflow/dual_flexiv/install/flexiv_bringup/bin'
[5.725s] Level 1:colcon.colcon_core.environment:checking '/home/robotflow/dual_flexiv/install/flexiv_bringup/lib/pkgconfig/flexiv_bringup.pc'
[5.725s] Level 1:colcon.colcon_core.environment:checking '/home/robotflow/dual_flexiv/install/flexiv_bringup/lib/python3.8/site-packages'
[5.725s] Level 1:colcon.colcon_core.environment:checking '/home/robotflow/dual_flexiv/install/flexiv_bringup/bin'
[5.727s] INFO:colcon.colcon_core.shell:Creating package script '/home/robotflow/dual_flexiv/install/flexiv_bringup/share/flexiv_bringup/package.ps1'
[5.727s] INFO:colcon.colcon_core.shell:Creating package descriptor '/home/robotflow/dual_flexiv/install/flexiv_bringup/share/flexiv_bringup/package.dsv'
[5.727s] INFO:colcon.colcon_core.shell:Creating package script '/home/robotflow/dual_flexiv/install/flexiv_bringup/share/flexiv_bringup/package.sh'
[5.728s] INFO:colcon.colcon_core.shell:Creating package script '/home/robotflow/dual_flexiv/install/flexiv_bringup/share/flexiv_bringup/package.bash'
[5.728s] INFO:colcon.colcon_core.shell:Creating package script '/home/robotflow/dual_flexiv/install/flexiv_bringup/share/flexiv_bringup/package.zsh'
[5.729s] Level 1:colcon.colcon_core.environment:create_file_with_runtime_dependencies(/home/robotflow/dual_flexiv/install/flexiv_bringup/share/colcon-core/packages/flexiv_bringup)
[6.287s] DEBUG:colcon.colcon_core.event_handler.log_command:Invoked command in '/home/robotflow/dual_flexiv/build/flexiv_msgs' returned '0': CMAKE_PREFIX_PATH=/opt/ros/foxy /usr/bin/cmake --build /home/robotflow/dual_flexiv/build/flexiv_msgs -- -j8 -l8
[6.361s] DEBUG:colcon.colcon_core.event_handler.log_command:Invoking command in '/home/robotflow/dual_flexiv/build/flexiv_msgs': CMAKE_PREFIX_PATH=/opt/ros/foxy /usr/bin/cmake --install /home/robotflow/dual_flexiv/build/flexiv_msgs
[7.299s] Level 1:colcon.colcon_core.environment:create_environment_scripts_only(flexiv_msgs)
[7.301s] Level 1:colcon.colcon_core.environment:checking '/home/robotflow/dual_flexiv/install/flexiv_msgs' for CMake module files
[7.302s] DEBUG:colcon.colcon_core.event_handler.log_command:Invoked command in '/home/robotflow/dual_flexiv/build/flexiv_msgs' returned '0': CMAKE_PREFIX_PATH=/opt/ros/foxy /usr/bin/cmake --install /home/robotflow/dual_flexiv/build/flexiv_msgs
[7.302s] Level 1:colcon.colcon_core.environment:checking '/home/robotflow/dual_flexiv/install/flexiv_msgs' for CMake config files
[7.302s] Level 1:colcon.colcon_core.shell:create_environment_hook('flexiv_msgs', 'cmake_prefix_path')
[7.304s] INFO:colcon.colcon_core.shell:Creating environment hook '/home/robotflow/dual_flexiv/install/flexiv_msgs/share/flexiv_msgs/hook/cmake_prefix_path.ps1'
[7.304s] INFO:colcon.colcon_core.shell:Creating environment descriptor '/home/robotflow/dual_flexiv/install/flexiv_msgs/share/flexiv_msgs/hook/cmake_prefix_path.dsv'
[7.304s] INFO:colcon.colcon_core.shell:Creating environment hook '/home/robotflow/dual_flexiv/install/flexiv_msgs/share/flexiv_msgs/hook/cmake_prefix_path.sh'
[7.305s] Level 1:colcon.colcon_core.environment:checking '/home/robotflow/dual_flexiv/install/flexiv_msgs/lib'
[7.305s] Level 1:colcon.colcon_core.shell:create_environment_hook('flexiv_msgs', 'ld_library_path_lib')
[7.306s] INFO:colcon.colcon_core.shell:Creating environment hook '/home/robotflow/dual_flexiv/install/flexiv_msgs/share/flexiv_msgs/hook/ld_library_path_lib.ps1'
[7.307s] INFO:colcon.colcon_core.shell:Creating environment descriptor '/home/robotflow/dual_flexiv/install/flexiv_msgs/share/flexiv_msgs/hook/ld_library_path_lib.dsv'
[7.307s] INFO:colcon.colcon_core.shell:Creating environment hook '/home/robotflow/dual_flexiv/install/flexiv_msgs/share/flexiv_msgs/hook/ld_library_path_lib.sh'
[7.307s] Level 1:colcon.colcon_core.environment:checking '/home/robotflow/dual_flexiv/install/flexiv_msgs/bin'
[7.307s] Level 1:colcon.colcon_core.environment:checking '/home/robotflow/dual_flexiv/install/flexiv_msgs/lib/pkgconfig/flexiv_msgs.pc'
[7.307s] Level 1:colcon.colcon_core.environment:checking '/home/robotflow/dual_flexiv/install/flexiv_msgs/lib/python3.8/site-packages'
[7.307s] Level 1:colcon.colcon_core.shell:create_environment_hook('flexiv_msgs', 'pythonpath')
[7.309s] INFO:colcon.colcon_core.shell:Creating environment hook '/home/robotflow/dual_flexiv/install/flexiv_msgs/share/flexiv_msgs/hook/pythonpath.ps1'
[7.309s] INFO:colcon.colcon_core.shell:Creating environment descriptor '/home/robotflow/dual_flexiv/install/flexiv_msgs/share/flexiv_msgs/hook/pythonpath.dsv'
[7.309s] INFO:colcon.colcon_core.shell:Creating environment hook '/home/robotflow/dual_flexiv/install/flexiv_msgs/share/flexiv_msgs/hook/pythonpath.sh'
[7.309s] Level 1:colcon.colcon_core.environment:checking '/home/robotflow/dual_flexiv/install/flexiv_msgs/bin'
[7.311s] INFO:colcon.colcon_core.shell:Creating package script '/home/robotflow/dual_flexiv/install/flexiv_msgs/share/flexiv_msgs/package.ps1'
[7.311s] INFO:colcon.colcon_core.shell:Creating package descriptor '/home/robotflow/dual_flexiv/install/flexiv_msgs/share/flexiv_msgs/package.dsv'
[7.311s] INFO:colcon.colcon_core.shell:Creating package script '/home/robotflow/dual_flexiv/install/flexiv_msgs/share/flexiv_msgs/package.sh'
[7.312s] INFO:colcon.colcon_core.shell:Creating package script '/home/robotflow/dual_flexiv/install/flexiv_msgs/share/flexiv_msgs/package.bash'
[7.312s] INFO:colcon.colcon_core.shell:Creating package script '/home/robotflow/dual_flexiv/install/flexiv_msgs/share/flexiv_msgs/package.zsh'
[7.312s] Level 1:colcon.colcon_core.environment:create_file_with_runtime_dependencies(/home/robotflow/dual_flexiv/install/flexiv_msgs/share/colcon-core/packages/flexiv_msgs)
[7.384s] Level 1:colcon.colcon_core.environment:create_environment_scripts_only(flexiv_msgs)
[7.386s] Level 1:colcon.colcon_core.environment:checking '/home/robotflow/dual_flexiv/install/flexiv_msgs' for CMake module files
[7.387s] Level 1:colcon.colcon_core.environment:checking '/home/robotflow/dual_flexiv/install/flexiv_msgs' for CMake config files
[7.387s] Level 1:colcon.colcon_core.shell:create_environment_hook('flexiv_msgs', 'cmake_prefix_path')
[7.388s] INFO:colcon.colcon_core.shell:Creating environment hook '/home/robotflow/dual_flexiv/install/flexiv_msgs/share/flexiv_msgs/hook/cmake_prefix_path.ps1'
[7.389s] INFO:colcon.colcon_core.shell:Creating environment descriptor '/home/robotflow/dual_flexiv/install/flexiv_msgs/share/flexiv_msgs/hook/cmake_prefix_path.dsv'
[7.389s] INFO:colcon.colcon_core.shell:Creating environment hook '/home/robotflow/dual_flexiv/install/flexiv_msgs/share/flexiv_msgs/hook/cmake_prefix_path.sh'
[7.389s] Level 1:colcon.colcon_core.environment:checking '/home/robotflow/dual_flexiv/install/flexiv_msgs/lib'
[7.389s] Level 1:colcon.colcon_core.shell:create_environment_hook('flexiv_msgs', 'ld_library_path_lib')
[7.391s] INFO:colcon.colcon_core.shell:Creating environment hook '/home/robotflow/dual_flexiv/install/flexiv_msgs/share/flexiv_msgs/hook/ld_library_path_lib.ps1'
[7.391s] INFO:colcon.colcon_core.shell:Creating environment descriptor '/home/robotflow/dual_flexiv/install/flexiv_msgs/share/flexiv_msgs/hook/ld_library_path_lib.dsv'
[7.391s] INFO:colcon.colcon_core.shell:Creating environment hook '/home/robotflow/dual_flexiv/install/flexiv_msgs/share/flexiv_msgs/hook/ld_library_path_lib.sh'
[7.391s] Level 1:colcon.colcon_core.environment:checking '/home/robotflow/dual_flexiv/install/flexiv_msgs/bin'
[7.391s] Level 1:colcon.colcon_core.environment:checking '/home/robotflow/dual_flexiv/install/flexiv_msgs/lib/pkgconfig/flexiv_msgs.pc'
[7.392s] Level 1:colcon.colcon_core.environment:checking '/home/robotflow/dual_flexiv/install/flexiv_msgs/lib/python3.8/site-packages'
[7.392s] Level 1:colcon.colcon_core.shell:create_environment_hook('flexiv_msgs', 'pythonpath')
[7.393s] INFO:colcon.colcon_core.shell:Creating environment hook '/home/robotflow/dual_flexiv/install/flexiv_msgs/share/flexiv_msgs/hook/pythonpath.ps1'
[7.393s] INFO:colcon.colcon_core.shell:Creating environment descriptor '/home/robotflow/dual_flexiv/install/flexiv_msgs/share/flexiv_msgs/hook/pythonpath.dsv'
[7.393s] INFO:colcon.colcon_core.shell:Creating environment hook '/home/robotflow/dual_flexiv/install/flexiv_msgs/share/flexiv_msgs/hook/pythonpath.sh'
[7.394s] Level 1:colcon.colcon_core.environment:checking '/home/robotflow/dual_flexiv/install/flexiv_msgs/bin'
[7.395s] INFO:colcon.colcon_core.shell:Creating package script '/home/robotflow/dual_flexiv/install/flexiv_msgs/share/flexiv_msgs/package.ps1'
[7.395s] INFO:colcon.colcon_core.shell:Creating package descriptor '/home/robotflow/dual_flexiv/install/flexiv_msgs/share/flexiv_msgs/package.dsv'
[7.396s] INFO:colcon.colcon_core.shell:Creating package script '/home/robotflow/dual_flexiv/install/flexiv_msgs/share/flexiv_msgs/package.sh'
[7.396s] INFO:colcon.colcon_core.shell:Creating package script '/home/robotflow/dual_flexiv/install/flexiv_msgs/share/flexiv_msgs/package.bash'
[7.396s] INFO:colcon.colcon_core.shell:Creating package script '/home/robotflow/dual_flexiv/install/flexiv_msgs/share/flexiv_msgs/package.zsh'
[7.397s] Level 1:colcon.colcon_core.environment:create_file_with_runtime_dependencies(/home/robotflow/dual_flexiv/install/flexiv_msgs/share/colcon-core/packages/flexiv_msgs)
[7.397s] INFO:colcon.colcon_ros.task.ament_cmake.build:Building ROS package in '/home/robotflow/dual_flexiv/src/flexiv_ros2/flexiv_controllers' with build type 'ament_cmake'
[7.397s] INFO:colcon.colcon_cmake.task.cmake.build:Building CMake package in '/home/robotflow/dual_flexiv/src/flexiv_ros2/flexiv_controllers'
[7.398s] INFO:colcon.colcon_core.shell:Skip shell extension 'powershell' for command environment: Not usable outside of PowerShell
[7.399s] DEBUG:colcon.colcon_core.shell:Skip shell extension 'dsv' for command environment
[7.408s] DEBUG:colcon.colcon_core.event_handler.log_command:Invoking command in '/home/robotflow/dual_flexiv/build/flexiv_controllers': AMENT_PREFIX_PATH=/home/robotflow/dual_flexiv/install/flexiv_msgs:${AMENT_PREFIX_PATH} CMAKE_PREFIX_PATH=/home/robotflow/dual_flexiv/install/flexiv_msgs:/opt/ros/foxy LD_LIBRARY_PATH=/home/robotflow/dual_flexiv/install/flexiv_msgs/lib:${LD_LIBRARY_PATH} PYTHONPATH=/home/robotflow/dual_flexiv/install/flexiv_msgs/lib/python3.8/site-packages:${PYTHONPATH} /usr/bin/cmake /home/robotflow/dual_flexiv/src/flexiv_ros2/flexiv_controllers -DAMENT_CMAKE_SYMLINK_INSTALL=1 -DCMAKE_INSTALL_PREFIX=/home/robotflow/dual_flexiv/install/flexiv_controllers
[9.393s] DEBUG:colcon.colcon_core.event_handler.log_command:Invoked command in '/home/robotflow/dual_flexiv/build/flexiv_controllers' returned '0': AMENT_PREFIX_PATH=/home/robotflow/dual_flexiv/install/flexiv_msgs:${AMENT_PREFIX_PATH} CMAKE_PREFIX_PATH=/home/robotflow/dual_flexiv/install/flexiv_msgs:/opt/ros/foxy LD_LIBRARY_PATH=/home/robotflow/dual_flexiv/install/flexiv_msgs/lib:${LD_LIBRARY_PATH} PYTHONPATH=/home/robotflow/dual_flexiv/install/flexiv_msgs/lib/python3.8/site-packages:${PYTHONPATH} /usr/bin/cmake /home/robotflow/dual_flexiv/src/flexiv_ros2/flexiv_controllers -DAMENT_CMAKE_SYMLINK_INSTALL=1 -DCMAKE_INSTALL_PREFIX=/home/robotflow/dual_flexiv/install/flexiv_controllers
[9.394s] DEBUG:colcon.colcon_core.event_handler.log_command:Invoking command in '/home/robotflow/dual_flexiv/build/flexiv_controllers': AMENT_PREFIX_PATH=/home/robotflow/dual_flexiv/install/flexiv_msgs:${AMENT_PREFIX_PATH} CMAKE_PREFIX_PATH=/home/robotflow/dual_flexiv/install/flexiv_msgs:/opt/ros/foxy LD_LIBRARY_PATH=/home/robotflow/dual_flexiv/install/flexiv_msgs/lib:${LD_LIBRARY_PATH} PYTHONPATH=/home/robotflow/dual_flexiv/install/flexiv_msgs/lib/python3.8/site-packages:${PYTHONPATH} /usr/bin/cmake --build /home/robotflow/dual_flexiv/build/flexiv_controllers -- -j8 -l8
[13.850s] DEBUG:colcon.colcon_core.event_handler.log_command:Invoked command in '/home/robotflow/dual_flexiv/build/flexiv_controllers' returned '0': AMENT_PREFIX_PATH=/home/robotflow/dual_flexiv/install/flexiv_msgs:${AMENT_PREFIX_PATH} CMAKE_PREFIX_PATH=/home/robotflow/dual_flexiv/install/flexiv_msgs:/opt/ros/foxy LD_LIBRARY_PATH=/home/robotflow/dual_flexiv/install/flexiv_msgs/lib:${LD_LIBRARY_PATH} PYTHONPATH=/home/robotflow/dual_flexiv/install/flexiv_msgs/lib/python3.8/site-packages:${PYTHONPATH} /usr/bin/cmake --build /home/robotflow/dual_flexiv/build/flexiv_controllers -- -j8 -l8
[13.867s] DEBUG:colcon.colcon_core.event_handler.log_command:Invoking command in '/home/robotflow/dual_flexiv/build/flexiv_controllers': AMENT_PREFIX_PATH=/home/robotflow/dual_flexiv/install/flexiv_msgs:${AMENT_PREFIX_PATH} CMAKE_PREFIX_PATH=/home/robotflow/dual_flexiv/install/flexiv_msgs:/opt/ros/foxy LD_LIBRARY_PATH=/home/robotflow/dual_flexiv/install/flexiv_msgs/lib:${LD_LIBRARY_PATH} PYTHONPATH=/home/robotflow/dual_flexiv/install/flexiv_msgs/lib/python3.8/site-packages:${PYTHONPATH} /usr/bin/cmake --install /home/robotflow/dual_flexiv/build/flexiv_controllers
[14.048s] Level 1:colcon.colcon_core.environment:create_environment_scripts_only(flexiv_controllers)
[14.050s] Level 1:colcon.colcon_core.environment:checking '/home/robotflow/dual_flexiv/install/flexiv_controllers' for CMake module files
[14.051s] DEBUG:colcon.colcon_core.event_handler.log_command:Invoked command in '/home/robotflow/dual_flexiv/build/flexiv_controllers' returned '0': AMENT_PREFIX_PATH=/home/robotflow/dual_flexiv/install/flexiv_msgs:${AMENT_PREFIX_PATH} CMAKE_PREFIX_PATH=/home/robotflow/dual_flexiv/install/flexiv_msgs:/opt/ros/foxy LD_LIBRARY_PATH=/home/robotflow/dual_flexiv/install/flexiv_msgs/lib:${LD_LIBRARY_PATH} PYTHONPATH=/home/robotflow/dual_flexiv/install/flexiv_msgs/lib/python3.8/site-packages:${PYTHONPATH} /usr/bin/cmake --install /home/robotflow/dual_flexiv/build/flexiv_controllers
[14.051s] Level 1:colcon.colcon_core.environment:checking '/home/robotflow/dual_flexiv/install/flexiv_controllers' for CMake config files
[14.051s] Level 1:colcon.colcon_core.shell:create_environment_hook('flexiv_controllers', 'cmake_prefix_path')
[14.053s] INFO:colcon.colcon_core.shell:Creating environment hook '/home/robotflow/dual_flexiv/install/flexiv_controllers/share/flexiv_controllers/hook/cmake_prefix_path.ps1'
[14.053s] INFO:colcon.colcon_core.shell:Creating environment descriptor '/home/robotflow/dual_flexiv/install/flexiv_controllers/share/flexiv_controllers/hook/cmake_prefix_path.dsv'
[14.053s] INFO:colcon.colcon_core.shell:Creating environment hook '/home/robotflow/dual_flexiv/install/flexiv_controllers/share/flexiv_controllers/hook/cmake_prefix_path.sh'
[14.054s] Level 1:colcon.colcon_core.environment:checking '/home/robotflow/dual_flexiv/install/flexiv_controllers/lib'
[14.054s] Level 1:colcon.colcon_core.shell:create_environment_hook('flexiv_controllers', 'ld_library_path_lib')
[14.055s] INFO:colcon.colcon_core.shell:Creating environment hook '/home/robotflow/dual_flexiv/install/flexiv_controllers/share/flexiv_controllers/hook/ld_library_path_lib.ps1'
[14.055s] INFO:colcon.colcon_core.shell:Creating environment descriptor '/home/robotflow/dual_flexiv/install/flexiv_controllers/share/flexiv_controllers/hook/ld_library_path_lib.dsv'
[14.055s] INFO:colcon.colcon_core.shell:Creating environment hook '/home/robotflow/dual_flexiv/install/flexiv_controllers/share/flexiv_controllers/hook/ld_library_path_lib.sh'
[14.056s] Level 1:colcon.colcon_core.environment:checking '/home/robotflow/dual_flexiv/install/flexiv_controllers/bin'
[14.056s] Level 1:colcon.colcon_core.environment:checking '/home/robotflow/dual_flexiv/install/flexiv_controllers/lib/pkgconfig/flexiv_controllers.pc'
[14.056s] Level 1:colcon.colcon_core.environment:checking '/home/robotflow/dual_flexiv/install/flexiv_controllers/lib/python3.8/site-packages'
[14.056s] Level 1:colcon.colcon_core.environment:checking '/home/robotflow/dual_flexiv/install/flexiv_controllers/bin'
[14.057s] INFO:colcon.colcon_core.shell:Creating package script '/home/robotflow/dual_flexiv/install/flexiv_controllers/share/flexiv_controllers/package.ps1'
[14.058s] INFO:colcon.colcon_core.shell:Creating package descriptor '/home/robotflow/dual_flexiv/install/flexiv_controllers/share/flexiv_controllers/package.dsv'
[14.058s] INFO:colcon.colcon_core.shell:Creating package script '/home/robotflow/dual_flexiv/install/flexiv_controllers/share/flexiv_controllers/package.sh'
[14.058s] INFO:colcon.colcon_core.shell:Creating package script '/home/robotflow/dual_flexiv/install/flexiv_controllers/share/flexiv_controllers/package.bash'
[14.058s] INFO:colcon.colcon_core.shell:Creating package script '/home/robotflow/dual_flexiv/install/flexiv_controllers/share/flexiv_controllers/package.zsh'
[14.059s] Level 1:colcon.colcon_core.environment:create_file_with_runtime_dependencies(/home/robotflow/dual_flexiv/install/flexiv_controllers/share/colcon-core/packages/flexiv_controllers)
[14.077s] Level 1:colcon.colcon_core.environment:create_environment_scripts_only(flexiv_controllers)
[14.079s] Level 1:colcon.colcon_core.environment:checking '/home/robotflow/dual_flexiv/install/flexiv_controllers' for CMake module files
[14.079s] Level 1:colcon.colcon_core.environment:checking '/home/robotflow/dual_flexiv/install/flexiv_controllers' for CMake config files
[14.080s] Level 1:colcon.colcon_core.shell:create_environment_hook('flexiv_controllers', 'cmake_prefix_path')
[14.081s] INFO:colcon.colcon_core.shell:Creating environment hook '/home/robotflow/dual_flexiv/install/flexiv_controllers/share/flexiv_controllers/hook/cmake_prefix_path.ps1'
[14.081s] INFO:colcon.colcon_core.shell:Creating environment descriptor '/home/robotflow/dual_flexiv/install/flexiv_controllers/share/flexiv_controllers/hook/cmake_prefix_path.dsv'
[14.081s] INFO:colcon.colcon_core.shell:Creating environment hook '/home/robotflow/dual_flexiv/install/flexiv_controllers/share/flexiv_controllers/hook/cmake_prefix_path.sh'
[14.082s] Level 1:colcon.colcon_core.environment:checking '/home/robotflow/dual_flexiv/install/flexiv_controllers/lib'
[14.082s] Level 1:colcon.colcon_core.shell:create_environment_hook('flexiv_controllers', 'ld_library_path_lib')
[14.084s] INFO:colcon.colcon_core.shell:Creating environment hook '/home/robotflow/dual_flexiv/install/flexiv_controllers/share/flexiv_controllers/hook/ld_library_path_lib.ps1'
[14.084s] INFO:colcon.colcon_core.shell:Creating environment descriptor '/home/robotflow/dual_flexiv/install/flexiv_controllers/share/flexiv_controllers/hook/ld_library_path_lib.dsv'
[14.084s] INFO:colcon.colcon_core.shell:Creating environment hook '/home/robotflow/dual_flexiv/install/flexiv_controllers/share/flexiv_controllers/hook/ld_library_path_lib.sh'
[14.085s] Level 1:colcon.colcon_core.environment:checking '/home/robotflow/dual_flexiv/install/flexiv_controllers/bin'
[14.085s] Level 1:colcon.colcon_core.environment:checking '/home/robotflow/dual_flexiv/install/flexiv_controllers/lib/pkgconfig/flexiv_controllers.pc'
[14.085s] Level 1:colcon.colcon_core.environment:checking '/home/robotflow/dual_flexiv/install/flexiv_controllers/lib/python3.8/site-packages'
[14.085s] Level 1:colcon.colcon_core.environment:checking '/home/robotflow/dual_flexiv/install/flexiv_controllers/bin'
[14.088s] INFO:colcon.colcon_core.shell:Creating package script '/home/robotflow/dual_flexiv/install/flexiv_controllers/share/flexiv_controllers/package.ps1'
[14.088s] INFO:colcon.colcon_core.shell:Creating package descriptor '/home/robotflow/dual_flexiv/install/flexiv_controllers/share/flexiv_controllers/package.dsv'
[14.089s] INFO:colcon.colcon_core.shell:Creating package script '/home/robotflow/dual_flexiv/install/flexiv_controllers/share/flexiv_controllers/package.sh'
[14.089s] INFO:colcon.colcon_core.shell:Creating package script '/home/robotflow/dual_flexiv/install/flexiv_controllers/share/flexiv_controllers/package.bash'
[14.090s] INFO:colcon.colcon_core.shell:Creating package script '/home/robotflow/dual_flexiv/install/flexiv_controllers/share/flexiv_controllers/package.zsh'
[14.090s] Level 1:colcon.colcon_core.environment:create_file_with_runtime_dependencies(/home/robotflow/dual_flexiv/install/flexiv_controllers/share/colcon-core/packages/flexiv_controllers)
[14.091s] DEBUG:colcon.colcon_parallel_executor.executor.parallel:closing loop
[14.091s] DEBUG:colcon.colcon_parallel_executor.executor.parallel:loop closed
[14.091s] DEBUG:colcon.colcon_parallel_executor.executor.parallel:run_until_complete finished with '0'
[14.091s] DEBUG:colcon.colcon_core.event_reactor:joining thread
[14.101s] INFO:colcon.colcon_core.plugin_system:Skipping extension 'colcon_notification.desktop_notification.terminal_notifier': Not used on non-Darwin systems
[14.101s] INFO:colcon.colcon_core.plugin_system:Skipping extension 'colcon_notification.desktop_notification.win32': Not used on non-Windows systems
[14.101s] INFO:colcon.colcon_notification.desktop_notification:Sending desktop notification using 'notify2'
[14.137s] DEBUG:colcon.colcon_core.event_reactor:joined thread
[14.138s] INFO:colcon.colcon_core.shell:Creating prefix script '/home/robotflow/dual_flexiv/install/local_setup.ps1'
[14.139s] INFO:colcon.colcon_core.shell:Creating prefix util module '/home/robotflow/dual_flexiv/install/_local_setup_util_ps1.py'
[14.140s] INFO:colcon.colcon_core.shell:Creating prefix chain script '/home/robotflow/dual_flexiv/install/setup.ps1'
[14.141s] INFO:colcon.colcon_core.shell:Creating prefix script '/home/robotflow/dual_flexiv/install/local_setup.sh'
[14.141s] INFO:colcon.colcon_core.shell:Creating prefix util module '/home/robotflow/dual_flexiv/install/_local_setup_util_sh.py'
[14.142s] INFO:colcon.colcon_core.shell:Creating prefix chain script '/home/robotflow/dual_flexiv/install/setup.sh'
[14.143s] INFO:colcon.colcon_core.shell:Creating prefix script '/home/robotflow/dual_flexiv/install/local_setup.bash'
[14.143s] INFO:colcon.colcon_core.shell:Creating prefix chain script '/home/robotflow/dual_flexiv/install/setup.bash'
[14.144s] INFO:colcon.colcon_core.shell:Creating prefix script '/home/robotflow/dual_flexiv/install/local_setup.zsh'
[14.144s] INFO:colcon.colcon_core.shell:Creating prefix chain script '/home/robotflow/dual_flexiv/install/setup.zsh'
