[0.127s] Invoking command in '/home/robotflow/dual_flexiv/build/flexiv_bringup': AMENT_PREFIX_PATH=/home/robotflow/dual_flexiv/install/flexiv_test_nodes:/home/robotflow/dual_flexiv/install/flexiv_bringup:/home/robotflow/dual_flexiv/install/flexiv_controllers:/home/robotflow/dual_flexiv/install/flexiv_msgs:/home/robotflow/dual_flexiv/install/flexiv_moveit_config:/home/robotflow/dual_flexiv/install/flexiv_hardware:/home/robotflow/dual_flexiv/install/flexiv_description:/opt/ros/foxy CMAKE_PREFIX_PATH=/home/robotflow/dual_flexiv/install/flexiv_hardware:/home/robotflow/dual_flexiv/install/flexiv_description:/home/robotflow/dual_flexiv/install/flexiv_bringup:/home/robotflow/dual_flexiv/install/flexiv_controllers:/home/robotflow/dual_flexiv/install/flexiv_msgs:/home/robotflow/dual_flexiv/install/flexiv_moveit_config:/home/robotflow/dual_flexiv/install/flexiv_test_nodes:/opt/ros/foxy LD_LIBRARY_PATH=/home/robotflow/dual_flexiv/install/flexiv_hardware/lib:/home/robotflow/dual_flexiv/install/flexiv_controllers/lib:/home/robotflow/dual_flexiv/install/flexiv_msgs/lib:/usr/lib/x86_64-linux-gnu/gazebo-11/plugins:/opt/ros/foxy/opt/yaml_cpp_vendor/lib:/opt/ros/foxy/opt/rviz_ogre_vendor/lib:/opt/ros/foxy/lib/x86_64-linux-gnu:/opt/ros/foxy/lib /usr/bin/cmake --build /home/robotflow/dual_flexiv/build/flexiv_bringup -- -j8 -l8
[0.227s] -- Found ament_cmake: 0.9.11 (/opt/ros/foxy/share/ament_cmake/cmake)
[0.338s] -- Using PYTHON_EXECUTABLE: /usr/bin/python3
[0.872s] -- Override CMake install command with custom implementation using symlinks instead of copying resources
[1.146s] -- Configuring done
[1.158s] -- Generating done
[1.171s] -- Build files have been written to: /home/robotflow/dual_flexiv/build/flexiv_bringup
[1.264s] Invoked command in '/home/robotflow/dual_flexiv/build/flexiv_bringup' returned '0': AMENT_PREFIX_PATH=/home/robotflow/dual_flexiv/install/flexiv_test_nodes:/home/robotflow/dual_flexiv/install/flexiv_bringup:/home/robotflow/dual_flexiv/install/flexiv_controllers:/home/robotflow/dual_flexiv/install/flexiv_msgs:/home/robotflow/dual_flexiv/install/flexiv_moveit_config:/home/robotflow/dual_flexiv/install/flexiv_hardware:/home/robotflow/dual_flexiv/install/flexiv_description:/opt/ros/foxy CMAKE_PREFIX_PATH=/home/robotflow/dual_flexiv/install/flexiv_hardware:/home/robotflow/dual_flexiv/install/flexiv_description:/home/robotflow/dual_flexiv/install/flexiv_bringup:/home/robotflow/dual_flexiv/install/flexiv_controllers:/home/robotflow/dual_flexiv/install/flexiv_msgs:/home/robotflow/dual_flexiv/install/flexiv_moveit_config:/home/robotflow/dual_flexiv/install/flexiv_test_nodes:/opt/ros/foxy LD_LIBRARY_PATH=/home/robotflow/dual_flexiv/install/flexiv_hardware/lib:/home/robotflow/dual_flexiv/install/flexiv_controllers/lib:/home/robotflow/dual_flexiv/install/flexiv_msgs/lib:/usr/lib/x86_64-linux-gnu/gazebo-11/plugins:/opt/ros/foxy/opt/yaml_cpp_vendor/lib:/opt/ros/foxy/opt/rviz_ogre_vendor/lib:/opt/ros/foxy/lib/x86_64-linux-gnu:/opt/ros/foxy/lib /usr/bin/cmake --build /home/robotflow/dual_flexiv/build/flexiv_bringup -- -j8 -l8
[1.464s] Invoking command in '/home/robotflow/dual_flexiv/build/flexiv_bringup': AMENT_PREFIX_PATH=/home/robotflow/dual_flexiv/install/flexiv_test_nodes:/home/robotflow/dual_flexiv/install/flexiv_bringup:/home/robotflow/dual_flexiv/install/flexiv_controllers:/home/robotflow/dual_flexiv/install/flexiv_msgs:/home/robotflow/dual_flexiv/install/flexiv_moveit_config:/home/robotflow/dual_flexiv/install/flexiv_hardware:/home/robotflow/dual_flexiv/install/flexiv_description:/opt/ros/foxy CMAKE_PREFIX_PATH=/home/robotflow/dual_flexiv/install/flexiv_hardware:/home/robotflow/dual_flexiv/install/flexiv_description:/home/robotflow/dual_flexiv/install/flexiv_bringup:/home/robotflow/dual_flexiv/install/flexiv_controllers:/home/robotflow/dual_flexiv/install/flexiv_msgs:/home/robotflow/dual_flexiv/install/flexiv_moveit_config:/home/robotflow/dual_flexiv/install/flexiv_test_nodes:/opt/ros/foxy LD_LIBRARY_PATH=/home/robotflow/dual_flexiv/install/flexiv_hardware/lib:/home/robotflow/dual_flexiv/install/flexiv_controllers/lib:/home/robotflow/dual_flexiv/install/flexiv_msgs/lib:/usr/lib/x86_64-linux-gnu/gazebo-11/plugins:/opt/ros/foxy/opt/yaml_cpp_vendor/lib:/opt/ros/foxy/opt/rviz_ogre_vendor/lib:/opt/ros/foxy/lib/x86_64-linux-gnu:/opt/ros/foxy/lib /usr/bin/cmake --install /home/robotflow/dual_flexiv/build/flexiv_bringup
[1.486s] -- Install configuration: ""
[1.487s] -- Execute custom install script
[1.489s] -- Up-to-date symlink: /home/robotflow/dual_flexiv/install/flexiv_bringup/share/flexiv_bringup/config/joint_trajectory_position_publisher.yaml
[1.490s] -- Up-to-date symlink: /home/robotflow/dual_flexiv/install/flexiv_bringup/share/flexiv_bringup/config/rizon_controllers.yaml
[1.490s] -- Up-to-date symlink: /home/robotflow/dual_flexiv/install/flexiv_bringup/share/flexiv_bringup/config/sine_sweep_impedance_config.yaml
[1.491s] -- Up-to-date symlink: /home/robotflow/dual_flexiv/install/flexiv_bringup/share/flexiv_bringup/config/sine_sweep_position_config.yaml
[1.492s] -- Up-to-date symlink: /home/robotflow/dual_flexiv/install/flexiv_bringup/share/flexiv_bringup/launch/rizon.launch.py
[1.493s] -- Up-to-date symlink: /home/robotflow/dual_flexiv/install/flexiv_bringup/share/flexiv_bringup/launch/rizon_moveit.launch.py
[1.493s] -- Up-to-date symlink: /home/robotflow/dual_flexiv/install/flexiv_bringup/share/flexiv_bringup/launch/sine_sweep_impedance.launch.py
[1.494s] -- Up-to-date symlink: /home/robotflow/dual_flexiv/install/flexiv_bringup/share/flexiv_bringup/launch/sine_sweep_position.launch.py
[1.495s] -- Up-to-date symlink: /home/robotflow/dual_flexiv/install/flexiv_bringup/share/flexiv_bringup/launch/test_joint_trajectory_controller.launch.py
[1.495s] -- Up-to-date symlink: /home/robotflow/dual_flexiv/install/flexiv_bringup/share/ament_index/resource_index/package_run_dependencies/flexiv_bringup
[1.496s] -- Up-to-date symlink: /home/robotflow/dual_flexiv/install/flexiv_bringup/share/ament_index/resource_index/parent_prefix_path/flexiv_bringup
[1.497s] -- Up-to-date symlink: /home/robotflow/dual_flexiv/install/flexiv_bringup/share/flexiv_bringup/environment/ament_prefix_path.sh
[1.498s] -- Up-to-date symlink: /home/robotflow/dual_flexiv/install/flexiv_bringup/share/flexiv_bringup/environment/ament_prefix_path.dsv
[1.499s] -- Up-to-date symlink: /home/robotflow/dual_flexiv/install/flexiv_bringup/share/flexiv_bringup/environment/path.sh
[1.500s] -- Up-to-date symlink: /home/robotflow/dual_flexiv/install/flexiv_bringup/share/flexiv_bringup/environment/path.dsv
[1.501s] -- Up-to-date symlink: /home/robotflow/dual_flexiv/install/flexiv_bringup/share/flexiv_bringup/local_setup.bash
[1.502s] -- Up-to-date symlink: /home/robotflow/dual_flexiv/install/flexiv_bringup/share/flexiv_bringup/local_setup.sh
[1.503s] -- Up-to-date symlink: /home/robotflow/dual_flexiv/install/flexiv_bringup/share/flexiv_bringup/local_setup.zsh
[1.504s] -- Up-to-date symlink: /home/robotflow/dual_flexiv/install/flexiv_bringup/share/flexiv_bringup/local_setup.dsv
[1.505s] -- Symlinking: /home/robotflow/dual_flexiv/install/flexiv_bringup/share/flexiv_bringup/package.dsv
[1.535s] -- Up-to-date symlink: /home/robotflow/dual_flexiv/install/flexiv_bringup/share/ament_index/resource_index/packages/flexiv_bringup
[1.536s] -- Up-to-date symlink: /home/robotflow/dual_flexiv/install/flexiv_bringup/share/flexiv_bringup/cmake/flexiv_bringupConfig.cmake
[1.536s] -- Up-to-date symlink: /home/robotflow/dual_flexiv/install/flexiv_bringup/share/flexiv_bringup/cmake/flexiv_bringupConfig-version.cmake
[1.536s] -- Up-to-date symlink: /home/robotflow/dual_flexiv/install/flexiv_bringup/share/flexiv_bringup/package.xml
[1.550s] Invoked command in '/home/robotflow/dual_flexiv/build/flexiv_bringup' returned '0': AMENT_PREFIX_PATH=/home/robotflow/dual_flexiv/install/flexiv_test_nodes:/home/robotflow/dual_flexiv/install/flexiv_bringup:/home/robotflow/dual_flexiv/install/flexiv_controllers:/home/robotflow/dual_flexiv/install/flexiv_msgs:/home/robotflow/dual_flexiv/install/flexiv_moveit_config:/home/robotflow/dual_flexiv/install/flexiv_hardware:/home/robotflow/dual_flexiv/install/flexiv_description:/opt/ros/foxy CMAKE_PREFIX_PATH=/home/robotflow/dual_flexiv/install/flexiv_hardware:/home/robotflow/dual_flexiv/install/flexiv_description:/home/robotflow/dual_flexiv/install/flexiv_bringup:/home/robotflow/dual_flexiv/install/flexiv_controllers:/home/robotflow/dual_flexiv/install/flexiv_msgs:/home/robotflow/dual_flexiv/install/flexiv_moveit_config:/home/robotflow/dual_flexiv/install/flexiv_test_nodes:/opt/ros/foxy LD_LIBRARY_PATH=/home/robotflow/dual_flexiv/install/flexiv_hardware/lib:/home/robotflow/dual_flexiv/install/flexiv_controllers/lib:/home/robotflow/dual_flexiv/install/flexiv_msgs/lib:/usr/lib/x86_64-linux-gnu/gazebo-11/plugins:/opt/ros/foxy/opt/yaml_cpp_vendor/lib:/opt/ros/foxy/opt/rviz_ogre_vendor/lib:/opt/ros/foxy/lib/x86_64-linux-gnu:/opt/ros/foxy/lib /usr/bin/cmake --install /home/robotflow/dual_flexiv/build/flexiv_bringup
