-- The C compiler identification is GNU 9.4.0
-- The CXX compiler identification is GNU 9.4.0
-- Check for working C compiler: /usr/bin/cc
-- Check for working C compiler: /usr/bin/cc -- works
-- Detecting C compiler ABI info
-- Detecting C compiler ABI info - done
-- Detecting C compile features
-- Detecting C compile features - done
-- Check for working CXX compiler: /usr/bin/c++
-- Check for working CXX compiler: /usr/bin/c++ -- works
-- Detecting CXX compiler ABI info
-- Detecting CXX compiler ABI info - done
-- Detecting CXX compile features
-- Detecting CXX compile features - done
-- Found ament_cmake: 0.9.11 (/opt/ros/foxy/share/ament_cmake/cmake)
-- Found PythonInterp: /usr/bin/python3 (found suitable version "3.8.10", minimum required is "3") 
-- Using PYTHON_EXECUTABLE: /usr/bin/python3
-- Override CMake install command with custom implementation using symlinks instead of copying resources
-- Configuring done
-- Generating done
-- Build files have been written to: /home/robotflow/dual_flexiv/build/flexiv_bringup
-- Install configuration: ""
-- Execute custom install script
-- Symlinking: /home/robotflow/dual_flexiv/install/flexiv_bringup/share/flexiv_bringup/config/joint_trajectory_position_publisher.yaml
-- Symlinking: /home/robotflow/dual_flexiv/install/flexiv_bringup/share/flexiv_bringup/config/rizon_controllers.yaml
-- Symlinking: /home/robotflow/dual_flexiv/install/flexiv_bringup/share/flexiv_bringup/config/sine_sweep_impedance_config.yaml
-- Symlinking: /home/robotflow/dual_flexiv/install/flexiv_bringup/share/flexiv_bringup/config/sine_sweep_position_config.yaml
-- Symlinking: /home/robotflow/dual_flexiv/install/flexiv_bringup/share/flexiv_bringup/launch/rizon.launch.py
-- Symlinking: /home/robotflow/dual_flexiv/install/flexiv_bringup/share/flexiv_bringup/launch/rizon_moveit.launch.py
-- Symlinking: /home/robotflow/dual_flexiv/install/flexiv_bringup/share/flexiv_bringup/launch/sine_sweep_impedance.launch.py
-- Symlinking: /home/robotflow/dual_flexiv/install/flexiv_bringup/share/flexiv_bringup/launch/sine_sweep_position.launch.py
-- Symlinking: /home/robotflow/dual_flexiv/install/flexiv_bringup/share/flexiv_bringup/launch/test_joint_trajectory_controller.launch.py
-- Symlinking: /home/robotflow/dual_flexiv/install/flexiv_bringup/share/ament_index/resource_index/package_run_dependencies/flexiv_bringup
-- Symlinking: /home/robotflow/dual_flexiv/install/flexiv_bringup/share/ament_index/resource_index/parent_prefix_path/flexiv_bringup
-- Symlinking: /home/robotflow/dual_flexiv/install/flexiv_bringup/share/flexiv_bringup/environment/ament_prefix_path.sh
-- Symlinking: /home/robotflow/dual_flexiv/install/flexiv_bringup/share/flexiv_bringup/environment/ament_prefix_path.dsv
-- Symlinking: /home/robotflow/dual_flexiv/install/flexiv_bringup/share/flexiv_bringup/environment/path.sh
-- Symlinking: /home/robotflow/dual_flexiv/install/flexiv_bringup/share/flexiv_bringup/environment/path.dsv
-- Symlinking: /home/robotflow/dual_flexiv/install/flexiv_bringup/share/flexiv_bringup/local_setup.bash
-- Symlinking: /home/robotflow/dual_flexiv/install/flexiv_bringup/share/flexiv_bringup/local_setup.sh
-- Symlinking: /home/robotflow/dual_flexiv/install/flexiv_bringup/share/flexiv_bringup/local_setup.zsh
-- Symlinking: /home/robotflow/dual_flexiv/install/flexiv_bringup/share/flexiv_bringup/local_setup.dsv
-- Symlinking: /home/robotflow/dual_flexiv/install/flexiv_bringup/share/flexiv_bringup/package.dsv
-- Symlinking: /home/robotflow/dual_flexiv/install/flexiv_bringup/share/ament_index/resource_index/packages/flexiv_bringup
-- Symlinking: /home/robotflow/dual_flexiv/install/flexiv_bringup/share/flexiv_bringup/cmake/flexiv_bringupConfig.cmake
-- Symlinking: /home/robotflow/dual_flexiv/install/flexiv_bringup/share/flexiv_bringup/cmake/flexiv_bringupConfig-version.cmake
-- Symlinking: /home/robotflow/dual_flexiv/install/flexiv_bringup/share/flexiv_bringup/package.xml
