[0.009s] Invoking command in '/home/robotflow/dual_flexiv/build/flexiv_bringup': AMENT_PREFIX_PATH=/home/robotflow/dual_flexiv/install/flexiv_test_nodes:/home/robotflow/dual_flexiv/install/flexiv_hardware:/home/robotflow/dual_flexiv/install/flexiv_description:${AMENT_PREFIX_PATH} CMAKE_PREFIX_PATH=/home/robotflow/dual_flexiv/install/flexiv_hardware:/home/robotflow/dual_flexiv/install/flexiv_description:/opt/ros/foxy LD_LIBRARY_PATH=/home/robotflow/dual_flexiv/install/flexiv_hardware/lib:${LD_LIBRARY_PATH} PYTHONPATH=/home/robotflow/dual_flexiv/build/flexiv_test_nodes:/home/robotflow/dual_flexiv/install/flexiv_test_nodes/lib/python3.8/site-packages:${PYTHONPATH} /usr/bin/cmake /home/robotflow/dual_flexiv/src/flexiv_ros2/flexiv_bringup -DAMENT_CMAKE_SYMLINK_INSTALL=1 -DCMAKE_INSTALL_PREFIX=/home/robotflow/dual_flexiv/install/flexiv_bringup
[0.052s] -- The C compiler identification is GNU 9.4.0
[0.095s] -- The CXX compiler identification is GNU 9.4.0
[0.099s] -- Check for working C compiler: /usr/bin/cc
[0.152s] -- Check for working C compiler: /usr/bin/cc -- works
[0.153s] -- Detecting C compiler ABI info
[0.204s] -- Detecting C compiler ABI info - done
[0.213s] -- Detecting C compile features
[0.213s] -- Detecting C compile features - done
[0.215s] -- Check for working CXX compiler: /usr/bin/c++
[0.277s] -- Check for working CXX compiler: /usr/bin/c++ -- works
[0.277s] -- Detecting CXX compiler ABI info
[0.355s] -- Detecting CXX compiler ABI info - done
[0.365s] -- Detecting CXX compile features
[0.365s] -- Detecting CXX compile features - done
[0.367s] -- Found ament_cmake: 0.9.11 (/opt/ros/foxy/share/ament_cmake/cmake)
[0.391s] -- Found PythonInterp: /usr/bin/python3 (found suitable version "3.8.10", minimum required is "3") 
[0.391s] -- Using PYTHON_EXECUTABLE: /usr/bin/python3
[0.543s] -- Override CMake install command with custom implementation using symlinks instead of copying resources
[0.612s] -- Configuring done
[0.613s] -- Generating done
[0.619s] -- Build files have been written to: /home/robotflow/dual_flexiv/build/flexiv_bringup
[0.622s] Invoked command in '/home/robotflow/dual_flexiv/build/flexiv_bringup' returned '0': AMENT_PREFIX_PATH=/home/robotflow/dual_flexiv/install/flexiv_test_nodes:/home/robotflow/dual_flexiv/install/flexiv_hardware:/home/robotflow/dual_flexiv/install/flexiv_description:${AMENT_PREFIX_PATH} CMAKE_PREFIX_PATH=/home/robotflow/dual_flexiv/install/flexiv_hardware:/home/robotflow/dual_flexiv/install/flexiv_description:/opt/ros/foxy LD_LIBRARY_PATH=/home/robotflow/dual_flexiv/install/flexiv_hardware/lib:${LD_LIBRARY_PATH} PYTHONPATH=/home/robotflow/dual_flexiv/build/flexiv_test_nodes:/home/robotflow/dual_flexiv/install/flexiv_test_nodes/lib/python3.8/site-packages:${PYTHONPATH} /usr/bin/cmake /home/robotflow/dual_flexiv/src/flexiv_ros2/flexiv_bringup -DAMENT_CMAKE_SYMLINK_INSTALL=1 -DCMAKE_INSTALL_PREFIX=/home/robotflow/dual_flexiv/install/flexiv_bringup
[0.624s] Invoking command in '/home/robotflow/dual_flexiv/build/flexiv_bringup': AMENT_PREFIX_PATH=/home/robotflow/dual_flexiv/install/flexiv_test_nodes:/home/robotflow/dual_flexiv/install/flexiv_hardware:/home/robotflow/dual_flexiv/install/flexiv_description:${AMENT_PREFIX_PATH} CMAKE_PREFIX_PATH=/home/robotflow/dual_flexiv/install/flexiv_hardware:/home/robotflow/dual_flexiv/install/flexiv_description:/opt/ros/foxy LD_LIBRARY_PATH=/home/robotflow/dual_flexiv/install/flexiv_hardware/lib:${LD_LIBRARY_PATH} PYTHONPATH=/home/robotflow/dual_flexiv/build/flexiv_test_nodes:/home/robotflow/dual_flexiv/install/flexiv_test_nodes/lib/python3.8/site-packages:${PYTHONPATH} /usr/bin/cmake --build /home/robotflow/dual_flexiv/build/flexiv_bringup -- -j8 -l8
[0.654s] Invoked command in '/home/robotflow/dual_flexiv/build/flexiv_bringup' returned '0': AMENT_PREFIX_PATH=/home/robotflow/dual_flexiv/install/flexiv_test_nodes:/home/robotflow/dual_flexiv/install/flexiv_hardware:/home/robotflow/dual_flexiv/install/flexiv_description:${AMENT_PREFIX_PATH} CMAKE_PREFIX_PATH=/home/robotflow/dual_flexiv/install/flexiv_hardware:/home/robotflow/dual_flexiv/install/flexiv_description:/opt/ros/foxy LD_LIBRARY_PATH=/home/robotflow/dual_flexiv/install/flexiv_hardware/lib:${LD_LIBRARY_PATH} PYTHONPATH=/home/robotflow/dual_flexiv/build/flexiv_test_nodes:/home/robotflow/dual_flexiv/install/flexiv_test_nodes/lib/python3.8/site-packages:${PYTHONPATH} /usr/bin/cmake --build /home/robotflow/dual_flexiv/build/flexiv_bringup -- -j8 -l8
[0.671s] Invoking command in '/home/robotflow/dual_flexiv/build/flexiv_bringup': AMENT_PREFIX_PATH=/home/robotflow/dual_flexiv/install/flexiv_test_nodes:/home/robotflow/dual_flexiv/install/flexiv_hardware:/home/robotflow/dual_flexiv/install/flexiv_description:${AMENT_PREFIX_PATH} CMAKE_PREFIX_PATH=/home/robotflow/dual_flexiv/install/flexiv_hardware:/home/robotflow/dual_flexiv/install/flexiv_description:/opt/ros/foxy LD_LIBRARY_PATH=/home/robotflow/dual_flexiv/install/flexiv_hardware/lib:${LD_LIBRARY_PATH} PYTHONPATH=/home/robotflow/dual_flexiv/build/flexiv_test_nodes:/home/robotflow/dual_flexiv/install/flexiv_test_nodes/lib/python3.8/site-packages:${PYTHONPATH} /usr/bin/cmake --install /home/robotflow/dual_flexiv/build/flexiv_bringup
[0.678s] -- Install configuration: ""
[0.678s] -- Execute custom install script
[0.679s] -- Symlinking: /home/robotflow/dual_flexiv/install/flexiv_bringup/share/flexiv_bringup/config/joint_trajectory_position_publisher.yaml
[0.686s] -- Symlinking: /home/robotflow/dual_flexiv/install/flexiv_bringup/share/flexiv_bringup/config/rizon_controllers.yaml
[0.693s] -- Symlinking: /home/robotflow/dual_flexiv/install/flexiv_bringup/share/flexiv_bringup/config/sine_sweep_impedance_config.yaml
[0.701s] -- Symlinking: /home/robotflow/dual_flexiv/install/flexiv_bringup/share/flexiv_bringup/config/sine_sweep_position_config.yaml
[0.709s] -- Symlinking: /home/robotflow/dual_flexiv/install/flexiv_bringup/share/flexiv_bringup/launch/rizon.launch.py
[0.717s] -- Symlinking: /home/robotflow/dual_flexiv/install/flexiv_bringup/share/flexiv_bringup/launch/rizon_moveit.launch.py
[0.724s] -- Symlinking: /home/robotflow/dual_flexiv/install/flexiv_bringup/share/flexiv_bringup/launch/sine_sweep_impedance.launch.py
[0.731s] -- Symlinking: /home/robotflow/dual_flexiv/install/flexiv_bringup/share/flexiv_bringup/launch/sine_sweep_position.launch.py
[0.739s] -- Symlinking: /home/robotflow/dual_flexiv/install/flexiv_bringup/share/flexiv_bringup/launch/test_joint_trajectory_controller.launch.py
[0.747s] -- Symlinking: /home/robotflow/dual_flexiv/install/flexiv_bringup/share/ament_index/resource_index/package_run_dependencies/flexiv_bringup
[0.754s] -- Symlinking: /home/robotflow/dual_flexiv/install/flexiv_bringup/share/ament_index/resource_index/parent_prefix_path/flexiv_bringup
[0.762s] -- Symlinking: /home/robotflow/dual_flexiv/install/flexiv_bringup/share/flexiv_bringup/environment/ament_prefix_path.sh
[0.769s] -- Symlinking: /home/robotflow/dual_flexiv/install/flexiv_bringup/share/flexiv_bringup/environment/ament_prefix_path.dsv
[0.778s] -- Symlinking: /home/robotflow/dual_flexiv/install/flexiv_bringup/share/flexiv_bringup/environment/path.sh
[0.785s] -- Symlinking: /home/robotflow/dual_flexiv/install/flexiv_bringup/share/flexiv_bringup/environment/path.dsv
[0.792s] -- Symlinking: /home/robotflow/dual_flexiv/install/flexiv_bringup/share/flexiv_bringup/local_setup.bash
[0.799s] -- Symlinking: /home/robotflow/dual_flexiv/install/flexiv_bringup/share/flexiv_bringup/local_setup.sh
[0.807s] -- Symlinking: /home/robotflow/dual_flexiv/install/flexiv_bringup/share/flexiv_bringup/local_setup.zsh
[0.814s] -- Symlinking: /home/robotflow/dual_flexiv/install/flexiv_bringup/share/flexiv_bringup/local_setup.dsv
[0.821s] -- Symlinking: /home/robotflow/dual_flexiv/install/flexiv_bringup/share/flexiv_bringup/package.dsv
[0.828s] -- Symlinking: /home/robotflow/dual_flexiv/install/flexiv_bringup/share/ament_index/resource_index/packages/flexiv_bringup
[0.836s] -- Symlinking: /home/robotflow/dual_flexiv/install/flexiv_bringup/share/flexiv_bringup/cmake/flexiv_bringupConfig.cmake
[0.843s] -- Symlinking: /home/robotflow/dual_flexiv/install/flexiv_bringup/share/flexiv_bringup/cmake/flexiv_bringupConfig-version.cmake
[0.850s] -- Symlinking: /home/robotflow/dual_flexiv/install/flexiv_bringup/share/flexiv_bringup/package.xml
[0.860s] Invoked command in '/home/robotflow/dual_flexiv/build/flexiv_bringup' returned '0': AMENT_PREFIX_PATH=/home/robotflow/dual_flexiv/install/flexiv_test_nodes:/home/robotflow/dual_flexiv/install/flexiv_hardware:/home/robotflow/dual_flexiv/install/flexiv_description:${AMENT_PREFIX_PATH} CMAKE_PREFIX_PATH=/home/robotflow/dual_flexiv/install/flexiv_hardware:/home/robotflow/dual_flexiv/install/flexiv_description:/opt/ros/foxy LD_LIBRARY_PATH=/home/robotflow/dual_flexiv/install/flexiv_hardware/lib:${LD_LIBRARY_PATH} PYTHONPATH=/home/robotflow/dual_flexiv/build/flexiv_test_nodes:/home/robotflow/dual_flexiv/install/flexiv_test_nodes/lib/python3.8/site-packages:${PYTHONPATH} /usr/bin/cmake --install /home/robotflow/dual_flexiv/build/flexiv_bringup
