[0.032s] Invoking command in '/home/robotflow/dual_flexiv/build/flexiv_description': CMAKE_PREFIX_PATH=/opt/ros/foxy /usr/bin/cmake /home/robotflow/dual_flexiv/src/flexiv_ros2/flexiv_description -DAMENT_CMAKE_SYMLINK_INSTALL=1 -DCMAKE_INSTALL_PREFIX=/home/robotflow/dual_flexiv/install/flexiv_description
[0.281s] -- The C compiler identification is GNU 9.4.0
[0.282s] -- The CXX compiler identification is GNU 9.4.0
[0.282s] -- Check for working C compiler: /usr/bin/cc
[0.282s] -- Check for working C compiler: /usr/bin/cc -- works
[0.282s] -- Detecting C compiler ABI info
[0.333s] -- Detecting C compiler ABI info - done
[0.350s] -- Detecting C compile features
[0.350s] -- Detecting C compile features - done
[0.361s] -- Check for working CXX compiler: /usr/bin/c++
[0.435s] -- Check for working CXX compiler: /usr/bin/c++ -- works
[0.436s] -- Detecting CXX compiler ABI info
[0.507s] -- Detecting CXX compiler ABI info - done
[0.525s] -- Detecting CXX compile features
[0.525s] -- Detecting CXX compile features - done
[0.527s] -- Found ament_cmake: 0.9.11 (/opt/ros/foxy/share/ament_cmake/cmake)
[0.548s] -- Found PythonInterp: /usr/bin/python3 (found suitable version "3.8.10", minimum required is "3") 
[0.548s] -- Using PYTHON_EXECUTABLE: /usr/bin/python3
[0.723s] -- Override CMake install command with custom implementation using symlinks instead of copying resources
[0.793s] -- Configuring done
[0.795s] -- Generating done
[0.795s] -- Build files have been written to: /home/robotflow/dual_flexiv/build/flexiv_description
