-- Install configuration: ""
-- Execute custom install script
-- Up-to-date symlink: /home/robotflow/dual_flexiv/install/flexiv_bringup/share/flexiv_bringup/config/joint_trajectory_position_publisher.yaml
-- Up-to-date symlink: /home/robotflow/dual_flexiv/install/flexiv_bringup/share/flexiv_bringup/config/rizon_controllers.yaml
-- Up-to-date symlink: /home/robotflow/dual_flexiv/install/flexiv_bringup/share/flexiv_bringup/config/sine_sweep_impedance_config.yaml
-- Up-to-date symlink: /home/robotflow/dual_flexiv/install/flexiv_bringup/share/flexiv_bringup/config/sine_sweep_position_config.yaml
-- Up-to-date symlink: /home/robotflow/dual_flexiv/install/flexiv_bringup/share/flexiv_bringup/launch/rizon.launch.py
-- Up-to-date symlink: /home/robotflow/dual_flexiv/install/flexiv_bringup/share/flexiv_bringup/launch/rizon_moveit.launch.py
-- Up-to-date symlink: /home/robotflow/dual_flexiv/install/flexiv_bringup/share/flexiv_bringup/launch/sine_sweep_impedance.launch.py
-- Up-to-date symlink: /home/robotflow/dual_flexiv/install/flexiv_bringup/share/flexiv_bringup/launch/sine_sweep_position.launch.py
-- Up-to-date symlink: /home/robotflow/dual_flexiv/install/flexiv_bringup/share/flexiv_bringup/launch/test_joint_trajectory_controller.launch.py
-- Up-to-date symlink: /home/robotflow/dual_flexiv/install/flexiv_bringup/share/ament_index/resource_index/package_run_dependencies/flexiv_bringup
-- Up-to-date symlink: /home/robotflow/dual_flexiv/install/flexiv_bringup/share/ament_index/resource_index/parent_prefix_path/flexiv_bringup
-- Up-to-date symlink: /home/robotflow/dual_flexiv/install/flexiv_bringup/share/flexiv_bringup/environment/ament_prefix_path.sh
-- Up-to-date symlink: /home/robotflow/dual_flexiv/install/flexiv_bringup/share/flexiv_bringup/environment/ament_prefix_path.dsv
-- Up-to-date symlink: /home/robotflow/dual_flexiv/install/flexiv_bringup/share/flexiv_bringup/environment/path.sh
-- Up-to-date symlink: /home/robotflow/dual_flexiv/install/flexiv_bringup/share/flexiv_bringup/environment/path.dsv
-- Up-to-date symlink: /home/robotflow/dual_flexiv/install/flexiv_bringup/share/flexiv_bringup/local_setup.bash
-- Up-to-date symlink: /home/robotflow/dual_flexiv/install/flexiv_bringup/share/flexiv_bringup/local_setup.sh
-- Up-to-date symlink: /home/robotflow/dual_flexiv/install/flexiv_bringup/share/flexiv_bringup/local_setup.zsh
-- Up-to-date symlink: /home/robotflow/dual_flexiv/install/flexiv_bringup/share/flexiv_bringup/local_setup.dsv
-- Symlinking: /home/robotflow/dual_flexiv/install/flexiv_bringup/share/flexiv_bringup/package.dsv
-- Up-to-date symlink: /home/robotflow/dual_flexiv/install/flexiv_bringup/share/ament_index/resource_index/packages/flexiv_bringup
-- Up-to-date symlink: /home/robotflow/dual_flexiv/install/flexiv_bringup/share/flexiv_bringup/cmake/flexiv_bringupConfig.cmake
-- Up-to-date symlink: /home/robotflow/dual_flexiv/install/flexiv_bringup/share/flexiv_bringup/cmake/flexiv_bringupConfig-version.cmake
-- Up-to-date symlink: /home/robotflow/dual_flexiv/install/flexiv_bringup/share/flexiv_bringup/package.xml
