[0.009s] Invoking command in '/home/robotflow/dual_flexiv/build/flexiv_bringup': AMENT_PREFIX_PATH=/home/robotflow/dual_flexiv/install/flexiv_test_nodes:/home/robotflow/dual_flexiv/install/flexiv_hardware:/home/robotflow/dual_flexiv/install/flexiv_description:${AMENT_PREFIX_PATH} CMAKE_PREFIX_PATH=/home/robotflow/dual_flexiv/install/flexiv_hardware:/home/robotflow/dual_flexiv/install/flexiv_description:/opt/ros/foxy LD_LIBRARY_PATH=/home/robotflow/dual_flexiv/install/flexiv_hardware/lib:${LD_LIBRARY_PATH} PYTHONPATH=/home/robotflow/dual_flexiv/build/flexiv_test_nodes:/home/robotflow/dual_flexiv/install/flexiv_test_nodes/lib/python3.8/site-packages:${PYTHONPATH} /usr/bin/cmake --build /home/robotflow/dual_flexiv/build/flexiv_bringup -- -j8 -l8
[0.039s] Invoked command in '/home/robotflow/dual_flexiv/build/flexiv_bringup' returned '0': AMENT_PREFIX_PATH=/home/robotflow/dual_flexiv/install/flexiv_test_nodes:/home/robotflow/dual_flexiv/install/flexiv_hardware:/home/robotflow/dual_flexiv/install/flexiv_description:${AMENT_PREFIX_PATH} CMAKE_PREFIX_PATH=/home/robotflow/dual_flexiv/install/flexiv_hardware:/home/robotflow/dual_flexiv/install/flexiv_description:/opt/ros/foxy LD_LIBRARY_PATH=/home/robotflow/dual_flexiv/install/flexiv_hardware/lib:${LD_LIBRARY_PATH} PYTHONPATH=/home/robotflow/dual_flexiv/build/flexiv_test_nodes:/home/robotflow/dual_flexiv/install/flexiv_test_nodes/lib/python3.8/site-packages:${PYTHONPATH} /usr/bin/cmake --build /home/robotflow/dual_flexiv/build/flexiv_bringup -- -j8 -l8
[0.056s] Invoking command in '/home/robotflow/dual_flexiv/build/flexiv_bringup': AMENT_PREFIX_PATH=/home/robotflow/dual_flexiv/install/flexiv_test_nodes:/home/robotflow/dual_flexiv/install/flexiv_hardware:/home/robotflow/dual_flexiv/install/flexiv_description:${AMENT_PREFIX_PATH} CMAKE_PREFIX_PATH=/home/robotflow/dual_flexiv/install/flexiv_hardware:/home/robotflow/dual_flexiv/install/flexiv_description:/opt/ros/foxy LD_LIBRARY_PATH=/home/robotflow/dual_flexiv/install/flexiv_hardware/lib:${LD_LIBRARY_PATH} PYTHONPATH=/home/robotflow/dual_flexiv/build/flexiv_test_nodes:/home/robotflow/dual_flexiv/install/flexiv_test_nodes/lib/python3.8/site-packages:${PYTHONPATH} /usr/bin/cmake --install /home/robotflow/dual_flexiv/build/flexiv_bringup
[0.063s] -- Install configuration: ""
[0.064s] -- Execute custom install script
[0.064s] -- Up-to-date symlink: /home/robotflow/dual_flexiv/install/flexiv_bringup/share/flexiv_bringup/config/joint_trajectory_position_publisher.yaml
[0.064s] -- Up-to-date symlink: /home/robotflow/dual_flexiv/install/flexiv_bringup/share/flexiv_bringup/config/rizon_controllers.yaml
[0.064s] -- Up-to-date symlink: /home/robotflow/dual_flexiv/install/flexiv_bringup/share/flexiv_bringup/config/sine_sweep_impedance_config.yaml
[0.064s] -- Up-to-date symlink: /home/robotflow/dual_flexiv/install/flexiv_bringup/share/flexiv_bringup/config/sine_sweep_position_config.yaml
[0.065s] -- Up-to-date symlink: /home/robotflow/dual_flexiv/install/flexiv_bringup/share/flexiv_bringup/launch/rizon.launch.py
[0.065s] -- Up-to-date symlink: /home/robotflow/dual_flexiv/install/flexiv_bringup/share/flexiv_bringup/launch/rizon_moveit.launch.py
[0.065s] -- Up-to-date symlink: /home/robotflow/dual_flexiv/install/flexiv_bringup/share/flexiv_bringup/launch/sine_sweep_impedance.launch.py
[0.065s] -- Up-to-date symlink: /home/robotflow/dual_flexiv/install/flexiv_bringup/share/flexiv_bringup/launch/sine_sweep_position.launch.py
[0.065s] -- Up-to-date symlink: /home/robotflow/dual_flexiv/install/flexiv_bringup/share/flexiv_bringup/launch/test_joint_trajectory_controller.launch.py
[0.065s] -- Up-to-date symlink: /home/robotflow/dual_flexiv/install/flexiv_bringup/share/ament_index/resource_index/package_run_dependencies/flexiv_bringup
[0.066s] -- Up-to-date symlink: /home/robotflow/dual_flexiv/install/flexiv_bringup/share/ament_index/resource_index/parent_prefix_path/flexiv_bringup
[0.066s] -- Up-to-date symlink: /home/robotflow/dual_flexiv/install/flexiv_bringup/share/flexiv_bringup/environment/ament_prefix_path.sh
[0.066s] -- Up-to-date symlink: /home/robotflow/dual_flexiv/install/flexiv_bringup/share/flexiv_bringup/environment/ament_prefix_path.dsv
[0.066s] -- Up-to-date symlink: /home/robotflow/dual_flexiv/install/flexiv_bringup/share/flexiv_bringup/environment/path.sh
[0.066s] -- Up-to-date symlink: /home/robotflow/dual_flexiv/install/flexiv_bringup/share/flexiv_bringup/environment/path.dsv
[0.067s] -- Up-to-date symlink: /home/robotflow/dual_flexiv/install/flexiv_bringup/share/flexiv_bringup/local_setup.bash
[0.067s] -- Up-to-date symlink: /home/robotflow/dual_flexiv/install/flexiv_bringup/share/flexiv_bringup/local_setup.sh
[0.067s] -- Up-to-date symlink: /home/robotflow/dual_flexiv/install/flexiv_bringup/share/flexiv_bringup/local_setup.zsh
[0.067s] -- Up-to-date symlink: /home/robotflow/dual_flexiv/install/flexiv_bringup/share/flexiv_bringup/local_setup.dsv
[0.067s] -- Symlinking: /home/robotflow/dual_flexiv/install/flexiv_bringup/share/flexiv_bringup/package.dsv
[0.075s] -- Up-to-date symlink: /home/robotflow/dual_flexiv/install/flexiv_bringup/share/ament_index/resource_index/packages/flexiv_bringup
[0.075s] -- Up-to-date symlink: /home/robotflow/dual_flexiv/install/flexiv_bringup/share/flexiv_bringup/cmake/flexiv_bringupConfig.cmake
[0.075s] -- Up-to-date symlink: /home/robotflow/dual_flexiv/install/flexiv_bringup/share/flexiv_bringup/cmake/flexiv_bringupConfig-version.cmake
[0.075s] -- Up-to-date symlink: /home/robotflow/dual_flexiv/install/flexiv_bringup/share/flexiv_bringup/package.xml
[0.079s] Invoked command in '/home/robotflow/dual_flexiv/build/flexiv_bringup' returned '0': AMENT_PREFIX_PATH=/home/robotflow/dual_flexiv/install/flexiv_test_nodes:/home/robotflow/dual_flexiv/install/flexiv_hardware:/home/robotflow/dual_flexiv/install/flexiv_description:${AMENT_PREFIX_PATH} CMAKE_PREFIX_PATH=/home/robotflow/dual_flexiv/install/flexiv_hardware:/home/robotflow/dual_flexiv/install/flexiv_description:/opt/ros/foxy LD_LIBRARY_PATH=/home/robotflow/dual_flexiv/install/flexiv_hardware/lib:${LD_LIBRARY_PATH} PYTHONPATH=/home/robotflow/dual_flexiv/build/flexiv_test_nodes:/home/robotflow/dual_flexiv/install/flexiv_test_nodes/lib/python3.8/site-packages:${PYTHONPATH} /usr/bin/cmake --install /home/robotflow/dual_flexiv/build/flexiv_bringup
