[0.008s] Invoking command in '/home/robotflow/dual_flexiv/build/flexiv_controllers': AMENT_PREFIX_PATH=/home/robotflow/dual_flexiv/install/flexiv_msgs:${AMENT_PREFIX_PATH} CMAKE_PREFIX_PATH=/home/robotflow/dual_flexiv/install/flexiv_msgs:/opt/ros/foxy LD_LIBRARY_PATH=/home/robotflow/dual_flexiv/install/flexiv_msgs/lib:${LD_LIBRARY_PATH} PYTHONPATH=/home/robotflow/dual_flexiv/install/flexiv_msgs/lib/python3.8/site-packages:${PYTHONPATH} /usr/bin/cmake /home/robotflow/dual_flexiv/src/flexiv_ros2/flexiv_controllers -DAMENT_CMAKE_SYMLINK_INSTALL=1 -DCMAKE_INSTALL_PREFIX=/home/robotflow/dual_flexiv/install/flexiv_controllers
[0.049s] -- The C compiler identification is GNU 9.4.0
[0.090s] -- The CXX compiler identification is GNU 9.4.0
[0.094s] -- Check for working C compiler: /usr/bin/cc
[0.144s] -- Check for working C compiler: /usr/bin/cc -- works
[0.145s] -- Detecting C compiler ABI info
[0.196s] -- Detecting C compiler ABI info - done
[0.209s] -- Detecting C compile features
[0.209s] -- Detecting C compile features - done
[0.211s] -- Check for working CXX compiler: /usr/bin/c++
[0.270s] -- Check for working CXX compiler: /usr/bin/c++ -- works
[0.271s] -- Detecting CXX compiler ABI info
[0.330s] -- Detecting CXX compiler ABI info - done
[0.343s] -- Detecting CXX compile features
[0.343s] -- Detecting CXX compile features - done
[0.345s] -- Found ament_cmake: 0.9.11 (/opt/ros/foxy/share/ament_cmake/cmake)
[0.364s] -- Found PythonInterp: /usr/bin/python3 (found suitable version "3.8.10", minimum required is "3") 
[0.364s] -- Using PYTHON_EXECUTABLE: /usr/bin/python3
[0.515s] -- Override CMake install command with custom implementation using symlinks instead of copying resources
[0.542s] -- Found controller_interface: 0.11.0 (/opt/ros/foxy/share/controller_interface/cmake)
[0.574s] -- Using all available rosidl_typesupport_c: rosidl_typesupport_fastrtps_c;rosidl_typesupport_introspection_c
[0.580s] -- Found rosidl_adapter: 1.3.0 (/opt/ros/foxy/share/rosidl_adapter/cmake)
[0.647s] -- Found OpenSSL: /usr/lib/x86_64-linux-gnu/libcrypto.so (found version "1.1.1f")  
[0.675s] -- Found FastRTPS: /opt/ros/foxy/include  
[0.745s] -- Using all available rosidl_typesupport_cpp: rosidl_typesupport_fastrtps_cpp;rosidl_typesupport_introspection_cpp
[1.292s] -- Found rmw_implementation_cmake: 1.0.3 (/opt/ros/foxy/share/rmw_implementation_cmake/cmake)
[1.293s] -- Using RMW implementation 'rmw_fastrtps_cpp' as default
[1.294s] -- Looking for pthread.h
[1.348s] -- Looking for pthread.h - found
[1.348s] -- Performing Test CMAKE_HAVE_LIBC_PTHREAD
[1.402s] -- Performing Test CMAKE_HAVE_LIBC_PTHREAD - Failed
[1.402s] -- Looking for pthread_create in pthreads
[1.446s] -- Looking for pthread_create in pthreads - not found
[1.446s] -- Looking for pthread_create in pthread
[1.500s] -- Looking for pthread_create in pthread - found
[1.501s] -- Found Threads: TRUE  
[1.753s] -- Found realtime_tools: 2.2.0 (/opt/ros/foxy/share/realtime_tools/cmake)
[1.789s] -- Found flexiv_msgs: 0.6.1 (/home/robotflow/dual_flexiv/install/flexiv_msgs/share/flexiv_msgs/cmake)
[1.952s] -- Configuring done
[1.982s] -- Generating done
[1.984s] -- Build files have been written to: /home/robotflow/dual_flexiv/build/flexiv_controllers
[1.993s] Invoked command in '/home/robotflow/dual_flexiv/build/flexiv_controllers' returned '0': AMENT_PREFIX_PATH=/home/robotflow/dual_flexiv/install/flexiv_msgs:${AMENT_PREFIX_PATH} CMAKE_PREFIX_PATH=/home/robotflow/dual_flexiv/install/flexiv_msgs:/opt/ros/foxy LD_LIBRARY_PATH=/home/robotflow/dual_flexiv/install/flexiv_msgs/lib:${LD_LIBRARY_PATH} PYTHONPATH=/home/robotflow/dual_flexiv/install/flexiv_msgs/lib/python3.8/site-packages:${PYTHONPATH} /usr/bin/cmake /home/robotflow/dual_flexiv/src/flexiv_ros2/flexiv_controllers -DAMENT_CMAKE_SYMLINK_INSTALL=1 -DCMAKE_INSTALL_PREFIX=/home/robotflow/dual_flexiv/install/flexiv_controllers
[1.994s] Invoking command in '/home/robotflow/dual_flexiv/build/flexiv_controllers': AMENT_PREFIX_PATH=/home/robotflow/dual_flexiv/install/flexiv_msgs:${AMENT_PREFIX_PATH} CMAKE_PREFIX_PATH=/home/robotflow/dual_flexiv/install/flexiv_msgs:/opt/ros/foxy LD_LIBRARY_PATH=/home/robotflow/dual_flexiv/install/flexiv_msgs/lib:${LD_LIBRARY_PATH} PYTHONPATH=/home/robotflow/dual_flexiv/install/flexiv_msgs/lib/python3.8/site-packages:${PYTHONPATH} /usr/bin/cmake --build /home/robotflow/dual_flexiv/build/flexiv_controllers -- -j8 -l8
[2.025s] [35m[1mScanning dependencies of target flexiv_controllers[0m
[2.054s] [ 50%] [32mBuilding CXX object CMakeFiles/flexiv_controllers.dir/src/joint_impedance_controller.cpp.o[0m
[6.187s] [100%] [32m[1mLinking CXX shared library libflexiv_controllers.so[0m
[6.441s] [100%] Built target flexiv_controllers
[6.449s] Invoked command in '/home/robotflow/dual_flexiv/build/flexiv_controllers' returned '0': AMENT_PREFIX_PATH=/home/robotflow/dual_flexiv/install/flexiv_msgs:${AMENT_PREFIX_PATH} CMAKE_PREFIX_PATH=/home/robotflow/dual_flexiv/install/flexiv_msgs:/opt/ros/foxy LD_LIBRARY_PATH=/home/robotflow/dual_flexiv/install/flexiv_msgs/lib:${LD_LIBRARY_PATH} PYTHONPATH=/home/robotflow/dual_flexiv/install/flexiv_msgs/lib/python3.8/site-packages:${PYTHONPATH} /usr/bin/cmake --build /home/robotflow/dual_flexiv/build/flexiv_controllers -- -j8 -l8
[6.467s] Invoking command in '/home/robotflow/dual_flexiv/build/flexiv_controllers': AMENT_PREFIX_PATH=/home/robotflow/dual_flexiv/install/flexiv_msgs:${AMENT_PREFIX_PATH} CMAKE_PREFIX_PATH=/home/robotflow/dual_flexiv/install/flexiv_msgs:/opt/ros/foxy LD_LIBRARY_PATH=/home/robotflow/dual_flexiv/install/flexiv_msgs/lib:${LD_LIBRARY_PATH} PYTHONPATH=/home/robotflow/dual_flexiv/install/flexiv_msgs/lib/python3.8/site-packages:${PYTHONPATH} /usr/bin/cmake --install /home/robotflow/dual_flexiv/build/flexiv_controllers
[6.474s] -- Install configuration: ""
[6.474s] -- Execute custom install script
[6.475s] -- Symlinking: /home/robotflow/dual_flexiv/install/flexiv_controllers/share/flexiv_controllers//flexiv_controllers_plugins.xml
[6.482s] -- Symlinking: /home/robotflow/dual_flexiv/install/flexiv_controllers/include/flexiv_controllers/joint_impedance_controller.hpp
[6.490s] -- Symlinking: /home/robotflow/dual_flexiv/install/flexiv_controllers/lib/libflexiv_controllers.so
[6.497s] -- Up-to-date symlink: /home/robotflow/dual_flexiv/install/flexiv_controllers/share/flexiv_controllers/flexiv_controllers_plugins.xml
[6.497s] -- Symlinking: /home/robotflow/dual_flexiv/install/flexiv_controllers/share/flexiv_controllers/environment/library_path.sh
[6.504s] -- Symlinking: /home/robotflow/dual_flexiv/install/flexiv_controllers/share/flexiv_controllers/environment/library_path.dsv
[6.511s] -- Symlinking: /home/robotflow/dual_flexiv/install/flexiv_controllers/share/ament_index/resource_index/package_run_dependencies/flexiv_controllers
[6.518s] -- Symlinking: /home/robotflow/dual_flexiv/install/flexiv_controllers/share/ament_index/resource_index/parent_prefix_path/flexiv_controllers
[6.525s] -- Symlinking: /home/robotflow/dual_flexiv/install/flexiv_controllers/share/flexiv_controllers/environment/ament_prefix_path.sh
[6.532s] -- Symlinking: /home/robotflow/dual_flexiv/install/flexiv_controllers/share/flexiv_controllers/environment/ament_prefix_path.dsv
[6.540s] -- Symlinking: /home/robotflow/dual_flexiv/install/flexiv_controllers/share/flexiv_controllers/environment/path.sh
[6.547s] -- Symlinking: /home/robotflow/dual_flexiv/install/flexiv_controllers/share/flexiv_controllers/environment/path.dsv
[6.553s] -- Symlinking: /home/robotflow/dual_flexiv/install/flexiv_controllers/share/flexiv_controllers/local_setup.bash
[6.561s] -- Symlinking: /home/robotflow/dual_flexiv/install/flexiv_controllers/share/flexiv_controllers/local_setup.sh
[6.567s] -- Symlinking: /home/robotflow/dual_flexiv/install/flexiv_controllers/share/flexiv_controllers/local_setup.zsh
[6.575s] -- Symlinking: /home/robotflow/dual_flexiv/install/flexiv_controllers/share/flexiv_controllers/local_setup.dsv
[6.582s] -- Symlinking: /home/robotflow/dual_flexiv/install/flexiv_controllers/share/flexiv_controllers/package.dsv
[6.589s] -- Symlinking: /home/robotflow/dual_flexiv/install/flexiv_controllers/share/ament_index/resource_index/packages/flexiv_controllers
[6.597s] -- Symlinking: /home/robotflow/dual_flexiv/install/flexiv_controllers/share/ament_index/resource_index/controller_interface__pluginlib__plugin/flexiv_controllers
[6.604s] -- Symlinking: /home/robotflow/dual_flexiv/install/flexiv_controllers/share/flexiv_controllers/cmake/ament_cmake_export_dependencies-extras.cmake
[6.611s] -- Symlinking: /home/robotflow/dual_flexiv/install/flexiv_controllers/share/flexiv_controllers/cmake/ament_cmake_export_include_directories-extras.cmake
[6.619s] -- Symlinking: /home/robotflow/dual_flexiv/install/flexiv_controllers/share/flexiv_controllers/cmake/ament_cmake_export_libraries-extras.cmake
[6.626s] -- Symlinking: /home/robotflow/dual_flexiv/install/flexiv_controllers/share/flexiv_controllers/cmake/flexiv_controllersConfig.cmake
[6.633s] -- Symlinking: /home/robotflow/dual_flexiv/install/flexiv_controllers/share/flexiv_controllers/cmake/flexiv_controllersConfig-version.cmake
[6.640s] -- Symlinking: /home/robotflow/dual_flexiv/install/flexiv_controllers/share/flexiv_controllers/package.xml
[6.651s] Invoked command in '/home/robotflow/dual_flexiv/build/flexiv_controllers' returned '0': AMENT_PREFIX_PATH=/home/robotflow/dual_flexiv/install/flexiv_msgs:${AMENT_PREFIX_PATH} CMAKE_PREFIX_PATH=/home/robotflow/dual_flexiv/install/flexiv_msgs:/opt/ros/foxy LD_LIBRARY_PATH=/home/robotflow/dual_flexiv/install/flexiv_msgs/lib:${LD_LIBRARY_PATH} PYTHONPATH=/home/robotflow/dual_flexiv/install/flexiv_msgs/lib/python3.8/site-packages:${PYTHONPATH} /usr/bin/cmake --install /home/robotflow/dual_flexiv/build/flexiv_controllers
