-- Found ament_cmake: 0.9.11 (/opt/ros/foxy/share/ament_cmake/cmake)
-- Using PYTHON_EXECUTABLE: /usr/bin/python3
-- Override CMake install command with custom implementation using symlinks instead of copying resources
-- Found controller_interface: 0.11.0 (/opt/ros/foxy/share/controller_interface/cmake)
-- Using all available rosidl_typesupport_c: rosidl_typesupport_fastrtps_c;rosidl_typesupport_introspection_c
-- Found rosidl_adapter: 1.3.0 (/opt/ros/foxy/share/rosidl_adapter/cmake)
-- Using all available rosidl_typesupport_cpp: rosidl_typesupport_fastrtps_cpp;rosidl_typesupport_introspection_cpp
-- Found rmw_implementation_cmake: 1.0.3 (/opt/ros/foxy/share/rmw_implementation_cmake/cmake)
-- Using RMW implementation 'rmw_fastrtps_cpp' as default
-- Found realtime_tools: 2.2.0 (/opt/ros/foxy/share/realtime_tools/cmake)
-- Found flexiv_msgs: 0.6.1 (/home/robotflow/dual_flexiv/install/flexiv_msgs/share/flexiv_msgs/cmake)
-- Configuring done
-- Generating done
-- Build files have been written to: /home/robotflow/dual_flexiv/build/flexiv_controllers
[35m[1mScanning dependencies of target flexiv_controllers[0m
[ 50%] [32mBuilding CXX object CMakeFiles/flexiv_controllers.dir/src/joint_impedance_controller.cpp.o[0m
[100%] [32m[1mLinking CXX shared library libflexiv_controllers.so[0m
[100%] Built target flexiv_controllers
-- Install configuration: ""
-- Execute custom install script
-- Up-to-date symlink: /home/robotflow/dual_flexiv/install/flexiv_controllers/share/flexiv_controllers//flexiv_controllers_plugins.xml
-- Up-to-date symlink: /home/robotflow/dual_flexiv/install/flexiv_controllers/include/flexiv_controllers/joint_impedance_controller.hpp
-- Up-to-date symlink: /home/robotflow/dual_flexiv/install/flexiv_controllers/lib/libflexiv_controllers.so
-- Up-to-date symlink: /home/robotflow/dual_flexiv/install/flexiv_controllers/share/flexiv_controllers/flexiv_controllers_plugins.xml
-- Up-to-date symlink: /home/robotflow/dual_flexiv/install/flexiv_controllers/share/flexiv_controllers/environment/library_path.sh
-- Up-to-date symlink: /home/robotflow/dual_flexiv/install/flexiv_controllers/share/flexiv_controllers/environment/library_path.dsv
-- Up-to-date symlink: /home/robotflow/dual_flexiv/install/flexiv_controllers/share/ament_index/resource_index/package_run_dependencies/flexiv_controllers
-- Up-to-date symlink: /home/robotflow/dual_flexiv/install/flexiv_controllers/share/ament_index/resource_index/parent_prefix_path/flexiv_controllers
-- Up-to-date symlink: /home/robotflow/dual_flexiv/install/flexiv_controllers/share/flexiv_controllers/environment/ament_prefix_path.sh
-- Up-to-date symlink: /home/robotflow/dual_flexiv/install/flexiv_controllers/share/flexiv_controllers/environment/ament_prefix_path.dsv
-- Up-to-date symlink: /home/robotflow/dual_flexiv/install/flexiv_controllers/share/flexiv_controllers/environment/path.sh
-- Up-to-date symlink: /home/robotflow/dual_flexiv/install/flexiv_controllers/share/flexiv_controllers/environment/path.dsv
-- Up-to-date symlink: /home/robotflow/dual_flexiv/install/flexiv_controllers/share/flexiv_controllers/local_setup.bash
-- Up-to-date symlink: /home/robotflow/dual_flexiv/install/flexiv_controllers/share/flexiv_controllers/local_setup.sh
-- Up-to-date symlink: /home/robotflow/dual_flexiv/install/flexiv_controllers/share/flexiv_controllers/local_setup.zsh
-- Up-to-date symlink: /home/robotflow/dual_flexiv/install/flexiv_controllers/share/flexiv_controllers/local_setup.dsv
-- Symlinking: /home/robotflow/dual_flexiv/install/flexiv_controllers/share/flexiv_controllers/package.dsv
-- Up-to-date symlink: /home/robotflow/dual_flexiv/install/flexiv_controllers/share/ament_index/resource_index/packages/flexiv_controllers
-- Up-to-date symlink: /home/robotflow/dual_flexiv/install/flexiv_controllers/share/ament_index/resource_index/controller_interface__pluginlib__plugin/flexiv_controllers
-- Up-to-date symlink: /home/robotflow/dual_flexiv/install/flexiv_controllers/share/flexiv_controllers/cmake/ament_cmake_export_dependencies-extras.cmake
-- Up-to-date symlink: /home/robotflow/dual_flexiv/install/flexiv_controllers/share/flexiv_controllers/cmake/ament_cmake_export_include_directories-extras.cmake
-- Up-to-date symlink: /home/robotflow/dual_flexiv/install/flexiv_controllers/share/flexiv_controllers/cmake/ament_cmake_export_libraries-extras.cmake
-- Up-to-date symlink: /home/robotflow/dual_flexiv/install/flexiv_controllers/share/flexiv_controllers/cmake/flexiv_controllersConfig.cmake
-- Up-to-date symlink: /home/robotflow/dual_flexiv/install/flexiv_controllers/share/flexiv_controllers/cmake/flexiv_controllersConfig-version.cmake
-- Up-to-date symlink: /home/robotflow/dual_flexiv/install/flexiv_controllers/share/flexiv_controllers/package.xml
