[0.017s] Invoking command in '/home/robotflow/dual_flexiv/build/flexiv_controllers': CMAKE_PREFIX_PATH=/home/robotflow/dual_flexiv/install/flexiv_msgs:/home/robotflow/dual_flexiv/install/flexiv_bringup:/home/robotflow/dual_flexiv/install/flexiv_controllers:/home/robotflow/dual_flexiv/install/flexiv_moveit_config:/home/robotflow/dual_flexiv/install/flexiv_hardware:/home/robotflow/dual_flexiv/install/flexiv_description:/home/robotflow/dual_flexiv/install/flexiv_test_nodes:/opt/ros/foxy LD_LIBRARY_PATH=/home/robotflow/dual_flexiv/install/flexiv_msgs/lib:/home/robotflow/dual_flexiv/install/flexiv_controllers/lib:/home/robotflow/dual_flexiv/install/flexiv_hardware/lib:/usr/lib/x86_64-linux-gnu/gazebo-11/plugins:/opt/ros/foxy/opt/yaml_cpp_vendor/lib:/opt/ros/foxy/opt/rviz_ogre_vendor/lib:/opt/ros/foxy/lib/x86_64-linux-gnu:/opt/ros/foxy/lib PYTHONPATH=/home/robotflow/dual_flexiv/install/flexiv_msgs/lib/python3.8/site-packages:/home/robotflow/dual_flexiv/build/flexiv_test_nodes:/home/robotflow/dual_flexiv/install/flexiv_test_nodes/lib/python3.8/site-packages:/opt/ros/foxy/lib/python3.8/site-packages /usr/bin/cmake --build /home/robotflow/dual_flexiv/build/flexiv_controllers -- -j8 -l8
[0.058s] -- Found ament_cmake: 0.9.11 (/opt/ros/foxy/share/ament_cmake/cmake)
[0.099s] -- Using PYTHON_EXECUTABLE: /usr/bin/python3
[0.385s] -- Override CMake install command with custom implementation using symlinks instead of copying resources
[0.399s] -- Found controller_interface: 0.11.0 (/opt/ros/foxy/share/controller_interface/cmake)
[0.438s] -- Using all available rosidl_typesupport_c: rosidl_typesupport_fastrtps_c;rosidl_typesupport_introspection_c
[0.444s] -- Found rosidl_adapter: 1.3.0 (/opt/ros/foxy/share/rosidl_adapter/cmake)
[0.618s] -- Using all available rosidl_typesupport_cpp: rosidl_typesupport_fastrtps_cpp;rosidl_typesupport_introspection_cpp
[1.416s] -- Found rmw_implementation_cmake: 1.0.3 (/opt/ros/foxy/share/rmw_implementation_cmake/cmake)
[1.418s] -- Using RMW implementation 'rmw_fastrtps_cpp' as default
[1.794s] -- Found realtime_tools: 2.2.0 (/opt/ros/foxy/share/realtime_tools/cmake)
[1.848s] -- Found flexiv_msgs: 0.6.1 (/home/robotflow/dual_flexiv/install/flexiv_msgs/share/flexiv_msgs/cmake)
[2.154s] -- Configuring done
[2.191s] -- Generating done
[2.194s] -- Build files have been written to: /home/robotflow/dual_flexiv/build/flexiv_controllers
[2.230s] [35m[1mScanning dependencies of target flexiv_controllers[0m
[2.265s] [ 50%] [32mBuilding CXX object CMakeFiles/flexiv_controllers.dir/src/joint_impedance_controller.cpp.o[0m
[9.645s] [100%] [32m[1mLinking CXX shared library libflexiv_controllers.so[0m
[10.094s] [100%] Built target flexiv_controllers
[10.112s] Invoked command in '/home/robotflow/dual_flexiv/build/flexiv_controllers' returned '0': CMAKE_PREFIX_PATH=/home/robotflow/dual_flexiv/install/flexiv_msgs:/home/robotflow/dual_flexiv/install/flexiv_bringup:/home/robotflow/dual_flexiv/install/flexiv_controllers:/home/robotflow/dual_flexiv/install/flexiv_moveit_config:/home/robotflow/dual_flexiv/install/flexiv_hardware:/home/robotflow/dual_flexiv/install/flexiv_description:/home/robotflow/dual_flexiv/install/flexiv_test_nodes:/opt/ros/foxy LD_LIBRARY_PATH=/home/robotflow/dual_flexiv/install/flexiv_msgs/lib:/home/robotflow/dual_flexiv/install/flexiv_controllers/lib:/home/robotflow/dual_flexiv/install/flexiv_hardware/lib:/usr/lib/x86_64-linux-gnu/gazebo-11/plugins:/opt/ros/foxy/opt/yaml_cpp_vendor/lib:/opt/ros/foxy/opt/rviz_ogre_vendor/lib:/opt/ros/foxy/lib/x86_64-linux-gnu:/opt/ros/foxy/lib PYTHONPATH=/home/robotflow/dual_flexiv/install/flexiv_msgs/lib/python3.8/site-packages:/home/robotflow/dual_flexiv/build/flexiv_test_nodes:/home/robotflow/dual_flexiv/install/flexiv_test_nodes/lib/python3.8/site-packages:/opt/ros/foxy/lib/python3.8/site-packages /usr/bin/cmake --build /home/robotflow/dual_flexiv/build/flexiv_controllers -- -j8 -l8
[10.146s] Invoking command in '/home/robotflow/dual_flexiv/build/flexiv_controllers': CMAKE_PREFIX_PATH=/home/robotflow/dual_flexiv/install/flexiv_msgs:/home/robotflow/dual_flexiv/install/flexiv_bringup:/home/robotflow/dual_flexiv/install/flexiv_controllers:/home/robotflow/dual_flexiv/install/flexiv_moveit_config:/home/robotflow/dual_flexiv/install/flexiv_hardware:/home/robotflow/dual_flexiv/install/flexiv_description:/home/robotflow/dual_flexiv/install/flexiv_test_nodes:/opt/ros/foxy LD_LIBRARY_PATH=/home/robotflow/dual_flexiv/install/flexiv_msgs/lib:/home/robotflow/dual_flexiv/install/flexiv_controllers/lib:/home/robotflow/dual_flexiv/install/flexiv_hardware/lib:/usr/lib/x86_64-linux-gnu/gazebo-11/plugins:/opt/ros/foxy/opt/yaml_cpp_vendor/lib:/opt/ros/foxy/opt/rviz_ogre_vendor/lib:/opt/ros/foxy/lib/x86_64-linux-gnu:/opt/ros/foxy/lib PYTHONPATH=/home/robotflow/dual_flexiv/install/flexiv_msgs/lib/python3.8/site-packages:/home/robotflow/dual_flexiv/build/flexiv_test_nodes:/home/robotflow/dual_flexiv/install/flexiv_test_nodes/lib/python3.8/site-packages:/opt/ros/foxy/lib/python3.8/site-packages /usr/bin/cmake --install /home/robotflow/dual_flexiv/build/flexiv_controllers
[10.163s] -- Install configuration: ""
[10.164s] -- Execute custom install script
[10.165s] -- Up-to-date symlink: /home/robotflow/dual_flexiv/install/flexiv_controllers/share/flexiv_controllers//flexiv_controllers_plugins.xml
[10.166s] -- Up-to-date symlink: /home/robotflow/dual_flexiv/install/flexiv_controllers/include/flexiv_controllers/joint_impedance_controller.hpp
[10.166s] -- Up-to-date symlink: /home/robotflow/dual_flexiv/install/flexiv_controllers/lib/libflexiv_controllers.so
[10.167s] -- Up-to-date symlink: /home/robotflow/dual_flexiv/install/flexiv_controllers/share/flexiv_controllers/flexiv_controllers_plugins.xml
[10.168s] -- Up-to-date symlink: /home/robotflow/dual_flexiv/install/flexiv_controllers/share/flexiv_controllers/environment/library_path.sh
[10.168s] -- Up-to-date symlink: /home/robotflow/dual_flexiv/install/flexiv_controllers/share/flexiv_controllers/environment/library_path.dsv
[10.169s] -- Up-to-date symlink: /home/robotflow/dual_flexiv/install/flexiv_controllers/share/ament_index/resource_index/package_run_dependencies/flexiv_controllers
[10.169s] -- Up-to-date symlink: /home/robotflow/dual_flexiv/install/flexiv_controllers/share/ament_index/resource_index/parent_prefix_path/flexiv_controllers
[10.170s] -- Up-to-date symlink: /home/robotflow/dual_flexiv/install/flexiv_controllers/share/flexiv_controllers/environment/ament_prefix_path.sh
[10.170s] -- Up-to-date symlink: /home/robotflow/dual_flexiv/install/flexiv_controllers/share/flexiv_controllers/environment/ament_prefix_path.dsv
[10.171s] -- Up-to-date symlink: /home/robotflow/dual_flexiv/install/flexiv_controllers/share/flexiv_controllers/environment/path.sh
[10.171s] -- Up-to-date symlink: /home/robotflow/dual_flexiv/install/flexiv_controllers/share/flexiv_controllers/environment/path.dsv
[10.172s] -- Up-to-date symlink: /home/robotflow/dual_flexiv/install/flexiv_controllers/share/flexiv_controllers/local_setup.bash
[10.173s] -- Up-to-date symlink: /home/robotflow/dual_flexiv/install/flexiv_controllers/share/flexiv_controllers/local_setup.sh
[10.173s] -- Up-to-date symlink: /home/robotflow/dual_flexiv/install/flexiv_controllers/share/flexiv_controllers/local_setup.zsh
[10.173s] -- Up-to-date symlink: /home/robotflow/dual_flexiv/install/flexiv_controllers/share/flexiv_controllers/local_setup.dsv
[10.174s] -- Symlinking: /home/robotflow/dual_flexiv/install/flexiv_controllers/share/flexiv_controllers/package.dsv
[10.192s] -- Up-to-date symlink: /home/robotflow/dual_flexiv/install/flexiv_controllers/share/ament_index/resource_index/packages/flexiv_controllers
[10.193s] -- Up-to-date symlink: /home/robotflow/dual_flexiv/install/flexiv_controllers/share/ament_index/resource_index/controller_interface__pluginlib__plugin/flexiv_controllers
[10.193s] -- Up-to-date symlink: /home/robotflow/dual_flexiv/install/flexiv_controllers/share/flexiv_controllers/cmake/ament_cmake_export_dependencies-extras.cmake
[10.194s] -- Up-to-date symlink: /home/robotflow/dual_flexiv/install/flexiv_controllers/share/flexiv_controllers/cmake/ament_cmake_export_include_directories-extras.cmake
[10.194s] -- Up-to-date symlink: /home/robotflow/dual_flexiv/install/flexiv_controllers/share/flexiv_controllers/cmake/ament_cmake_export_libraries-extras.cmake
[10.197s] -- Up-to-date symlink: /home/robotflow/dual_flexiv/install/flexiv_controllers/share/flexiv_controllers/cmake/flexiv_controllersConfig.cmake
[10.199s] -- Up-to-date symlink: /home/robotflow/dual_flexiv/install/flexiv_controllers/share/flexiv_controllers/cmake/flexiv_controllersConfig-version.cmake
[10.200s] -- Up-to-date symlink: /home/robotflow/dual_flexiv/install/flexiv_controllers/share/flexiv_controllers/package.xml
[10.210s] Invoked command in '/home/robotflow/dual_flexiv/build/flexiv_controllers' returned '0': CMAKE_PREFIX_PATH=/home/robotflow/dual_flexiv/install/flexiv_msgs:/home/robotflow/dual_flexiv/install/flexiv_bringup:/home/robotflow/dual_flexiv/install/flexiv_controllers:/home/robotflow/dual_flexiv/install/flexiv_moveit_config:/home/robotflow/dual_flexiv/install/flexiv_hardware:/home/robotflow/dual_flexiv/install/flexiv_description:/home/robotflow/dual_flexiv/install/flexiv_test_nodes:/opt/ros/foxy LD_LIBRARY_PATH=/home/robotflow/dual_flexiv/install/flexiv_msgs/lib:/home/robotflow/dual_flexiv/install/flexiv_controllers/lib:/home/robotflow/dual_flexiv/install/flexiv_hardware/lib:/usr/lib/x86_64-linux-gnu/gazebo-11/plugins:/opt/ros/foxy/opt/yaml_cpp_vendor/lib:/opt/ros/foxy/opt/rviz_ogre_vendor/lib:/opt/ros/foxy/lib/x86_64-linux-gnu:/opt/ros/foxy/lib PYTHONPATH=/home/robotflow/dual_flexiv/install/flexiv_msgs/lib/python3.8/site-packages:/home/robotflow/dual_flexiv/build/flexiv_test_nodes:/home/robotflow/dual_flexiv/install/flexiv_test_nodes/lib/python3.8/site-packages:/opt/ros/foxy/lib/python3.8/site-packages /usr/bin/cmake --install /home/robotflow/dual_flexiv/build/flexiv_controllers
