[0.011s] Invoking command in '/home/robotflow/dual_flexiv/build/flexiv_controllers': AMENT_PREFIX_PATH=/home/robotflow/dual_flexiv/install/flexiv_msgs:${AMENT_PREFIX_PATH} CMAKE_PREFIX_PATH=/home/robotflow/dual_flexiv/install/flexiv_msgs:/opt/ros/foxy LD_LIBRARY_PATH=/home/robotflow/dual_flexiv/install/flexiv_msgs/lib:${LD_LIBRARY_PATH} PYTHONPATH=/home/robotflow/dual_flexiv/install/flexiv_msgs/lib/python3.8/site-packages:${PYTHONPATH} /usr/bin/cmake --build /home/robotflow/dual_flexiv/build/flexiv_controllers -- -j8 -l8
[0.061s] [100%] Built target flexiv_controllers
[0.070s] Invoked command in '/home/robotflow/dual_flexiv/build/flexiv_controllers' returned '0': AMENT_PREFIX_PATH=/home/robotflow/dual_flexiv/install/flexiv_msgs:${AMENT_PREFIX_PATH} CMAKE_PREFIX_PATH=/home/robotflow/dual_flexiv/install/flexiv_msgs:/opt/ros/foxy LD_LIBRARY_PATH=/home/robotflow/dual_flexiv/install/flexiv_msgs/lib:${LD_LIBRARY_PATH} PYTHONPATH=/home/robotflow/dual_flexiv/install/flexiv_msgs/lib/python3.8/site-packages:${PYTHONPATH} /usr/bin/cmake --build /home/robotflow/dual_flexiv/build/flexiv_controllers -- -j8 -l8
[0.090s] Invoking command in '/home/robotflow/dual_flexiv/build/flexiv_controllers': AMENT_PREFIX_PATH=/home/robotflow/dual_flexiv/install/flexiv_msgs:${AMENT_PREFIX_PATH} CMAKE_PREFIX_PATH=/home/robotflow/dual_flexiv/install/flexiv_msgs:/opt/ros/foxy LD_LIBRARY_PATH=/home/robotflow/dual_flexiv/install/flexiv_msgs/lib:${LD_LIBRARY_PATH} PYTHONPATH=/home/robotflow/dual_flexiv/install/flexiv_msgs/lib/python3.8/site-packages:${PYTHONPATH} /usr/bin/cmake --install /home/robotflow/dual_flexiv/build/flexiv_controllers
[0.097s] -- Install configuration: ""
[0.098s] -- Execute custom install script
[0.098s] -- Up-to-date symlink: /home/robotflow/dual_flexiv/install/flexiv_controllers/share/flexiv_controllers//flexiv_controllers_plugins.xml
[0.098s] -- Up-to-date symlink: /home/robotflow/dual_flexiv/install/flexiv_controllers/include/flexiv_controllers/joint_impedance_controller.hpp
[0.099s] -- Up-to-date symlink: /home/robotflow/dual_flexiv/install/flexiv_controllers/lib/libflexiv_controllers.so
[0.099s] -- Up-to-date symlink: /home/robotflow/dual_flexiv/install/flexiv_controllers/share/flexiv_controllers/flexiv_controllers_plugins.xml
[0.099s] -- Up-to-date symlink: /home/robotflow/dual_flexiv/install/flexiv_controllers/share/flexiv_controllers/environment/library_path.sh
[0.099s] -- Up-to-date symlink: /home/robotflow/dual_flexiv/install/flexiv_controllers/share/flexiv_controllers/environment/library_path.dsv
[0.100s] -- Up-to-date symlink: /home/robotflow/dual_flexiv/install/flexiv_controllers/share/ament_index/resource_index/package_run_dependencies/flexiv_controllers
[0.100s] -- Up-to-date symlink: /home/robotflow/dual_flexiv/install/flexiv_controllers/share/ament_index/resource_index/parent_prefix_path/flexiv_controllers
[0.100s] -- Up-to-date symlink: /home/robotflow/dual_flexiv/install/flexiv_controllers/share/flexiv_controllers/environment/ament_prefix_path.sh
[0.101s] -- Up-to-date symlink: /home/robotflow/dual_flexiv/install/flexiv_controllers/share/flexiv_controllers/environment/ament_prefix_path.dsv
[0.101s] -- Up-to-date symlink: /home/robotflow/dual_flexiv/install/flexiv_controllers/share/flexiv_controllers/environment/path.sh
[0.101s] -- Up-to-date symlink: /home/robotflow/dual_flexiv/install/flexiv_controllers/share/flexiv_controllers/environment/path.dsv
[0.101s] -- Up-to-date symlink: /home/robotflow/dual_flexiv/install/flexiv_controllers/share/flexiv_controllers/local_setup.bash
[0.102s] -- Up-to-date symlink: /home/robotflow/dual_flexiv/install/flexiv_controllers/share/flexiv_controllers/local_setup.sh
[0.102s] -- Up-to-date symlink: /home/robotflow/dual_flexiv/install/flexiv_controllers/share/flexiv_controllers/local_setup.zsh
[0.102s] -- Up-to-date symlink: /home/robotflow/dual_flexiv/install/flexiv_controllers/share/flexiv_controllers/local_setup.dsv
[0.102s] -- Symlinking: /home/robotflow/dual_flexiv/install/flexiv_controllers/share/flexiv_controllers/package.dsv
[0.110s] -- Up-to-date symlink: /home/robotflow/dual_flexiv/install/flexiv_controllers/share/ament_index/resource_index/packages/flexiv_controllers
[0.111s] -- Up-to-date symlink: /home/robotflow/dual_flexiv/install/flexiv_controllers/share/ament_index/resource_index/controller_interface__pluginlib__plugin/flexiv_controllers
[0.111s] -- Up-to-date symlink: /home/robotflow/dual_flexiv/install/flexiv_controllers/share/flexiv_controllers/cmake/ament_cmake_export_dependencies-extras.cmake
[0.111s] -- Up-to-date symlink: /home/robotflow/dual_flexiv/install/flexiv_controllers/share/flexiv_controllers/cmake/ament_cmake_export_include_directories-extras.cmake
[0.111s] -- Up-to-date symlink: /home/robotflow/dual_flexiv/install/flexiv_controllers/share/flexiv_controllers/cmake/ament_cmake_export_libraries-extras.cmake
[0.112s] -- Up-to-date symlink: /home/robotflow/dual_flexiv/install/flexiv_controllers/share/flexiv_controllers/cmake/flexiv_controllersConfig.cmake
[0.112s] -- Up-to-date symlink: /home/robotflow/dual_flexiv/install/flexiv_controllers/share/flexiv_controllers/cmake/flexiv_controllersConfig-version.cmake
[0.112s] -- Up-to-date symlink: /home/robotflow/dual_flexiv/install/flexiv_controllers/share/flexiv_controllers/package.xml
[0.118s] Invoked command in '/home/robotflow/dual_flexiv/build/flexiv_controllers' returned '0': AMENT_PREFIX_PATH=/home/robotflow/dual_flexiv/install/flexiv_msgs:${AMENT_PREFIX_PATH} CMAKE_PREFIX_PATH=/home/robotflow/dual_flexiv/install/flexiv_msgs:/opt/ros/foxy LD_LIBRARY_PATH=/home/robotflow/dual_flexiv/install/flexiv_msgs/lib:${LD_LIBRARY_PATH} PYTHONPATH=/home/robotflow/dual_flexiv/install/flexiv_msgs/lib/python3.8/site-packages:${PYTHONPATH} /usr/bin/cmake --install /home/robotflow/dual_flexiv/build/flexiv_controllers
